<?xml version='1.0' encoding='UTF-8' standalone='no' ?><?xml-stylesheet type="text/xsl" href="compatibility_result.xsl"?>
<Result start="1617966175144" end="1617969024261" start_display="星期五 四月 09 19:02:55 CST 2021" end_display="星期五 四月 09 19:50:24 CST 2021" command_line_args="cts" suite_name="CTS" suite_version="10_r3" suite_plan="cts" suite_build_number="6221200" report_version="5.0" devices="15c2470" host_name="ubuntu-OptiPlex-3010" os_name="Linux" os_version="5.4.0-70-generic" os_arch="amd64" java_vendor="Oracle Corporation" java_version="1.8.0_131">
  <Build command_line_args="cts" invocation-id="1" adb_version="1.0.39 install path: /opt/android-sdk-linux/platform-tools/adb" build_manufacturer="OPPO" build_abis_32="armeabi-v7a,armeabi" build_reference_fingerprint="" build_product="PCCM00" build_tags="release-keys" build_version_incremental="1606579823589" build_brand="OPPO" build_fingerprint="OPPO/PCCM00/OP46C3:11/RKQ1.200928.002/1606579823589:user/release-keys" build_model="PCCM00" build_device="OP46C3" build_id="RKQ1.200928.002" build_version_sdk="30" build_serial="15c2470" build_version_security_patch="2020-12-05" build_abi="arm64-v8a" build_abis_64="arm64-v8a" build_vendor_fingerprint="OPPO/PCCM00/OP46C3:11/RKQ1.200928.002/1606579823589:user/release-keys" build_version_base_os="OPPO/PCCM00/OP46C3:10/PKQ1.181216.001/1590288278:user/release-keys" build_abis="arm64-v8a,armeabi-v7a,armeabi" build_board="msmnile" build_type="user" build_version_release="11" build_abi2="" />
  <Summary pass="927" failed="188" modules_done="37" modules_total="689" />
  <Module name="CtsAbiOverrideHostTestCases" abi="arm64-v8a" runtime="2869" done="true" pass="1" total_tests="1">
    <TestCase name="android.abioverride.cts.AbiOverrideTest">
      <Test result="pass" name="testAbiIs32bit" />
    </TestCase>
  </Module>
  <Module name="CtsAbiOverrideHostTestCases" abi="armeabi-v7a" runtime="2855" done="true" pass="1" total_tests="1">
    <TestCase name="android.abioverride.cts.AbiOverrideTest">
      <Test result="pass" name="testAbiIs32bit" />
    </TestCase>
  </Module>
  <Module name="CtsAbiOverrideHostTestCases[instant]" abi="arm64-v8a" runtime="2860" done="true" pass="1" total_tests="1">
    <TestCase name="android.abioverride.cts.AbiOverrideTest">
      <Test result="pass" name="testAbiIs32bit" />
    </TestCase>
  </Module>
  <Module name="CtsAccelerationTestCases" abi="arm64-v8a" runtime="6895" done="true" pass="6" total_tests="6">
    <TestCase name="android.acceleration.cts.HardwareAccelerationTest">
      <Test result="pass" name="testIsHardwareAccelerated" />
      <Test result="pass" name="testNotAttachedView" />
    </TestCase>
    <TestCase name="android.acceleration.cts.SoftwareAccelerationTest">
      <Test result="pass" name="testIsHardwareAccelerated" />
      <Test result="pass" name="testNotAttachedView" />
    </TestCase>
    <TestCase name="android.acceleration.cts.WindowFlagHardwareAccelerationTest">
      <Test result="pass" name="testIsHardwareAccelerated" />
      <Test result="pass" name="testNotAttachedView" />
    </TestCase>
  </Module>
  <Module name="CtsAccelerationTestCases[instant]" abi="arm64-v8a" runtime="6696" done="true" pass="6" total_tests="6">
    <TestCase name="android.acceleration.cts.HardwareAccelerationTest">
      <Test result="pass" name="testIsHardwareAccelerated" />
      <Test result="pass" name="testNotAttachedView" />
    </TestCase>
    <TestCase name="android.acceleration.cts.SoftwareAccelerationTest">
      <Test result="pass" name="testIsHardwareAccelerated" />
      <Test result="pass" name="testNotAttachedView" />
    </TestCase>
    <TestCase name="android.acceleration.cts.WindowFlagHardwareAccelerationTest">
      <Test result="pass" name="testIsHardwareAccelerated" />
      <Test result="pass" name="testNotAttachedView" />
    </TestCase>
  </Module>
  <Module name="CtsAccessibilityServiceTestCases" abi="arm64-v8a" runtime="390530" done="true" pass="113" total_tests="146">
    <TestCase name="android.accessibilityservice.cts.AccessibilityButtonTest">
      <Test result="fail" name="testCallbackRegistrationUnregistration_serviceDoesNotCrash">
        <Failure message="java.lang.RuntimeException: Starting accessibility service StubAccessibilityButtonService took longer than 10000ms&#13;">
          <StackTrace>java.lang.RuntimeException: Starting accessibility service StubAccessibilityButtonService took longer than 10000ms
	at android.accessibility.cts.common.InstrumentedAccessibilityService.enableService(InstrumentedAccessibilityService.java:198)
	at android.accessibilityservice.cts.StubAccessibilityButtonService.enableSelf(StubAccessibilityButtonService.java:26)
	at android.accessibilityservice.cts.AccessibilityButtonTest.setUp(AccessibilityButtonTest.java:59)
	at java.lang.reflect.Method.invoke(Native Method)
	at org.junit.runners.model.FrameworkMethod$1.runReflectiveCall(FrameworkMethod.java:50)
	at org.junit.internal.runners.model.ReflectiveCallable.run(ReflectiveCallable.java:12)
	at org.junit.runners.model.FrameworkMethod.invokeExplosively(FrameworkMethod.java:52)
	at androidx.test.internal.runner.junit4.statement.RunBefores.evaluate(RunBefores.java:76)
	at androidx.test.internal.runner.junit4.statement.RunAfters.evaluate(RunAfters.java:61)
	at org.junit.runners.ParentRunner.runLeaf(ParentRunner.java:325)
	at org.junit.runners.BlockJUnit4ClassRunner.runChild(BlockJUnit4ClassRunner.java:78)
	at org.junit.runners.BlockJUnit4ClassRunner.runChild(BlockJUnit4ClassRunner.java:57)
	at org.junit.runners.ParentRunner$3.run(ParentRunner.java:290)
	at org.junit.runners.ParentRunner$1.schedule(ParentRunner.java:71)
	at org.junit.runners.ParentRunner.runChildren(ParentRunner.java:288)
	at org.junit.runners.ParentRunner.access$000(ParentRunner.java:58)
	at org.junit.runners.ParentRunner$2.evaluate(ParentRunner.java:268)
	at org.junit.runners.ParentRunner.run(ParentRunner.java:363)
	at androidx.test.runner.AndroidJUnit4.run(AndroidJUnit4.java:104)
	at org.junit.runners.Suite.runChild(Suite.java:128)
	at org.junit.runners.Suite.runChild(Suite.java:27)
	at org.junit.runners.ParentRunner$3.run(ParentRunner.java:290)
	at org.junit.runners.ParentRunner$1.schedule(ParentRunner.java:71)
	at org.junit.runners.ParentRunner.runChildren(ParentRunner.java:288)
	at org.junit.runners.ParentRunner.access$000(ParentRunner.java:58)
	at org.junit.runners.ParentRunner$2.evaluate(ParentRunner.java:268)
	at org.junit.runners.ParentRunner.run(ParentRunner.java:363)
	at org.junit.runner.JUnitCore.run(JUnitCore.java:137)
	at org.junit.runner.JUnitCore.run(JUnitCore.java:115)
	at androidx.test.internal.runner.TestExecutor.execute(TestExecutor.java:56)
	at androidx.test.runner.AndroidJUnitRunner.onStart(AndroidJUnitRunner.java:392)
	at android.app.Instrumentation$InstrumentationThread.run(Instrumentation.java:2218)
</StackTrace>
        </Failure>
      </Test>
    </TestCase>
    <TestCase name="android.accessibilityservice.cts.AccessibilityEndToEndTest">
      <Test result="pass" name="testTouchDelegateInfoReportedToAccessibility" />
      <Test result="pass" name="testTypeViewFocusedAccessibilityEvent" />
      <Test result="pass" name="testTooltipTextActionsReportedToAccessibility" />
      <Test result="fail" name="testTouchDelegateCoverParentWithEbt_HoverChildAndBack_FocusTargetAgain">
        <Failure message="java.lang.AssertionError: Accessibility events should be received as expected Expected event not received within: 5000 ms among: []&#13;">
          <StackTrace>java.lang.AssertionError: Accessibility events should be received as expected Expected event not received within: 5000 ms among: []
	at org.junit.Assert.fail(Assert.java:88)
	at android.accessibilityservice.cts.AccessibilityEndToEndTest.testTouchDelegateCoverParentWithEbt_HoverChildAndBack_FocusTargetAgain(AccessibilityEndToEndTest.java:959)
	at java.lang.reflect.Method.invoke(Native Method)
	at org.junit.runners.model.FrameworkMethod$1.runReflectiveCall(FrameworkMethod.java:50)
	at org.junit.internal.runners.model.ReflectiveCallable.run(ReflectiveCallable.java:12)
	at org.junit.runners.model.FrameworkMethod.invokeExplosively(FrameworkMethod.java:52)
	at org.junit.internal.runners.statements.InvokeMethod.evaluate(InvokeMethod.java:17)
	at org.junit.internal.runners.statements.FailOnTimeout$CallableStatement.call(FailOnTimeout.java:148)
	at org.junit.internal.runners.statements.FailOnTimeout$CallableStatement.call(FailOnTimeout.java:142)
	at java.util.concurrent.FutureTask.run(FutureTask.java:266)
	at java.lang.Thread.run(Thread.java:923)
</StackTrace>
        </Failure>
      </Test>
      <Test result="pass" name="testTypeNotificationStateChangedAccessibilityEvent" />
      <Test result="pass" name="testA11yActionTriggerMotionEventActionOutside" />
      <Test result="pass" name="testTypeViewLongClickedAccessibilityEvent" />
      <Test result="pass" name="testTypeWindowStateChangedAccessibilityEvent" />
      <Test result="pass" name="testTypeViewClickedAccessibilityEvent" />
      <Test result="pass" name="testPackageNameCannotBeFakedAppWidget" />
      <Test result="fail" name="testTouchDelegateWithEbtBetweenView_ReHoverDelegate_FocusTargetAgain">
        <Failure message="java.lang.AssertionError: Accessibility events should be received as expected Expected event not received within: 5000 ms among: []&#13;">
          <StackTrace>java.lang.AssertionError: Accessibility events should be received as expected Expected event not received within: 5000 ms among: []
	at org.junit.Assert.fail(Assert.java:88)
	at android.accessibilityservice.cts.AccessibilityEndToEndTest.testTouchDelegateWithEbtBetweenView_ReHoverDelegate_FocusTargetAgain(AccessibilityEndToEndTest.java:898)
	at java.lang.reflect.Method.invoke(Native Method)
	at org.junit.runners.model.FrameworkMethod$1.runReflectiveCall(FrameworkMethod.java:50)
	at org.junit.internal.runners.model.ReflectiveCallable.run(ReflectiveCallable.java:12)
	at org.junit.runners.model.FrameworkMethod.invokeExplosively(FrameworkMethod.java:52)
	at org.junit.internal.runners.statements.InvokeMethod.evaluate(InvokeMethod.java:17)
	at org.junit.internal.runners.statements.FailOnTimeout$CallableStatement.call(FailOnTimeout.java:148)
	at org.junit.internal.runners.statements.FailOnTimeout$CallableStatement.call(FailOnTimeout.java:142)
	at java.util.concurrent.FutureTask.run(FutureTask.java:266)
	at java.lang.Thread.run(Thread.java:923)
</StackTrace>
        </Failure>
      </Test>
      <Test result="pass" name="testPackageNameCannotBeFaked" />
      <Test result="pass" name="testTraversalBeforeReportedToAccessibility" />
      <Test result="pass" name="testViewHeadingReportedToAccessibility" />
      <Test result="fail" name="testInterrupt_notifiesService">
        <Failure message="java.lang.RuntimeException: Starting accessibility service InstrumentedAccessibilityService took longer than 10000ms&#13;">
          <StackTrace>java.lang.RuntimeException: Starting accessibility service InstrumentedAccessibilityService took longer than 10000ms
	at android.accessibility.cts.common.InstrumentedAccessibilityService.enableService(InstrumentedAccessibilityService.java:198)
	at android.accessibilityservice.cts.AccessibilityEndToEndTest.testInterrupt_notifiesService(AccessibilityEndToEndTest.java:505)
	at java.lang.reflect.Method.invoke(Native Method)
	at org.junit.runners.model.FrameworkMethod$1.runReflectiveCall(FrameworkMethod.java:50)
	at org.junit.internal.runners.model.ReflectiveCallable.run(ReflectiveCallable.java:12)
	at org.junit.runners.model.FrameworkMethod.invokeExplosively(FrameworkMethod.java:52)
	at org.junit.internal.runners.statements.InvokeMethod.evaluate(InvokeMethod.java:17)
	at org.junit.internal.runners.statements.FailOnTimeout$CallableStatement.call(FailOnTimeout.java:148)
	at org.junit.internal.runners.statements.FailOnTimeout$CallableStatement.call(FailOnTimeout.java:142)
	at java.util.concurrent.FutureTask.run(FutureTask.java:266)
	at java.lang.Thread.run(Thread.java:923)
</StackTrace>
        </Failure>
      </Test>
      <Test result="pass" name="testTypeViewTextChangedAccessibilityEvent" />
      <Test result="pass" name="testTraversalAfterReportedToAccessibility" />
      <Test result="pass" name="testTypeViewSelectedAccessibilityEvent" />
      <Test result="pass" name="testTooltipTextReportedToAccessibility" />
      <Test result="pass" name="testLabelForReportedToAccessibility" />
    </TestCase>
    <TestCase name="android.accessibilityservice.cts.AccessibilityFingerprintGestureTest">
      <Test result="fail" name="testGestureDetectionListener_whenAuthenticationStartsAndStops_calledBack">
        <Failure message="java.lang.IllegalArgumentException: dexcache == null (and no default could be found; consider setting the 'dexmaker.dexcache' system property)&#13;">
          <StackTrace>java.lang.IllegalArgumentException: dexcache == null (and no default could be found; consider setting the 'dexmaker.dexcache' system property)
	at com.android.dx.DexMaker.generateAndLoad(DexMaker.java:508)
	at com.android.dx.stock.ProxyBuilder.buildProxyClass(ProxyBuilder.java:337)
	at com.android.dx.mockito.DexmakerMockMaker.createMock(DexmakerMockMaker.java:114)
	at org.mockito.internal.util.MockUtil.createMock(MockUtil.java:35)
	at org.mockito.internal.MockitoCore.mock(MockitoCore.java:69)
	at org.mockito.Mockito.mock(Mockito.java:1895)
	at org.mockito.internal.configuration.MockAnnotationProcessor.processAnnotationForMock(MockAnnotationProcessor.java:41)
	at org.mockito.internal.configuration.MockAnnotationProcessor.process(MockAnnotationProcessor.java:19)
	at org.mockito.internal.configuration.MockAnnotationProcessor.process(MockAnnotationProcessor.java:16)
	at org.mockito.internal.configuration.IndependentAnnotationEngine.createMockFor(IndependentAnnotationEngine.java:38)
	at org.mockito.internal.configuration.IndependentAnnotationEngine.process(IndependentAnnotationEngine.java:62)
	at org.mockito.internal.configuration.InjectingAnnotationEngine.processIndependentAnnotations(InjectingAnnotationEngine.java:57)
	at org.mockito.internal.configuration.InjectingAnnotationEngine.process(InjectingAnnotationEngine.java:41)
	at org.mockito.MockitoAnnotations.initMocks(MockitoAnnotations.java:69)
	at android.accessibilityservice.cts.AccessibilityFingerprintGestureTest.setUp(AccessibilityFingerprintGestureTest.java:70)
	at java.lang.reflect.Method.invoke(Native Method)
	at org.junit.runners.model.FrameworkMethod$1.runReflectiveCall(FrameworkMethod.java:50)
	at org.junit.internal.runners.model.ReflectiveCallable.run(ReflectiveCallable.java:12)
	at org.junit.runners.model.FrameworkMethod.invokeExplosively(FrameworkMethod.java:52)
	at androidx.test.internal.runner.junit4.statement.RunBefores.evaluate(RunBefores.java:76)
	at androidx.test.internal.runner.junit4.statement.RunAfters.evaluate(RunAfters.java:61)
	at androidx.test.rule.ActivityTestRule$ActivityStatement.evaluate(ActivityTestRule.java:531)
	at org.junit.rules.RunRules.evaluate(RunRules.java:20)
	at org.junit.runners.ParentRunner.runLeaf(ParentRunner.java:325)
	at org.junit.runners.BlockJUnit4ClassRunner.runChild(BlockJUnit4ClassRunner.java:78)
	at org.junit.runners.BlockJUnit4ClassRunner.runChild(BlockJUnit4ClassRunner.java:57)
	at org.junit.runners.ParentRunner$3.run(ParentRunner.java:290)
	at org.junit.runners.ParentRunner$1.schedule(ParentRunner.java:71)
	at org.junit.runners.ParentRunner.runChildren(ParentRunner.java:288)
	at org.junit.runners.ParentRunner.access$000(ParentRunner.java:58)
	at org.junit.runners.ParentRunner$2.evaluate(ParentRunner.java:268)
	at org.junit.runners.ParentRunner.run(ParentRunner.java:363)
	at androidx.test.runner.AndroidJUnit4.run(AndroidJUnit4.java:104)
	at org.junit.runners.Suite.runChild(Suite.java:128)
	at org.junit.runners.Suite.runChild(Suite.java:27)
	at org.junit.runners.ParentRunner$3.run(ParentRunner.java:290)
	at org.junit.runners.ParentRunner$1.schedule(ParentRunner.java:71)
	at org.junit.runners.ParentRunner.runChildren(ParentRunner.java:288)
	at org.junit.runners.ParentRunner.access$000(ParentRunner.java:58)
	at org.junit.runners.ParentRunner$2.evaluate(ParentRunner.java:268)
	at org.junit.runners.ParentRunner.run(ParentRunner.java:363)
	at org.junit.runner.JUnitCore.run(JUnitCore.java:137)
	at org.junit.runner.JUnitCore.run(JUnitCore.java:115)
	at androidx.test.internal.runner.TestExecutor.execute(TestExecutor.java:56)
	at androidx.test.runner.AndroidJUnitRunner.onStart(AndroidJUnitRunner.java:392)
	at android.app.Instrumentation$InstrumentationThread.run(Instrumentation.java:2218)
</StackTrace>
        </Failure>
      </Test>
    </TestCase>
    <TestCase name="android.accessibilityservice.cts.AccessibilityFocusAndInputFocusSyncTest">
      <Test result="pass" name="testActionClearAccessibilityFocus" />
      <Test result="pass" name="testActionAccessibilityFocus" />
      <Test result="pass" name="testScreenReaderFocusableAttribute_reportedToAccessibility" />
      <Test result="pass" name="testOnlyOneNodeHasAccessibilityFocus" />
      <Test result="pass" name="testFindAccessibilityFocus" />
      <Test result="pass" name="testInitialStateNoAccessibilityFocus" />
    </TestCase>
    <TestCase name="android.accessibilityservice.cts.AccessibilityGestureDetectorTest">
      <Test result="fail" name="testRecognizeGesturePath">
        <Failure message="java.lang.IllegalArgumentException: dexcache == null (and no default could be found; consider setting the 'dexmaker.dexcache' system property)&#13;">
          <StackTrace>java.lang.IllegalArgumentException: dexcache == null (and no default could be found; consider setting the 'dexmaker.dexcache' system property)
	at com.android.dx.DexMaker.generateAndLoad(DexMaker.java:508)
	at com.android.dx.stock.ProxyBuilder.buildProxyClass(ProxyBuilder.java:337)
	at com.android.dx.mockito.DexmakerMockMaker.createMock(DexmakerMockMaker.java:114)
	at org.mockito.internal.util.MockUtil.createMock(MockUtil.java:35)
	at org.mockito.internal.MockitoCore.mock(MockitoCore.java:69)
	at org.mockito.Mockito.mock(Mockito.java:1895)
	at org.mockito.internal.configuration.MockAnnotationProcessor.processAnnotationForMock(MockAnnotationProcessor.java:41)
	at org.mockito.internal.configuration.MockAnnotationProcessor.process(MockAnnotationProcessor.java:19)
	at org.mockito.internal.configuration.MockAnnotationProcessor.process(MockAnnotationProcessor.java:16)
	at org.mockito.internal.configuration.IndependentAnnotationEngine.createMockFor(IndependentAnnotationEngine.java:38)
	at org.mockito.internal.configuration.IndependentAnnotationEngine.process(IndependentAnnotationEngine.java:62)
	at org.mockito.internal.configuration.InjectingAnnotationEngine.processIndependentAnnotations(InjectingAnnotationEngine.java:57)
	at org.mockito.internal.configuration.InjectingAnnotationEngine.process(InjectingAnnotationEngine.java:41)
	at org.mockito.MockitoAnnotations.initMocks(MockitoAnnotations.java:69)
	at android.accessibilityservice.cts.AccessibilityGestureDetectorTest.setUp(AccessibilityGestureDetectorTest.java:74)
	at java.lang.reflect.Method.invoke(Native Method)
	at org.junit.runners.model.FrameworkMethod$1.runReflectiveCall(FrameworkMethod.java:50)
	at org.junit.internal.runners.model.ReflectiveCallable.run(ReflectiveCallable.java:12)
	at org.junit.runners.model.FrameworkMethod.invokeExplosively(FrameworkMethod.java:52)
	at androidx.test.internal.runner.junit4.statement.RunBefores.evaluate(RunBefores.java:76)
	at androidx.test.internal.runner.junit4.statement.RunAfters.evaluate(RunAfters.java:61)
	at org.junit.runners.ParentRunner.runLeaf(ParentRunner.java:325)
	at org.junit.runners.BlockJUnit4ClassRunner.runChild(BlockJUnit4ClassRunner.java:78)
	at org.junit.runners.BlockJUnit4ClassRunner.runChild(BlockJUnit4ClassRunner.java:57)
	at org.junit.runners.ParentRunner$3.run(ParentRunner.java:290)
	at org.junit.runners.ParentRunner$1.schedule(ParentRunner.java:71)
	at org.junit.runners.ParentRunner.runChildren(ParentRunner.java:288)
	at org.junit.runners.ParentRunner.access$000(ParentRunner.java:58)
	at org.junit.runners.ParentRunner$2.evaluate(ParentRunner.java:268)
	at org.junit.runners.ParentRunner.run(ParentRunner.java:363)
	at androidx.test.runner.AndroidJUnit4.run(AndroidJUnit4.java:104)
	at org.junit.runners.Suite.runChild(Suite.java:128)
	at org.junit.runners.Suite.runChild(Suite.java:27)
	at org.junit.runners.ParentRunner$3.run(ParentRunner.java:290)
	at org.junit.runners.ParentRunner$1.schedule(ParentRunner.java:71)
	at org.junit.runners.ParentRunner.runChildren(ParentRunner.java:288)
	at org.junit.runners.ParentRunner.access$000(ParentRunner.java:58)
	at org.junit.runners.ParentRunner$2.evaluate(ParentRunner.java:268)
	at org.junit.runners.ParentRunner.run(ParentRunner.java:363)
	at org.junit.runner.JUnitCore.run(JUnitCore.java:137)
	at org.junit.runner.JUnitCore.run(JUnitCore.java:115)
	at androidx.test.internal.runner.TestExecutor.execute(TestExecutor.java:56)
	at androidx.test.runner.AndroidJUnitRunner.onStart(AndroidJUnitRunner.java:392)
	at android.app.Instrumentation$InstrumentationThread.run(Instrumentation.java:2218)
</StackTrace>
        </Failure>
      </Test>
      <Test result="fail" name="testVerifyGestureTouchEvent">
        <Failure message="java.lang.IllegalArgumentException: dexcache == null (and no default could be found; consider setting the 'dexmaker.dexcache' system property)&#13;">
          <StackTrace>java.lang.IllegalArgumentException: dexcache == null (and no default could be found; consider setting the 'dexmaker.dexcache' system property)
	at com.android.dx.DexMaker.generateAndLoad(DexMaker.java:508)
	at com.android.dx.stock.ProxyBuilder.buildProxyClass(ProxyBuilder.java:337)
	at com.android.dx.mockito.DexmakerMockMaker.createMock(DexmakerMockMaker.java:114)
	at org.mockito.internal.util.MockUtil.createMock(MockUtil.java:35)
	at org.mockito.internal.MockitoCore.mock(MockitoCore.java:69)
	at org.mockito.Mockito.mock(Mockito.java:1895)
	at org.mockito.internal.configuration.MockAnnotationProcessor.processAnnotationForMock(MockAnnotationProcessor.java:41)
	at org.mockito.internal.configuration.MockAnnotationProcessor.process(MockAnnotationProcessor.java:19)
	at org.mockito.internal.configuration.MockAnnotationProcessor.process(MockAnnotationProcessor.java:16)
	at org.mockito.internal.configuration.IndependentAnnotationEngine.createMockFor(IndependentAnnotationEngine.java:38)
	at org.mockito.internal.configuration.IndependentAnnotationEngine.process(IndependentAnnotationEngine.java:62)
	at org.mockito.internal.configuration.InjectingAnnotationEngine.processIndependentAnnotations(InjectingAnnotationEngine.java:57)
	at org.mockito.internal.configuration.InjectingAnnotationEngine.process(InjectingAnnotationEngine.java:41)
	at org.mockito.MockitoAnnotations.initMocks(MockitoAnnotations.java:69)
	at android.accessibilityservice.cts.AccessibilityGestureDetectorTest.setUp(AccessibilityGestureDetectorTest.java:74)
	at java.lang.reflect.Method.invoke(Native Method)
	at org.junit.runners.model.FrameworkMethod$1.runReflectiveCall(FrameworkMethod.java:50)
	at org.junit.internal.runners.model.ReflectiveCallable.run(ReflectiveCallable.java:12)
	at org.junit.runners.model.FrameworkMethod.invokeExplosively(FrameworkMethod.java:52)
	at androidx.test.internal.runner.junit4.statement.RunBefores.evaluate(RunBefores.java:76)
	at androidx.test.internal.runner.junit4.statement.RunAfters.evaluate(RunAfters.java:61)
	at org.junit.runners.ParentRunner.runLeaf(ParentRunner.java:325)
	at org.junit.runners.BlockJUnit4ClassRunner.runChild(BlockJUnit4ClassRunner.java:78)
	at org.junit.runners.BlockJUnit4ClassRunner.runChild(BlockJUnit4ClassRunner.java:57)
	at org.junit.runners.ParentRunner$3.run(ParentRunner.java:290)
	at org.junit.runners.ParentRunner$1.schedule(ParentRunner.java:71)
	at org.junit.runners.ParentRunner.runChildren(ParentRunner.java:288)
	at org.junit.runners.ParentRunner.access$000(ParentRunner.java:58)
	at org.junit.runners.ParentRunner$2.evaluate(ParentRunner.java:268)
	at org.junit.runners.ParentRunner.run(ParentRunner.java:363)
	at androidx.test.runner.AndroidJUnit4.run(AndroidJUnit4.java:104)
	at org.junit.runners.Suite.runChild(Suite.java:128)
	at org.junit.runners.Suite.runChild(Suite.java:27)
	at org.junit.runners.ParentRunner$3.run(ParentRunner.java:290)
	at org.junit.runners.ParentRunner$1.schedule(ParentRunner.java:71)
	at org.junit.runners.ParentRunner.runChildren(ParentRunner.java:288)
	at org.junit.runners.ParentRunner.access$000(ParentRunner.java:58)
	at org.junit.runners.ParentRunner$2.evaluate(ParentRunner.java:268)
	at org.junit.runners.ParentRunner.run(ParentRunner.java:363)
	at org.junit.runner.JUnitCore.run(JUnitCore.java:137)
	at org.junit.runner.JUnitCore.run(JUnitCore.java:115)
	at androidx.test.internal.runner.TestExecutor.execute(TestExecutor.java:56)
	at androidx.test.runner.AndroidJUnitRunner.onStart(AndroidJUnitRunner.java:392)
	at android.app.Instrumentation$InstrumentationThread.run(Instrumentation.java:2218)
</StackTrace>
        </Failure>
      </Test>
    </TestCase>
    <TestCase name="android.accessibilityservice.cts.AccessibilityGestureDispatchTest">
      <Test result="fail" name="testAngledPinch_looksReasonable">
        <Failure message="java.lang.RuntimeException: Starting accessibility service StubGestureAccessibilityService took longer than 10000ms&#13;">
          <StackTrace>java.lang.RuntimeException: Starting accessibility service StubGestureAccessibilityService took longer than 10000ms
	at android.accessibility.cts.common.InstrumentedAccessibilityService.enableService(InstrumentedAccessibilityService.java:198)
	at android.accessibilityservice.cts.StubGestureAccessibilityService.enableSelf(StubGestureAccessibilityService.java:33)
	at android.accessibilityservice.cts.AccessibilityGestureDispatchTest.setUp(AccessibilityGestureDispatchTest.java:132)
	at junit.framework.TestCase.runBare(TestCase.java:132)
	at junit.framework.TestResult$1.protect(TestResult.java:115)
	at androidx.test.internal.runner.junit3.AndroidTestResult.runProtected(AndroidTestResult.java:73)
	at junit.framework.TestResult.run(TestResult.java:118)
	at androidx.test.internal.runner.junit3.AndroidTestResult.run(AndroidTestResult.java:51)
	at junit.framework.TestCase.run(TestCase.java:124)
	at androidx.test.internal.runner.junit3.NonLeakyTestSuite$NonLeakyTest.run(NonLeakyTestSuite.java:62)
	at androidx.test.internal.runner.junit3.AndroidTestSuite$2.run(AndroidTestSuite.java:101)
	at java.util.concurrent.Executors$RunnableAdapter.call(Executors.java:462)
	at java.util.concurrent.FutureTask.run(FutureTask.java:266)
	at java.util.concurrent.ThreadPoolExecutor.runWorker(ThreadPoolExecutor.java:1167)
	at java.util.concurrent.ThreadPoolExecutor$Worker.run(ThreadPoolExecutor.java:641)
	at java.lang.Thread.run(Thread.java:923)
</StackTrace>
        </Failure>
      </Test>
      <Test result="fail" name="testClickAt_producesDownThenUp">
        <Failure message="java.lang.RuntimeException: Starting accessibility service StubGestureAccessibilityService took longer than 10000ms&#13;">
          <StackTrace>java.lang.RuntimeException: Starting accessibility service StubGestureAccessibilityService took longer than 10000ms
	at android.accessibility.cts.common.InstrumentedAccessibilityService.enableService(InstrumentedAccessibilityService.java:198)
	at android.accessibilityservice.cts.StubGestureAccessibilityService.enableSelf(StubGestureAccessibilityService.java:33)
	at android.accessibilityservice.cts.AccessibilityGestureDispatchTest.setUp(AccessibilityGestureDispatchTest.java:132)
	at junit.framework.TestCase.runBare(TestCase.java:132)
	at junit.framework.TestResult$1.protect(TestResult.java:115)
	at androidx.test.internal.runner.junit3.AndroidTestResult.runProtected(AndroidTestResult.java:73)
	at junit.framework.TestResult.run(TestResult.java:118)
	at androidx.test.internal.runner.junit3.AndroidTestResult.run(AndroidTestResult.java:51)
	at junit.framework.TestCase.run(TestCase.java:124)
	at androidx.test.internal.runner.junit3.NonLeakyTestSuite$NonLeakyTest.run(NonLeakyTestSuite.java:62)
	at androidx.test.internal.runner.junit3.AndroidTestSuite$2.run(AndroidTestSuite.java:101)
	at java.util.concurrent.Executors$RunnableAdapter.call(Executors.java:462)
	at java.util.concurrent.FutureTask.run(FutureTask.java:266)
	at java.util.concurrent.ThreadPoolExecutor.runWorker(ThreadPoolExecutor.java:1167)
	at java.util.concurrent.ThreadPoolExecutor$Worker.run(ThreadPoolExecutor.java:641)
	at java.lang.Thread.run(Thread.java:923)
</StackTrace>
        </Failure>
      </Test>
      <Test result="fail" name="testClickWhenMagnified_matchesActualTouch">
        <Failure message="java.lang.RuntimeException: Starting accessibility service StubGestureAccessibilityService took longer than 10000ms&#13;">
          <StackTrace>java.lang.RuntimeException: Starting accessibility service StubGestureAccessibilityService took longer than 10000ms
	at android.accessibility.cts.common.InstrumentedAccessibilityService.enableService(InstrumentedAccessibilityService.java:198)
	at android.accessibilityservice.cts.StubGestureAccessibilityService.enableSelf(StubGestureAccessibilityService.java:33)
	at android.accessibilityservice.cts.AccessibilityGestureDispatchTest.setUp(AccessibilityGestureDispatchTest.java:132)
	at junit.framework.TestCase.runBare(TestCase.java:132)
	at junit.framework.TestResult$1.protect(TestResult.java:115)
	at androidx.test.internal.runner.junit3.AndroidTestResult.runProtected(AndroidTestResult.java:73)
	at junit.framework.TestResult.run(TestResult.java:118)
	at androidx.test.internal.runner.junit3.AndroidTestResult.run(AndroidTestResult.java:51)
	at junit.framework.TestCase.run(TestCase.java:124)
	at androidx.test.internal.runner.junit3.NonLeakyTestSuite$NonLeakyTest.run(NonLeakyTestSuite.java:62)
	at androidx.test.internal.runner.junit3.AndroidTestSuite$2.run(AndroidTestSuite.java:101)
	at java.util.concurrent.Executors$RunnableAdapter.call(Executors.java:462)
	at java.util.concurrent.FutureTask.run(FutureTask.java:266)
	at java.util.concurrent.ThreadPoolExecutor.runWorker(ThreadPoolExecutor.java:1167)
	at java.util.concurrent.ThreadPoolExecutor$Worker.run(ThreadPoolExecutor.java:641)
	at java.lang.Thread.run(Thread.java:923)
</StackTrace>
        </Failure>
      </Test>
      <Test result="fail" name="testContinuedGesture_nextGestureDoesntContinue_isCancelled">
        <Failure message="java.lang.RuntimeException: Starting accessibility service StubGestureAccessibilityService took longer than 10000ms&#13;">
          <StackTrace>java.lang.RuntimeException: Starting accessibility service StubGestureAccessibilityService took longer than 10000ms
	at android.accessibility.cts.common.InstrumentedAccessibilityService.enableService(InstrumentedAccessibilityService.java:198)
	at android.accessibilityservice.cts.StubGestureAccessibilityService.enableSelf(StubGestureAccessibilityService.java:33)
	at android.accessibilityservice.cts.AccessibilityGestureDispatchTest.setUp(AccessibilityGestureDispatchTest.java:132)
	at junit.framework.TestCase.runBare(TestCase.java:132)
	at junit.framework.TestResult$1.protect(TestResult.java:115)
	at androidx.test.internal.runner.junit3.AndroidTestResult.runProtected(AndroidTestResult.java:73)
	at junit.framework.TestResult.run(TestResult.java:118)
	at androidx.test.internal.runner.junit3.AndroidTestResult.run(AndroidTestResult.java:51)
	at junit.framework.TestCase.run(TestCase.java:124)
	at androidx.test.internal.runner.junit3.NonLeakyTestSuite$NonLeakyTest.run(NonLeakyTestSuite.java:62)
	at androidx.test.internal.runner.junit3.AndroidTestSuite$2.run(AndroidTestSuite.java:101)
	at java.util.concurrent.Executors$RunnableAdapter.call(Executors.java:462)
	at java.util.concurrent.FutureTask.run(FutureTask.java:266)
	at java.util.concurrent.ThreadPoolExecutor.runWorker(ThreadPoolExecutor.java:1167)
	at java.util.concurrent.ThreadPoolExecutor$Worker.run(ThreadPoolExecutor.java:641)
	at java.lang.Thread.run(Thread.java:923)
</StackTrace>
        </Failure>
      </Test>
      <Test result="fail" name="testContinuedGesture_withLineDisconnect_isCancelled">
        <Failure message="java.lang.RuntimeException: Starting accessibility service StubGestureAccessibilityService took longer than 10000ms&#13;">
          <StackTrace>java.lang.RuntimeException: Starting accessibility service StubGestureAccessibilityService took longer than 10000ms
	at android.accessibility.cts.common.InstrumentedAccessibilityService.enableService(InstrumentedAccessibilityService.java:198)
	at android.accessibilityservice.cts.StubGestureAccessibilityService.enableSelf(StubGestureAccessibilityService.java:33)
	at android.accessibilityservice.cts.AccessibilityGestureDispatchTest.setUp(AccessibilityGestureDispatchTest.java:132)
	at junit.framework.TestCase.runBare(TestCase.java:132)
	at junit.framework.TestResult$1.protect(TestResult.java:115)
	at androidx.test.internal.runner.junit3.AndroidTestResult.runProtected(AndroidTestResult.java:73)
	at junit.framework.TestResult.run(TestResult.java:118)
	at androidx.test.internal.runner.junit3.AndroidTestResult.run(AndroidTestResult.java:51)
	at junit.framework.TestCase.run(TestCase.java:124)
	at androidx.test.internal.runner.junit3.NonLeakyTestSuite$NonLeakyTest.run(NonLeakyTestSuite.java:62)
	at androidx.test.internal.runner.junit3.AndroidTestSuite$2.run(AndroidTestSuite.java:101)
	at java.util.concurrent.Executors$RunnableAdapter.call(Executors.java:462)
	at java.util.concurrent.FutureTask.run(FutureTask.java:266)
	at java.util.concurrent.ThreadPoolExecutor.runWorker(ThreadPoolExecutor.java:1167)
	at java.util.concurrent.ThreadPoolExecutor$Worker.run(ThreadPoolExecutor.java:641)
	at java.lang.Thread.run(Thread.java:923)
</StackTrace>
        </Failure>
      </Test>
      <Test result="fail" name="testContinuedGestures_motionEventsContinue">
        <Failure message="java.lang.RuntimeException: Starting accessibility service StubGestureAccessibilityService took longer than 10000ms&#13;">
          <StackTrace>java.lang.RuntimeException: Starting accessibility service StubGestureAccessibilityService took longer than 10000ms
	at android.accessibility.cts.common.InstrumentedAccessibilityService.enableService(InstrumentedAccessibilityService.java:198)
	at android.accessibilityservice.cts.StubGestureAccessibilityService.enableSelf(StubGestureAccessibilityService.java:33)
	at android.accessibilityservice.cts.AccessibilityGestureDispatchTest.setUp(AccessibilityGestureDispatchTest.java:132)
	at junit.framework.TestCase.runBare(TestCase.java:132)
	at junit.framework.TestResult$1.protect(TestResult.java:115)
	at androidx.test.internal.runner.junit3.AndroidTestResult.runProtected(AndroidTestResult.java:73)
	at junit.framework.TestResult.run(TestResult.java:118)
	at androidx.test.internal.runner.junit3.AndroidTestResult.run(AndroidTestResult.java:51)
	at junit.framework.TestCase.run(TestCase.java:124)
	at androidx.test.internal.runner.junit3.NonLeakyTestSuite$NonLeakyTest.run(NonLeakyTestSuite.java:62)
	at androidx.test.internal.runner.junit3.AndroidTestSuite$2.run(AndroidTestSuite.java:101)
	at java.util.concurrent.Executors$RunnableAdapter.call(Executors.java:462)
	at java.util.concurrent.FutureTask.run(FutureTask.java:266)
	at java.util.concurrent.ThreadPoolExecutor.runWorker(ThreadPoolExecutor.java:1167)
	at java.util.concurrent.ThreadPoolExecutor$Worker.run(ThreadPoolExecutor.java:641)
	at java.lang.Thread.run(Thread.java:923)
</StackTrace>
        </Failure>
      </Test>
      <Test result="fail" name="testContinuingGesture_withNothingToContinue_isCancelled">
        <Failure message="java.lang.RuntimeException: Starting accessibility service StubGestureAccessibilityService took longer than 10000ms&#13;">
          <StackTrace>java.lang.RuntimeException: Starting accessibility service StubGestureAccessibilityService took longer than 10000ms
	at android.accessibility.cts.common.InstrumentedAccessibilityService.enableService(InstrumentedAccessibilityService.java:198)
	at android.accessibilityservice.cts.StubGestureAccessibilityService.enableSelf(StubGestureAccessibilityService.java:33)
	at android.accessibilityservice.cts.AccessibilityGestureDispatchTest.setUp(AccessibilityGestureDispatchTest.java:132)
	at junit.framework.TestCase.runBare(TestCase.java:132)
	at junit.framework.TestResult$1.protect(TestResult.java:115)
	at androidx.test.internal.runner.junit3.AndroidTestResult.runProtected(AndroidTestResult.java:73)
	at junit.framework.TestResult.run(TestResult.java:118)
	at androidx.test.internal.runner.junit3.AndroidTestResult.run(AndroidTestResult.java:51)
	at junit.framework.TestCase.run(TestCase.java:124)
	at androidx.test.internal.runner.junit3.NonLeakyTestSuite$NonLeakyTest.run(NonLeakyTestSuite.java:62)
	at androidx.test.internal.runner.junit3.AndroidTestSuite$2.run(AndroidTestSuite.java:101)
	at java.util.concurrent.Executors$RunnableAdapter.call(Executors.java:462)
	at java.util.concurrent.FutureTask.run(FutureTask.java:266)
	at java.util.concurrent.ThreadPoolExecutor.runWorker(ThreadPoolExecutor.java:1167)
	at java.util.concurrent.ThreadPoolExecutor$Worker.run(ThreadPoolExecutor.java:641)
	at java.lang.Thread.run(Thread.java:923)
</StackTrace>
        </Failure>
      </Test>
      <Test result="fail" name="testLongClickAt_producesEventsWithLongClickTiming">
        <Failure message="java.lang.RuntimeException: Starting accessibility service StubGestureAccessibilityService took longer than 10000ms&#13;">
          <StackTrace>java.lang.RuntimeException: Starting accessibility service StubGestureAccessibilityService took longer than 10000ms
	at android.accessibility.cts.common.InstrumentedAccessibilityService.enableService(InstrumentedAccessibilityService.java:198)
	at android.accessibilityservice.cts.StubGestureAccessibilityService.enableSelf(StubGestureAccessibilityService.java:33)
	at android.accessibilityservice.cts.AccessibilityGestureDispatchTest.setUp(AccessibilityGestureDispatchTest.java:132)
	at junit.framework.TestCase.runBare(TestCase.java:132)
	at junit.framework.TestResult$1.protect(TestResult.java:115)
	at androidx.test.internal.runner.junit3.AndroidTestResult.runProtected(AndroidTestResult.java:73)
	at junit.framework.TestResult.run(TestResult.java:118)
	at androidx.test.internal.runner.junit3.AndroidTestResult.run(AndroidTestResult.java:51)
	at junit.framework.TestCase.run(TestCase.java:124)
	at androidx.test.internal.runner.junit3.NonLeakyTestSuite$NonLeakyTest.run(NonLeakyTestSuite.java:62)
	at androidx.test.internal.runner.junit3.AndroidTestSuite$2.run(AndroidTestSuite.java:101)
	at java.util.concurrent.Executors$RunnableAdapter.call(Executors.java:462)
	at java.util.concurrent.FutureTask.run(FutureTask.java:266)
	at java.util.concurrent.ThreadPoolExecutor.runWorker(ThreadPoolExecutor.java:1167)
	at java.util.concurrent.ThreadPoolExecutor$Worker.run(ThreadPoolExecutor.java:641)
	at java.lang.Thread.run(Thread.java:923)
</StackTrace>
        </Failure>
      </Test>
      <Test result="fail" name="testSlowSwipe_shouldNotContainMovesForTinyMovement">
        <Failure message="java.lang.RuntimeException: Starting accessibility service StubGestureAccessibilityService took longer than 10000ms&#13;">
          <StackTrace>java.lang.RuntimeException: Starting accessibility service StubGestureAccessibilityService took longer than 10000ms
	at android.accessibility.cts.common.InstrumentedAccessibilityService.enableService(InstrumentedAccessibilityService.java:198)
	at android.accessibilityservice.cts.StubGestureAccessibilityService.enableSelf(StubGestureAccessibilityService.java:33)
	at android.accessibilityservice.cts.AccessibilityGestureDispatchTest.setUp(AccessibilityGestureDispatchTest.java:132)
	at junit.framework.TestCase.runBare(TestCase.java:132)
	at junit.framework.TestResult$1.protect(TestResult.java:115)
	at androidx.test.internal.runner.junit3.AndroidTestResult.runProtected(AndroidTestResult.java:73)
	at junit.framework.TestResult.run(TestResult.java:118)
	at androidx.test.internal.runner.junit3.AndroidTestResult.run(AndroidTestResult.java:51)
	at junit.framework.TestCase.run(TestCase.java:124)
	at androidx.test.internal.runner.junit3.NonLeakyTestSuite$NonLeakyTest.run(NonLeakyTestSuite.java:62)
	at androidx.test.internal.runner.junit3.AndroidTestSuite$2.run(AndroidTestSuite.java:101)
	at java.util.concurrent.Executors$RunnableAdapter.call(Executors.java:462)
	at java.util.concurrent.FutureTask.run(FutureTask.java:266)
	at java.util.concurrent.ThreadPoolExecutor.runWorker(ThreadPoolExecutor.java:1167)
	at java.util.concurrent.ThreadPoolExecutor$Worker.run(ThreadPoolExecutor.java:641)
	at java.lang.Thread.run(Thread.java:923)
</StackTrace>
        </Failure>
      </Test>
      <Test result="fail" name="testSwipe_shouldContainPointsInALine">
        <Failure message="java.lang.RuntimeException: Starting accessibility service StubGestureAccessibilityService took longer than 10000ms&#13;">
          <StackTrace>java.lang.RuntimeException: Starting accessibility service StubGestureAccessibilityService took longer than 10000ms
	at android.accessibility.cts.common.InstrumentedAccessibilityService.enableService(InstrumentedAccessibilityService.java:198)
	at android.accessibilityservice.cts.StubGestureAccessibilityService.enableSelf(StubGestureAccessibilityService.java:33)
	at android.accessibilityservice.cts.AccessibilityGestureDispatchTest.setUp(AccessibilityGestureDispatchTest.java:132)
	at junit.framework.TestCase.runBare(TestCase.java:132)
	at junit.framework.TestResult$1.protect(TestResult.java:115)
	at androidx.test.internal.runner.junit3.AndroidTestResult.runProtected(AndroidTestResult.java:73)
	at junit.framework.TestResult.run(TestResult.java:118)
	at androidx.test.internal.runner.junit3.AndroidTestResult.run(AndroidTestResult.java:51)
	at junit.framework.TestCase.run(TestCase.java:124)
	at androidx.test.internal.runner.junit3.NonLeakyTestSuite$NonLeakyTest.run(NonLeakyTestSuite.java:62)
	at androidx.test.internal.runner.junit3.AndroidTestSuite$2.run(AndroidTestSuite.java:101)
	at java.util.concurrent.Executors$RunnableAdapter.call(Executors.java:462)
	at java.util.concurrent.FutureTask.run(FutureTask.java:266)
	at java.util.concurrent.ThreadPoolExecutor.runWorker(ThreadPoolExecutor.java:1167)
	at java.util.concurrent.ThreadPoolExecutor$Worker.run(ThreadPoolExecutor.java:641)
	at java.lang.Thread.run(Thread.java:923)
</StackTrace>
        </Failure>
      </Test>
    </TestCase>
    <TestCase name="android.accessibilityservice.cts.AccessibilityGlobalActionsTest">
      <Test result="pass" name="testPerformActionScreenshot" />
      <Test result="pass" name="testPerformGlobalActionBack" />
      <Test result="pass" name="testPerformGlobalActionHome" />
      <Test result="pass" name="testPerformGlobalActionNotifications" />
      <Test result="pass" name="testPerformGlobalActionPowerDialog" />
      <Test result="pass" name="testPerformGlobalActionQuickSettings" />
      <Test result="pass" name="testPerformGlobalActionRecents" />
    </TestCase>
    <TestCase name="android.accessibilityservice.cts.AccessibilityLoggingTest">
      <Test result="pass" name="testServiceLogged" />
    </TestCase>
    <TestCase name="android.accessibilityservice.cts.AccessibilityMagnificationTest">
      <Test result="fail" name="testAnimatingMagnification">
        <Failure message="java.lang.RuntimeException: Starting accessibility service StubMagnificationAccessibilityService took longer than 10000ms&#13;">
          <StackTrace>java.lang.RuntimeException: Starting accessibility service StubMagnificationAccessibilityService took longer than 10000ms
	at android.accessibility.cts.common.InstrumentedAccessibilityService.enableService(InstrumentedAccessibilityService.java:198)
	at android.accessibilityservice.cts.StubMagnificationAccessibilityService.enableSelf(StubMagnificationAccessibilityService.java:27)
	at android.accessibilityservice.cts.AccessibilityMagnificationTest.setUp(AccessibilityMagnificationTest.java:63)
	at junit.framework.TestCase.runBare(TestCase.java:132)
	at junit.framework.TestResult$1.protect(TestResult.java:115)
	at androidx.test.internal.runner.junit3.AndroidTestResult.runProtected(AndroidTestResult.java:73)
	at junit.framework.TestResult.run(TestResult.java:118)
	at androidx.test.internal.runner.junit3.AndroidTestResult.run(AndroidTestResult.java:51)
	at junit.framework.TestCase.run(TestCase.java:124)
	at androidx.test.internal.runner.junit3.NonLeakyTestSuite$NonLeakyTest.run(NonLeakyTestSuite.java:62)
	at androidx.test.internal.runner.junit3.AndroidTestSuite$2.run(AndroidTestSuite.java:101)
	at java.util.concurrent.Executors$RunnableAdapter.call(Executors.java:462)
	at java.util.concurrent.FutureTask.run(FutureTask.java:266)
	at java.util.concurrent.ThreadPoolExecutor.runWorker(ThreadPoolExecutor.java:1167)
	at java.util.concurrent.ThreadPoolExecutor$Worker.run(ThreadPoolExecutor.java:641)
	at java.lang.Thread.run(Thread.java:923)
</StackTrace>
        </Failure>
      </Test>
      <Test result="fail" name="testGetMagnificationRegion_whenCanControlMagnification_shouldNotBeEmpty">
        <Failure message="java.lang.RuntimeException: Starting accessibility service StubMagnificationAccessibilityService took longer than 10000ms&#13;">
          <StackTrace>java.lang.RuntimeException: Starting accessibility service StubMagnificationAccessibilityService took longer than 10000ms
	at android.accessibility.cts.common.InstrumentedAccessibilityService.enableService(InstrumentedAccessibilityService.java:198)
	at android.accessibilityservice.cts.StubMagnificationAccessibilityService.enableSelf(StubMagnificationAccessibilityService.java:27)
	at android.accessibilityservice.cts.AccessibilityMagnificationTest.setUp(AccessibilityMagnificationTest.java:63)
	at junit.framework.TestCase.runBare(TestCase.java:132)
	at junit.framework.TestResult$1.protect(TestResult.java:115)
	at androidx.test.internal.runner.junit3.AndroidTestResult.runProtected(AndroidTestResult.java:73)
	at junit.framework.TestResult.run(TestResult.java:118)
	at androidx.test.internal.runner.junit3.AndroidTestResult.run(AndroidTestResult.java:51)
	at junit.framework.TestCase.run(TestCase.java:124)
	at androidx.test.internal.runner.junit3.NonLeakyTestSuite$NonLeakyTest.run(NonLeakyTestSuite.java:62)
	at androidx.test.internal.runner.junit3.AndroidTestSuite$2.run(AndroidTestSuite.java:101)
	at java.util.concurrent.Executors$RunnableAdapter.call(Executors.java:462)
	at java.util.concurrent.FutureTask.run(FutureTask.java:266)
	at java.util.concurrent.ThreadPoolExecutor.runWorker(ThreadPoolExecutor.java:1167)
	at java.util.concurrent.ThreadPoolExecutor$Worker.run(ThreadPoolExecutor.java:641)
	at java.lang.Thread.run(Thread.java:923)
</StackTrace>
        </Failure>
      </Test>
      <Test result="fail" name="testGetMagnificationRegion_whenCantControlMagnification_shouldBeEmpty">
        <Failure message="java.lang.RuntimeException: Starting accessibility service StubMagnificationAccessibilityService took longer than 10000ms&#13;">
          <StackTrace>java.lang.RuntimeException: Starting accessibility service StubMagnificationAccessibilityService took longer than 10000ms
	at android.accessibility.cts.common.InstrumentedAccessibilityService.enableService(InstrumentedAccessibilityService.java:198)
	at android.accessibilityservice.cts.StubMagnificationAccessibilityService.enableSelf(StubMagnificationAccessibilityService.java:27)
	at android.accessibilityservice.cts.AccessibilityMagnificationTest.setUp(AccessibilityMagnificationTest.java:63)
	at junit.framework.TestCase.runBare(TestCase.java:132)
	at junit.framework.TestResult$1.protect(TestResult.java:115)
	at androidx.test.internal.runner.junit3.AndroidTestResult.runProtected(AndroidTestResult.java:73)
	at junit.framework.TestResult.run(TestResult.java:118)
	at androidx.test.internal.runner.junit3.AndroidTestResult.run(AndroidTestResult.java:51)
	at junit.framework.TestCase.run(TestCase.java:124)
	at androidx.test.internal.runner.junit3.NonLeakyTestSuite$NonLeakyTest.run(NonLeakyTestSuite.java:62)
	at androidx.test.internal.runner.junit3.AndroidTestSuite$2.run(AndroidTestSuite.java:101)
	at java.util.concurrent.Executors$RunnableAdapter.call(Executors.java:462)
	at java.util.concurrent.FutureTask.run(FutureTask.java:266)
	at java.util.concurrent.ThreadPoolExecutor.runWorker(ThreadPoolExecutor.java:1167)
	at java.util.concurrent.ThreadPoolExecutor$Worker.run(ThreadPoolExecutor.java:641)
	at java.lang.Thread.run(Thread.java:923)
</StackTrace>
        </Failure>
      </Test>
      <Test result="fail" name="testGetMagnificationRegion_whenMagnificationGesturesEnabled_shouldNotBeEmpty">
        <Failure message="java.lang.RuntimeException: Starting accessibility service StubMagnificationAccessibilityService took longer than 10000ms&#13;">
          <StackTrace>java.lang.RuntimeException: Starting accessibility service StubMagnificationAccessibilityService took longer than 10000ms
	at android.accessibility.cts.common.InstrumentedAccessibilityService.enableService(InstrumentedAccessibilityService.java:198)
	at android.accessibilityservice.cts.StubMagnificationAccessibilityService.enableSelf(StubMagnificationAccessibilityService.java:27)
	at android.accessibilityservice.cts.AccessibilityMagnificationTest.setUp(AccessibilityMagnificationTest.java:63)
	at junit.framework.TestCase.runBare(TestCase.java:132)
	at junit.framework.TestResult$1.protect(TestResult.java:115)
	at androidx.test.internal.runner.junit3.AndroidTestResult.runProtected(AndroidTestResult.java:73)
	at junit.framework.TestResult.run(TestResult.java:118)
	at androidx.test.internal.runner.junit3.AndroidTestResult.run(AndroidTestResult.java:51)
	at junit.framework.TestCase.run(TestCase.java:124)
	at androidx.test.internal.runner.junit3.NonLeakyTestSuite$NonLeakyTest.run(NonLeakyTestSuite.java:62)
	at androidx.test.internal.runner.junit3.AndroidTestSuite$2.run(AndroidTestSuite.java:101)
	at java.util.concurrent.Executors$RunnableAdapter.call(Executors.java:462)
	at java.util.concurrent.FutureTask.run(FutureTask.java:266)
	at java.util.concurrent.ThreadPoolExecutor.runWorker(ThreadPoolExecutor.java:1167)
	at java.util.concurrent.ThreadPoolExecutor$Worker.run(ThreadPoolExecutor.java:641)
	at java.lang.Thread.run(Thread.java:923)
</StackTrace>
        </Failure>
      </Test>
      <Test result="fail" name="testListener">
        <Failure message="java.lang.RuntimeException: Starting accessibility service StubMagnificationAccessibilityService took longer than 10000ms&#13;">
          <StackTrace>java.lang.RuntimeException: Starting accessibility service StubMagnificationAccessibilityService took longer than 10000ms
	at android.accessibility.cts.common.InstrumentedAccessibilityService.enableService(InstrumentedAccessibilityService.java:198)
	at android.accessibilityservice.cts.StubMagnificationAccessibilityService.enableSelf(StubMagnificationAccessibilityService.java:27)
	at android.accessibilityservice.cts.AccessibilityMagnificationTest.setUp(AccessibilityMagnificationTest.java:63)
	at junit.framework.TestCase.runBare(TestCase.java:132)
	at junit.framework.TestResult$1.protect(TestResult.java:115)
	at androidx.test.internal.runner.junit3.AndroidTestResult.runProtected(AndroidTestResult.java:73)
	at junit.framework.TestResult.run(TestResult.java:118)
	at androidx.test.internal.runner.junit3.AndroidTestResult.run(AndroidTestResult.java:51)
	at junit.framework.TestCase.run(TestCase.java:124)
	at androidx.test.internal.runner.junit3.NonLeakyTestSuite$NonLeakyTest.run(NonLeakyTestSuite.java:62)
	at androidx.test.internal.runner.junit3.AndroidTestSuite$2.run(AndroidTestSuite.java:101)
	at java.util.concurrent.Executors$RunnableAdapter.call(Executors.java:462)
	at java.util.concurrent.FutureTask.run(FutureTask.java:266)
	at java.util.concurrent.ThreadPoolExecutor.runWorker(ThreadPoolExecutor.java:1167)
	at java.util.concurrent.ThreadPoolExecutor$Worker.run(ThreadPoolExecutor.java:641)
	at java.lang.Thread.run(Thread.java:923)
</StackTrace>
        </Failure>
      </Test>
      <Test result="fail" name="testMagnificationServiceShutsDownWhileMagnifying_shouldReturnTo1x">
        <Failure message="java.lang.RuntimeException: Starting accessibility service StubMagnificationAccessibilityService took longer than 10000ms&#13;">
          <StackTrace>java.lang.RuntimeException: Starting accessibility service StubMagnificationAccessibilityService took longer than 10000ms
	at android.accessibility.cts.common.InstrumentedAccessibilityService.enableService(InstrumentedAccessibilityService.java:198)
	at android.accessibilityservice.cts.StubMagnificationAccessibilityService.enableSelf(StubMagnificationAccessibilityService.java:27)
	at android.accessibilityservice.cts.AccessibilityMagnificationTest.setUp(AccessibilityMagnificationTest.java:63)
	at junit.framework.TestCase.runBare(TestCase.java:132)
	at junit.framework.TestResult$1.protect(TestResult.java:115)
	at androidx.test.internal.runner.junit3.AndroidTestResult.runProtected(AndroidTestResult.java:73)
	at junit.framework.TestResult.run(TestResult.java:118)
	at androidx.test.internal.runner.junit3.AndroidTestResult.run(AndroidTestResult.java:51)
	at junit.framework.TestCase.run(TestCase.java:124)
	at androidx.test.internal.runner.junit3.NonLeakyTestSuite$NonLeakyTest.run(NonLeakyTestSuite.java:62)
	at androidx.test.internal.runner.junit3.AndroidTestSuite$2.run(AndroidTestSuite.java:101)
	at java.util.concurrent.Executors$RunnableAdapter.call(Executors.java:462)
	at java.util.concurrent.FutureTask.run(FutureTask.java:266)
	at java.util.concurrent.ThreadPoolExecutor.runWorker(ThreadPoolExecutor.java:1167)
	at java.util.concurrent.ThreadPoolExecutor$Worker.run(ThreadPoolExecutor.java:641)
	at java.lang.Thread.run(Thread.java:923)
</StackTrace>
        </Failure>
      </Test>
      <Test result="fail" name="testSetScale">
        <Failure message="java.lang.RuntimeException: Starting accessibility service StubMagnificationAccessibilityService took longer than 10000ms&#13;">
          <StackTrace>java.lang.RuntimeException: Starting accessibility service StubMagnificationAccessibilityService took longer than 10000ms
	at android.accessibility.cts.common.InstrumentedAccessibilityService.enableService(InstrumentedAccessibilityService.java:198)
	at android.accessibilityservice.cts.StubMagnificationAccessibilityService.enableSelf(StubMagnificationAccessibilityService.java:27)
	at android.accessibilityservice.cts.AccessibilityMagnificationTest.setUp(AccessibilityMagnificationTest.java:63)
	at junit.framework.TestCase.runBare(TestCase.java:132)
	at junit.framework.TestResult$1.protect(TestResult.java:115)
	at androidx.test.internal.runner.junit3.AndroidTestResult.runProtected(AndroidTestResult.java:73)
	at junit.framework.TestResult.run(TestResult.java:118)
	at androidx.test.internal.runner.junit3.AndroidTestResult.run(AndroidTestResult.java:51)
	at junit.framework.TestCase.run(TestCase.java:124)
	at androidx.test.internal.runner.junit3.NonLeakyTestSuite$NonLeakyTest.run(NonLeakyTestSuite.java:62)
	at androidx.test.internal.runner.junit3.AndroidTestSuite$2.run(AndroidTestSuite.java:101)
	at java.util.concurrent.Executors$RunnableAdapter.call(Executors.java:462)
	at java.util.concurrent.FutureTask.run(FutureTask.java:266)
	at java.util.concurrent.ThreadPoolExecutor.runWorker(ThreadPoolExecutor.java:1167)
	at java.util.concurrent.ThreadPoolExecutor$Worker.run(ThreadPoolExecutor.java:641)
	at java.lang.Thread.run(Thread.java:923)
</StackTrace>
        </Failure>
      </Test>
      <Test result="fail" name="testSetScaleAndCenter">
        <Failure message="java.lang.RuntimeException: Starting accessibility service StubMagnificationAccessibilityService took longer than 10000ms&#13;">
          <StackTrace>java.lang.RuntimeException: Starting accessibility service StubMagnificationAccessibilityService took longer than 10000ms
	at android.accessibility.cts.common.InstrumentedAccessibilityService.enableService(InstrumentedAccessibilityService.java:198)
	at android.accessibilityservice.cts.StubMagnificationAccessibilityService.enableSelf(StubMagnificationAccessibilityService.java:27)
	at android.accessibilityservice.cts.AccessibilityMagnificationTest.setUp(AccessibilityMagnificationTest.java:63)
	at junit.framework.TestCase.runBare(TestCase.java:132)
	at junit.framework.TestResult$1.protect(TestResult.java:115)
	at androidx.test.internal.runner.junit3.AndroidTestResult.runProtected(AndroidTestResult.java:73)
	at junit.framework.TestResult.run(TestResult.java:118)
	at androidx.test.internal.runner.junit3.AndroidTestResult.run(AndroidTestResult.java:51)
	at junit.framework.TestCase.run(TestCase.java:124)
	at androidx.test.internal.runner.junit3.NonLeakyTestSuite$NonLeakyTest.run(NonLeakyTestSuite.java:62)
	at androidx.test.internal.runner.junit3.AndroidTestSuite$2.run(AndroidTestSuite.java:101)
	at java.util.concurrent.Executors$RunnableAdapter.call(Executors.java:462)
	at java.util.concurrent.FutureTask.run(FutureTask.java:266)
	at java.util.concurrent.ThreadPoolExecutor.runWorker(ThreadPoolExecutor.java:1167)
	at java.util.concurrent.ThreadPoolExecutor$Worker.run(ThreadPoolExecutor.java:641)
	at java.lang.Thread.run(Thread.java:923)
</StackTrace>
        </Failure>
      </Test>
    </TestCase>
    <TestCase name="android.accessibilityservice.cts.AccessibilityOverlayTest">
      <Test result="fail" name="testA11yServiceShowsOverlay_shouldAppear">
        <Failure message="java.lang.RuntimeException: Starting accessibility service StubAccessibilityButtonService took longer than 10000ms&#13;">
          <StackTrace>java.lang.RuntimeException: Starting accessibility service StubAccessibilityButtonService took longer than 10000ms
	at android.accessibility.cts.common.InstrumentedAccessibilityService.enableService(InstrumentedAccessibilityService.java:198)
	at android.accessibilityservice.cts.StubAccessibilityButtonService.enableSelf(StubAccessibilityButtonService.java:26)
	at android.accessibilityservice.cts.AccessibilityOverlayTest.setUp(AccessibilityOverlayTest.java:64)
	at java.lang.reflect.Method.invoke(Native Method)
	at org.junit.runners.model.FrameworkMethod$1.runReflectiveCall(FrameworkMethod.java:50)
	at org.junit.internal.runners.model.ReflectiveCallable.run(ReflectiveCallable.java:12)
	at org.junit.runners.model.FrameworkMethod.invokeExplosively(FrameworkMethod.java:52)
	at androidx.test.internal.runner.junit4.statement.RunBefores.evaluate(RunBefores.java:76)
	at androidx.test.internal.runner.junit4.statement.RunAfters.evaluate(RunAfters.java:61)
	at org.junit.runners.ParentRunner.runLeaf(ParentRunner.java:325)
	at org.junit.runners.BlockJUnit4ClassRunner.runChild(BlockJUnit4ClassRunner.java:78)
	at org.junit.runners.BlockJUnit4ClassRunner.runChild(BlockJUnit4ClassRunner.java:57)
	at org.junit.runners.ParentRunner$3.run(ParentRunner.java:290)
	at org.junit.runners.ParentRunner$1.schedule(ParentRunner.java:71)
	at org.junit.runners.ParentRunner.runChildren(ParentRunner.java:288)
	at org.junit.runners.ParentRunner.access$000(ParentRunner.java:58)
	at org.junit.runners.ParentRunner$2.evaluate(ParentRunner.java:268)
	at org.junit.internal.runners.statements.RunBefores.evaluate(RunBefores.java:26)
	at org.junit.runners.ParentRunner.run(ParentRunner.java:363)
	at androidx.test.runner.AndroidJUnit4.run(AndroidJUnit4.java:104)
	at org.junit.runners.Suite.runChild(Suite.java:128)
	at org.junit.runners.Suite.runChild(Suite.java:27)
	at org.junit.runners.ParentRunner$3.run(ParentRunner.java:290)
	at org.junit.runners.ParentRunner$1.schedule(ParentRunner.java:71)
	at org.junit.runners.ParentRunner.runChildren(ParentRunner.java:288)
	at org.junit.runners.ParentRunner.access$000(ParentRunner.java:58)
	at org.junit.runners.ParentRunner$2.evaluate(ParentRunner.java:268)
	at org.junit.runners.ParentRunner.run(ParentRunner.java:363)
	at org.junit.runner.JUnitCore.run(JUnitCore.java:137)
	at org.junit.runner.JUnitCore.run(JUnitCore.java:115)
	at androidx.test.internal.runner.TestExecutor.execute(TestExecutor.java:56)
	at androidx.test.runner.AndroidJUnitRunner.onStart(AndroidJUnitRunner.java:392)
	at android.app.Instrumentation$InstrumentationThread.run(Instrumentation.java:2218)
</StackTrace>
        </Failure>
      </Test>
    </TestCase>
    <TestCase name="android.accessibilityservice.cts.AccessibilityPaneTest">
      <Test result="pass" name="windowLikeViewSettersWork_andNewValuesReportedToAccessibility" />
      <Test result="pass" name="windowLikeViewVisibility_reportAsWindowStateChanges" />
      <Test result="pass" name="paneTitleFromXml_reportedToAccessibility" />
    </TestCase>
    <TestCase name="android.accessibilityservice.cts.AccessibilityServiceInfoTest">
      <Test result="pass" name="testDescribeContents" />
      <Test result="pass" name="testFeedbackTypeToString" />
      <Test result="pass" name="testFlagToString" />
      <Test result="pass" name="testMarshalling" />
    </TestCase>
    <TestCase name="android.accessibilityservice.cts.AccessibilitySettingsTest">
      <Test result="pass" name="testAccessibilitySettingsIntentHandled" />
    </TestCase>
    <TestCase name="android.accessibilityservice.cts.AccessibilitySoftKeyboardModesTest">
      <Test result="fail" name="testApiReturnValues_shouldChangeValueOnRequestAndSendCallback">
        <Failure message="java.lang.RuntimeException: Starting accessibility service InstrumentedAccessibilityService took longer than 10000ms&#13;">
          <StackTrace>java.lang.RuntimeException: Starting accessibility service InstrumentedAccessibilityService took longer than 10000ms
	at android.accessibility.cts.common.InstrumentedAccessibilityService.enableService(InstrumentedAccessibilityService.java:198)
	at android.accessibilityservice.cts.AccessibilitySoftKeyboardModesTest.setUp(AccessibilitySoftKeyboardModesTest.java:64)
	at java.lang.reflect.Method.invoke(Native Method)
	at org.junit.runners.model.FrameworkMethod$1.runReflectiveCall(FrameworkMethod.java:50)
	at org.junit.internal.runners.model.ReflectiveCallable.run(ReflectiveCallable.java:12)
	at org.junit.runners.model.FrameworkMethod.invokeExplosively(FrameworkMethod.java:52)
	at androidx.test.internal.runner.junit4.statement.RunBefores.evaluate(RunBefores.java:76)
	at androidx.test.internal.runner.junit4.statement.RunAfters.evaluate(RunAfters.java:61)
	at org.junit.runners.ParentRunner.runLeaf(ParentRunner.java:325)
	at org.junit.runners.BlockJUnit4ClassRunner.runChild(BlockJUnit4ClassRunner.java:78)
	at org.junit.runners.BlockJUnit4ClassRunner.runChild(BlockJUnit4ClassRunner.java:57)
	at org.junit.runners.ParentRunner$3.run(ParentRunner.java:290)
	at org.junit.runners.ParentRunner$1.schedule(ParentRunner.java:71)
	at org.junit.runners.ParentRunner.runChildren(ParentRunner.java:288)
	at org.junit.runners.ParentRunner.access$000(ParentRunner.java:58)
	at org.junit.runners.ParentRunner$2.evaluate(ParentRunner.java:268)
	at org.junit.runners.ParentRunner.run(ParentRunner.java:363)
	at androidx.test.runner.AndroidJUnit4.run(AndroidJUnit4.java:104)
	at org.junit.runners.Suite.runChild(Suite.java:128)
	at org.junit.runners.Suite.runChild(Suite.java:27)
	at org.junit.runners.ParentRunner$3.run(ParentRunner.java:290)
	at org.junit.runners.ParentRunner$1.schedule(ParentRunner.java:71)
	at org.junit.runners.ParentRunner.runChildren(ParentRunner.java:288)
	at org.junit.runners.ParentRunner.access$000(ParentRunner.java:58)
	at org.junit.runners.ParentRunner$2.evaluate(ParentRunner.java:268)
	at org.junit.runners.ParentRunner.run(ParentRunner.java:363)
	at org.junit.runner.JUnitCore.run(JUnitCore.java:137)
	at org.junit.runner.JUnitCore.run(JUnitCore.java:115)
	at androidx.test.internal.runner.TestExecutor.execute(TestExecutor.java:56)
	at androidx.test.runner.AndroidJUnitRunner.onStart(AndroidJUnitRunner.java:392)
	at android.app.Instrumentation$InstrumentationThread.run(Instrumentation.java:2218)
</StackTrace>
        </Failure>
      </Test>
      <Test result="fail" name="secondServiceChangingTheShowMode_updatesModeAndNotifiesFirstService">
        <Failure message="java.lang.RuntimeException: Starting accessibility service InstrumentedAccessibilityService took longer than 10000ms&#13;">
          <StackTrace>java.lang.RuntimeException: Starting accessibility service InstrumentedAccessibilityService took longer than 10000ms
	at android.accessibility.cts.common.InstrumentedAccessibilityService.enableService(InstrumentedAccessibilityService.java:198)
	at android.accessibilityservice.cts.AccessibilitySoftKeyboardModesTest.setUp(AccessibilitySoftKeyboardModesTest.java:64)
	at java.lang.reflect.Method.invoke(Native Method)
	at org.junit.runners.model.FrameworkMethod$1.runReflectiveCall(FrameworkMethod.java:50)
	at org.junit.internal.runners.model.ReflectiveCallable.run(ReflectiveCallable.java:12)
	at org.junit.runners.model.FrameworkMethod.invokeExplosively(FrameworkMethod.java:52)
	at androidx.test.internal.runner.junit4.statement.RunBefores.evaluate(RunBefores.java:76)
	at androidx.test.internal.runner.junit4.statement.RunAfters.evaluate(RunAfters.java:61)
	at org.junit.runners.ParentRunner.runLeaf(ParentRunner.java:325)
	at org.junit.runners.BlockJUnit4ClassRunner.runChild(BlockJUnit4ClassRunner.java:78)
	at org.junit.runners.BlockJUnit4ClassRunner.runChild(BlockJUnit4ClassRunner.java:57)
	at org.junit.runners.ParentRunner$3.run(ParentRunner.java:290)
	at org.junit.runners.ParentRunner$1.schedule(ParentRunner.java:71)
	at org.junit.runners.ParentRunner.runChildren(ParentRunner.java:288)
	at org.junit.runners.ParentRunner.access$000(ParentRunner.java:58)
	at org.junit.runners.ParentRunner$2.evaluate(ParentRunner.java:268)
	at org.junit.runners.ParentRunner.run(ParentRunner.java:363)
	at androidx.test.runner.AndroidJUnit4.run(AndroidJUnit4.java:104)
	at org.junit.runners.Suite.runChild(Suite.java:128)
	at org.junit.runners.Suite.runChild(Suite.java:27)
	at org.junit.runners.ParentRunner$3.run(ParentRunner.java:290)
	at org.junit.runners.ParentRunner$1.schedule(ParentRunner.java:71)
	at org.junit.runners.ParentRunner.runChildren(ParentRunner.java:288)
	at org.junit.runners.ParentRunner.access$000(ParentRunner.java:58)
	at org.junit.runners.ParentRunner$2.evaluate(ParentRunner.java:268)
	at org.junit.runners.ParentRunner.run(ParentRunner.java:363)
	at org.junit.runner.JUnitCore.run(JUnitCore.java:137)
	at org.junit.runner.JUnitCore.run(JUnitCore.java:115)
	at androidx.test.internal.runner.TestExecutor.execute(TestExecutor.java:56)
	at androidx.test.runner.AndroidJUnitRunner.onStart(AndroidJUnitRunner.java:392)
	at android.app.Instrumentation$InstrumentationThread.run(Instrumentation.java:2218)
</StackTrace>
        </Failure>
      </Test>
    </TestCase>
    <TestCase name="android.accessibilityservice.cts.AccessibilityTextActionTest">
      <Test result="pass" name="testEditableTextView_shouldExposeAndRespondToSetTextAction" />
      <Test result="pass" name="testTextLocations_textOutsideOfViewBounds_locationsShouldBeNull" />
      <Test result="pass" name="testClickableSpan_shouldWorkFromAccessibilityService" />
      <Test result="pass" name="testTextLocations_textViewShouldProvideWhenRequested" />
      <Test result="pass" name="testUrlSpan_shouldWorkFromAccessibilityService" />
      <Test result="pass" name="testTextLocations_withRequestPreparer_shouldHoldOffUntilReady" />
      <Test result="pass" name="testTextLocations_withUnresponsiveRequestPreparer_shouldTimeout" />
      <Test result="pass" name="testEditText_shouldExposeAndRespondToSetTextAction" />
      <Test result="pass" name="testNotEditableTextView_shouldNotExposeOrRespondToSetTextAction" />
    </TestCase>
    <TestCase name="android.accessibilityservice.cts.AccessibilityTextTraversalTest">
      <Test result="pass" name="testActionNextAndPreviousAtGranularityCharacterOverContentDescription" />
      <Test result="pass" name="testActionNextAndPreviousAtGranularityCharacterOverTextExtend" />
      <Test result="pass" name="testActionNextAndPreviousAtGranularityLineOverText" />
      <Test result="pass" name="testActionNextAndPreviousAtGranularityLineOverTextExtend" />
      <Test result="pass" name="testActionNextAndPreviousAtGranularityParagraphOverTextExtend" />
      <Test result="pass" name="testActionNextAndPreviousAtGranularityWordOverText" />
      <Test result="pass" name="testActionNextAndPreviousAtGranularityCharacterOverText" />
      <Test result="pass" name="testSetSelectionInContentDescription" />
      <Test result="pass" name="testActionNextAndPreviousAtGranularityWordOverContentDescription" />
      <Test result="pass" name="testSelectionPositionForNonEditableView" />
      <Test result="pass" name="testActionNextAndPreviousAtGranularityWordOverEditTextWithContentDescription" />
      <Test result="pass" name="testActionNextAndPreviousAtGranularityWordOverTextExtend" />
      <Test result="pass" name="testActionNextAndPreviousAtGranularityParagraphOverText" />
      <Test result="pass" name="testTextEditingActions" />
    </TestCase>
    <TestCase name="android.accessibilityservice.cts.AccessibilityViewTreeReportingTest">
      <Test result="pass" name="testAccessibilityImportanceReportingForUnimportantView" />
      <Test result="pass" name="testDrawingOrderRootNodeHasIndex0" />
      <Test result="pass" name="testDescendantsOfNotImportantViewReportedInOrder1" />
      <Test result="pass" name="testDescendantsOfNotImportantViewReportedInOrder2" />
      <Test result="pass" name="testDescendantsOfNotImportantViewReportedInOrder3" />
      <Test result="pass" name="testDrawingOrderGettingAllViewsFollowsXmlOrder" />
      <Test result="pass" name="testDrawingOrderWithCustomDrawingOrder" />
      <Test result="pass" name="testDrawingOrderInImportantParentFollowsXmlOrder" />
      <Test result="pass" name="testDrawingOrderWithZCoordsDrawsHighestZLast" />
      <Test result="pass" name="testDrawingOrderWithNotImportantParentConsidersParentSibling" />
      <Test result="pass" name="testAccessibilityImportanceReportingForImportantView" />
      <Test result="pass" name="testDrawingOrderWithNotImportantSiblingConsidersItsChildren" />
      <Test result="pass" name="testAddViewToLayout_receiveSubtreeEvent" />
    </TestCase>
    <TestCase name="android.accessibilityservice.cts.AccessibilityVolumeTest">
      <Test result="pass" name="testChangeAccessibilityVolume_outsideValidAccessibilityService_shouldFail" />
      <Test result="fail" name="testChangeAccessibilityVolume_inAccessibilityService_shouldWork">
        <Failure message="java.lang.RuntimeException: Starting accessibility service InstrumentedAccessibilityService took longer than 10000ms&#13;">
          <StackTrace>java.lang.RuntimeException: Starting accessibility service InstrumentedAccessibilityService took longer than 10000ms
	at android.accessibility.cts.common.InstrumentedAccessibilityService.enableService(InstrumentedAccessibilityService.java:198)
	at android.accessibilityservice.cts.AccessibilityVolumeTest.testChangeAccessibilityVolume_inAccessibilityService_shouldWork(AccessibilityVolumeTest.java:87)
	at java.lang.reflect.Method.invoke(Native Method)
	at org.junit.runners.model.FrameworkMethod$1.runReflectiveCall(FrameworkMethod.java:50)
	at org.junit.internal.runners.model.ReflectiveCallable.run(ReflectiveCallable.java:12)
	at org.junit.runners.model.FrameworkMethod.invokeExplosively(FrameworkMethod.java:52)
	at org.junit.internal.runners.statements.InvokeMethod.evaluate(InvokeMethod.java:17)
	at org.junit.internal.runners.statements.FailOnTimeout$CallableStatement.call(FailOnTimeout.java:148)
	at org.junit.internal.runners.statements.FailOnTimeout$CallableStatement.call(FailOnTimeout.java:142)
	at java.util.concurrent.FutureTask.run(FutureTask.java:266)
	at java.lang.Thread.run(Thread.java:923)
</StackTrace>
        </Failure>
      </Test>
    </TestCase>
    <TestCase name="android.accessibilityservice.cts.AccessibilityWindowQueryTest">
      <Test result="pass" name="testPerformActionLongClick" />
      <Test result="pass" name="testGetEventSource" />
      <Test result="pass" name="testFindByContentDescription" />
      <Test result="pass" name="testGetWindows_resultIsSortedByLayerDescending" />
      <Test result="pass" name="testFindPictureInPictureWindow" />
      <Test result="pass" name="testSingleAccessibilityFocusAcrossWindows" />
      <Test result="pass" name="testInteractWithAppWindow" />
      <Test result="pass" name="testPerformActionClearSelection" />
      <Test result="pass" name="testFindByText" />
      <Test result="pass" name="testPerformActionClick" />
      <Test result="pass" name="testPerformCustomAction" />
      <Test result="pass" name="testTraverseAllWindows" />
      <Test result="fail" name="testWindowDockAndUndock_dividerWindowAppearsAndDisappears">
        <Failure message="java.util.concurrent.TimeoutException: Expected event not received within: 5000 ms among: [EventType: TYPE_WINDOW_CONTENT_CHANGED; EventTime: 73476936; PackageName: com.oppo.launcher; MovementGranularity: 0; Action: 0; ContentChangeTypes: [CONTENT_CHANGE_TYPE_SUBTREE]; WindowChangeTypes: [] [ ClassName: android.widget.FrameLayout; Text: []; ContentDescription: null; ItemCount: -1; CurrentItemIndex: -1; Enabled: true; Password: false; Checked: false; FullScreen: false; Scrollable: false; BeforeText: null; FromIndex: -1; ToIndex: -1; ScrollX: 0; ScrollY: 0; MaxScrollX: 0; MaxScrollY: 0; ScrollDeltaX: -1; ScrollDeltaY: -1; AddedCount: -1; RemovedCount: -1; ParcelableData: null ]; recordCount: 0, EventType: TYPE_WINDOW_STATE_CHANGED; EventTime: 73476936; PackageName: com.oppo.launcher; MovementGranularity: 0; Action: 0; ContentChangeTypes: []; WindowChangeTypes: [] [ ClassName: com.oppo.launcher.Launcher; Text: [第 1 页，共 2 页]; ContentDescription: null; ItemCount: -1; CurrentItemIndex: -1; Enabled: true; Password: false; Checked: false; FullScreen: true; Scrollable: false; BeforeText: null; FromIndex: -1; ToIndex: -1; ScrollX: 0; ScrollY: 0; MaxScrollX: 0; MaxScrollY: 0; ScrollDeltaX: -1; ScrollDeltaY: -1; AddedCount: -1; RemovedCount: -1; ParcelableData: null ]; recordCount: 0, EventType: TYPE_WINDOWS_CHANGED; EventTime: 73476936; PackageName: null; MovementGranularity: 0; Action: 0; ContentChangeTypes: []; WindowChangeTypes: [WINDOWS_CHANGE_BOUNDS] [ ClassName: null; Text: []; ContentDescription: null; ItemCount: -1; CurrentItemIndex: -1; Enabled: false; Password: false; Checked: false; FullScreen: false; Scrollable: false; BeforeText: null; FromIndex: -1; ToIndex: -1; ScrollX: 0; ScrollY: 0; MaxScrollX: 0; MaxScrollY: 0; ScrollDeltaX: -1; ScrollDeltaY: -1; AddedCount: -1; RemovedCount: -1; ParcelableData: null ]; recordCount: 0, EventType: TYPE_VIEW_FOCUSED; EventTime: 73476939; PackageName: com.oppo.launcher; MovementGranularity: 0; Action: 0; ContentChangeTypes: []; WindowChangeTypes: [] [ ClassName: android.view.View; Text: []; ContentDescription: null; ItemCount: 5; CurrentItemIndex: 4; Enabled: true; Password: false; Checked: false; FullScreen: false; Scrollable: false; BeforeText: null; FromIndex: -1; ToIndex: -1; ScrollX: 0; ScrollY: 0; MaxScrollX: 0; MaxScrollY: 0; ScrollDeltaX: -1; ScrollDeltaY: -1; AddedCount: -1; RemovedCount: -1; ParcelableData: null ]; recordCount: 0, EventType: TYPE_WINDOW_CONTENT_CHANGED; EventTime: 73476955; PackageName: android.accessibilityservice.cts; MovementGranularity: 0; Action: 0; ContentChangeTypes: [CONTENT_CHANGE_TYPE_SUBTREE]; WindowChangeTypes: [] [ ClassName: android.widget.FrameLayout; Text: []; ContentDescription: null; ItemCount: -1; CurrentItemIndex: -1; Enabled: true; Password: false; Checked: false; FullScreen: false; Scrollable: false; BeforeText: null; FromIndex: -1; ToIndex: -1; ScrollX: 0; ScrollY: 0; MaxScrollX: 0; MaxScrollY: 0; ScrollDeltaX: -1; ScrollDeltaY: -1; AddedCount: -1; RemovedCount: -1; ParcelableData: null ]; recordCount: 0, EventType: TYPE_WINDOW_CONTENT_CHANGED; EventTime: 73477001; PackageName: com.oppo.launcher; MovementGranularity: 0; Action: 0; ContentChangeTypes: [CONTENT_CHANGE_TYPE_SUBTREE]; WindowChangeTypes: [] [ ClassName: android.widget.FrameLayout; Text: []; ContentDescription: null; ItemCount: -1; CurrentItemIndex: -1; Enabled: true; Password: false; Checked: false; FullScreen: false; Scrollable: false; BeforeText: null; FromIndex: -1; ToIndex: -1; ScrollX: 0; ScrollY: 0; MaxScrollX: 0; MaxScrollY: 0; ScrollDeltaX: -1; ScrollDeltaY: -1; AddedCount: -1; RemovedCount: -1; ParcelableData: null ]; recordCount: 0, EventType: TYPE_VIEW_FOCUSED; EventTime: 73477001; PackageName: com.oppo.launcher; MovementGranularity: 0; Action: 0; ContentChangeTypes: []; WindowChangeTypes: [] [ ClassName: android.view.View; Text: []; ContentDescription: null; ItemCount: 13; CurrentItemIndex: 12; Enabled: true; Password: false; Checked: false; FullScreen: false; Scrollable: false; BeforeText: null; FromIndex: -1; ToIndex: -1; ScrollX: 0; ScrollY: 0; MaxScrollX: 0; MaxScrollY: 0; ScrollDeltaX: -1; ScrollDeltaY: -1; AddedCount: -1; RemovedCount: -1; ParcelableData: null ]; recordCount: 0, EventType: TYPE_WINDOW_CONTENT_CHANGED; EventTime: 73477004; PackageName: com.oppo.launcher; MovementGranularity: 0; Action: 0; ContentChangeTypes: [CONTENT_CHANGE_TYPE_SUBTREE]; WindowChangeTypes: [] [ ClassName: android.widget.FrameLayout; Text: []; ContentDescription: 时钟; ItemCount: -1; CurrentItemIndex: -1; Enabled: true; Password: false; Checked: false; FullScreen: false; Scrollable: false; BeforeText: null; FromIndex: -1; ToIndex: -1; ScrollX: 0; ScrollY: 0; MaxScrollX: 0; MaxScrollY: 0; ScrollDeltaX: -1; ScrollDeltaY: -1; AddedCount: -1; RemovedCount: -1; ParcelableData: null ]; recordCount: 0, EventType: TYPE_WINDOW_STATE_CHANGED; EventTime: 73477004; PackageName: com.oppo.launcher; MovementGranularity: 0; Action: 0; ContentChangeTypes: []; WindowChangeTypes: [] [ ClassName: com.oppo.launcher.Launcher; Text: [第 1 页，共 2 页]; ContentDescription: null; ItemCount: -1; CurrentItemIndex: -1; Enabled: true; Password: false; Checked: false; FullScreen: true; Scrollable: false; BeforeText: null; FromIndex: -1; ToIndex: -1; ScrollX: 0; ScrollY: 0; MaxScrollX: 0; MaxScrollY: 0; ScrollDeltaX: -1; ScrollDeltaY: -1; AddedCount: -1; RemovedCount: -1; ParcelableData: null ]; recordCount: 0, EventType: TYPE_WINDOW_CONTENT_CHANGED; EventTime: 73477104; PackageName: com.oppo.launcher; MovementGranularity: 0; Action: 0; ContentChangeTypes: [CONTENT_CHANGE_TYPE_SUBTREE, CONTENT_CHANGE_TYPE_TEXT]; WindowChangeTypes: [] [ ClassName: android.widget.ScrollView; Text: []; ContentDescription: null; ItemCount: -1; CurrentItemIndex: -1; Enabled: true; Password: false; Checked: false; FullScreen: false; Scrollable: true; BeforeText: null; FromIndex: -1; ToIndex: -1; ScrollX: 0; ScrollY: 0; MaxScrollX: 0; MaxScrollY: 0; ScrollDeltaX: -1; ScrollDeltaY: -1; AddedCount: -1; RemovedCount: -1; ParcelableData: null ]; recordCount: 0, EventType: TYPE_WINDOW_CONTENT_CHANGED; EventTime: 73477204; PackageName: com.oppo.launcher; MovementGranularity: 0; Action: 0; ContentChangeTypes: [CONTENT_CHANGE_TYPE_SUBTREE]; WindowChangeTypes: [] [ ClassName: android.widget.FrameLayout; Text: []; ContentDescription: null; ItemCount: -1; CurrentItemIndex: -1; Enabled: true; Password: false; Checked: false; FullScreen: false; Scrollable: false; BeforeText: null; FromIndex: -1; ToIndex: -1; ScrollX: 0; ScrollY: 0; MaxScrollX: 0; MaxScrollY: 0; ScrollDeltaX: -1; ScrollDeltaY: -1; AddedCount: -1; RemovedCount: -1; ParcelableData: null ]; recordCount: 0, EventType: TYPE_WINDOW_CONTENT_CHANGED; EventTime: 73477229; PackageName: com.android.systemui; MovementGranularity: 0; Action: 0; ContentChangeTypes: [CONTENT_CHANGE_TYPE_SUBTREE]; WindowChangeTypes: [] [ ClassName: android.widget.FrameLayout; Text: []; ContentDescription: null; ItemCount: -1; CurrentItemIndex: -1; Enabled: true; Password: false; Checked: false; FullScreen: false; Scrollable: false; BeforeText: null; FromIndex: -1; ToIndex: -1; ScrollX: 0; ScrollY: 0; MaxScrollX: 0; MaxScrollY: 0; ScrollDeltaX: -1; ScrollDeltaY: -1; AddedCount: -1; RemovedCount: -1; ParcelableData: null ]; recordCount: 0, EventType: TYPE_WINDOW_STATE_CHANGED; EventTime: 73477229; PackageName: com.android.systemui; MovementGranularity: 0; Action: 0; ContentChangeTypes: []; WindowChangeTypes: [] [ ClassName: android.widget.FrameLayout; Text: []; ContentDescription: null; ItemCount: -1; CurrentItemIndex: -1; Enabled: true; Password: false; Checked: false; FullScreen: false; Scrollable: false; BeforeText: null; FromIndex: -1; ToIndex: -1; ScrollX: 0; ScrollY: 0; MaxScrollX: 0; MaxScrollY: 0; ScrollDeltaX: -1; ScrollDeltaY: -1; AddedCount: -1; RemovedCount: -1; ParcelableData: null ]; recordCount: 0, EventType: TYPE_WINDOW_CONTENT_CHANGED; EventTime: 73477304; PackageName: com.oppo.launcher; MovementGranularity: 0; Action: 0; ContentChangeTypes: [CONTENT_CHANGE_TYPE_SUBTREE, CONTENT_CHANGE_TYPE_TEXT]; WindowChangeTypes: [] [ ClassName: android.widget.FrameLayout; Text: []; ContentDescription: null; ItemCount: -1; CurrentItemIndex: -1; Enabled: true; Password: false; Checked: false; FullScreen: false; Scrollable: false; BeforeText: null; FromIndex: -1; ToIndex: -1; ScrollX: 0; ScrollY: 0; MaxScrollX: 0; MaxScrollY: 0; ScrollDeltaX: -1; ScrollDeltaY: -1; AddedCount: -1; RemovedCount: -1; ParcelableData: null ]; recordCount: 0, EventType: TYPE_WINDOWS_CHANGED; EventTime: 73477338; PackageName: null; MovementGranularity: 0; Action: 0; ContentChangeTypes: []; WindowChangeTypes: [WINDOWS_CHANGE_REMOVED] [ ClassName: null; Text: []; ContentDescription: null; ItemCount: -1; CurrentItemIndex: -1; Enabled: false; Password: false; Checked: false; FullScreen: false; Scrollable: false; BeforeText: null; FromIndex: -1; ToIndex: -1; ScrollX: 0; ScrollY: 0; MaxScrollX: 0; MaxScrollY: 0; ScrollDeltaX: -1; ScrollDeltaY: -1; AddedCount: -1; RemovedCount: -1; ParcelableData: null ]; recordCount: 0, EventType: TYPE_WINDOWS_CHANGED; EventTime: 73477338; PackageName: null; MovementGranularity: 0; Action: 0; ContentChangeTypes: []; WindowChangeTypes: [WINDOWS_CHANGE_LAYER] [ ClassName: null; Text: []; ContentDescription: null; ItemCount: -1; CurrentItemIndex: -1; Enabled: false; Password: false; Checked: false; FullScreen: false; Scrollable: false; BeforeText: null; FromIndex: -1; ToIndex: -1; ScrollX: 0; ScrollY: 0; MaxScrollX: 0; MaxScrollY: 0; ScrollDeltaX: -1; ScrollDeltaY: -1; AddedCount: -1; RemovedCount: -1; ParcelableData: null ]; recordCount: 0, EventType: TYPE_WINDOW_CONTENT_CHANGED; EventTime: 73477548; PackageName: com.oppo.launcher; MovementGranularity: 0; Action: 0; ContentChangeTypes: [CONTENT_CHANGE_TYPE_SUBTREE]; WindowChangeTypes: [] [ ClassName: android.widget.FrameLayout; Text: []; ContentDescription: null; ItemCount: -1; CurrentItemIndex: -1; Enabled: true; Password: false; Checked: false; FullScreen: false; Scrollable: false; BeforeText: null; FromIndex: -1; ToIndex: -1; ScrollX: 0; ScrollY: 0; MaxScrollX: 0; MaxScrollY: 0; ScrollDeltaX: -1; ScrollDeltaY: -1; AddedCount: -1; RemovedCount: -1; ParcelableData: null ]; recordCount: 0, EventType: TYPE_WINDOW_CONTENT_CHANGED; EventTime: 73477717; PackageName: com.coloros.alarmclock; MovementGranularity: 0; Action: 0; ContentChangeTypes: [CONTENT_CHANGE_TYPE_TEXT]; WindowChangeTypes: [] [ ClassName: android.widget.TextView; Text: []; ContentDescription: null; ItemCount: -1; CurrentItemIndex: -1; Enabled: true; Password: false; Checked: false; FullScreen: false; Scrollable: false; BeforeText: null; FromIndex: -1; ToIndex: -1; ScrollX: 0; ScrollY: 0; MaxScrollX: 0; MaxScrollY: 0; ScrollDeltaX: -1; ScrollDeltaY: -1; AddedCount: -1; RemovedCount: -1; ParcelableData: null ]; recordCount: 0, EventType: TYPE_WINDOWS_CHANGED; EventTime: 73477814; PackageName: null; MovementGranularity: 0; Action: 0; ContentChangeTypes: []; WindowChangeTypes: [WINDOWS_CHANGE_BOUNDS] [ ClassName: null; Text: []; ContentDescription: null; ItemCount: -1; CurrentItemIndex: -1; Enabled: false; Password: false; Checked: false; FullScreen: false; Scrollable: false; BeforeText: null; FromIndex: -1; ToIndex: -1; ScrollX: 0; ScrollY: 0; MaxScrollX: 0; MaxScrollY: 0; ScrollDeltaX: -1; ScrollDeltaY: -1; AddedCount: -1; RemovedCount: -1; ParcelableData: null ]; recordCount: 0, EventType: TYPE_WINDOW_CONTENT_CHANGED; EventTime: 73477817; PackageName: com.oppo.launcher; MovementGranularity: 0; Action: 0; ContentChangeTypes: [CONTENT_CHANGE_TYPE_TEXT]; WindowChangeTypes: [] [ ClassName: android.widget.FrameLayout; Text: []; ContentDescription: 时钟; ItemCount: -1; CurrentItemIndex: -1; Enabled: true; Password: false; Checked: false; FullScreen: false; Scrollable: false; BeforeText: null; FromIndex: -1; ToIndex: -1; ScrollX: 0; ScrollY: 0; MaxScrollX: 0; MaxScrollY: 0; ScrollDeltaX: -1; ScrollDeltaY: -1; AddedCount: -1; RemovedCount: -1; ParcelableData: null ]; recordCount: 0, EventType: TYPE_WINDOWS_CHANGED; EventTime: 73478067; PackageName: null; MovementGranularity: 0; Action: 0; ContentChangeTypes: []; WindowChangeTypes: [WINDOWS_CHANGE_ACTIVE, WINDOWS_CHANGE_FOCUSED] [ ClassName: null; Text: []; ContentDescription: null; ItemCount: -1; CurrentItemIndex: -1; Enabled: false; Password: false; Checked: false; FullScreen: false; Scrollable: false; BeforeText: null; FromIndex: -1; ToIndex: -1; ScrollX: 0; ScrollY: 0; MaxScrollX: 0; MaxScrollY: 0; ScrollDeltaX: -1; ScrollDeltaY: -1; AddedCount: -1; RemovedCount: -1; ParcelableData: null ]; recordCount: 0, EventType: TYPE_VIEW_FOCUSED; EventTime: 73478070; PackageName: com.android.systemui; MovementGranularity: 0; Action: 0; ContentChangeTypes: []; WindowChangeTypes: [] [ ClassName: android.widget.Button; Text: []; ContentDescription: null; ItemCount: 1; CurrentItemIndex: 0; Enabled: true; Password: false; Checked: false; FullScreen: false; Scrollable: false; BeforeText: null; FromIndex: -1; ToIndex: -1; ScrollX: 0; ScrollY: 0; MaxScrollX: 0; MaxScrollY: 0; ScrollDeltaX: -1; ScrollDeltaY: -1; AddedCount: -1; RemovedCount: -1; ParcelableData: null ]; recordCount: 0, EventType: TYPE_WINDOW_CONTENT_CHANGED; EventTime: 73478075; PackageName: com.android.systemui; MovementGranularity: 0; Action: 0; ContentChangeTypes: [CONTENT_CHANGE_TYPE_SUBTREE]; WindowChangeTypes: [] [ ClassName: android.widget.RelativeLayout; Text: []; ContentDescription: null; ItemCount: -1; CurrentItemIndex: -1; Enabled: true; Password: false; Checked: false; FullScreen: false; Scrollable: false; BeforeText: null; FromIndex: -1; ToIndex: -1; ScrollX: 0; ScrollY: 0; MaxScrollX: 0; MaxScrollY: 0; ScrollDeltaX: -1; ScrollDeltaY: -1; AddedCount: -1; RemovedCount: -1; ParcelableData: null ]; recordCount: 0, EventType: TYPE_WINDOW_CONTENT_CHANGED; EventTime: 73478076; PackageName: com.android.systemui; MovementGranularity: 0; Action: 0; ContentChangeTypes: [CONTENT_CHANGE_TYPE_SUBTREE]; WindowChangeTypes: [] [ ClassName: android.widget.RelativeLayout; Text: []; ContentDescription: null; ItemCount: -1; CurrentItemIndex: -1; Enabled: true; Password: false; Checked: false; FullScreen: false; Scrollable: false; BeforeText: null; FromIndex: -1; ToIndex: -1; ScrollX: 0; ScrollY: 0; MaxScrollX: 0; MaxScrollY: 0; ScrollDeltaX: -1; ScrollDeltaY: -1; AddedCount: -1; RemovedCount: -1; ParcelableData: null ]; recordCount: 0, EventType: TYPE_WINDOW_STATE_CHANGED; EventTime: 73478076; PackageName: com.android.systemui; MovementGranularity: 0; Action: 0; ContentChangeTypes: []; WindowChangeTypes: [] [ ClassName: android.widget.RelativeLayout; Text: []; ContentDescription: null; ItemCount: -1; CurrentItemIndex: -1; Enabled: true; Password: false; Checked: false; FullScreen: false; Scrollable: false; BeforeText: null; FromIndex: -1; ToIndex: -1; ScrollX: 0; ScrollY: 0; MaxScrollX: 0; MaxScrollY: 0; ScrollDeltaX: -1; ScrollDeltaY: -1; AddedCount: -1; RemovedCount: -1; ParcelableData: null ]; recordCount: 0, EventType: TYPE_WINDOWS_CHANGED; EventTime: 73478076; PackageName: null; MovementGranularity: 0; Action: 0; ContentChangeTypes: []; WindowChangeTypes: [WINDOWS_CHANGE_LAYER] [ ClassName: null; Text: []; ContentDescription: null; ItemCount: -1; CurrentItemIndex: -1; Enabled: false; Password: false; Checked: false; FullScreen: false; Scrollable: false; BeforeText: null; FromIndex: -1; ToIndex: -1; ScrollX: 0; ScrollY: 0; MaxScrollX: 0; MaxScrollY: 0; ScrollDeltaX: -1; ScrollDeltaY: -1; AddedCount: -1; RemovedCount: -1; ParcelableData: null ]; recordCount: 0, EventType: TYPE_WINDOWS_CHANGED; EventTime: 73478076; PackageName: null; MovementGranularity: 0; Action: 0; ContentChangeTypes: []; WindowChangeTypes: [WINDOWS_CHANGE_ADDED] [ ClassName: null; Text: []; ContentDescription: null; ItemCount: -1; CurrentItemIndex: -1; Enabled: false; Password: false; Checked: false; FullScreen: false; Scrollable: false; BeforeText: null; FromIndex: -1; ToIndex: -1; ScrollX: 0; ScrollY: 0; MaxScrollX: 0; MaxScrollY: 0; ScrollDeltaX: -1; ScrollDeltaY: -1; AddedCount: -1; RemovedCount: -1; ParcelableData: null ]; recordCount: 0, EventType: TYPE_WINDOW_CONTENT_CHANGED; EventTime: 73478107; PackageName: com.android.systemui; MovementGranularity: 0; Action: 0; ContentChangeTypes: [CONTENT_CHANGE_TYPE_SUBTREE]; WindowChangeTypes: [] [ ClassName: android.widget.RelativeLayout; Text: []; ContentDescription: null; ItemCount: -1; CurrentItemIndex: -1; Enabled: true; Password: false; Checked: false; FullScreen: false; Scrollable: false; BeforeText: null; FromIndex: -1; ToIndex: -1; ScrollX: 0; ScrollY: 0; MaxScrollX: 0; MaxScrollY: 0; ScrollDeltaX: -1; ScrollDeltaY: -1; AddedCount: -1; RemovedCount: -1; ParcelableData: null ]; recordCount: 0, EventType: TYPE_VIEW_FOCUSED; EventTime: 73478107; PackageName: com.android.systemui; MovementGranularity: 0; Action: 0; ContentChangeTypes: []; WindowChangeTypes: [] [ ClassName: android.widget.Button; Text: []; ContentDescription: null; ItemCount: 1; CurrentItemIndex: 0; Enabled: true; Password: false; Checked: false; FullScreen: false; Scrollable: false; BeforeText: null; FromIndex: -1; ToIndex: -1; ScrollX: 0; ScrollY: 0; MaxScrollX: 0; MaxScrollY: 0; ScrollDeltaX: -1; ScrollDeltaY: -1; AddedCount: -1; RemovedCount: -1; ParcelableData: null ]; recordCount: 0, EventType: TYPE_WINDOWS_CHANGED; EventTime: 73478179; PackageName: null; MovementGranularity: 0; Action: 0; ContentChangeTypes: []; WindowChangeTypes: [WINDOWS_CHANGE_REMOVED] [ ClassName: null; Text: []; ContentDescription: null; ItemCount: -1; CurrentItemIndex: -1; Enabled: false; Password: false; Checked: false; FullScreen: false; Scrollable: false; BeforeText: null; FromIndex: -1; ToIndex: -1; ScrollX: 0; ScrollY: 0; MaxScrollX: 0; MaxScrollY: 0; ScrollDeltaX: -1; ScrollDeltaY: -1; AddedCount: -1; RemovedCount: -1; ParcelableData: null ]; recordCount: 0, EventType: TYPE_WINDOWS_CHANGED; EventTime: 73478179; PackageName: null; MovementGranularity: 0; Action: 0; ContentChangeTypes: []; WindowChangeTypes: [WINDOWS_CHANGE_LAYER] [ ClassName: null; Text: []; ContentDescription: null; ItemCount: -1; CurrentItemIndex: -1; Enabled: false; Password: false; Checked: false; FullScreen: false; Scrollable: false; BeforeText: null; FromIndex: -1; ToIndex: -1; ScrollX: 0; ScrollY: 0; MaxScrollX: 0; MaxScrollY: 0; ScrollDeltaX: -1; ScrollDeltaY: -1; AddedCount: -1; RemovedCount: -1; ParcelableData: null ]; recordCount: 0, EventType: TYPE_WINDOWS_CHANGED; EventTime: 73478179; PackageName: null; MovementGranularity: 0; Action: 0; ContentChangeTypes: []; WindowChangeTypes: [WINDOWS_CHANGE_BOUNDS, WINDOWS_CHANGE_LAYER] [ ClassName: null; Text: []; ContentDescription: null; ItemCount: -1; CurrentItemIndex: -1; Enabled: false; Password: false; Checked: false; FullScreen: false; Scrollable: false; BeforeText: null; FromIndex: -1; ToIndex: -1; ScrollX: 0; ScrollY: 0; MaxScrollX: 0; MaxScrollY: 0; ScrollDeltaX: -1; ScrollDeltaY: -1; AddedCount: -1; RemovedCount: -1; ParcelableData: null ]; recordCount: 0, EventType: TYPE_WINDOW_CONTENT_CHANGED; EventTime: 73478207; PackageName: com.android.systemui; MovementGranularity: 0; Action: 0; ContentChangeTypes: [CONTENT_CHANGE_TYPE_SUBTREE]; WindowChangeTypes: [] [ ClassName: android.widget.RelativeLayout; Text: []; ContentDescription: null; ItemCount: -1; CurrentItemIndex: -1; Enabled: true; Password: false; Checked: false; FullScreen: false; Scrollable: false; BeforeText: null; FromIndex: -1; ToIndex: -1; ScrollX: 0; ScrollY: 0; MaxScrollX: 0; MaxScrollY: 0; ScrollDeltaX: -1; ScrollDeltaY: -1; AddedCount: -1; RemovedCount: -1; ParcelableData: null ]; recordCount: 0, EventType: TYPE_WINDOW_CONTENT_CHANGED; EventTime: 73478307; PackageName: com.android.systemui; MovementGranularity: 0; Action: 0; ContentChangeTypes: [CONTENT_CHANGE_TYPE_SUBTREE]; WindowChangeTypes: [] [ ClassName: android.widget.RelativeLayout; Text: []; ContentDescription: null; ItemCount: -1; CurrentItemIndex: -1; Enabled: true; Password: false; Checked: false; FullScreen: false; Scrollable: false; BeforeText: null; FromIndex: -1; ToIndex: -1; ScrollX: 0; ScrollY: 0; MaxScrollX: 0; MaxScrollY: 0; ScrollDeltaX: -1; ScrollDeltaY: -1; AddedCount: -1; RemovedCount: -1; ParcelableData: null ]; recordCount: 0, EventType: TYPE_WINDOW_CONTENT_CHANGED; EventTime: 73478407; PackageName: com.android.systemui; MovementGranularity: 0; Action: 0; ContentChangeTypes: [CONTENT_CHANGE_TYPE_SUBTREE]; WindowChangeTypes: [] [ ClassName: android.widget.RelativeLayout; Text: []; ContentDescription: null; ItemCount: -1; CurrentItemIndex: -1; Enabled: true; Password: false; Checked: false; FullScreen: false; Scrollable: false; BeforeText: null; FromIndex: -1; ToIndex: -1; ScrollX: 0; ScrollY: 0; MaxScrollX: 0; MaxScrollY: 0; ScrollDeltaX: -1; ScrollDeltaY: -1; AddedCount: -1; RemovedCount: -1; ParcelableData: null ]; recordCount: 0]&#13;">
          <StackTrace>java.util.concurrent.TimeoutException: Expected event not received within: 5000 ms among: [EventType: TYPE_WINDOW_CONTENT_CHANGED; EventTime: 73476936; PackageName: com.oppo.launcher; MovementGranularity: 0; Action: 0; ContentChangeTypes: [CONTENT_CHANGE_TYPE_SUBTREE]; WindowChangeTypes: [] [ ClassName: android.widget.FrameLayout; Text: []; ContentDescription: null; ItemCount: -1; CurrentItemIndex: -1; Enabled: true; Password: false; Checked: false; FullScreen: false; Scrollable: false; BeforeText: null; FromIndex: -1; ToIndex: -1; ScrollX: 0; ScrollY: 0; MaxScrollX: 0; MaxScrollY: 0; ScrollDeltaX: -1; ScrollDeltaY: -1; AddedCount: -1; RemovedCount: -1; ParcelableData: null ]; recordCount: 0, EventType: TYPE_WINDOW_STATE_CHANGED; EventTime: 73476936; PackageName: com.oppo.launcher; MovementGranularity: 0; Action: 0; ContentChangeTypes: []; WindowChangeTypes: [] [ ClassName: com.oppo.launcher.Launcher; Text: [第 1 页，共 2 页]; ContentDescription: null; ItemCount: -1; CurrentItemIndex: -1; Enabled: true; Password: false; Checked: false; FullScreen: true; Scrollable: false; BeforeText: null; FromIndex: -1; ToIndex: -1; ScrollX: 0; ScrollY: 0; MaxScrollX: 0; MaxScrollY: 0; ScrollDeltaX: -1; ScrollDeltaY: -1; AddedCount: -1; RemovedCount: -1; ParcelableData: null ]; recordCount: 0, EventType: TYPE_WINDOWS_CHANGED; EventTime: 73476936; PackageName: null; MovementGranularity: 0; Action: 0; ContentChangeTypes: []; WindowChangeTypes: [WINDOWS_CHANGE_BOUNDS] [ ClassName: null; Text: []; ContentDescription: null; ItemCount: -1; CurrentItemIndex: -1; Enabled: false; Password: false; Checked: false; FullScreen: false; Scrollable: false; BeforeText: null; FromIndex: -1; ToIndex: -1; ScrollX: 0; ScrollY: 0; MaxScrollX: 0; MaxScrollY: 0; ScrollDeltaX: -1; ScrollDeltaY: -1; AddedCount: -1; RemovedCount: -1; ParcelableData: null ]; recordCount: 0, EventType: TYPE_VIEW_FOCUSED; EventTime: 73476939; PackageName: com.oppo.launcher; MovementGranularity: 0; Action: 0; ContentChangeTypes: []; WindowChangeTypes: [] [ ClassName: android.view.View; Text: []; ContentDescription: null; ItemCount: 5; CurrentItemIndex: 4; Enabled: true; Password: false; Checked: false; FullScreen: false; Scrollable: false; BeforeText: null; FromIndex: -1; ToIndex: -1; ScrollX: 0; ScrollY: 0; MaxScrollX: 0; MaxScrollY: 0; ScrollDeltaX: -1; ScrollDeltaY: -1; AddedCount: -1; RemovedCount: -1; ParcelableData: null ]; recordCount: 0, EventType: TYPE_WINDOW_CONTENT_CHANGED; EventTime: 73476955; PackageName: android.accessibilityservice.cts; MovementGranularity: 0; Action: 0; ContentChangeTypes: [CONTENT_CHANGE_TYPE_SUBTREE]; WindowChangeTypes: [] [ ClassName: android.widget.FrameLayout; Text: []; ContentDescription: null; ItemCount: -1; CurrentItemIndex: -1; Enabled: true; Password: false; Checked: false; FullScreen: false; Scrollable: false; BeforeText: null; FromIndex: -1; ToIndex: -1; ScrollX: 0; ScrollY: 0; MaxScrollX: 0; MaxScrollY: 0; ScrollDeltaX: -1; ScrollDeltaY: -1; AddedCount: -1; RemovedCount: -1; ParcelableData: null ]; recordCount: 0, EventType: TYPE_WINDOW_CONTENT_CHANGED; EventTime: 73477001; PackageName: com.oppo.launcher; MovementGranularity: 0; Action: 0; ContentChangeTypes: [CONTENT_CHANGE_TYPE_SUBTREE]; WindowChangeTypes: [] [ ClassName: android.widget.FrameLayout; Text: []; ContentDescription: null; ItemCount: -1; CurrentItemIndex: -1; Enabled: true; Password: false; Checked: false; FullScreen: false; Scrollable: false; BeforeText: null; FromIndex: -1; ToIndex: -1; ScrollX: 0; ScrollY: 0; MaxScrollX: 0; MaxScrollY: 0; ScrollDeltaX: -1; ScrollDeltaY: -1; AddedCount: -1; RemovedCount: -1; ParcelableData: null ]; recordCount: 0, EventType: TYPE_VIEW_FOCUSED; EventTime: 73477001; PackageName: com.oppo.launcher; MovementGranularity: 0; Action: 0; ContentChangeTypes: []; WindowChangeTypes: [] [ ClassName: android.view.View; Text: []; ContentDescription: null; ItemCount: 13; CurrentItemIndex: 12; Enabled: true; Password: false; Checked: false; FullScreen: false; Scrollable: false; BeforeText: null; FromIndex: -1; ToIndex: -1; ScrollX: 0; ScrollY: 0; MaxScrollX: 0; MaxScrollY: 0; ScrollDeltaX: -1; ScrollDeltaY: -1; AddedCount: -1; RemovedCount: -1; ParcelableData: null ]; recordCount: 0, EventType: TYPE_WINDOW_CONTENT_CHANGED; EventTime: 73477004; PackageName: com.oppo.launcher; MovementGranularity: 0; Action: 0; ContentChangeTypes: [CONTENT_CHANGE_TYPE_SUBTREE]; WindowChangeTypes: [] [ ClassName: android.widget.FrameLayout; Text: []; ContentDescription: 时钟; ItemCount: -1; CurrentItemIndex: -1; Enabled: true; Password: false; Checked: false; FullScreen: false; Scrollable: false; BeforeText: null; FromIndex: -1; ToIndex: -1; ScrollX: 0; ScrollY: 0; MaxScrollX: 0; MaxScrollY: 0; ScrollDeltaX: -1; ScrollDeltaY: -1; AddedCount: -1; RemovedCount: -1; ParcelableData: null ]; recordCount: 0, EventType: TYPE_WINDOW_STATE_CHANGED; EventTime: 73477004; PackageName: com.oppo.launcher; MovementGranularity: 0; Action: 0; ContentChangeTypes: []; WindowChangeTypes: [] [ ClassName: com.oppo.launcher.Launcher; Text: [第 1 页，共 2 页]; ContentDescription: null; ItemCount: -1; CurrentItemIndex: -1; Enabled: true; Password: false; Checked: false; FullScreen: true; Scrollable: false; BeforeText: null; FromIndex: -1; ToIndex: -1; ScrollX: 0; ScrollY: 0; MaxScrollX: 0; MaxScrollY: 0; ScrollDeltaX: -1; ScrollDeltaY: -1; AddedCount: -1; RemovedCount: -1; ParcelableData: null ]; recordCount: 0, EventType: TYPE_WINDOW_CONTENT_CHANGED; EventTime: 73477104; PackageName: com.oppo.launcher; MovementGranularity: 0; Action: 0; ContentChangeTypes: [CONTENT_CHANGE_TYPE_SUBTREE, CONTENT_CHANGE_TYPE_TEXT]; WindowChangeTypes: [] [ ClassName: android.widget.ScrollView; Text: []; ContentDescription: null; ItemCount: -1; CurrentItemIndex: -1; Enabled: true; Password: false; Checked: false; FullScreen: false; Scrollable: true; BeforeText: null; FromIndex: -1; ToIndex: -1; ScrollX: 0; ScrollY: 0; MaxScrollX: 0; MaxScrollY: 0; ScrollDeltaX: -1; ScrollDeltaY: -1; AddedCount: -1; RemovedCount: -1; ParcelableData: null ]; recordCount: 0, EventType: TYPE_WINDOW_CONTENT_CHANGED; EventTime: 73477204; PackageName: com.oppo.launcher; MovementGranularity: 0; Action: 0; ContentChangeTypes: [CONTENT_CHANGE_TYPE_SUBTREE]; WindowChangeTypes: [] [ ClassName: android.widget.FrameLayout; Text: []; ContentDescription: null; ItemCount: -1; CurrentItemIndex: -1; Enabled: true; Password: false; Checked: false; FullScreen: false; Scrollable: false; BeforeText: null; FromIndex: -1; ToIndex: -1; ScrollX: 0; ScrollY: 0; MaxScrollX: 0; MaxScrollY: 0; ScrollDeltaX: -1; ScrollDeltaY: -1; AddedCount: -1; RemovedCount: -1; ParcelableData: null ]; recordCount: 0, EventType: TYPE_WINDOW_CONTENT_CHANGED; EventTime: 73477229; PackageName: com.android.systemui; MovementGranularity: 0; Action: 0; ContentChangeTypes: [CONTENT_CHANGE_TYPE_SUBTREE]; WindowChangeTypes: [] [ ClassName: android.widget.FrameLayout; Text: []; ContentDescription: null; ItemCount: -1; CurrentItemIndex: -1; Enabled: true; Password: false; Checked: false; FullScreen: false; Scrollable: false; BeforeText: null; FromIndex: -1; ToIndex: -1; ScrollX: 0; ScrollY: 0; MaxScrollX: 0; MaxScrollY: 0; ScrollDeltaX: -1; ScrollDeltaY: -1; AddedCount: -1; RemovedCount: -1; ParcelableData: null ]; recordCount: 0, EventType: TYPE_WINDOW_STATE_CHANGED; EventTime: 73477229; PackageName: com.android.systemui; MovementGranularity: 0; Action: 0; ContentChangeTypes: []; WindowChangeTypes: [] [ ClassName: android.widget.FrameLayout; Text: []; ContentDescription: null; ItemCount: -1; CurrentItemIndex: -1; Enabled: true; Password: false; Checked: false; FullScreen: false; Scrollable: false; BeforeText: null; FromIndex: -1; ToIndex: -1; ScrollX: 0; ScrollY: 0; MaxScrollX: 0; MaxScrollY: 0; ScrollDeltaX: -1; ScrollDeltaY: -1; AddedCount: -1; RemovedCount: -1; ParcelableData: null ]; recordCount: 0, EventType: TYPE_WINDOW_CONTENT_CHANGED; EventTime: 73477304; PackageName: com.oppo.launcher; MovementGranularity: 0; Action: 0; ContentChangeTypes: [CONTENT_CHANGE_TYPE_SUBTREE, CONTENT_CHANGE_TYPE_TEXT]; WindowChangeTypes: [] [ ClassName: android.widget.FrameLayout; Text: []; ContentDescription: null; ItemCount: -1; CurrentItemIndex: -1; Enabled: true; Password: false; Checked: false; FullScreen: false; Scrollable: false; BeforeText: null; FromIndex: -1; ToIndex: -1; ScrollX: 0; ScrollY: 0; MaxScrollX: 0; MaxScrollY: 0; ScrollDeltaX: -1; ScrollDeltaY: -1; AddedCount: -1; RemovedCount: -1; ParcelableData: null ]; recordCount: 0, EventType: TYPE_WINDOWS_CHANGED; EventTime: 73477338; PackageName: null; MovementGranularity: 0; Action: 0; ContentChangeTypes: []; WindowChangeTypes: [WINDOWS_CHANGE_REMOVED] [ ClassName: null; Text: []; ContentDescription: null; ItemCount: -1; CurrentItemIndex: -1; Enabled: false; Password: false; Checked: false; FullScreen: false; Scrollable: false; BeforeText: null; FromIndex: -1; ToIndex: -1; ScrollX: 0; ScrollY: 0; MaxScrollX: 0; MaxScrollY: 0; ScrollDeltaX: -1; ScrollDeltaY: -1; AddedCount: -1; RemovedCount: -1; ParcelableData: null ]; recordCount: 0, EventType: TYPE_WINDOWS_CHANGED; EventTime: 73477338; PackageName: null; MovementGranularity: 0; Action: 0; ContentChangeTypes: []; WindowChangeTypes: [WINDOWS_CHANGE_LAYER] [ ClassName: null; Text: []; ContentDescription: null; ItemCount: -1; CurrentItemIndex: -1; Enabled: false; Password: false; Checked: false; FullScreen: false; Scrollable: false; BeforeText: null; FromIndex: -1; ToIndex: -1; ScrollX: 0; ScrollY: 0; MaxScrollX: 0; MaxScrollY: 0; ScrollDeltaX: -1; ScrollDeltaY: -1; AddedCount: -1; RemovedCount: -1; ParcelableData: null ]; recordCount: 0, EventType: TYPE_WINDOW_CONTENT_CHANGED; EventTime: 73477548; PackageName: com.oppo.launcher; MovementGranularity: 0; Action: 0; ContentChangeTypes: [CONTENT_CHANGE_TYPE_SUBTREE]; WindowChangeTypes: [] [ ClassName: android.widget.FrameLayout; Text: []; ContentDescription: null; ItemCount: -1; CurrentItemIndex: -1; Enabled: true; Password: false; Checked: false; FullScreen: false; Scrollable: false; BeforeText: null; FromIndex: -1; ToIndex: -1; ScrollX: 0; ScrollY: 0; MaxScrollX: 0; MaxScrollY: 0; ScrollDeltaX: -1; ScrollDeltaY: -1; AddedCount: -1; RemovedCount: -1; ParcelableData: null ]; recordCount: 0, EventType: TYPE_WINDOW_CONTENT_CHANGED; EventTime: 73477717; PackageName: com.coloros.alarmclock; MovementGranularity: 0; Action: 0; ContentChangeTypes: [CONTENT_CHANGE_TYPE_TEXT]; WindowChangeTypes: [] [ ClassName: android.widget.TextView; Text: []; ContentDescription: null; ItemCount: -1; CurrentItemIndex: -1; Enabled: true; Password: false; Checked: false; FullScreen: false; Scrollable: false; BeforeText: null; FromIndex: -1; ToIndex: -1; ScrollX: 0; ScrollY: 0; MaxScrollX: 0; MaxScrollY: 0; ScrollDeltaX: -1; ScrollDeltaY: -1; AddedCount: -1; RemovedCount: -1; ParcelableData: null ]; recordCount: 0, EventType: TYPE_WINDOWS_CHANGED; EventTime: 73477814; PackageName: null; MovementGranularity: 0; Action: 0; ContentChangeTypes: []; WindowChangeTypes: [WINDOWS_CHANGE_BOUNDS] [ ClassName: null; Text: []; ContentDescription: null; ItemCount: -1; CurrentItemIndex: -1; Enabled: false; Password: false; Checked: false; FullScreen: false; Scrollable: false; BeforeText: null; FromIndex: -1; ToIndex: -1; ScrollX: 0; ScrollY: 0; MaxScrollX: 0; MaxScrollY: 0; ScrollDeltaX: -1; ScrollDeltaY: -1; AddedCount: -1; RemovedCount: -1; ParcelableData: null ]; recordCount: 0, EventType: TYPE_WINDOW_CONTENT_CHANGED; EventTime: 73477817; PackageName: com.oppo.launcher; MovementGranularity: 0; Action: 0; ContentChangeTypes: [CONTENT_CHANGE_TYPE_TEXT]; WindowChangeTypes: [] [ ClassName: android.widget.FrameLayout; Text: []; ContentDescription: 时钟; ItemCount: -1; CurrentItemIndex: -1; Enabled: true; Password: false; Checked: false; FullScreen: false; Scrollable: false; BeforeText: null; FromIndex: -1; ToIndex: -1; ScrollX: 0; ScrollY: 0; MaxScrollX: 0; MaxScrollY: 0; ScrollDeltaX: -1; ScrollDeltaY: -1; AddedCount: -1; RemovedCount: -1; ParcelableData: null ]; recordCount: 0, EventType: TYPE_WINDOWS_CHANGED; EventTime: 73478067; PackageName: null; MovementGranularity: 0; Action: 0; ContentChangeTypes: []; WindowChangeTypes: [WINDOWS_CHANGE_ACTIVE, WINDOWS_CHANGE_FOCUSED] [ ClassName: null; Text: []; ContentDescription: null; ItemCount: -1; CurrentItemIndex: -1; Enabled: false; Password: false; Checked: false; FullScreen: false; Scrollable: false; BeforeText: null; FromIndex: -1; ToIndex: -1; ScrollX: 0; ScrollY: 0; MaxScrollX: 0; MaxScrollY: 0; ScrollDeltaX: -1; ScrollDeltaY: -1; AddedCount: -1; RemovedCount: -1; ParcelableData: null ]; recordCount: 0, EventType: TYPE_VIEW_FOCUSED; EventTime: 73478070; PackageName: com.android.systemui; MovementGranularity: 0; Action: 0; ContentChangeTypes: []; WindowChangeTypes: [] [ ClassName: android.widget.Button; Text: []; ContentDescription: null; ItemCount: 1; CurrentItemIndex: 0; Enabled: true; Password: false; Checked: false; FullScreen: false; Scrollable: false; BeforeText: null; FromIndex: -1; ToIndex: -1; ScrollX: 0; ScrollY: 0; MaxScrollX: 0; MaxScrollY: 0; ScrollDeltaX: -1; ScrollDeltaY: -1; AddedCount: -1; RemovedCount: -1; ParcelableData: null ]; recordCount: 0, EventType: TYPE_WINDOW_CONTENT_CHANGED; EventTime: 73478075; PackageName: com.android.systemui; MovementGranularity: 0; Action: 0; ContentChangeTypes: [CONTENT_CHANGE_TYPE_SUBTREE]; WindowChangeTypes: [] [ ClassName: android.widget.RelativeLayout; Text: []; ContentDescription: null; ItemCount: -1; CurrentItemIndex: -1; Enabled: true; Password: false; Checked: false; FullScreen: false; Scrollable: false; BeforeText: null; FromIndex: -1; ToIndex: -1; ScrollX: 0; ScrollY: 0; MaxScrollX: 0; MaxScrollY: 0; ScrollDeltaX: -1; ScrollDeltaY: -1; AddedCount: -1; RemovedCount: -1; ParcelableData: null ]; recordCount: 0, EventType: TYPE_WINDOW_CONTENT_CHANGED; EventTime: 73478076; PackageName: com.android.systemui; MovementGranularity: 0; Action: 0; ContentChangeTypes: [CONTENT_CHANGE_TYPE_SUBTREE]; WindowChangeTypes: [] [ ClassName: android.widget.RelativeLayout; Text: []; ContentDescription: null; ItemCount: -1; CurrentItemIndex: -1; Enabled: true; Password: false; Checked: false; FullScreen: false; Scrollable: false; BeforeText: null; FromIndex: -1; ToIndex: -1; ScrollX: 0; ScrollY: 0; MaxScrollX: 0; MaxScrollY: 0; ScrollDeltaX: -1; ScrollDeltaY: -1; AddedCount: -1; RemovedCount: -1; ParcelableData: null ]; recordCount: 0, EventType: TYPE_WINDOW_STATE_CHANGED; EventTime: 73478076; PackageName: com.android.systemui; MovementGranularity: 0; Action: 0; ContentChangeTypes: []; WindowChangeTypes: [] [ ClassName: android.widget.RelativeLayout; Text: []; ContentDescription: null; ItemCount: -1; CurrentItemIndex: -1; Enabled: true; Password: false; Checked: false; FullScreen: false; Scrollable: false; BeforeText: null; FromIndex: -1; ToIndex: -1; ScrollX: 0; ScrollY: 0; MaxScrollX: 0; MaxScrollY: 0; ScrollDeltaX: -1; ScrollDeltaY: -1; AddedCount: -1; RemovedCount: -1; ParcelableData: null ]; recordCount: 0, EventType: TYPE_WINDOWS_CHANGED; EventTime: 73478076; PackageName: null; MovementGranularity: 0; Action: 0; ContentChangeTypes: []; WindowChangeTypes: [WINDOWS_CHANGE_LAYER] [ ClassName: null; Text: []; ContentDescription: null; ItemCount: -1; CurrentItemIndex: -1; Enabled: false; Password: false; Checked: false; FullScreen: false; Scrollable: false; BeforeText: null; FromIndex: -1; ToIndex: -1; ScrollX: 0; ScrollY: 0; MaxScrollX: 0; MaxScrollY: 0; ScrollDeltaX: -1; ScrollDeltaY: -1; AddedCount: -1; RemovedCount: -1; ParcelableData: null ]; recordCount: 0, EventType: TYPE_WINDOWS_CHANGED; EventTime: 73478076; PackageName: null; MovementGranularity: 0; Action: 0; ContentChangeTypes: []; WindowChangeTypes: [WINDOWS_CHANGE_ADDED] [ ClassName: null; Text: []; ContentDescription: null; ItemCount: -1; CurrentItemIndex: -1; Enabled: false; Password: false; Checked: false; FullScreen: false; Scrollable: false; BeforeText: null; FromIndex: -1; ToIndex: -1; ScrollX: 0; ScrollY: 0; MaxScrollX: 0; MaxScrollY: 0; ScrollDeltaX: -1; ScrollDeltaY: -1; AddedCount: -1; RemovedCount: -1; ParcelableData: null ]; recordCount: 0, EventType: TYPE_WINDOW_CONTENT_CHANGED; EventTime: 73478107; PackageName: com.android.systemui; MovementGranularity: 0; Action: 0; ContentChangeTypes: [CONTENT_CHANGE_TYPE_SUBTREE]; WindowChangeTypes: [] [ ClassName: android.widget.RelativeLayout; Text: []; ContentDescription: null; ItemCount: -1; CurrentItemIndex: -1; Enabled: true; Password: false; Checked: false; FullScreen: false; Scrollable: false; BeforeText: null; FromIndex: -1; ToIndex: -1; ScrollX: 0; ScrollY: 0; MaxScrollX: 0; MaxScrollY: 0; ScrollDeltaX: -1; ScrollDeltaY: -1; AddedCount: -1; RemovedCount: -1; ParcelableData: null ]; recordCount: 0, EventType: TYPE_VIEW_FOCUSED; EventTime: 73478107; PackageName: com.android.systemui; MovementGranularity: 0; Action: 0; ContentChangeTypes: []; WindowChangeTypes: [] [ ClassName: android.widget.Button; Text: []; ContentDescription: null; ItemCount: 1; CurrentItemIndex: 0; Enabled: true; Password: false; Checked: false; FullScreen: false; Scrollable: false; BeforeText: null; FromIndex: -1; ToIndex: -1; ScrollX: 0; ScrollY: 0; MaxScrollX: 0; MaxScrollY: 0; ScrollDeltaX: -1; ScrollDeltaY: -1; AddedCount: -1; RemovedCount: -1; ParcelableData: null ]; recordCount: 0, EventType: TYPE_WINDOWS_CHANGED; EventTime: 73478179; PackageName: null; MovementGranularity: 0; Action: 0; ContentChangeTypes: []; WindowChangeTypes: [WINDOWS_CHANGE_REMOVED] [ ClassName: null; Text: []; ContentDescription: null; ItemCount: -1; CurrentItemIndex: -1; Enabled: false; Password: false; Checked: false; FullScreen: false; Scrollable: false; BeforeText: null; FromIndex: -1; ToIndex: -1; ScrollX: 0; ScrollY: 0; MaxScrollX: 0; MaxScrollY: 0; ScrollDeltaX: -1; ScrollDeltaY: -1; AddedCount: -1; RemovedCount: -1; ParcelableData: null ]; recordCount: 0, EventType: TYPE_WINDOWS_CHANGED; EventTime: 73478179; PackageName: null; MovementGranularity: 0; Action: 0; ContentChangeTypes: []; WindowChangeTypes: [WINDOWS_CHANGE_LAYER] [ ClassName: null; Text: []; ContentDescription: null; ItemCount: -1; CurrentItemIndex: -1; Enabled: false; Password: false; Checked: false; FullScreen: false; Scrollable: false; BeforeText: null; FromIndex: -1; ToIndex: -1; ScrollX: 0; ScrollY: 0; MaxScrollX: 0; MaxScrollY: 0; ScrollDeltaX: -1; ScrollDeltaY: -1; AddedCount: -1; RemovedCount: -1; ParcelableData: null ]; recordCount: 0, EventType: TYPE_WINDOWS_CHANGED; EventTime: 73478179; PackageName: null; MovementGranularity: 0; Action: 0; ContentChangeTypes: []; WindowChangeTypes: [WINDOWS_CHANGE_BOUNDS, WINDOWS_CHANGE_LAYER] [ ClassName: null; Text: []; ContentDescription: null; ItemCount: -1; CurrentItemIndex: -1; Enabled: false; Password: false; Checked: false; FullScreen: false; Scrollable: false; BeforeText: null; FromIndex: -1; ToIndex: -1; ScrollX: 0; ScrollY: 0; MaxScrollX: 0; MaxScrollY: 0; ScrollDeltaX: -1; ScrollDeltaY: -1; AddedCount: -1; RemovedCount: -1; ParcelableData: null ]; recordCount: 0, EventType: TYPE_WINDOW_CONTENT_CHANGED; EventTime: 73478207; PackageName: com.android.systemui; MovementGranularity: 0; Action: 0; ContentChangeTypes: [CONTENT_CHANGE_TYPE_SUBTREE]; WindowChangeTypes: [] [ ClassName: android.widget.RelativeLayout; Text: []; ContentDescription: null; ItemCount: -1; CurrentItemIndex: -1; Enabled: true; Password: false; Checked: false; FullScreen: false; Scrollable: false; BeforeText: null; FromIndex: -1; ToIndex: -1; ScrollX: 0; ScrollY: 0; MaxScrollX: 0; MaxScrollY: 0; ScrollDeltaX: -1; ScrollDeltaY: -1; AddedCount: -1; RemovedCount: -1; ParcelableData: null ]; recordCount: 0, EventType: TYPE_WINDOW_CONTENT_CHANGED; EventTime: 73478307; PackageName: com.android.systemui; MovementGranularity: 0; Action: 0; ContentChangeTypes: [CONTENT_CHANGE_TYPE_SUBTREE]; WindowChangeTypes: [] [ ClassName: android.widget.RelativeLayout; Text: []; ContentDescription: null; ItemCount: -1; CurrentItemIndex: -1; Enabled: true; Password: false; Checked: false; FullScreen: false; Scrollable: false; BeforeText: null; FromIndex: -1; ToIndex: -1; ScrollX: 0; ScrollY: 0; MaxScrollX: 0; MaxScrollY: 0; ScrollDeltaX: -1; ScrollDeltaY: -1; AddedCount: -1; RemovedCount: -1; ParcelableData: null ]; recordCount: 0, EventType: TYPE_WINDOW_CONTENT_CHANGED; EventTime: 73478407; PackageName: com.android.systemui; MovementGranularity: 0; Action: 0; ContentChangeTypes: [CONTENT_CHANGE_TYPE_SUBTREE]; WindowChangeTypes: [] [ ClassName: android.widget.RelativeLayout; Text: []; ContentDescription: null; ItemCount: -1; CurrentItemIndex: -1; Enabled: true; Password: false; Checked: false; FullScreen: false; Scrollable: false; BeforeText: null; FromIndex: -1; ToIndex: -1; ScrollX: 0; ScrollY: 0; MaxScrollX: 0; MaxScrollY: 0; ScrollDeltaX: -1; ScrollDeltaY: -1; AddedCount: -1; RemovedCount: -1; ParcelableData: null ]; recordCount: 0]
	at android.app.UiAutomation.executeAndWaitForEvent(UiAutomation.java:756)
	at android.accessibilityservice.cts.AccessibilityWindowQueryTest.testWindowDockAndUndock_dividerWindowAppearsAndDisappears(AccessibilityWindowQueryTest.java:582)
	at java.lang.reflect.Method.invoke(Native Method)
	at org.junit.runners.model.FrameworkMethod$1.runReflectiveCall(FrameworkMethod.java:50)
	at org.junit.internal.runners.model.ReflectiveCallable.run(ReflectiveCallable.java:12)
	at org.junit.runners.model.FrameworkMethod.invokeExplosively(FrameworkMethod.java:52)
	at org.junit.internal.runners.statements.InvokeMethod.evaluate(InvokeMethod.java:17)
	at org.junit.internal.runners.statements.FailOnTimeout$CallableStatement.call(FailOnTimeout.java:148)
	at org.junit.internal.runners.statements.FailOnTimeout$CallableStatement.call(FailOnTimeout.java:142)
	at java.util.concurrent.FutureTask.run(FutureTask.java:266)
	at java.lang.Thread.run(Thread.java:923)
</StackTrace>
        </Failure>
      </Test>
      <Test result="pass" name="testTraverseWindowFromEvent" />
      <Test result="pass" name="testPerformActionSetAndClearFocus" />
      <Test result="pass" name="testTraverseWindow" />
      <Test result="pass" name="testNoWindowsAccessIfFlagNotSet" />
      <Test result="pass" name="testPerformActionSelect" />
      <Test result="pass" name="testObjectContract" />
    </TestCase>
    <TestCase name="android.accessibilityservice.cts.AccessibilityWindowReportingTest">
      <Test result="pass" name="putWindowInPictureInPicture_generatesEventAndReportsProperty" />
      <Test result="pass" name="testUpdatedWindowTitle_generatesEventAndIsReturnedByGetTitle" />
      <Test result="pass" name="moveFocusToAnotherWindow_generatesEventsAndMovesActiveAndFocus" />
      <Test result="pass" name="testChangeAccessibilityFocusWindow_getEvent" />
      <Test result="pass" name="testWindowAddedMovedAndRemoved_generatesEventsForAllThree" />
      <Test result="pass" name="testGetAnchorForDropDownForAutoCompleteTextView_returnsTextViewNode" />
    </TestCase>
    <TestCase name="android.accessibilityservice.cts.GestureDescriptionTest">
      <Test result="pass" name="testAddStroke_allowUpToMaxPaths" />
      <Test result="pass" name="testAddStroke_withDurationTooLong_shouldThrow" />
      <Test result="pass" name="testCreateStroke_negativeEndX_shouldThrow" />
      <Test result="pass" name="testCreateStroke_negativeEndY_shouldThrow" />
      <Test result="pass" name="testCreateStroke_negativeStartTime_shouldThrow" />
      <Test result="pass" name="testCreateStroke_negativeStartX_shouldThrow" />
      <Test result="pass" name="testCreateStroke_negativeStartY_shouldThrow" />
      <Test result="pass" name="testCreateStroke_noDuration_shouldThrow" />
      <Test result="pass" name="testCreateStroke_pathWithMultipleContours_shouldThrow" />
      <Test result="pass" name="testCreateStroke_withEmptyPath_shouldThrow" />
      <Test result="pass" name="testEmptyDescription_shouldThrow" />
      <Test result="pass" name="testStrokeDescriptionGetters_workAsExpected" />
      <Test result="pass" name="testStrokeDescriptionWillContinue" />
    </TestCase>
    <TestCase name="android.accessibilityservice.cts.MagnificationGestureHandlerTest">
      <Test result="fail" name="testZoomOnOff">
        <Failure message="java.lang.RuntimeException: Starting accessibility service StubMagnificationAccessibilityService took longer than 10000ms&#13;">
          <StackTrace>java.lang.RuntimeException: Starting accessibility service StubMagnificationAccessibilityService took longer than 10000ms
	at android.accessibility.cts.common.InstrumentedAccessibilityService.enableService(InstrumentedAccessibilityService.java:198)
	at android.accessibilityservice.cts.StubMagnificationAccessibilityService.enableSelf(StubMagnificationAccessibilityService.java:27)
	at android.accessibilityservice.cts.MagnificationGestureHandlerTest.setUp(MagnificationGestureHandlerTest.java:116)
	at java.lang.reflect.Method.invoke(Native Method)
	at org.junit.runners.model.FrameworkMethod$1.runReflectiveCall(FrameworkMethod.java:50)
	at org.junit.internal.runners.model.ReflectiveCallable.run(ReflectiveCallable.java:12)
	at org.junit.runners.model.FrameworkMethod.invokeExplosively(FrameworkMethod.java:52)
	at androidx.test.internal.runner.junit4.statement.RunBefores.evaluate(RunBefores.java:76)
	at androidx.test.internal.runner.junit4.statement.RunAfters.evaluate(RunAfters.java:61)
	at androidx.test.rule.ActivityTestRule$ActivityStatement.evaluate(ActivityTestRule.java:531)
	at org.junit.rules.RunRules.evaluate(RunRules.java:20)
	at org.junit.runners.ParentRunner.runLeaf(ParentRunner.java:325)
	at org.junit.runners.BlockJUnit4ClassRunner.runChild(BlockJUnit4ClassRunner.java:78)
	at org.junit.runners.BlockJUnit4ClassRunner.runChild(BlockJUnit4ClassRunner.java:57)
	at org.junit.runners.ParentRunner$3.run(ParentRunner.java:290)
	at org.junit.runners.ParentRunner$1.schedule(ParentRunner.java:71)
	at org.junit.runners.ParentRunner.runChildren(ParentRunner.java:288)
	at org.junit.runners.ParentRunner.access$000(ParentRunner.java:58)
	at org.junit.runners.ParentRunner$2.evaluate(ParentRunner.java:268)
	at org.junit.runners.ParentRunner.run(ParentRunner.java:363)
	at androidx.test.runner.AndroidJUnit4.run(AndroidJUnit4.java:104)
	at org.junit.runners.Suite.runChild(Suite.java:128)
	at org.junit.runners.Suite.runChild(Suite.java:27)
	at org.junit.runners.ParentRunner$3.run(ParentRunner.java:290)
	at org.junit.runners.ParentRunner$1.schedule(ParentRunner.java:71)
	at org.junit.runners.ParentRunner.runChildren(ParentRunner.java:288)
	at org.junit.runners.ParentRunner.access$000(ParentRunner.java:58)
	at org.junit.runners.ParentRunner$2.evaluate(ParentRunner.java:268)
	at org.junit.runners.ParentRunner.run(ParentRunner.java:363)
	at org.junit.runner.JUnitCore.run(JUnitCore.java:137)
	at org.junit.runner.JUnitCore.run(JUnitCore.java:115)
	at androidx.test.internal.runner.TestExecutor.execute(TestExecutor.java:56)
	at androidx.test.runner.AndroidJUnitRunner.onStart(AndroidJUnitRunner.java:392)
	at android.app.Instrumentation$InstrumentationThread.run(Instrumentation.java:2218)
</StackTrace>
        </Failure>
      </Test>
      <Test result="fail" name="testPanning">
        <Failure message="java.lang.RuntimeException: Starting accessibility service StubMagnificationAccessibilityService took longer than 10000ms&#13;">
          <StackTrace>java.lang.RuntimeException: Starting accessibility service StubMagnificationAccessibilityService took longer than 10000ms
	at android.accessibility.cts.common.InstrumentedAccessibilityService.enableService(InstrumentedAccessibilityService.java:198)
	at android.accessibilityservice.cts.StubMagnificationAccessibilityService.enableSelf(StubMagnificationAccessibilityService.java:27)
	at android.accessibilityservice.cts.MagnificationGestureHandlerTest.setUp(MagnificationGestureHandlerTest.java:116)
	at java.lang.reflect.Method.invoke(Native Method)
	at org.junit.runners.model.FrameworkMethod$1.runReflectiveCall(FrameworkMethod.java:50)
	at org.junit.internal.runners.model.ReflectiveCallable.run(ReflectiveCallable.java:12)
	at org.junit.runners.model.FrameworkMethod.invokeExplosively(FrameworkMethod.java:52)
	at androidx.test.internal.runner.junit4.statement.RunBefores.evaluate(RunBefores.java:76)
	at androidx.test.internal.runner.junit4.statement.RunAfters.evaluate(RunAfters.java:61)
	at androidx.test.rule.ActivityTestRule$ActivityStatement.evaluate(ActivityTestRule.java:531)
	at org.junit.rules.RunRules.evaluate(RunRules.java:20)
	at org.junit.runners.ParentRunner.runLeaf(ParentRunner.java:325)
	at org.junit.runners.BlockJUnit4ClassRunner.runChild(BlockJUnit4ClassRunner.java:78)
	at org.junit.runners.BlockJUnit4ClassRunner.runChild(BlockJUnit4ClassRunner.java:57)
	at org.junit.runners.ParentRunner$3.run(ParentRunner.java:290)
	at org.junit.runners.ParentRunner$1.schedule(ParentRunner.java:71)
	at org.junit.runners.ParentRunner.runChildren(ParentRunner.java:288)
	at org.junit.runners.ParentRunner.access$000(ParentRunner.java:58)
	at org.junit.runners.ParentRunner$2.evaluate(ParentRunner.java:268)
	at org.junit.runners.ParentRunner.run(ParentRunner.java:363)
	at androidx.test.runner.AndroidJUnit4.run(AndroidJUnit4.java:104)
	at org.junit.runners.Suite.runChild(Suite.java:128)
	at org.junit.runners.Suite.runChild(Suite.java:27)
	at org.junit.runners.ParentRunner$3.run(ParentRunner.java:290)
	at org.junit.runners.ParentRunner$1.schedule(ParentRunner.java:71)
	at org.junit.runners.ParentRunner.runChildren(ParentRunner.java:288)
	at org.junit.runners.ParentRunner.access$000(ParentRunner.java:58)
	at org.junit.runners.ParentRunner$2.evaluate(ParentRunner.java:268)
	at org.junit.runners.ParentRunner.run(ParentRunner.java:363)
	at org.junit.runner.JUnitCore.run(JUnitCore.java:137)
	at org.junit.runner.JUnitCore.run(JUnitCore.java:115)
	at androidx.test.internal.runner.TestExecutor.execute(TestExecutor.java:56)
	at androidx.test.runner.AndroidJUnitRunner.onStart(AndroidJUnitRunner.java:392)
	at android.app.Instrumentation$InstrumentationThread.run(Instrumentation.java:2218)
</StackTrace>
        </Failure>
      </Test>
      <Test result="fail" name="testViewportDragging">
        <Failure message="java.lang.RuntimeException: Starting accessibility service StubMagnificationAccessibilityService took longer than 10000ms&#13;">
          <StackTrace>java.lang.RuntimeException: Starting accessibility service StubMagnificationAccessibilityService took longer than 10000ms
	at android.accessibility.cts.common.InstrumentedAccessibilityService.enableService(InstrumentedAccessibilityService.java:198)
	at android.accessibilityservice.cts.StubMagnificationAccessibilityService.enableSelf(StubMagnificationAccessibilityService.java:27)
	at android.accessibilityservice.cts.MagnificationGestureHandlerTest.setUp(MagnificationGestureHandlerTest.java:116)
	at java.lang.reflect.Method.invoke(Native Method)
	at org.junit.runners.model.FrameworkMethod$1.runReflectiveCall(FrameworkMethod.java:50)
	at org.junit.internal.runners.model.ReflectiveCallable.run(ReflectiveCallable.java:12)
	at org.junit.runners.model.FrameworkMethod.invokeExplosively(FrameworkMethod.java:52)
	at androidx.test.internal.runner.junit4.statement.RunBefores.evaluate(RunBefores.java:76)
	at androidx.test.internal.runner.junit4.statement.RunAfters.evaluate(RunAfters.java:61)
	at androidx.test.rule.ActivityTestRule$ActivityStatement.evaluate(ActivityTestRule.java:531)
	at org.junit.rules.RunRules.evaluate(RunRules.java:20)
	at org.junit.runners.ParentRunner.runLeaf(ParentRunner.java:325)
	at org.junit.runners.BlockJUnit4ClassRunner.runChild(BlockJUnit4ClassRunner.java:78)
	at org.junit.runners.BlockJUnit4ClassRunner.runChild(BlockJUnit4ClassRunner.java:57)
	at org.junit.runners.ParentRunner$3.run(ParentRunner.java:290)
	at org.junit.runners.ParentRunner$1.schedule(ParentRunner.java:71)
	at org.junit.runners.ParentRunner.runChildren(ParentRunner.java:288)
	at org.junit.runners.ParentRunner.access$000(ParentRunner.java:58)
	at org.junit.runners.ParentRunner$2.evaluate(ParentRunner.java:268)
	at org.junit.runners.ParentRunner.run(ParentRunner.java:363)
	at androidx.test.runner.AndroidJUnit4.run(AndroidJUnit4.java:104)
	at org.junit.runners.Suite.runChild(Suite.java:128)
	at org.junit.runners.Suite.runChild(Suite.java:27)
	at org.junit.runners.ParentRunner$3.run(ParentRunner.java:290)
	at org.junit.runners.ParentRunner$1.schedule(ParentRunner.java:71)
	at org.junit.runners.ParentRunner.runChildren(ParentRunner.java:288)
	at org.junit.runners.ParentRunner.access$000(ParentRunner.java:58)
	at org.junit.runners.ParentRunner$2.evaluate(ParentRunner.java:268)
	at org.junit.runners.ParentRunner.run(ParentRunner.java:363)
	at org.junit.runner.JUnitCore.run(JUnitCore.java:137)
	at org.junit.runner.JUnitCore.run(JUnitCore.java:115)
	at androidx.test.internal.runner.TestExecutor.execute(TestExecutor.java:56)
	at androidx.test.runner.AndroidJUnitRunner.onStart(AndroidJUnitRunner.java:392)
	at android.app.Instrumentation$InstrumentationThread.run(Instrumentation.java:2218)
</StackTrace>
        </Failure>
      </Test>
    </TestCase>
  </Module>
  <Module name="CtsAccessibilityServiceTestCases[instant]" abi="arm64-v8a" runtime="87308" done="true" pass="72" total_tests="76">
    <TestCase name="android.accessibilityservice.cts.AccessibilityEndToEndTest">
      <Test result="pass" name="testTouchDelegateInfoReportedToAccessibility" />
      <Test result="pass" name="testTypeViewFocusedAccessibilityEvent" />
      <Test result="pass" name="testTooltipTextActionsReportedToAccessibility" />
      <Test result="fail" name="testTouchDelegateCoverParentWithEbt_HoverChildAndBack_FocusTargetAgain">
        <Failure message="java.lang.AssertionError: Accessibility events should be received as expected Expected event not received within: 5000 ms among: []&#13;">
          <StackTrace>java.lang.AssertionError: Accessibility events should be received as expected Expected event not received within: 5000 ms among: []
	at org.junit.Assert.fail(Assert.java:88)
	at android.accessibilityservice.cts.AccessibilityEndToEndTest.testTouchDelegateCoverParentWithEbt_HoverChildAndBack_FocusTargetAgain(AccessibilityEndToEndTest.java:959)
	at java.lang.reflect.Method.invoke(Native Method)
	at org.junit.runners.model.FrameworkMethod$1.runReflectiveCall(FrameworkMethod.java:50)
	at org.junit.internal.runners.model.ReflectiveCallable.run(ReflectiveCallable.java:12)
	at org.junit.runners.model.FrameworkMethod.invokeExplosively(FrameworkMethod.java:52)
	at org.junit.internal.runners.statements.InvokeMethod.evaluate(InvokeMethod.java:17)
	at org.junit.internal.runners.statements.FailOnTimeout$CallableStatement.call(FailOnTimeout.java:148)
	at org.junit.internal.runners.statements.FailOnTimeout$CallableStatement.call(FailOnTimeout.java:142)
	at java.util.concurrent.FutureTask.run(FutureTask.java:266)
	at java.lang.Thread.run(Thread.java:923)
</StackTrace>
        </Failure>
      </Test>
      <Test result="pass" name="testA11yActionTriggerMotionEventActionOutside" />
      <Test result="pass" name="testTypeViewLongClickedAccessibilityEvent" />
      <Test result="pass" name="testTypeWindowStateChangedAccessibilityEvent" />
      <Test result="pass" name="testTypeViewClickedAccessibilityEvent" />
      <Test result="fail" name="testTouchDelegateWithEbtBetweenView_ReHoverDelegate_FocusTargetAgain">
        <Failure message="java.lang.AssertionError: Accessibility events should be received as expected Expected event not received within: 5000 ms among: []&#13;">
          <StackTrace>java.lang.AssertionError: Accessibility events should be received as expected Expected event not received within: 5000 ms among: []
	at org.junit.Assert.fail(Assert.java:88)
	at android.accessibilityservice.cts.AccessibilityEndToEndTest.testTouchDelegateWithEbtBetweenView_ReHoverDelegate_FocusTargetAgain(AccessibilityEndToEndTest.java:898)
	at java.lang.reflect.Method.invoke(Native Method)
	at org.junit.runners.model.FrameworkMethod$1.runReflectiveCall(FrameworkMethod.java:50)
	at org.junit.internal.runners.model.ReflectiveCallable.run(ReflectiveCallable.java:12)
	at org.junit.runners.model.FrameworkMethod.invokeExplosively(FrameworkMethod.java:52)
	at org.junit.internal.runners.statements.InvokeMethod.evaluate(InvokeMethod.java:17)
	at org.junit.internal.runners.statements.FailOnTimeout$CallableStatement.call(FailOnTimeout.java:148)
	at org.junit.internal.runners.statements.FailOnTimeout$CallableStatement.call(FailOnTimeout.java:142)
	at java.util.concurrent.FutureTask.run(FutureTask.java:266)
	at java.lang.Thread.run(Thread.java:923)
</StackTrace>
        </Failure>
      </Test>
      <Test result="pass" name="testPackageNameCannotBeFaked" />
      <Test result="pass" name="testTraversalBeforeReportedToAccessibility" />
      <Test result="pass" name="testViewHeadingReportedToAccessibility" />
      <Test result="fail" name="testInterrupt_notifiesService">
        <Failure message="java.lang.RuntimeException: Starting accessibility service InstrumentedAccessibilityService took longer than 10000ms&#13;">
          <StackTrace>java.lang.RuntimeException: Starting accessibility service InstrumentedAccessibilityService took longer than 10000ms
	at android.accessibility.cts.common.InstrumentedAccessibilityService.enableService(InstrumentedAccessibilityService.java:198)
	at android.accessibilityservice.cts.AccessibilityEndToEndTest.testInterrupt_notifiesService(AccessibilityEndToEndTest.java:505)
	at java.lang.reflect.Method.invoke(Native Method)
	at org.junit.runners.model.FrameworkMethod$1.runReflectiveCall(FrameworkMethod.java:50)
	at org.junit.internal.runners.model.ReflectiveCallable.run(ReflectiveCallable.java:12)
	at org.junit.runners.model.FrameworkMethod.invokeExplosively(FrameworkMethod.java:52)
	at org.junit.internal.runners.statements.InvokeMethod.evaluate(InvokeMethod.java:17)
	at org.junit.internal.runners.statements.FailOnTimeout$CallableStatement.call(FailOnTimeout.java:148)
	at org.junit.internal.runners.statements.FailOnTimeout$CallableStatement.call(FailOnTimeout.java:142)
	at java.util.concurrent.FutureTask.run(FutureTask.java:266)
	at java.lang.Thread.run(Thread.java:923)
</StackTrace>
        </Failure>
      </Test>
      <Test result="pass" name="testTypeViewTextChangedAccessibilityEvent" />
      <Test result="pass" name="testTraversalAfterReportedToAccessibility" />
      <Test result="pass" name="testTypeViewSelectedAccessibilityEvent" />
      <Test result="pass" name="testTooltipTextReportedToAccessibility" />
      <Test result="pass" name="testLabelForReportedToAccessibility" />
    </TestCase>
    <TestCase name="android.accessibilityservice.cts.AccessibilityFocusAndInputFocusSyncTest">
      <Test result="pass" name="testActionClearAccessibilityFocus" />
      <Test result="pass" name="testActionAccessibilityFocus" />
      <Test result="pass" name="testScreenReaderFocusableAttribute_reportedToAccessibility" />
      <Test result="pass" name="testOnlyOneNodeHasAccessibilityFocus" />
      <Test result="pass" name="testFindAccessibilityFocus" />
      <Test result="pass" name="testInitialStateNoAccessibilityFocus" />
    </TestCase>
    <TestCase name="android.accessibilityservice.cts.AccessibilityLoggingTest">
      <Test result="pass" name="testServiceLogged" />
    </TestCase>
    <TestCase name="android.accessibilityservice.cts.AccessibilityOverlayTest">
      <Test result="fail" name="testA11yServiceShowsOverlay_shouldAppear">
        <Failure message="java.lang.RuntimeException: Starting accessibility service StubAccessibilityButtonService took longer than 10000ms&#13;">
          <StackTrace>java.lang.RuntimeException: Starting accessibility service StubAccessibilityButtonService took longer than 10000ms
	at android.accessibility.cts.common.InstrumentedAccessibilityService.enableService(InstrumentedAccessibilityService.java:198)
	at android.accessibilityservice.cts.StubAccessibilityButtonService.enableSelf(StubAccessibilityButtonService.java:26)
	at android.accessibilityservice.cts.AccessibilityOverlayTest.setUp(AccessibilityOverlayTest.java:64)
	at java.lang.reflect.Method.invoke(Native Method)
	at org.junit.runners.model.FrameworkMethod$1.runReflectiveCall(FrameworkMethod.java:50)
	at org.junit.internal.runners.model.ReflectiveCallable.run(ReflectiveCallable.java:12)
	at org.junit.runners.model.FrameworkMethod.invokeExplosively(FrameworkMethod.java:52)
	at androidx.test.internal.runner.junit4.statement.RunBefores.evaluate(RunBefores.java:76)
	at androidx.test.internal.runner.junit4.statement.RunAfters.evaluate(RunAfters.java:61)
	at org.junit.runners.ParentRunner.runLeaf(ParentRunner.java:325)
	at org.junit.runners.BlockJUnit4ClassRunner.runChild(BlockJUnit4ClassRunner.java:78)
	at org.junit.runners.BlockJUnit4ClassRunner.runChild(BlockJUnit4ClassRunner.java:57)
	at org.junit.runners.ParentRunner$3.run(ParentRunner.java:290)
	at org.junit.runners.ParentRunner$1.schedule(ParentRunner.java:71)
	at org.junit.runners.ParentRunner.runChildren(ParentRunner.java:288)
	at org.junit.runners.ParentRunner.access$000(ParentRunner.java:58)
	at org.junit.runners.ParentRunner$2.evaluate(ParentRunner.java:268)
	at org.junit.internal.runners.statements.RunBefores.evaluate(RunBefores.java:26)
	at org.junit.runners.ParentRunner.run(ParentRunner.java:363)
	at androidx.test.runner.AndroidJUnit4.run(AndroidJUnit4.java:104)
	at org.junit.runners.Suite.runChild(Suite.java:128)
	at org.junit.runners.Suite.runChild(Suite.java:27)
	at org.junit.runners.ParentRunner$3.run(ParentRunner.java:290)
	at org.junit.runners.ParentRunner$1.schedule(ParentRunner.java:71)
	at org.junit.runners.ParentRunner.runChildren(ParentRunner.java:288)
	at org.junit.runners.ParentRunner.access$000(ParentRunner.java:58)
	at org.junit.runners.ParentRunner$2.evaluate(ParentRunner.java:268)
	at org.junit.runners.ParentRunner.run(ParentRunner.java:363)
	at org.junit.runner.JUnitCore.run(JUnitCore.java:137)
	at org.junit.runner.JUnitCore.run(JUnitCore.java:115)
	at androidx.test.internal.runner.TestExecutor.execute(TestExecutor.java:56)
	at androidx.test.runner.AndroidJUnitRunner.onStart(AndroidJUnitRunner.java:392)
	at android.app.Instrumentation$InstrumentationThread.run(Instrumentation.java:2218)
</StackTrace>
        </Failure>
      </Test>
    </TestCase>
    <TestCase name="android.accessibilityservice.cts.AccessibilityPaneTest">
      <Test result="pass" name="windowLikeViewSettersWork_andNewValuesReportedToAccessibility" />
      <Test result="pass" name="windowLikeViewVisibility_reportAsWindowStateChanges" />
      <Test result="pass" name="paneTitleFromXml_reportedToAccessibility" />
    </TestCase>
    <TestCase name="android.accessibilityservice.cts.AccessibilityServiceInfoTest">
      <Test result="pass" name="testDescribeContents" />
      <Test result="pass" name="testFeedbackTypeToString" />
      <Test result="pass" name="testFlagToString" />
      <Test result="pass" name="testMarshalling" />
    </TestCase>
    <TestCase name="android.accessibilityservice.cts.AccessibilityTextActionTest">
      <Test result="pass" name="testEditableTextView_shouldExposeAndRespondToSetTextAction" />
      <Test result="pass" name="testTextLocations_textOutsideOfViewBounds_locationsShouldBeNull" />
      <Test result="pass" name="testClickableSpan_shouldWorkFromAccessibilityService" />
      <Test result="pass" name="testTextLocations_textViewShouldProvideWhenRequested" />
      <Test result="pass" name="testUrlSpan_shouldWorkFromAccessibilityService" />
      <Test result="pass" name="testTextLocations_withRequestPreparer_shouldHoldOffUntilReady" />
      <Test result="pass" name="testTextLocations_withUnresponsiveRequestPreparer_shouldTimeout" />
      <Test result="pass" name="testEditText_shouldExposeAndRespondToSetTextAction" />
      <Test result="pass" name="testNotEditableTextView_shouldNotExposeOrRespondToSetTextAction" />
    </TestCase>
    <TestCase name="android.accessibilityservice.cts.AccessibilityTextTraversalTest">
      <Test result="pass" name="testActionNextAndPreviousAtGranularityCharacterOverContentDescription" />
      <Test result="pass" name="testActionNextAndPreviousAtGranularityCharacterOverTextExtend" />
      <Test result="pass" name="testActionNextAndPreviousAtGranularityLineOverText" />
      <Test result="pass" name="testActionNextAndPreviousAtGranularityLineOverTextExtend" />
      <Test result="pass" name="testActionNextAndPreviousAtGranularityParagraphOverTextExtend" />
      <Test result="pass" name="testActionNextAndPreviousAtGranularityWordOverText" />
      <Test result="pass" name="testActionNextAndPreviousAtGranularityCharacterOverText" />
      <Test result="pass" name="testSetSelectionInContentDescription" />
      <Test result="pass" name="testActionNextAndPreviousAtGranularityWordOverContentDescription" />
      <Test result="pass" name="testSelectionPositionForNonEditableView" />
      <Test result="pass" name="testActionNextAndPreviousAtGranularityWordOverEditTextWithContentDescription" />
      <Test result="pass" name="testActionNextAndPreviousAtGranularityWordOverTextExtend" />
      <Test result="pass" name="testActionNextAndPreviousAtGranularityParagraphOverText" />
      <Test result="pass" name="testTextEditingActions" />
    </TestCase>
    <TestCase name="android.accessibilityservice.cts.AccessibilityViewTreeReportingTest">
      <Test result="pass" name="testAccessibilityImportanceReportingForUnimportantView" />
      <Test result="pass" name="testDrawingOrderRootNodeHasIndex0" />
      <Test result="pass" name="testDescendantsOfNotImportantViewReportedInOrder1" />
      <Test result="pass" name="testDescendantsOfNotImportantViewReportedInOrder2" />
      <Test result="pass" name="testDescendantsOfNotImportantViewReportedInOrder3" />
      <Test result="pass" name="testDrawingOrderGettingAllViewsFollowsXmlOrder" />
      <Test result="pass" name="testDrawingOrderWithCustomDrawingOrder" />
      <Test result="pass" name="testDrawingOrderInImportantParentFollowsXmlOrder" />
      <Test result="pass" name="testDrawingOrderWithZCoordsDrawsHighestZLast" />
      <Test result="pass" name="testDrawingOrderWithNotImportantParentConsidersParentSibling" />
      <Test result="pass" name="testAccessibilityImportanceReportingForImportantView" />
      <Test result="pass" name="testDrawingOrderWithNotImportantSiblingConsidersItsChildren" />
      <Test result="pass" name="testAddViewToLayout_receiveSubtreeEvent" />
    </TestCase>
    <TestCase name="android.accessibilityservice.cts.AccessibilityVolumeTest">
      <Test result="pass" name="testChangeAccessibilityVolume_outsideValidAccessibilityService_shouldFail" />
    </TestCase>
    <TestCase name="android.accessibilityservice.cts.AccessibilityWindowReportingTest">
      <Test result="pass" name="putWindowInPictureInPicture_generatesEventAndReportsProperty" />
      <Test result="pass" name="testUpdatedWindowTitle_generatesEventAndIsReturnedByGetTitle" />
      <Test result="pass" name="moveFocusToAnotherWindow_generatesEventsAndMovesActiveAndFocus" />
      <Test result="pass" name="testChangeAccessibilityFocusWindow_getEvent" />
      <Test result="pass" name="testWindowAddedMovedAndRemoved_generatesEventsForAllThree" />
      <Test result="pass" name="testGetAnchorForDropDownForAutoCompleteTextView_returnsTextViewNode" />
    </TestCase>
  </Module>
  <Module name="CtsAccessibilityTestCases" abi="arm64-v8a" runtime="127392" done="true" pass="28" total_tests="48">
    <TestCase name="android.view.accessibility.cts.AccessibilityDelegateTest">
      <Test result="fail" name="testViewDelegatesToAccessibilityDelegate">
        <Failure message="java.lang.IllegalArgumentException: dexcache == null (and no default could be found; consider setting the 'dexmaker.dexcache' system property)&#13;">
          <StackTrace>java.lang.IllegalArgumentException: dexcache == null (and no default could be found; consider setting the 'dexmaker.dexcache' system property)
	at com.android.dx.DexMaker.generateAndLoad(DexMaker.java:508)
	at com.android.dx.stock.ProxyBuilder.buildProxyClass(ProxyBuilder.java:337)
	at com.android.dx.mockito.DexmakerMockMaker.createMock(DexmakerMockMaker.java:114)
	at org.mockito.internal.util.MockUtil.createMock(MockUtil.java:35)
	at org.mockito.internal.MockitoCore.mock(MockitoCore.java:69)
	at org.mockito.Mockito.mock(Mockito.java:1895)
	at org.mockito.Mockito.mock(Mockito.java:1804)
	at android.view.accessibility.cts.AccessibilityDelegateTest.testViewDelegatesToAccessibilityDelegate(AccessibilityDelegateTest.java:73)
	at java.lang.reflect.Method.invoke(Native Method)
	at org.junit.runners.model.FrameworkMethod$1.runReflectiveCall(FrameworkMethod.java:50)
	at org.junit.internal.runners.model.ReflectiveCallable.run(ReflectiveCallable.java:12)
	at org.junit.runners.model.FrameworkMethod.invokeExplosively(FrameworkMethod.java:52)
	at org.junit.internal.runners.statements.InvokeMethod.evaluate(InvokeMethod.java:17)
	at org.junit.internal.runners.statements.FailOnTimeout$CallableStatement.call(FailOnTimeout.java:148)
	at org.junit.internal.runners.statements.FailOnTimeout$CallableStatement.call(FailOnTimeout.java:142)
	at java.util.concurrent.FutureTask.run(FutureTask.java:266)
	at java.lang.Thread.run(Thread.java:923)
</StackTrace>
        </Failure>
      </Test>
      <Test result="pass" name="testAccessibilityDelegateGetAndSet" />
    </TestCase>
    <TestCase name="android.view.accessibility.cts.AccessibilityEventTest">
      <Test result="pass" name="testChangeTextAfterSetting_shouldNotAffectEvent" />
      <Test result="pass" name="testDescribeContents" />
      <Test result="pass" name="testEventTypeToString" />
      <Test result="pass" name="testMarshaling" />
      <Test result="pass" name="testMarshaling2" />
      <Test result="fail" name="testRecycle">
        <Failure message="junit.framework.AssertionFailedError: maxScrollX not properly recycled expected same:&amp;lt;-1&amp;gt; was not:&amp;lt;0&amp;gt;&#13;">
          <StackTrace>junit.framework.AssertionFailedError: maxScrollX not properly recycled expected same:&amp;lt;-1&amp;gt; was not:&amp;lt;0&amp;gt;
	at junit.framework.Assert.fail(Assert.java:50)
	at junit.framework.Assert.failNotSame(Assert.java:283)
	at junit.framework.Assert.assertSame(Assert.java:246)
	at android.view.accessibility.cts.AccessibilityRecordTest.assertAccessibilityRecordCleared(AccessibilityRecordTest.java:87)
	at android.view.accessibility.cts.AccessibilityEventTest.assertAccessibilityEventCleared(AccessibilityEventTest.java:286)
	at android.view.accessibility.cts.AccessibilityEventTest.testRecycle(AccessibilityEventTest.java:82)
	at java.lang.reflect.Method.invoke(Native Method)
	at junit.framework.TestCase.runTest(TestCase.java:168)
	at junit.framework.TestCase.runBare(TestCase.java:134)
	at junit.framework.TestResult$1.protect(TestResult.java:115)
	at androidx.test.internal.runner.junit3.AndroidTestResult.runProtected(AndroidTestResult.java:73)
	at junit.framework.TestResult.run(TestResult.java:118)
	at androidx.test.internal.runner.junit3.AndroidTestResult.run(AndroidTestResult.java:51)
	at junit.framework.TestCase.run(TestCase.java:124)
	at androidx.test.internal.runner.junit3.NonLeakyTestSuite$NonLeakyTest.run(NonLeakyTestSuite.java:62)
	at androidx.test.internal.runner.junit3.AndroidTestSuite$2.run(AndroidTestSuite.java:101)
	at java.util.concurrent.Executors$RunnableAdapter.call(Executors.java:462)
	at java.util.concurrent.FutureTask.run(FutureTask.java:266)
	at java.util.concurrent.ThreadPoolExecutor.runWorker(ThreadPoolExecutor.java:1167)
	at java.util.concurrent.ThreadPoolExecutor$Worker.run(ThreadPoolExecutor.java:641)
	at java.lang.Thread.run(Thread.java:923)
</StackTrace>
        </Failure>
      </Test>
      <Test result="pass" name="testReuse" />
    </TestCase>
    <TestCase name="android.view.accessibility.cts.AccessibilityManagerTest">
      <Test result="fail" name="testAccessibilityStateListenerWithHandler">
        <Failure message="java.lang.RuntimeException: Starting accessibility service SpeakingAndVibratingAccessibilityService took longer than 10000ms&#13;">
          <StackTrace>java.lang.RuntimeException: Starting accessibility service SpeakingAndVibratingAccessibilityService took longer than 10000ms
	at android.accessibility.cts.common.InstrumentedAccessibilityService.enableService(InstrumentedAccessibilityService.java:198)
	at android.view.accessibility.cts.SpeakingAndVibratingAccessibilityService.enableSelf(SpeakingAndVibratingAccessibilityService.java:28)
	at android.view.accessibility.cts.AccessibilityManagerTest.testAccessibilityStateListenerWithHandler(AccessibilityManagerTest.java:381)
	at java.lang.reflect.Method.invoke(Native Method)
	at org.junit.runners.model.FrameworkMethod$1.runReflectiveCall(FrameworkMethod.java:50)
	at org.junit.internal.runners.model.ReflectiveCallable.run(ReflectiveCallable.java:12)
	at org.junit.runners.model.FrameworkMethod.invokeExplosively(FrameworkMethod.java:52)
	at org.junit.internal.runners.statements.InvokeMethod.evaluate(InvokeMethod.java:17)
	at org.junit.internal.runners.statements.FailOnTimeout$CallableStatement.call(FailOnTimeout.java:148)
	at org.junit.internal.runners.statements.FailOnTimeout$CallableStatement.call(FailOnTimeout.java:142)
	at java.util.concurrent.FutureTask.run(FutureTask.java:266)
	at java.lang.Thread.run(Thread.java:923)
</StackTrace>
        </Failure>
      </Test>
      <Test result="pass" name="testAddAndRemoveTouchExplorationStateChangeListener" />
      <Test result="pass" name="testGetInstalledAccessibilityServicesList" />
      <Test result="fail" name="performShortcut_withPermission_succeeds">
        <Failure message="java.lang.NoSuchMethodError: No virtual method getAccessibilityShortcutService()Ljava/lang/String; in class Landroid/view/accessibility/AccessibilityManager; or its super classes (declaration of 'android.view.accessibility.AccessibilityManager' appears in /system/framework/framework.jar!classes3.dex)&#13;">
          <StackTrace>java.lang.NoSuchMethodError: No virtual method getAccessibilityShortcutService()Ljava/lang/String; in class Landroid/view/accessibility/AccessibilityManager; or its super classes (declaration of 'android.view.accessibility.AccessibilityManager' appears in /system/framework/framework.jar!classes3.dex)
	at android.view.accessibility.cts.AccessibilityManagerTest.lambda$configureShortcut$12$AccessibilityManagerTest(AccessibilityManagerTest.java:475)
	at android.view.accessibility.cts.-$$Lambda$AccessibilityManagerTest$Fl54KDQsehWvjFrEAB-iMBTikTw.getAsBoolean(Unknown Source:4)
	at com.android.compatibility.common.util.TestUtils.waitOn(TestUtils.java:110)
	at android.view.accessibility.cts.ServiceControlUtils.waitForConditionWithServiceStateChange(ServiceControlUtils.java:57)
	at android.view.accessibility.cts.AccessibilityManagerTest.lambda$configureShortcut$13$AccessibilityManagerTest(AccessibilityManagerTest.java:474)
	at android.view.accessibility.cts.-$$Lambda$AccessibilityManagerTest$YXX1xUA_setkClZut_p7S2tr6RI.run(Unknown Source:4)
	at com.android.compatibility.common.util.SystemUtil.runWithShellPermissionIdentity(SystemUtil.java:199)
	at com.android.compatibility.common.util.SystemUtil.runWithShellPermissionIdentity(SystemUtil.java:184)
	at android.view.accessibility.cts.AccessibilityManagerTest.configureShortcut(AccessibilityManagerTest.java:473)
	at android.view.accessibility.cts.AccessibilityManagerTest.performShortcut_withPermission_succeeds(AccessibilityManagerTest.java:451)
	at java.lang.reflect.Method.invoke(Native Method)
	at org.junit.runners.model.FrameworkMethod$1.runReflectiveCall(FrameworkMethod.java:50)
	at org.junit.internal.runners.model.ReflectiveCallable.run(ReflectiveCallable.java:12)
	at org.junit.runners.model.FrameworkMethod.invokeExplosively(FrameworkMethod.java:52)
	at org.junit.internal.runners.statements.InvokeMethod.evaluate(InvokeMethod.java:17)
	at org.junit.internal.runners.statements.FailOnTimeout$CallableStatement.call(FailOnTimeout.java:148)
	at org.junit.internal.runners.statements.FailOnTimeout$CallableStatement.call(FailOnTimeout.java:142)
	at java.util.concurrent.FutureTask.run(FutureTask.java:266)
	at java.lang.Thread.run(Thread.java:923)
</StackTrace>
        </Failure>
      </Test>
      <Test result="fail" name="testGetEnabledAccessibilityServiceList">
        <Failure message="java.lang.RuntimeException: Starting accessibility service SpeakingAccessibilityService took longer than 10000ms&#13;">
          <StackTrace>java.lang.RuntimeException: Starting accessibility service SpeakingAccessibilityService took longer than 10000ms
	at android.accessibility.cts.common.InstrumentedAccessibilityService.enableService(InstrumentedAccessibilityService.java:198)
	at android.view.accessibility.cts.SpeakingAccessibilityService.enableSelf(SpeakingAccessibilityService.java:32)
	at android.view.accessibility.cts.AccessibilityManagerTest.testGetEnabledAccessibilityServiceList(AccessibilityManagerTest.java:166)
	at java.lang.reflect.Method.invoke(Native Method)
	at org.junit.runners.model.FrameworkMethod$1.runReflectiveCall(FrameworkMethod.java:50)
	at org.junit.internal.runners.model.ReflectiveCallable.run(ReflectiveCallable.java:12)
	at org.junit.runners.model.FrameworkMethod.invokeExplosively(FrameworkMethod.java:52)
	at org.junit.internal.runners.statements.InvokeMethod.evaluate(InvokeMethod.java:17)
	at org.junit.internal.runners.statements.FailOnTimeout$CallableStatement.call(FailOnTimeout.java:148)
	at org.junit.internal.runners.statements.FailOnTimeout$CallableStatement.call(FailOnTimeout.java:142)
	at java.util.concurrent.FutureTask.run(FutureTask.java:266)
	at java.lang.Thread.run(Thread.java:923)
</StackTrace>
        </Failure>
      </Test>
      <Test result="fail" name="testTouchExplorationListenerWithHandler">
        <Failure message="java.lang.RuntimeException: Starting accessibility service SpeakingAccessibilityService took longer than 10000ms&#13;">
          <StackTrace>java.lang.RuntimeException: Starting accessibility service SpeakingAccessibilityService took longer than 10000ms
	at android.accessibility.cts.common.InstrumentedAccessibilityService.enableService(InstrumentedAccessibilityService.java:198)
	at android.view.accessibility.cts.SpeakingAccessibilityService.enableSelf(SpeakingAccessibilityService.java:32)
	at android.view.accessibility.cts.AccessibilityManagerTest.testTouchExplorationListenerWithHandler(AccessibilityManagerTest.java:330)
	at java.lang.reflect.Method.invoke(Native Method)
	at org.junit.runners.model.FrameworkMethod$1.runReflectiveCall(FrameworkMethod.java:50)
	at org.junit.internal.runners.model.ReflectiveCallable.run(ReflectiveCallable.java:12)
	at org.junit.runners.model.FrameworkMethod.invokeExplosively(FrameworkMethod.java:52)
	at org.junit.internal.runners.statements.InvokeMethod.evaluate(InvokeMethod.java:17)
	at org.junit.internal.runners.statements.FailOnTimeout$CallableStatement.call(FailOnTimeout.java:148)
	at org.junit.internal.runners.statements.FailOnTimeout$CallableStatement.call(FailOnTimeout.java:142)
	at java.util.concurrent.FutureTask.run(FutureTask.java:266)
	at java.lang.Thread.run(Thread.java:923)
</StackTrace>
        </Failure>
      </Test>
      <Test result="fail" name="performShortcut_withoutPermission_fails">
        <Failure message="java.lang.NoSuchMethodError: No virtual method getAccessibilityShortcutService()Ljava/lang/String; in class Landroid/view/accessibility/AccessibilityManager; or its super classes (declaration of 'android.view.accessibility.AccessibilityManager' appears in /system/framework/framework.jar!classes3.dex)&#13;">
          <StackTrace>java.lang.NoSuchMethodError: No virtual method getAccessibilityShortcutService()Ljava/lang/String; in class Landroid/view/accessibility/AccessibilityManager; or its super classes (declaration of 'android.view.accessibility.AccessibilityManager' appears in /system/framework/framework.jar!classes3.dex)
	at android.view.accessibility.cts.AccessibilityManagerTest.lambda$configureShortcut$12$AccessibilityManagerTest(AccessibilityManagerTest.java:475)
	at android.view.accessibility.cts.-$$Lambda$AccessibilityManagerTest$Fl54KDQsehWvjFrEAB-iMBTikTw.getAsBoolean(Unknown Source:4)
	at com.android.compatibility.common.util.TestUtils.waitOn(TestUtils.java:110)
	at android.view.accessibility.cts.ServiceControlUtils.waitForConditionWithServiceStateChange(ServiceControlUtils.java:57)
	at android.view.accessibility.cts.AccessibilityManagerTest.lambda$configureShortcut$13$AccessibilityManagerTest(AccessibilityManagerTest.java:474)
	at android.view.accessibility.cts.-$$Lambda$AccessibilityManagerTest$YXX1xUA_setkClZut_p7S2tr6RI.run(Unknown Source:4)
	at com.android.compatibility.common.util.SystemUtil.runWithShellPermissionIdentity(SystemUtil.java:199)
	at com.android.compatibility.common.util.SystemUtil.runWithShellPermissionIdentity(SystemUtil.java:184)
	at android.view.accessibility.cts.AccessibilityManagerTest.configureShortcut(AccessibilityManagerTest.java:473)
	at android.view.accessibility.cts.AccessibilityManagerTest.performShortcut_withoutPermission_fails(AccessibilityManagerTest.java:431)
	at java.lang.reflect.Method.invoke(Native Method)
	at org.junit.runners.model.FrameworkMethod$1.runReflectiveCall(FrameworkMethod.java:50)
	at org.junit.internal.runners.model.ReflectiveCallable.run(ReflectiveCallable.java:12)
	at org.junit.runners.model.FrameworkMethod.invokeExplosively(FrameworkMethod.java:52)
	at org.junit.internal.runners.statements.InvokeMethod.evaluate(InvokeMethod.java:17)
	at org.junit.internal.runners.statements.FailOnTimeout$CallableStatement.call(FailOnTimeout.java:148)
	at org.junit.internal.runners.statements.FailOnTimeout$CallableStatement.call(FailOnTimeout.java:142)
	at java.util.concurrent.FutureTask.run(FutureTask.java:266)
	at java.lang.Thread.run(Thread.java:923)
</StackTrace>
        </Failure>
      </Test>
      <Test result="fail" name="testIsTouchExplorationEnabled">
        <Failure message="java.lang.RuntimeException: Starting accessibility service SpeakingAccessibilityService took longer than 10000ms&#13;">
          <StackTrace>java.lang.RuntimeException: Starting accessibility service SpeakingAccessibilityService took longer than 10000ms
	at android.accessibility.cts.common.InstrumentedAccessibilityService.enableService(InstrumentedAccessibilityService.java:198)
	at android.view.accessibility.cts.SpeakingAccessibilityService.enableSelf(SpeakingAccessibilityService.java:32)
	at android.view.accessibility.cts.AccessibilityManagerTest.testIsTouchExplorationEnabled(AccessibilityManagerTest.java:130)
	at java.lang.reflect.Method.invoke(Native Method)
	at org.junit.runners.model.FrameworkMethod$1.runReflectiveCall(FrameworkMethod.java:50)
	at org.junit.internal.runners.model.ReflectiveCallable.run(ReflectiveCallable.java:12)
	at org.junit.runners.model.FrameworkMethod.invokeExplosively(FrameworkMethod.java:52)
	at org.junit.internal.runners.statements.InvokeMethod.evaluate(InvokeMethod.java:17)
	at org.junit.internal.runners.statements.FailOnTimeout$CallableStatement.call(FailOnTimeout.java:148)
	at org.junit.internal.runners.statements.FailOnTimeout$CallableStatement.call(FailOnTimeout.java:142)
	at java.util.concurrent.FutureTask.run(FutureTask.java:266)
	at java.lang.Thread.run(Thread.java:923)
</StackTrace>
        </Failure>
      </Test>
      <Test result="pass" name="testAddAndRemoveAccessibilityStateChangeListener" />
      <Test result="fail" name="testSendAccessibilityEvent">
        <Failure message="java.lang.RuntimeException: Starting accessibility service SpeakingAccessibilityService took longer than 10000ms&#13;">
          <StackTrace>java.lang.RuntimeException: Starting accessibility service SpeakingAccessibilityService took longer than 10000ms
	at android.accessibility.cts.common.InstrumentedAccessibilityService.enableService(InstrumentedAccessibilityService.java:198)
	at android.view.accessibility.cts.SpeakingAccessibilityService.enableSelf(SpeakingAccessibilityService.java:32)
	at android.view.accessibility.cts.AccessibilityManagerTest.testSendAccessibilityEvent(AccessibilityManagerTest.java:285)
	at java.lang.reflect.Method.invoke(Native Method)
	at org.junit.runners.model.FrameworkMethod$1.runReflectiveCall(FrameworkMethod.java:50)
	at org.junit.internal.runners.model.ReflectiveCallable.run(ReflectiveCallable.java:12)
	at org.junit.runners.model.FrameworkMethod.invokeExplosively(FrameworkMethod.java:52)
	at org.junit.internal.runners.statements.InvokeMethod.evaluate(InvokeMethod.java:17)
	at org.junit.internal.runners.statements.FailOnTimeout$CallableStatement.call(FailOnTimeout.java:148)
	at org.junit.internal.runners.statements.FailOnTimeout$CallableStatement.call(FailOnTimeout.java:142)
	at java.util.concurrent.FutureTask.run(FutureTask.java:266)
	at java.lang.Thread.run(Thread.java:923)
</StackTrace>
        </Failure>
      </Test>
      <Test result="fail" name="testGetRecommendedTimeoutMillis">
        <Failure message="java.lang.RuntimeException: Starting accessibility service SpeakingAccessibilityService took longer than 10000ms&#13;">
          <StackTrace>java.lang.RuntimeException: Starting accessibility service SpeakingAccessibilityService took longer than 10000ms
	at android.accessibility.cts.common.InstrumentedAccessibilityService.enableService(InstrumentedAccessibilityService.java:198)
	at android.view.accessibility.cts.SpeakingAccessibilityService.enableSelf(SpeakingAccessibilityService.java:32)
	at android.view.accessibility.cts.AccessibilityManagerTest.testGetRecommendedTimeoutMillis(AccessibilityManagerTest.java:396)
	at java.lang.reflect.Method.invoke(Native Method)
	at org.junit.runners.model.FrameworkMethod$1.runReflectiveCall(FrameworkMethod.java:50)
	at org.junit.internal.runners.model.ReflectiveCallable.run(ReflectiveCallable.java:12)
	at org.junit.runners.model.FrameworkMethod.invokeExplosively(FrameworkMethod.java:52)
	at org.junit.internal.runners.statements.InvokeMethod.evaluate(InvokeMethod.java:17)
	at org.junit.internal.runners.statements.FailOnTimeout$CallableStatement.call(FailOnTimeout.java:148)
	at org.junit.internal.runners.statements.FailOnTimeout$CallableStatement.call(FailOnTimeout.java:142)
	at java.util.concurrent.FutureTask.run(FutureTask.java:266)
	at java.lang.Thread.run(Thread.java:923)
</StackTrace>
        </Failure>
      </Test>
      <Test result="fail" name="testInterrupt">
        <Failure message="java.lang.RuntimeException: Starting accessibility service SpeakingAccessibilityService took longer than 10000ms&#13;">
          <StackTrace>java.lang.RuntimeException: Starting accessibility service SpeakingAccessibilityService took longer than 10000ms
	at android.accessibility.cts.common.InstrumentedAccessibilityService.enableService(InstrumentedAccessibilityService.java:198)
	at android.view.accessibility.cts.SpeakingAccessibilityService.enableSelf(SpeakingAccessibilityService.java:32)
	at android.view.accessibility.cts.AccessibilityManagerTest.testInterrupt(AccessibilityManagerTest.java:275)
	at java.lang.reflect.Method.invoke(Native Method)
	at org.junit.runners.model.FrameworkMethod$1.runReflectiveCall(FrameworkMethod.java:50)
	at org.junit.internal.runners.model.ReflectiveCallable.run(ReflectiveCallable.java:12)
	at org.junit.runners.model.FrameworkMethod.invokeExplosively(FrameworkMethod.java:52)
	at org.junit.internal.runners.statements.InvokeMethod.evaluate(InvokeMethod.java:17)
	at org.junit.internal.runners.statements.FailOnTimeout$CallableStatement.call(FailOnTimeout.java:148)
	at org.junit.internal.runners.statements.FailOnTimeout$CallableStatement.call(FailOnTimeout.java:142)
	at java.util.concurrent.FutureTask.run(FutureTask.java:266)
	at java.lang.Thread.run(Thread.java:923)
</StackTrace>
        </Failure>
      </Test>
      <Test result="pass" name="testGetAccessibilityServiceList" />
      <Test result="fail" name="testAccessibilityStateListenerNoHandler">
        <Failure message="java.lang.RuntimeException: Starting accessibility service SpeakingAndVibratingAccessibilityService took longer than 10000ms&#13;">
          <StackTrace>java.lang.RuntimeException: Starting accessibility service SpeakingAndVibratingAccessibilityService took longer than 10000ms
	at android.accessibility.cts.common.InstrumentedAccessibilityService.enableService(InstrumentedAccessibilityService.java:198)
	at android.view.accessibility.cts.SpeakingAndVibratingAccessibilityService.enableSelf(SpeakingAndVibratingAccessibilityService.java:28)
	at android.view.accessibility.cts.AccessibilityManagerTest.testAccessibilityStateListenerNoHandler(AccessibilityManagerTest.java:356)
	at java.lang.reflect.Method.invoke(Native Method)
	at org.junit.runners.model.FrameworkMethod$1.runReflectiveCall(FrameworkMethod.java:50)
	at org.junit.internal.runners.model.ReflectiveCallable.run(ReflectiveCallable.java:12)
	at org.junit.runners.model.FrameworkMethod.invokeExplosively(FrameworkMethod.java:52)
	at org.junit.internal.runners.statements.InvokeMethod.evaluate(InvokeMethod.java:17)
	at org.junit.internal.runners.statements.FailOnTimeout$CallableStatement.call(FailOnTimeout.java:148)
	at org.junit.internal.runners.statements.FailOnTimeout$CallableStatement.call(FailOnTimeout.java:142)
	at java.util.concurrent.FutureTask.run(FutureTask.java:266)
	at java.lang.Thread.run(Thread.java:923)
</StackTrace>
        </Failure>
      </Test>
      <Test result="fail" name="testGetEnabledAccessibilityServiceListForType">
        <Failure message="java.lang.RuntimeException: Starting accessibility service SpeakingAccessibilityService took longer than 10000ms&#13;">
          <StackTrace>java.lang.RuntimeException: Starting accessibility service SpeakingAccessibilityService took longer than 10000ms
	at android.accessibility.cts.common.InstrumentedAccessibilityService.enableService(InstrumentedAccessibilityService.java:198)
	at android.view.accessibility.cts.SpeakingAccessibilityService.enableSelf(SpeakingAccessibilityService.java:32)
	at android.view.accessibility.cts.AccessibilityManagerTest.testGetEnabledAccessibilityServiceListForType(AccessibilityManagerTest.java:192)
	at java.lang.reflect.Method.invoke(Native Method)
	at org.junit.runners.model.FrameworkMethod$1.runReflectiveCall(FrameworkMethod.java:50)
	at org.junit.internal.runners.model.ReflectiveCallable.run(ReflectiveCallable.java:12)
	at org.junit.runners.model.FrameworkMethod.invokeExplosively(FrameworkMethod.java:52)
	at org.junit.internal.runners.statements.InvokeMethod.evaluate(InvokeMethod.java:17)
	at org.junit.internal.runners.statements.FailOnTimeout$CallableStatement.call(FailOnTimeout.java:148)
	at org.junit.internal.runners.statements.FailOnTimeout$CallableStatement.call(FailOnTimeout.java:142)
	at java.util.concurrent.FutureTask.run(FutureTask.java:266)
	at java.lang.Thread.run(Thread.java:923)
</StackTrace>
        </Failure>
      </Test>
      <Test result="fail" name="testTouchExplorationListenerNoHandler">
        <Failure message="java.lang.RuntimeException: Starting accessibility service SpeakingAccessibilityService took longer than 10000ms&#13;">
          <StackTrace>java.lang.RuntimeException: Starting accessibility service SpeakingAccessibilityService took longer than 10000ms
	at android.accessibility.cts.common.InstrumentedAccessibilityService.enableService(InstrumentedAccessibilityService.java:198)
	at android.view.accessibility.cts.SpeakingAccessibilityService.enableSelf(SpeakingAccessibilityService.java:32)
	at android.view.accessibility.cts.AccessibilityManagerTest.testTouchExplorationListenerNoHandler(AccessibilityManagerTest.java:304)
	at java.lang.reflect.Method.invoke(Native Method)
	at org.junit.runners.model.FrameworkMethod$1.runReflectiveCall(FrameworkMethod.java:50)
	at org.junit.internal.runners.model.ReflectiveCallable.run(ReflectiveCallable.java:12)
	at org.junit.runners.model.FrameworkMethod.invokeExplosively(FrameworkMethod.java:52)
	at org.junit.internal.runners.statements.InvokeMethod.evaluate(InvokeMethod.java:17)
	at org.junit.internal.runners.statements.FailOnTimeout$CallableStatement.call(FailOnTimeout.java:148)
	at org.junit.internal.runners.statements.FailOnTimeout$CallableStatement.call(FailOnTimeout.java:142)
	at java.util.concurrent.FutureTask.run(FutureTask.java:266)
	at java.lang.Thread.run(Thread.java:923)
</StackTrace>
        </Failure>
      </Test>
      <Test result="fail" name="testGetEnabledAccessibilityServiceListForTypes">
        <Failure message="java.lang.RuntimeException: Starting accessibility service SpeakingAccessibilityService took longer than 10000ms&#13;">
          <StackTrace>java.lang.RuntimeException: Starting accessibility service SpeakingAccessibilityService took longer than 10000ms
	at android.accessibility.cts.common.InstrumentedAccessibilityService.enableService(InstrumentedAccessibilityService.java:198)
	at android.view.accessibility.cts.SpeakingAccessibilityService.enableSelf(SpeakingAccessibilityService.java:32)
	at android.view.accessibility.cts.AccessibilityManagerTest.testGetEnabledAccessibilityServiceListForTypes(AccessibilityManagerTest.java:212)
	at java.lang.reflect.Method.invoke(Native Method)
	at org.junit.runners.model.FrameworkMethod$1.runReflectiveCall(FrameworkMethod.java:50)
	at org.junit.internal.runners.model.ReflectiveCallable.run(ReflectiveCallable.java:12)
	at org.junit.runners.model.FrameworkMethod.invokeExplosively(FrameworkMethod.java:52)
	at org.junit.internal.runners.statements.InvokeMethod.evaluate(InvokeMethod.java:17)
	at org.junit.internal.runners.statements.FailOnTimeout$CallableStatement.call(FailOnTimeout.java:148)
	at org.junit.internal.runners.statements.FailOnTimeout$CallableStatement.call(FailOnTimeout.java:142)
	at java.util.concurrent.FutureTask.run(FutureTask.java:266)
	at java.lang.Thread.run(Thread.java:923)
</StackTrace>
        </Failure>
      </Test>
    </TestCase>
    <TestCase name="android.view.accessibility.cts.AccessibilityNodeInfoTest">
      <Test result="pass" name="testAddActions" />
      <Test result="pass" name="testChangeTextAfterSetting_shouldNotAffectInfo" />
      <Test result="pass" name="testCreateInvalidActionId" />
      <Test result="pass" name="testDescribeContents" />
      <Test result="pass" name="testIsHeadingTakesOldApiIntoAccount" />
      <Test result="pass" name="testMarshaling" />
      <Test result="pass" name="testRecycle" />
      <Test result="pass" name="testRemoveActions" />
      <Test result="pass" name="testReuse" />
    </TestCase>
    <TestCase name="android.view.accessibility.cts.AccessibilityNodeInfo_CollectionInfoTest">
      <Test result="pass" name="testObtain" />
    </TestCase>
    <TestCase name="android.view.accessibility.cts.AccessibilityNodeInfo_RangeInfoTest">
      <Test result="pass" name="testObtain" />
    </TestCase>
    <TestCase name="android.view.accessibility.cts.AccessibilityNodeProviderTest">
      <Test result="pass" name="testDefaultBehavior" />
    </TestCase>
    <TestCase name="android.view.accessibility.cts.AccessibilityRecordTest">
      <Test result="pass" name="testObtain" />
      <Test result="fail" name="testRecycle">
        <Failure message="junit.framework.AssertionFailedError: maxScrollX not properly recycled expected same:&amp;lt;-1&amp;gt; was not:&amp;lt;0&amp;gt;&#13;">
          <StackTrace>junit.framework.AssertionFailedError: maxScrollX not properly recycled expected same:&amp;lt;-1&amp;gt; was not:&amp;lt;0&amp;gt;
	at junit.framework.Assert.fail(Assert.java:50)
	at junit.framework.Assert.failNotSame(Assert.java:283)
	at junit.framework.Assert.assertSame(Assert.java:246)
	at android.view.accessibility.cts.AccessibilityRecordTest.assertAccessibilityRecordCleared(AccessibilityRecordTest.java:87)
	at android.view.accessibility.cts.AccessibilityRecordTest.testRecycle(AccessibilityRecordTest.java:63)
	at java.lang.reflect.Method.invoke(Native Method)
	at junit.framework.TestCase.runTest(TestCase.java:168)
	at junit.framework.TestCase.runBare(TestCase.java:134)
	at junit.framework.TestResult$1.protect(TestResult.java:115)
	at androidx.test.internal.runner.junit3.AndroidTestResult.runProtected(AndroidTestResult.java:73)
	at junit.framework.TestResult.run(TestResult.java:118)
	at androidx.test.internal.runner.junit3.AndroidTestResult.run(AndroidTestResult.java:51)
	at junit.framework.TestCase.run(TestCase.java:124)
	at androidx.test.internal.runner.junit3.NonLeakyTestSuite$NonLeakyTest.run(NonLeakyTestSuite.java:62)
	at androidx.test.internal.runner.junit3.AndroidTestSuite$2.run(AndroidTestSuite.java:101)
	at java.util.concurrent.Executors$RunnableAdapter.call(Executors.java:462)
	at java.util.concurrent.FutureTask.run(FutureTask.java:266)
	at java.util.concurrent.ThreadPoolExecutor.runWorker(ThreadPoolExecutor.java:1167)
	at java.util.concurrent.ThreadPoolExecutor$Worker.run(ThreadPoolExecutor.java:641)
	at java.lang.Thread.run(Thread.java:923)
</StackTrace>
        </Failure>
      </Test>
    </TestCase>
    <TestCase name="android.view.accessibility.cts.AccessibilityServiceInfoTest">
      <Test result="fail" name="testAccessibilityServiceInfoForEnabledService">
        <Failure message="java.lang.RuntimeException: Starting accessibility service SpeakingAccessibilityService took longer than 10000ms&#13;">
          <StackTrace>java.lang.RuntimeException: Starting accessibility service SpeakingAccessibilityService took longer than 10000ms
	at android.accessibility.cts.common.InstrumentedAccessibilityService.enableService(InstrumentedAccessibilityService.java:198)
	at android.view.accessibility.cts.SpeakingAccessibilityService.enableSelf(SpeakingAccessibilityService.java:32)
	at android.view.accessibility.cts.AccessibilityServiceInfoTest.setUp(AccessibilityServiceInfoTest.java:40)
	at junit.framework.TestCase.runBare(TestCase.java:132)
	at junit.framework.TestResult$1.protect(TestResult.java:115)
	at androidx.test.internal.runner.junit3.AndroidTestResult.runProtected(AndroidTestResult.java:73)
	at junit.framework.TestResult.run(TestResult.java:118)
	at androidx.test.internal.runner.junit3.AndroidTestResult.run(AndroidTestResult.java:51)
	at junit.framework.TestCase.run(TestCase.java:124)
	at androidx.test.internal.runner.junit3.NonLeakyTestSuite$NonLeakyTest.run(NonLeakyTestSuite.java:62)
	at androidx.test.internal.runner.junit3.AndroidTestSuite$2.run(AndroidTestSuite.java:101)
	at java.util.concurrent.Executors$RunnableAdapter.call(Executors.java:462)
	at java.util.concurrent.FutureTask.run(FutureTask.java:266)
	at java.util.concurrent.ThreadPoolExecutor.runWorker(ThreadPoolExecutor.java:1167)
	at java.util.concurrent.ThreadPoolExecutor$Worker.run(ThreadPoolExecutor.java:641)
	at java.lang.Thread.run(Thread.java:923)
</StackTrace>
        </Failure>
      </Test>
    </TestCase>
    <TestCase name="android.view.accessibility.cts.AccessibilityWindowInfoTest">
      <Test result="pass" name="testDefaultValues" />
      <Test result="pass" name="testObtain" />
      <Test result="pass" name="testParceling" />
      <Test result="pass" name="testRecycle" />
    </TestCase>
    <TestCase name="android.view.accessibility.cts.CaptioningManagerTest">
      <Test result="fail" name="testChangeListener">
        <Failure message="java.lang.IllegalArgumentException: dexcache == null (and no default could be found; consider setting the 'dexmaker.dexcache' system property)&#13;">
          <StackTrace>java.lang.IllegalArgumentException: dexcache == null (and no default could be found; consider setting the 'dexmaker.dexcache' system property)
	at com.android.dx.DexMaker.generateAndLoad(DexMaker.java:508)
	at com.android.dx.stock.ProxyBuilder.buildProxyClass(ProxyBuilder.java:337)
	at com.android.dx.mockito.DexmakerMockMaker.createMock(DexmakerMockMaker.java:114)
	at org.mockito.internal.util.MockUtil.createMock(MockUtil.java:35)
	at org.mockito.internal.MockitoCore.mock(MockitoCore.java:69)
	at org.mockito.Mockito.mock(Mockito.java:1895)
	at org.mockito.Mockito.mock(Mockito.java:1804)
	at android.view.accessibility.cts.CaptioningManagerTest.testChangeListener(CaptioningManagerTest.java:69)
	at java.lang.reflect.Method.invoke(Native Method)
	at android.test.InstrumentationTestCase.runMethod(InstrumentationTestCase.java:220)
	at android.test.InstrumentationTestCase.runTest(InstrumentationTestCase.java:205)
	at junit.framework.TestCase.runBare(TestCase.java:134)
	at junit.framework.TestResult$1.protect(TestResult.java:115)
	at androidx.test.internal.runner.junit3.AndroidTestResult.runProtected(AndroidTestResult.java:73)
	at junit.framework.TestResult.run(TestResult.java:118)
	at androidx.test.internal.runner.junit3.AndroidTestResult.run(AndroidTestResult.java:51)
	at junit.framework.TestCase.run(TestCase.java:124)
	at androidx.test.internal.runner.junit3.NonLeakyTestSuite$NonLeakyTest.run(NonLeakyTestSuite.java:62)
	at androidx.test.internal.runner.junit3.AndroidTestSuite$2.run(AndroidTestSuite.java:101)
	at java.util.concurrent.Executors$RunnableAdapter.call(Executors.java:462)
	at java.util.concurrent.FutureTask.run(FutureTask.java:266)
	at java.util.concurrent.ThreadPoolExecutor.runWorker(ThreadPoolExecutor.java:1167)
	at java.util.concurrent.ThreadPoolExecutor$Worker.run(ThreadPoolExecutor.java:641)
	at java.lang.Thread.run(Thread.java:923)
</StackTrace>
        </Failure>
      </Test>
      <Test result="fail" name="testProperties">
        <Failure message="junit.framework.AssertionFailedError: Test runner set font scale to 2.0 expected:&amp;lt;2.0&amp;gt; but was:&amp;lt;1.0&amp;gt;&#13;">
          <StackTrace>junit.framework.AssertionFailedError: Test runner set font scale to 2.0 expected:&amp;lt;2.0&amp;gt; but was:&amp;lt;1.0&amp;gt;
	at junit.framework.Assert.fail(Assert.java:50)
	at junit.framework.Assert.failNotEquals(Assert.java:287)
	at junit.framework.Assert.assertEquals(Assert.java:67)
	at android.view.accessibility.cts.CaptioningManagerTest.testProperties(CaptioningManagerTest.java:105)
	at java.lang.reflect.Method.invoke(Native Method)
	at android.test.InstrumentationTestCase.runMethod(InstrumentationTestCase.java:220)
	at android.test.InstrumentationTestCase.runTest(InstrumentationTestCase.java:205)
	at junit.framework.TestCase.runBare(TestCase.java:134)
	at junit.framework.TestResult$1.protect(TestResult.java:115)
	at androidx.test.internal.runner.junit3.AndroidTestResult.runProtected(AndroidTestResult.java:73)
	at junit.framework.TestResult.run(TestResult.java:118)
	at androidx.test.internal.runner.junit3.AndroidTestResult.run(AndroidTestResult.java:51)
	at junit.framework.TestCase.run(TestCase.java:124)
	at androidx.test.internal.runner.junit3.NonLeakyTestSuite$NonLeakyTest.run(NonLeakyTestSuite.java:62)
	at androidx.test.internal.runner.junit3.AndroidTestSuite$2.run(AndroidTestSuite.java:101)
	at java.util.concurrent.Executors$RunnableAdapter.call(Executors.java:462)
	at java.util.concurrent.FutureTask.run(FutureTask.java:266)
	at java.util.concurrent.ThreadPoolExecutor.runWorker(ThreadPoolExecutor.java:1167)
	at java.util.concurrent.ThreadPoolExecutor$Worker.run(ThreadPoolExecutor.java:641)
	at java.lang.Thread.run(Thread.java:923)
</StackTrace>
        </Failure>
      </Test>
      <Test result="fail" name="testUserStyle">
        <Failure message="junit.framework.AssertionFailedError: Default user style has no edge type&#13;">
          <StackTrace>junit.framework.AssertionFailedError: Default user style has no edge type
	at junit.framework.Assert.fail(Assert.java:50)
	at junit.framework.Assert.assertTrue(Assert.java:20)
	at junit.framework.Assert.assertFalse(Assert.java:34)
	at android.view.accessibility.cts.CaptioningManagerTest.testUserStyle(CaptioningManagerTest.java:121)
	at java.lang.reflect.Method.invoke(Native Method)
	at android.test.InstrumentationTestCase.runMethod(InstrumentationTestCase.java:220)
	at android.test.InstrumentationTestCase.runTest(InstrumentationTestCase.java:205)
	at junit.framework.TestCase.runBare(TestCase.java:134)
	at junit.framework.TestResult$1.protect(TestResult.java:115)
	at androidx.test.internal.runner.junit3.AndroidTestResult.runProtected(AndroidTestResult.java:73)
	at junit.framework.TestResult.run(TestResult.java:118)
	at androidx.test.internal.runner.junit3.AndroidTestResult.run(AndroidTestResult.java:51)
	at junit.framework.TestCase.run(TestCase.java:124)
	at androidx.test.internal.runner.junit3.NonLeakyTestSuite$NonLeakyTest.run(NonLeakyTestSuite.java:62)
	at androidx.test.internal.runner.junit3.AndroidTestSuite$2.run(AndroidTestSuite.java:101)
	at java.util.concurrent.Executors$RunnableAdapter.call(Executors.java:462)
	at java.util.concurrent.FutureTask.run(FutureTask.java:266)
	at java.util.concurrent.ThreadPoolExecutor.runWorker(ThreadPoolExecutor.java:1167)
	at java.util.concurrent.ThreadPoolExecutor$Worker.run(ThreadPoolExecutor.java:641)
	at java.lang.Thread.run(Thread.java:923)
</StackTrace>
        </Failure>
      </Test>
    </TestCase>
  </Module>
  <Module name="CtsAccessibilityTestCases[instant]" abi="arm64-v8a" runtime="127068" done="true" pass="28" total_tests="46">
    <TestCase name="android.view.accessibility.cts.AccessibilityDelegateTest">
      <Test result="fail" name="testViewDelegatesToAccessibilityDelegate">
        <Failure message="java.lang.IllegalArgumentException: dexcache == null (and no default could be found; consider setting the 'dexmaker.dexcache' system property)&#13;">
          <StackTrace>java.lang.IllegalArgumentException: dexcache == null (and no default could be found; consider setting the 'dexmaker.dexcache' system property)
	at com.android.dx.DexMaker.generateAndLoad(DexMaker.java:508)
	at com.android.dx.stock.ProxyBuilder.buildProxyClass(ProxyBuilder.java:337)
	at com.android.dx.mockito.DexmakerMockMaker.createMock(DexmakerMockMaker.java:114)
	at org.mockito.internal.util.MockUtil.createMock(MockUtil.java:35)
	at org.mockito.internal.MockitoCore.mock(MockitoCore.java:69)
	at org.mockito.Mockito.mock(Mockito.java:1895)
	at org.mockito.Mockito.mock(Mockito.java:1804)
	at android.view.accessibility.cts.AccessibilityDelegateTest.testViewDelegatesToAccessibilityDelegate(AccessibilityDelegateTest.java:73)
	at java.lang.reflect.Method.invoke(Native Method)
	at org.junit.runners.model.FrameworkMethod$1.runReflectiveCall(FrameworkMethod.java:50)
	at org.junit.internal.runners.model.ReflectiveCallable.run(ReflectiveCallable.java:12)
	at org.junit.runners.model.FrameworkMethod.invokeExplosively(FrameworkMethod.java:52)
	at org.junit.internal.runners.statements.InvokeMethod.evaluate(InvokeMethod.java:17)
	at org.junit.internal.runners.statements.FailOnTimeout$CallableStatement.call(FailOnTimeout.java:148)
	at org.junit.internal.runners.statements.FailOnTimeout$CallableStatement.call(FailOnTimeout.java:142)
	at java.util.concurrent.FutureTask.run(FutureTask.java:266)
	at java.lang.Thread.run(Thread.java:923)
</StackTrace>
        </Failure>
      </Test>
      <Test result="pass" name="testAccessibilityDelegateGetAndSet" />
    </TestCase>
    <TestCase name="android.view.accessibility.cts.AccessibilityEventTest">
      <Test result="pass" name="testChangeTextAfterSetting_shouldNotAffectEvent" />
      <Test result="pass" name="testDescribeContents" />
      <Test result="pass" name="testEventTypeToString" />
      <Test result="pass" name="testMarshaling" />
      <Test result="pass" name="testMarshaling2" />
      <Test result="fail" name="testRecycle">
        <Failure message="junit.framework.AssertionFailedError: maxScrollX not properly recycled expected same:&amp;lt;-1&amp;gt; was not:&amp;lt;0&amp;gt;&#13;">
          <StackTrace>junit.framework.AssertionFailedError: maxScrollX not properly recycled expected same:&amp;lt;-1&amp;gt; was not:&amp;lt;0&amp;gt;
	at junit.framework.Assert.fail(Assert.java:50)
	at junit.framework.Assert.failNotSame(Assert.java:283)
	at junit.framework.Assert.assertSame(Assert.java:246)
	at android.view.accessibility.cts.AccessibilityRecordTest.assertAccessibilityRecordCleared(AccessibilityRecordTest.java:87)
	at android.view.accessibility.cts.AccessibilityEventTest.assertAccessibilityEventCleared(AccessibilityEventTest.java:286)
	at android.view.accessibility.cts.AccessibilityEventTest.testRecycle(AccessibilityEventTest.java:82)
	at java.lang.reflect.Method.invoke(Native Method)
	at junit.framework.TestCase.runTest(TestCase.java:168)
	at junit.framework.TestCase.runBare(TestCase.java:134)
	at junit.framework.TestResult$1.protect(TestResult.java:115)
	at androidx.test.internal.runner.junit3.AndroidTestResult.runProtected(AndroidTestResult.java:73)
	at junit.framework.TestResult.run(TestResult.java:118)
	at androidx.test.internal.runner.junit3.AndroidTestResult.run(AndroidTestResult.java:51)
	at junit.framework.TestCase.run(TestCase.java:124)
	at androidx.test.internal.runner.junit3.NonLeakyTestSuite$NonLeakyTest.run(NonLeakyTestSuite.java:62)
	at androidx.test.internal.runner.junit3.AndroidTestSuite$2.run(AndroidTestSuite.java:101)
	at java.util.concurrent.Executors$RunnableAdapter.call(Executors.java:462)
	at java.util.concurrent.FutureTask.run(FutureTask.java:266)
	at java.util.concurrent.ThreadPoolExecutor.runWorker(ThreadPoolExecutor.java:1167)
	at java.util.concurrent.ThreadPoolExecutor$Worker.run(ThreadPoolExecutor.java:641)
	at java.lang.Thread.run(Thread.java:923)
</StackTrace>
        </Failure>
      </Test>
      <Test result="pass" name="testReuse" />
    </TestCase>
    <TestCase name="android.view.accessibility.cts.AccessibilityManagerTest">
      <Test result="fail" name="testAccessibilityStateListenerWithHandler">
        <Failure message="java.lang.RuntimeException: Starting accessibility service SpeakingAndVibratingAccessibilityService took longer than 10000ms&#13;">
          <StackTrace>java.lang.RuntimeException: Starting accessibility service SpeakingAndVibratingAccessibilityService took longer than 10000ms
	at android.accessibility.cts.common.InstrumentedAccessibilityService.enableService(InstrumentedAccessibilityService.java:198)
	at android.view.accessibility.cts.SpeakingAndVibratingAccessibilityService.enableSelf(SpeakingAndVibratingAccessibilityService.java:28)
	at android.view.accessibility.cts.AccessibilityManagerTest.testAccessibilityStateListenerWithHandler(AccessibilityManagerTest.java:381)
	at java.lang.reflect.Method.invoke(Native Method)
	at org.junit.runners.model.FrameworkMethod$1.runReflectiveCall(FrameworkMethod.java:50)
	at org.junit.internal.runners.model.ReflectiveCallable.run(ReflectiveCallable.java:12)
	at org.junit.runners.model.FrameworkMethod.invokeExplosively(FrameworkMethod.java:52)
	at org.junit.internal.runners.statements.InvokeMethod.evaluate(InvokeMethod.java:17)
	at org.junit.internal.runners.statements.FailOnTimeout$CallableStatement.call(FailOnTimeout.java:148)
	at org.junit.internal.runners.statements.FailOnTimeout$CallableStatement.call(FailOnTimeout.java:142)
	at java.util.concurrent.FutureTask.run(FutureTask.java:266)
	at java.lang.Thread.run(Thread.java:923)
</StackTrace>
        </Failure>
      </Test>
      <Test result="pass" name="testAddAndRemoveTouchExplorationStateChangeListener" />
      <Test result="pass" name="testGetInstalledAccessibilityServicesList" />
      <Test result="fail" name="testGetEnabledAccessibilityServiceList">
        <Failure message="java.lang.RuntimeException: Starting accessibility service SpeakingAccessibilityService took longer than 10000ms&#13;">
          <StackTrace>java.lang.RuntimeException: Starting accessibility service SpeakingAccessibilityService took longer than 10000ms
	at android.accessibility.cts.common.InstrumentedAccessibilityService.enableService(InstrumentedAccessibilityService.java:198)
	at android.view.accessibility.cts.SpeakingAccessibilityService.enableSelf(SpeakingAccessibilityService.java:32)
	at android.view.accessibility.cts.AccessibilityManagerTest.testGetEnabledAccessibilityServiceList(AccessibilityManagerTest.java:166)
	at java.lang.reflect.Method.invoke(Native Method)
	at org.junit.runners.model.FrameworkMethod$1.runReflectiveCall(FrameworkMethod.java:50)
	at org.junit.internal.runners.model.ReflectiveCallable.run(ReflectiveCallable.java:12)
	at org.junit.runners.model.FrameworkMethod.invokeExplosively(FrameworkMethod.java:52)
	at org.junit.internal.runners.statements.InvokeMethod.evaluate(InvokeMethod.java:17)
	at org.junit.internal.runners.statements.FailOnTimeout$CallableStatement.call(FailOnTimeout.java:148)
	at org.junit.internal.runners.statements.FailOnTimeout$CallableStatement.call(FailOnTimeout.java:142)
	at java.util.concurrent.FutureTask.run(FutureTask.java:266)
	at java.lang.Thread.run(Thread.java:923)
</StackTrace>
        </Failure>
      </Test>
      <Test result="fail" name="testTouchExplorationListenerWithHandler">
        <Failure message="java.lang.RuntimeException: Starting accessibility service SpeakingAccessibilityService took longer than 10000ms&#13;">
          <StackTrace>java.lang.RuntimeException: Starting accessibility service SpeakingAccessibilityService took longer than 10000ms
	at android.accessibility.cts.common.InstrumentedAccessibilityService.enableService(InstrumentedAccessibilityService.java:198)
	at android.view.accessibility.cts.SpeakingAccessibilityService.enableSelf(SpeakingAccessibilityService.java:32)
	at android.view.accessibility.cts.AccessibilityManagerTest.testTouchExplorationListenerWithHandler(AccessibilityManagerTest.java:330)
	at java.lang.reflect.Method.invoke(Native Method)
	at org.junit.runners.model.FrameworkMethod$1.runReflectiveCall(FrameworkMethod.java:50)
	at org.junit.internal.runners.model.ReflectiveCallable.run(ReflectiveCallable.java:12)
	at org.junit.runners.model.FrameworkMethod.invokeExplosively(FrameworkMethod.java:52)
	at org.junit.internal.runners.statements.InvokeMethod.evaluate(InvokeMethod.java:17)
	at org.junit.internal.runners.statements.FailOnTimeout$CallableStatement.call(FailOnTimeout.java:148)
	at org.junit.internal.runners.statements.FailOnTimeout$CallableStatement.call(FailOnTimeout.java:142)
	at java.util.concurrent.FutureTask.run(FutureTask.java:266)
	at java.lang.Thread.run(Thread.java:923)
</StackTrace>
        </Failure>
      </Test>
      <Test result="fail" name="testIsTouchExplorationEnabled">
        <Failure message="java.lang.RuntimeException: Starting accessibility service SpeakingAccessibilityService took longer than 10000ms&#13;">
          <StackTrace>java.lang.RuntimeException: Starting accessibility service SpeakingAccessibilityService took longer than 10000ms
	at android.accessibility.cts.common.InstrumentedAccessibilityService.enableService(InstrumentedAccessibilityService.java:198)
	at android.view.accessibility.cts.SpeakingAccessibilityService.enableSelf(SpeakingAccessibilityService.java:32)
	at android.view.accessibility.cts.AccessibilityManagerTest.testIsTouchExplorationEnabled(AccessibilityManagerTest.java:130)
	at java.lang.reflect.Method.invoke(Native Method)
	at org.junit.runners.model.FrameworkMethod$1.runReflectiveCall(FrameworkMethod.java:50)
	at org.junit.internal.runners.model.ReflectiveCallable.run(ReflectiveCallable.java:12)
	at org.junit.runners.model.FrameworkMethod.invokeExplosively(FrameworkMethod.java:52)
	at org.junit.internal.runners.statements.InvokeMethod.evaluate(InvokeMethod.java:17)
	at org.junit.internal.runners.statements.FailOnTimeout$CallableStatement.call(FailOnTimeout.java:148)
	at org.junit.internal.runners.statements.FailOnTimeout$CallableStatement.call(FailOnTimeout.java:142)
	at java.util.concurrent.FutureTask.run(FutureTask.java:266)
	at java.lang.Thread.run(Thread.java:923)
</StackTrace>
        </Failure>
      </Test>
      <Test result="pass" name="testAddAndRemoveAccessibilityStateChangeListener" />
      <Test result="fail" name="testSendAccessibilityEvent">
        <Failure message="java.lang.RuntimeException: Starting accessibility service SpeakingAccessibilityService took longer than 10000ms&#13;">
          <StackTrace>java.lang.RuntimeException: Starting accessibility service SpeakingAccessibilityService took longer than 10000ms
	at android.accessibility.cts.common.InstrumentedAccessibilityService.enableService(InstrumentedAccessibilityService.java:198)
	at android.view.accessibility.cts.SpeakingAccessibilityService.enableSelf(SpeakingAccessibilityService.java:32)
	at android.view.accessibility.cts.AccessibilityManagerTest.testSendAccessibilityEvent(AccessibilityManagerTest.java:285)
	at java.lang.reflect.Method.invoke(Native Method)
	at org.junit.runners.model.FrameworkMethod$1.runReflectiveCall(FrameworkMethod.java:50)
	at org.junit.internal.runners.model.ReflectiveCallable.run(ReflectiveCallable.java:12)
	at org.junit.runners.model.FrameworkMethod.invokeExplosively(FrameworkMethod.java:52)
	at org.junit.internal.runners.statements.InvokeMethod.evaluate(InvokeMethod.java:17)
	at org.junit.internal.runners.statements.FailOnTimeout$CallableStatement.call(FailOnTimeout.java:148)
	at org.junit.internal.runners.statements.FailOnTimeout$CallableStatement.call(FailOnTimeout.java:142)
	at java.util.concurrent.FutureTask.run(FutureTask.java:266)
	at java.lang.Thread.run(Thread.java:923)
</StackTrace>
        </Failure>
      </Test>
      <Test result="fail" name="testGetRecommendedTimeoutMillis">
        <Failure message="java.lang.RuntimeException: Starting accessibility service SpeakingAccessibilityService took longer than 10000ms&#13;">
          <StackTrace>java.lang.RuntimeException: Starting accessibility service SpeakingAccessibilityService took longer than 10000ms
	at android.accessibility.cts.common.InstrumentedAccessibilityService.enableService(InstrumentedAccessibilityService.java:198)
	at android.view.accessibility.cts.SpeakingAccessibilityService.enableSelf(SpeakingAccessibilityService.java:32)
	at android.view.accessibility.cts.AccessibilityManagerTest.testGetRecommendedTimeoutMillis(AccessibilityManagerTest.java:396)
	at java.lang.reflect.Method.invoke(Native Method)
	at org.junit.runners.model.FrameworkMethod$1.runReflectiveCall(FrameworkMethod.java:50)
	at org.junit.internal.runners.model.ReflectiveCallable.run(ReflectiveCallable.java:12)
	at org.junit.runners.model.FrameworkMethod.invokeExplosively(FrameworkMethod.java:52)
	at org.junit.internal.runners.statements.InvokeMethod.evaluate(InvokeMethod.java:17)
	at org.junit.internal.runners.statements.FailOnTimeout$CallableStatement.call(FailOnTimeout.java:148)
	at org.junit.internal.runners.statements.FailOnTimeout$CallableStatement.call(FailOnTimeout.java:142)
	at java.util.concurrent.FutureTask.run(FutureTask.java:266)
	at java.lang.Thread.run(Thread.java:923)
</StackTrace>
        </Failure>
      </Test>
      <Test result="fail" name="testInterrupt">
        <Failure message="java.lang.RuntimeException: Starting accessibility service SpeakingAccessibilityService took longer than 10000ms&#13;">
          <StackTrace>java.lang.RuntimeException: Starting accessibility service SpeakingAccessibilityService took longer than 10000ms
	at android.accessibility.cts.common.InstrumentedAccessibilityService.enableService(InstrumentedAccessibilityService.java:198)
	at android.view.accessibility.cts.SpeakingAccessibilityService.enableSelf(SpeakingAccessibilityService.java:32)
	at android.view.accessibility.cts.AccessibilityManagerTest.testInterrupt(AccessibilityManagerTest.java:275)
	at java.lang.reflect.Method.invoke(Native Method)
	at org.junit.runners.model.FrameworkMethod$1.runReflectiveCall(FrameworkMethod.java:50)
	at org.junit.internal.runners.model.ReflectiveCallable.run(ReflectiveCallable.java:12)
	at org.junit.runners.model.FrameworkMethod.invokeExplosively(FrameworkMethod.java:52)
	at org.junit.internal.runners.statements.InvokeMethod.evaluate(InvokeMethod.java:17)
	at org.junit.internal.runners.statements.FailOnTimeout$CallableStatement.call(FailOnTimeout.java:148)
	at org.junit.internal.runners.statements.FailOnTimeout$CallableStatement.call(FailOnTimeout.java:142)
	at java.util.concurrent.FutureTask.run(FutureTask.java:266)
	at java.lang.Thread.run(Thread.java:923)
</StackTrace>
        </Failure>
      </Test>
      <Test result="pass" name="testGetAccessibilityServiceList" />
      <Test result="fail" name="testAccessibilityStateListenerNoHandler">
        <Failure message="java.lang.RuntimeException: Starting accessibility service SpeakingAndVibratingAccessibilityService took longer than 10000ms&#13;">
          <StackTrace>java.lang.RuntimeException: Starting accessibility service SpeakingAndVibratingAccessibilityService took longer than 10000ms
	at android.accessibility.cts.common.InstrumentedAccessibilityService.enableService(InstrumentedAccessibilityService.java:198)
	at android.view.accessibility.cts.SpeakingAndVibratingAccessibilityService.enableSelf(SpeakingAndVibratingAccessibilityService.java:28)
	at android.view.accessibility.cts.AccessibilityManagerTest.testAccessibilityStateListenerNoHandler(AccessibilityManagerTest.java:356)
	at java.lang.reflect.Method.invoke(Native Method)
	at org.junit.runners.model.FrameworkMethod$1.runReflectiveCall(FrameworkMethod.java:50)
	at org.junit.internal.runners.model.ReflectiveCallable.run(ReflectiveCallable.java:12)
	at org.junit.runners.model.FrameworkMethod.invokeExplosively(FrameworkMethod.java:52)
	at org.junit.internal.runners.statements.InvokeMethod.evaluate(InvokeMethod.java:17)
	at org.junit.internal.runners.statements.FailOnTimeout$CallableStatement.call(FailOnTimeout.java:148)
	at org.junit.internal.runners.statements.FailOnTimeout$CallableStatement.call(FailOnTimeout.java:142)
	at java.util.concurrent.FutureTask.run(FutureTask.java:266)
	at java.lang.Thread.run(Thread.java:923)
</StackTrace>
        </Failure>
      </Test>
      <Test result="fail" name="testGetEnabledAccessibilityServiceListForType">
        <Failure message="java.lang.RuntimeException: Starting accessibility service SpeakingAccessibilityService took longer than 10000ms&#13;">
          <StackTrace>java.lang.RuntimeException: Starting accessibility service SpeakingAccessibilityService took longer than 10000ms
	at android.accessibility.cts.common.InstrumentedAccessibilityService.enableService(InstrumentedAccessibilityService.java:198)
	at android.view.accessibility.cts.SpeakingAccessibilityService.enableSelf(SpeakingAccessibilityService.java:32)
	at android.view.accessibility.cts.AccessibilityManagerTest.testGetEnabledAccessibilityServiceListForType(AccessibilityManagerTest.java:192)
	at java.lang.reflect.Method.invoke(Native Method)
	at org.junit.runners.model.FrameworkMethod$1.runReflectiveCall(FrameworkMethod.java:50)
	at org.junit.internal.runners.model.ReflectiveCallable.run(ReflectiveCallable.java:12)
	at org.junit.runners.model.FrameworkMethod.invokeExplosively(FrameworkMethod.java:52)
	at org.junit.internal.runners.statements.InvokeMethod.evaluate(InvokeMethod.java:17)
	at org.junit.internal.runners.statements.FailOnTimeout$CallableStatement.call(FailOnTimeout.java:148)
	at org.junit.internal.runners.statements.FailOnTimeout$CallableStatement.call(FailOnTimeout.java:142)
	at java.util.concurrent.FutureTask.run(FutureTask.java:266)
	at java.lang.Thread.run(Thread.java:923)
</StackTrace>
        </Failure>
      </Test>
      <Test result="fail" name="testTouchExplorationListenerNoHandler">
        <Failure message="java.lang.RuntimeException: Starting accessibility service SpeakingAccessibilityService took longer than 10000ms&#13;">
          <StackTrace>java.lang.RuntimeException: Starting accessibility service SpeakingAccessibilityService took longer than 10000ms
	at android.accessibility.cts.common.InstrumentedAccessibilityService.enableService(InstrumentedAccessibilityService.java:198)
	at android.view.accessibility.cts.SpeakingAccessibilityService.enableSelf(SpeakingAccessibilityService.java:32)
	at android.view.accessibility.cts.AccessibilityManagerTest.testTouchExplorationListenerNoHandler(AccessibilityManagerTest.java:304)
	at java.lang.reflect.Method.invoke(Native Method)
	at org.junit.runners.model.FrameworkMethod$1.runReflectiveCall(FrameworkMethod.java:50)
	at org.junit.internal.runners.model.ReflectiveCallable.run(ReflectiveCallable.java:12)
	at org.junit.runners.model.FrameworkMethod.invokeExplosively(FrameworkMethod.java:52)
	at org.junit.internal.runners.statements.InvokeMethod.evaluate(InvokeMethod.java:17)
	at org.junit.internal.runners.statements.FailOnTimeout$CallableStatement.call(FailOnTimeout.java:148)
	at org.junit.internal.runners.statements.FailOnTimeout$CallableStatement.call(FailOnTimeout.java:142)
	at java.util.concurrent.FutureTask.run(FutureTask.java:266)
	at java.lang.Thread.run(Thread.java:923)
</StackTrace>
        </Failure>
      </Test>
      <Test result="fail" name="testGetEnabledAccessibilityServiceListForTypes">
        <Failure message="java.lang.RuntimeException: Starting accessibility service SpeakingAccessibilityService took longer than 10000ms&#13;">
          <StackTrace>java.lang.RuntimeException: Starting accessibility service SpeakingAccessibilityService took longer than 10000ms
	at android.accessibility.cts.common.InstrumentedAccessibilityService.enableService(InstrumentedAccessibilityService.java:198)
	at android.view.accessibility.cts.SpeakingAccessibilityService.enableSelf(SpeakingAccessibilityService.java:32)
	at android.view.accessibility.cts.AccessibilityManagerTest.testGetEnabledAccessibilityServiceListForTypes(AccessibilityManagerTest.java:212)
	at java.lang.reflect.Method.invoke(Native Method)
	at org.junit.runners.model.FrameworkMethod$1.runReflectiveCall(FrameworkMethod.java:50)
	at org.junit.internal.runners.model.ReflectiveCallable.run(ReflectiveCallable.java:12)
	at org.junit.runners.model.FrameworkMethod.invokeExplosively(FrameworkMethod.java:52)
	at org.junit.internal.runners.statements.InvokeMethod.evaluate(InvokeMethod.java:17)
	at org.junit.internal.runners.statements.FailOnTimeout$CallableStatement.call(FailOnTimeout.java:148)
	at org.junit.internal.runners.statements.FailOnTimeout$CallableStatement.call(FailOnTimeout.java:142)
	at java.util.concurrent.FutureTask.run(FutureTask.java:266)
	at java.lang.Thread.run(Thread.java:923)
</StackTrace>
        </Failure>
      </Test>
    </TestCase>
    <TestCase name="android.view.accessibility.cts.AccessibilityNodeInfoTest">
      <Test result="pass" name="testAddActions" />
      <Test result="pass" name="testChangeTextAfterSetting_shouldNotAffectInfo" />
      <Test result="pass" name="testCreateInvalidActionId" />
      <Test result="pass" name="testDescribeContents" />
      <Test result="pass" name="testIsHeadingTakesOldApiIntoAccount" />
      <Test result="pass" name="testMarshaling" />
      <Test result="pass" name="testRecycle" />
      <Test result="pass" name="testRemoveActions" />
      <Test result="pass" name="testReuse" />
    </TestCase>
    <TestCase name="android.view.accessibility.cts.AccessibilityNodeInfo_CollectionInfoTest">
      <Test result="pass" name="testObtain" />
    </TestCase>
    <TestCase name="android.view.accessibility.cts.AccessibilityNodeInfo_RangeInfoTest">
      <Test result="pass" name="testObtain" />
    </TestCase>
    <TestCase name="android.view.accessibility.cts.AccessibilityNodeProviderTest">
      <Test result="pass" name="testDefaultBehavior" />
    </TestCase>
    <TestCase name="android.view.accessibility.cts.AccessibilityRecordTest">
      <Test result="pass" name="testObtain" />
      <Test result="fail" name="testRecycle">
        <Failure message="junit.framework.AssertionFailedError: maxScrollX not properly recycled expected same:&amp;lt;-1&amp;gt; was not:&amp;lt;0&amp;gt;&#13;">
          <StackTrace>junit.framework.AssertionFailedError: maxScrollX not properly recycled expected same:&amp;lt;-1&amp;gt; was not:&amp;lt;0&amp;gt;
	at junit.framework.Assert.fail(Assert.java:50)
	at junit.framework.Assert.failNotSame(Assert.java:283)
	at junit.framework.Assert.assertSame(Assert.java:246)
	at android.view.accessibility.cts.AccessibilityRecordTest.assertAccessibilityRecordCleared(AccessibilityRecordTest.java:87)
	at android.view.accessibility.cts.AccessibilityRecordTest.testRecycle(AccessibilityRecordTest.java:63)
	at java.lang.reflect.Method.invoke(Native Method)
	at junit.framework.TestCase.runTest(TestCase.java:168)
	at junit.framework.TestCase.runBare(TestCase.java:134)
	at junit.framework.TestResult$1.protect(TestResult.java:115)
	at androidx.test.internal.runner.junit3.AndroidTestResult.runProtected(AndroidTestResult.java:73)
	at junit.framework.TestResult.run(TestResult.java:118)
	at androidx.test.internal.runner.junit3.AndroidTestResult.run(AndroidTestResult.java:51)
	at junit.framework.TestCase.run(TestCase.java:124)
	at androidx.test.internal.runner.junit3.NonLeakyTestSuite$NonLeakyTest.run(NonLeakyTestSuite.java:62)
	at androidx.test.internal.runner.junit3.AndroidTestSuite$2.run(AndroidTestSuite.java:101)
	at java.util.concurrent.Executors$RunnableAdapter.call(Executors.java:462)
	at java.util.concurrent.FutureTask.run(FutureTask.java:266)
	at java.util.concurrent.ThreadPoolExecutor.runWorker(ThreadPoolExecutor.java:1167)
	at java.util.concurrent.ThreadPoolExecutor$Worker.run(ThreadPoolExecutor.java:641)
	at java.lang.Thread.run(Thread.java:923)
</StackTrace>
        </Failure>
      </Test>
    </TestCase>
    <TestCase name="android.view.accessibility.cts.AccessibilityServiceInfoTest">
      <Test result="fail" name="testAccessibilityServiceInfoForEnabledService">
        <Failure message="java.lang.RuntimeException: Starting accessibility service SpeakingAccessibilityService took longer than 10000ms&#13;">
          <StackTrace>java.lang.RuntimeException: Starting accessibility service SpeakingAccessibilityService took longer than 10000ms
	at android.accessibility.cts.common.InstrumentedAccessibilityService.enableService(InstrumentedAccessibilityService.java:198)
	at android.view.accessibility.cts.SpeakingAccessibilityService.enableSelf(SpeakingAccessibilityService.java:32)
	at android.view.accessibility.cts.AccessibilityServiceInfoTest.setUp(AccessibilityServiceInfoTest.java:40)
	at junit.framework.TestCase.runBare(TestCase.java:132)
	at junit.framework.TestResult$1.protect(TestResult.java:115)
	at androidx.test.internal.runner.junit3.AndroidTestResult.runProtected(AndroidTestResult.java:73)
	at junit.framework.TestResult.run(TestResult.java:118)
	at androidx.test.internal.runner.junit3.AndroidTestResult.run(AndroidTestResult.java:51)
	at junit.framework.TestCase.run(TestCase.java:124)
	at androidx.test.internal.runner.junit3.NonLeakyTestSuite$NonLeakyTest.run(NonLeakyTestSuite.java:62)
	at androidx.test.internal.runner.junit3.AndroidTestSuite$2.run(AndroidTestSuite.java:101)
	at java.util.concurrent.Executors$RunnableAdapter.call(Executors.java:462)
	at java.util.concurrent.FutureTask.run(FutureTask.java:266)
	at java.util.concurrent.ThreadPoolExecutor.runWorker(ThreadPoolExecutor.java:1167)
	at java.util.concurrent.ThreadPoolExecutor$Worker.run(ThreadPoolExecutor.java:641)
	at java.lang.Thread.run(Thread.java:923)
</StackTrace>
        </Failure>
      </Test>
    </TestCase>
    <TestCase name="android.view.accessibility.cts.AccessibilityWindowInfoTest">
      <Test result="pass" name="testDefaultValues" />
      <Test result="pass" name="testObtain" />
      <Test result="pass" name="testParceling" />
      <Test result="pass" name="testRecycle" />
    </TestCase>
    <TestCase name="android.view.accessibility.cts.CaptioningManagerTest">
      <Test result="fail" name="testChangeListener">
        <Failure message="java.lang.IllegalArgumentException: dexcache == null (and no default could be found; consider setting the 'dexmaker.dexcache' system property)&#13;">
          <StackTrace>java.lang.IllegalArgumentException: dexcache == null (and no default could be found; consider setting the 'dexmaker.dexcache' system property)
	at com.android.dx.DexMaker.generateAndLoad(DexMaker.java:508)
	at com.android.dx.stock.ProxyBuilder.buildProxyClass(ProxyBuilder.java:337)
	at com.android.dx.mockito.DexmakerMockMaker.createMock(DexmakerMockMaker.java:114)
	at org.mockito.internal.util.MockUtil.createMock(MockUtil.java:35)
	at org.mockito.internal.MockitoCore.mock(MockitoCore.java:69)
	at org.mockito.Mockito.mock(Mockito.java:1895)
	at org.mockito.Mockito.mock(Mockito.java:1804)
	at android.view.accessibility.cts.CaptioningManagerTest.testChangeListener(CaptioningManagerTest.java:69)
	at java.lang.reflect.Method.invoke(Native Method)
	at android.test.InstrumentationTestCase.runMethod(InstrumentationTestCase.java:220)
	at android.test.InstrumentationTestCase.runTest(InstrumentationTestCase.java:205)
	at junit.framework.TestCase.runBare(TestCase.java:134)
	at junit.framework.TestResult$1.protect(TestResult.java:115)
	at androidx.test.internal.runner.junit3.AndroidTestResult.runProtected(AndroidTestResult.java:73)
	at junit.framework.TestResult.run(TestResult.java:118)
	at androidx.test.internal.runner.junit3.AndroidTestResult.run(AndroidTestResult.java:51)
	at junit.framework.TestCase.run(TestCase.java:124)
	at androidx.test.internal.runner.junit3.NonLeakyTestSuite$NonLeakyTest.run(NonLeakyTestSuite.java:62)
	at androidx.test.internal.runner.junit3.AndroidTestSuite$2.run(AndroidTestSuite.java:101)
	at java.util.concurrent.Executors$RunnableAdapter.call(Executors.java:462)
	at java.util.concurrent.FutureTask.run(FutureTask.java:266)
	at java.util.concurrent.ThreadPoolExecutor.runWorker(ThreadPoolExecutor.java:1167)
	at java.util.concurrent.ThreadPoolExecutor$Worker.run(ThreadPoolExecutor.java:641)
	at java.lang.Thread.run(Thread.java:923)
</StackTrace>
        </Failure>
      </Test>
      <Test result="fail" name="testProperties">
        <Failure message="junit.framework.AssertionFailedError: Test runner set font scale to 2.0 expected:&amp;lt;2.0&amp;gt; but was:&amp;lt;1.0&amp;gt;&#13;">
          <StackTrace>junit.framework.AssertionFailedError: Test runner set font scale to 2.0 expected:&amp;lt;2.0&amp;gt; but was:&amp;lt;1.0&amp;gt;
	at junit.framework.Assert.fail(Assert.java:50)
	at junit.framework.Assert.failNotEquals(Assert.java:287)
	at junit.framework.Assert.assertEquals(Assert.java:67)
	at android.view.accessibility.cts.CaptioningManagerTest.testProperties(CaptioningManagerTest.java:105)
	at java.lang.reflect.Method.invoke(Native Method)
	at android.test.InstrumentationTestCase.runMethod(InstrumentationTestCase.java:220)
	at android.test.InstrumentationTestCase.runTest(InstrumentationTestCase.java:205)
	at junit.framework.TestCase.runBare(TestCase.java:134)
	at junit.framework.TestResult$1.protect(TestResult.java:115)
	at androidx.test.internal.runner.junit3.AndroidTestResult.runProtected(AndroidTestResult.java:73)
	at junit.framework.TestResult.run(TestResult.java:118)
	at androidx.test.internal.runner.junit3.AndroidTestResult.run(AndroidTestResult.java:51)
	at junit.framework.TestCase.run(TestCase.java:124)
	at androidx.test.internal.runner.junit3.NonLeakyTestSuite$NonLeakyTest.run(NonLeakyTestSuite.java:62)
	at androidx.test.internal.runner.junit3.AndroidTestSuite$2.run(AndroidTestSuite.java:101)
	at java.util.concurrent.Executors$RunnableAdapter.call(Executors.java:462)
	at java.util.concurrent.FutureTask.run(FutureTask.java:266)
	at java.util.concurrent.ThreadPoolExecutor.runWorker(ThreadPoolExecutor.java:1167)
	at java.util.concurrent.ThreadPoolExecutor$Worker.run(ThreadPoolExecutor.java:641)
	at java.lang.Thread.run(Thread.java:923)
</StackTrace>
        </Failure>
      </Test>
      <Test result="fail" name="testUserStyle">
        <Failure message="junit.framework.AssertionFailedError: Default user style has no edge type&#13;">
          <StackTrace>junit.framework.AssertionFailedError: Default user style has no edge type
	at junit.framework.Assert.fail(Assert.java:50)
	at junit.framework.Assert.assertTrue(Assert.java:20)
	at junit.framework.Assert.assertFalse(Assert.java:34)
	at android.view.accessibility.cts.CaptioningManagerTest.testUserStyle(CaptioningManagerTest.java:121)
	at java.lang.reflect.Method.invoke(Native Method)
	at android.test.InstrumentationTestCase.runMethod(InstrumentationTestCase.java:220)
	at android.test.InstrumentationTestCase.runTest(InstrumentationTestCase.java:205)
	at junit.framework.TestCase.runBare(TestCase.java:134)
	at junit.framework.TestResult$1.protect(TestResult.java:115)
	at androidx.test.internal.runner.junit3.AndroidTestResult.runProtected(AndroidTestResult.java:73)
	at junit.framework.TestResult.run(TestResult.java:118)
	at androidx.test.internal.runner.junit3.AndroidTestResult.run(AndroidTestResult.java:51)
	at junit.framework.TestCase.run(TestCase.java:124)
	at androidx.test.internal.runner.junit3.NonLeakyTestSuite$NonLeakyTest.run(NonLeakyTestSuite.java:62)
	at androidx.test.internal.runner.junit3.AndroidTestSuite$2.run(AndroidTestSuite.java:101)
	at java.util.concurrent.Executors$RunnableAdapter.call(Executors.java:462)
	at java.util.concurrent.FutureTask.run(FutureTask.java:266)
	at java.util.concurrent.ThreadPoolExecutor.runWorker(ThreadPoolExecutor.java:1167)
	at java.util.concurrent.ThreadPoolExecutor$Worker.run(ThreadPoolExecutor.java:641)
	at java.lang.Thread.run(Thread.java:923)
</StackTrace>
        </Failure>
      </Test>
    </TestCase>
  </Module>
  <Module name="CtsAccountManagerTestCases" abi="arm64-v8a" runtime="96840" done="true" pass="151" total_tests="151">
    <TestCase name="android.accounts.cts.AbstractAuthenticatorTests">
      <Test result="pass" name="testFinishSessionAndStartAddAccountSessionDefaultImpl" />
      <Test result="pass" name="testFinishSessionAndStartUpdateCredentialsSessionDefaultImpl" />
      <Test result="pass" name="testIsCredentialsUpdateSuggestedDefaultImpl" />
      <Test result="pass" name="testStartAddAccountSessionDefaultImpl" />
      <Test result="pass" name="testStartUpdateCredentialsSessionDefaultImpl" />
    </TestCase>
    <TestCase name="android.accounts.cts.AccountManagerTest">
      <Test result="pass" name="testAccountRenameAndGetPreviousName" />
      <Test result="pass" name="testAddAccount" />
      <Test result="pass" name="testAddAccountExplicitlyAndRemoveAccount" />
      <Test result="pass" name="testAddAccountExplicitlyAndRemoveAccountExplicitly" />
      <Test result="pass" name="testAddAccountExplicitlyAndRemoveAccountWithDefaultImpl" />
      <Test result="pass" name="testAddAccountExplicitlyAndRemoveAccountWithDeprecatedApi" />
      <Test result="pass" name="testAddAccountExplicitlyAndRemoveAccountWithNewApi" />
      <Test result="pass" name="testAddAccountExplicitlyWithVisibility" />
      <Test result="pass" name="testAddAccountWithCallbackAndHandler" />
      <Test result="pass" name="testAddAccountWithNoAuthenticator" />
      <Test result="pass" name="testAddOnAccountsUpdatedListenerWithHandler" />
      <Test result="pass" name="testAddOnAccountsUpdatedListenerWithVisibility" />
      <Test result="pass" name="testBlockingGetAuthToken_CustomToken_ExpiringCache_Success" />
      <Test result="pass" name="testBlockingGetAuthToken_CustomToken_NoCaching_Success" />
      <Test result="pass" name="testBlockingGetAuthToken_DefaultToken_Success" />
      <Test result="pass" name="testConfirmCredentials" />
      <Test result="pass" name="testConfirmCredentialsAccountNotOnDevice" />
      <Test result="pass" name="testConfirmCredentialsWithCallbackAndHandler" />
      <Test result="pass" name="testDeprecatedGetAuthTokenWithFuture_NoOptions_CustomToken_Success" />
      <Test result="pass" name="testDeprecatedGetAuthTokenWithFuture_NoOptions_DefaultToken_Success" />
      <Test result="pass" name="testEditProperties" />
      <Test result="pass" name="testEditPropertiesWithCallbackAndHandler" />
      <Test result="pass" name="testFinishSessionError" />
      <Test result="pass" name="testFinishSessionErrorWithCallbackAndHandler" />
      <Test result="pass" name="testFinishSessionFromStartAddAccountAccountTypeOverriden" />
      <Test result="pass" name="testFinishSessionFromStartAddAccountWithoutAccountType" />
      <Test result="pass" name="testFinishSessionFromStartUpdateCredentialsSessionAccountTypeOverriden" />
      <Test result="pass" name="testFinishSessionFromStartUpdateCredentialsSessionWithoutAccountType" />
      <Test result="pass" name="testFinishSessionIntervene" />
      <Test result="pass" name="testFinishSessionWithCallbackAndHandler" />
      <Test result="pass" name="testFinishSessionWithCallbackAndHandlerWithIntervene" />
      <Test result="pass" name="testFinishSessionWithCallbackAndHandlerWithReturnIntent" />
      <Test result="pass" name="testFinishSessionWithDecryptionError" />
      <Test result="pass" name="testFinishSessionWithEmptySessionBundle" />
      <Test result="pass" name="testFinishSessionWithInvalidEncryptedContent" />
      <Test result="pass" name="testFinishSessionWithNullSessionBundle" />
      <Test result="pass" name="testFinishSessionWithReturnIntent" />
      <Test result="pass" name="testFinishSessionWithStartAddAccountSession" />
      <Test result="pass" name="testFinishSessionWithStartUpdateCredentialsSession" />
      <Test result="pass" name="testGet" />
      <Test result="pass" name="testGetAccountsAndGetAccountsByType" />
      <Test result="pass" name="testGetAccountsAndVisibilityForPackage" />
      <Test result="pass" name="testGetAccountsByTypeAndFeatures" />
      <Test result="pass" name="testGetAccountsByTypeAndFeaturesWithCallbackAndHandler" />
      <Test result="pass" name="testGetAccountsReturnedOrder" />
      <Test result="pass" name="testGetAuthTokenByFeatures" />
      <Test result="pass" name="testGetAuthTokenWithCallbackAndHandler" />
      <Test result="pass" name="testGetAuthTokenWithCallback_Options_Handler_CustomToken_Success" />
      <Test result="pass" name="testGetAuthTokenWithCallback_Options_Handler_DefaultToken_Success" />
      <Test result="pass" name="testGetAuthTokenWithFuture_Options_CustomToken_Success" />
      <Test result="pass" name="testGetAuthTokenWithFuture_Options_DefaultToken_Success" />
      <Test result="pass" name="testGetAuthTokenWithOptionsAndCallback" />
      <Test result="pass" name="testGetAuthenticatorTypes" />
      <Test result="pass" name="testGetPackagesAndVisibilityForAccount" />
      <Test result="pass" name="testGetsAreCached" />
      <Test result="pass" name="testHasFeature" />
      <Test result="pass" name="testIsCredentialsUpdateSuggestedEmptyToken_IllegalArgumentationException" />
      <Test result="pass" name="testIsCredentialsUpdateSuggestedErrorWithCallbackAndHandler" />
      <Test result="pass" name="testIsCredentialsUpdateSuggestedNullAccount_IllegalArgumentationException" />
      <Test result="pass" name="testIsCredentialsUpdateSuggestedWithCallbackAndHandler" />
      <Test result="pass" name="testIsCredentialsUpdateSuggested_Error" />
      <Test result="pass" name="testIsCredentialsUpdateSuggested_Success" />
      <Test result="pass" name="testLastAuthenticatedTimeAfterAddAccount" />
      <Test result="pass" name="testLastAuthenticatedTimeAfterConfirmCredentialsSuccess" />
      <Test result="pass" name="testLastAuthenticatedTimeAfterSetPassword" />
      <Test result="pass" name="testLastAuthenticatedTimeAfterUpdateCredentialsSuccess" />
      <Test result="pass" name="testNewChooseAccountIntent" />
      <Test result="pass" name="testNewChooseAccountIntentDepracated" />
      <Test result="pass" name="testRemoveOnAccountsUpdatedListener" />
      <Test result="pass" name="testSetAccountVisibility" />
      <Test result="pass" name="testSetAccountVisibilityForPrivilegedPackage" />
      <Test result="pass" name="testSetAndGetAndClearPassword" />
      <Test result="pass" name="testSetAndGetUserData" />
      <Test result="pass" name="testSetAndPeekAndInvalidateAuthToken" />
      <Test result="pass" name="testStartAddAccountSession" />
      <Test result="pass" name="testStartAddAccountSessionError" />
      <Test result="pass" name="testStartAddAccountSessionErrorWithCallbackAndHandler" />
      <Test result="pass" name="testStartAddAccountSessionIntervene" />
      <Test result="pass" name="testStartAddAccountSessionWithCallbackAndHandler" />
      <Test result="pass" name="testStartAddAccountSessionWithCallbackAndHandlerWithIntervene" />
      <Test result="pass" name="testStartAddAccountSessionWithCallbackAndHandlerWithReturnIntent" />
      <Test result="pass" name="testStartAddAccountSessionWithEmptySessionBundle" />
      <Test result="pass" name="testStartAddAccountSessionWithNullSessionBundle" />
      <Test result="pass" name="testStartAddAccountSessionWithReturnIntent" />
      <Test result="pass" name="testStartUpdateCredentialsSession" />
      <Test result="pass" name="testStartUpdateCredentialsSessionError" />
      <Test result="pass" name="testStartUpdateCredentialsSessionErrorWithCallbackAndHandler" />
      <Test result="pass" name="testStartUpdateCredentialsSessionIntervene" />
      <Test result="pass" name="testStartUpdateCredentialsSessionWithCallbackAndHandler" />
      <Test result="pass" name="testStartUpdateCredentialsSessionWithCallbackAndHandlerWithIntervene" />
      <Test result="pass" name="testStartUpdateCredentialsSessionWithCallbackAndHandlerWithReturnIntent" />
      <Test result="pass" name="testStartUpdateCredentialsSessionWithEmptySessionBundle" />
      <Test result="pass" name="testStartUpdateCredentialsSessionWithNullSessionBundle" />
      <Test result="pass" name="testStartUpdateCredentialsSessionWithReturnIntent" />
      <Test result="pass" name="testUpdateCredentials" />
      <Test result="pass" name="testUpdateCredentialsWithCallbackAndHandler" />
    </TestCase>
    <TestCase name="android.accounts.cts.AccountManagerUnaffiliatedAuthenticatorTests">
      <Test result="pass" name="testAddAccountExplicitly" />
      <Test result="pass" name="testAddAccountExplicitlyVisthVisibilityMap" />
      <Test result="pass" name="testClearPassword" />
      <Test result="pass" name="testDefaultFinishSessionWithCustomStartUpdateCredentialsSessionImpl" />
      <Test result="pass" name="testDefaultFinishSessiontWithStartAddAccountSessionImpl" />
      <Test result="pass" name="testEditProperties" />
      <Test result="pass" name="testGetAccountVisibility" />
      <Test result="pass" name="testGetAccounts" />
      <Test result="pass" name="testGetAccountsAndVisibilityForPackage" />
      <Test result="pass" name="testGetAccountsByType" />
      <Test result="pass" name="testGetAccountsByTypeAndFeatures" />
      <Test result="pass" name="testGetAccountsByTypeForPackage" />
      <Test result="pass" name="testGetPackagesAndVisibilityForAccount" />
      <Test result="pass" name="testGetPassword" />
      <Test result="pass" name="testGetUserData" />
      <Test result="pass" name="testNotifyAccountAuthenticated" />
      <Test result="pass" name="testPeekAuthToken" />
      <Test result="pass" name="testRemoveAccountExplicitly" />
      <Test result="pass" name="testRemoveAccount_withBooleanResult" />
      <Test result="pass" name="testRemoveAccount_withBundleResult" />
      <Test result="pass" name="testSetAccountVisibility" />
      <Test result="pass" name="testSetPassword" />
      <Test result="pass" name="testSetUserData" />
      <Test result="pass" name="testStartAddAccountSession" />
      <Test result="pass" name="testStartUpdateCredentialsSession" />
    </TestCase>
    <TestCase name="android.accounts.cts.AccountTest">
      <Test result="pass" name="testAccountObjectCreationWithNullAccountType" />
      <Test result="pass" name="testAccountObjectCreationWithNullName" />
      <Test result="pass" name="testDescribeContents" />
      <Test result="pass" name="testWriteToParcel" />
    </TestCase>
    <TestCase name="android.accounts.cts.AuthenticatorDescriptionTest">
      <Test result="pass" name="testAccountObjectCreationWithNullPackageName" />
      <Test result="pass" name="testDescribeContents" />
      <Test result="pass" name="testNewKey" />
      <Test result="pass" name="testObjectCreation" />
      <Test result="pass" name="testObjectCreationWithNullAccountType" />
    </TestCase>
    <TestCase name="android.accounts.cts.ExceptionTest">
      <Test result="pass" name="testAccountsException" />
      <Test result="pass" name="testAccountsExceptionWithMessage" />
      <Test result="pass" name="testAccountsExceptionWithMessageAndThrowableCause" />
      <Test result="pass" name="testAccountsExceptionWithThrowableCause" />
      <Test result="pass" name="testAuthenticatorException" />
      <Test result="pass" name="testAuthenticatorExceptionWithMessage" />
      <Test result="pass" name="testAuthenticatorExceptionWithMessageAndThrowableCause" />
      <Test result="pass" name="testAuthenticatorExceptionWithThrowableCause" />
      <Test result="pass" name="testNetworkErrorException" />
      <Test result="pass" name="testNetworkErrorExceptionWithMessage" />
      <Test result="pass" name="testNetworkErrorExceptionWithMessageAndThrowableCause" />
      <Test result="pass" name="testNetworkErrorExceptionWithThrowableCause" />
      <Test result="pass" name="testOperationCanceledException" />
      <Test result="pass" name="testOperationCanceledExceptionWithMessage" />
      <Test result="pass" name="testOperationCanceledExceptionWithMessageAndThrowableCause" />
      <Test result="pass" name="testOperationCanceledExceptionWithThrowableCause" />
    </TestCase>
  </Module>
  <Module name="CtsAccountManagerTestCases[instant]" abi="arm64-v8a" runtime="75804" done="true" pass="120" total_tests="120">
    <TestCase name="android.accounts.cts.AbstractAuthenticatorTests">
      <Test result="pass" name="testIsCredentialsUpdateSuggestedDefaultImpl" />
      <Test result="pass" name="testStartAddAccountSessionDefaultImpl" />
      <Test result="pass" name="testStartUpdateCredentialsSessionDefaultImpl" />
    </TestCase>
    <TestCase name="android.accounts.cts.AccountManagerTest">
      <Test result="pass" name="testAccountRenameAndGetPreviousName" />
      <Test result="pass" name="testAddAccount" />
      <Test result="pass" name="testAddAccountWithCallbackAndHandler" />
      <Test result="pass" name="testAddAccountWithNoAuthenticator" />
      <Test result="pass" name="testAddOnAccountsUpdatedListenerWithHandler" />
      <Test result="pass" name="testAddOnAccountsUpdatedListenerWithVisibility" />
      <Test result="pass" name="testBlockingGetAuthToken_CustomToken_ExpiringCache_Success" />
      <Test result="pass" name="testBlockingGetAuthToken_CustomToken_NoCaching_Success" />
      <Test result="pass" name="testBlockingGetAuthToken_DefaultToken_Success" />
      <Test result="pass" name="testConfirmCredentials" />
      <Test result="pass" name="testConfirmCredentialsAccountNotOnDevice" />
      <Test result="pass" name="testConfirmCredentialsWithCallbackAndHandler" />
      <Test result="pass" name="testDeprecatedGetAuthTokenWithFuture_NoOptions_CustomToken_Success" />
      <Test result="pass" name="testDeprecatedGetAuthTokenWithFuture_NoOptions_DefaultToken_Success" />
      <Test result="pass" name="testEditProperties" />
      <Test result="pass" name="testEditPropertiesWithCallbackAndHandler" />
      <Test result="pass" name="testFinishSessionError" />
      <Test result="pass" name="testFinishSessionErrorWithCallbackAndHandler" />
      <Test result="pass" name="testFinishSessionFromStartAddAccountAccountTypeOverriden" />
      <Test result="pass" name="testFinishSessionFromStartAddAccountWithoutAccountType" />
      <Test result="pass" name="testFinishSessionFromStartUpdateCredentialsSessionAccountTypeOverriden" />
      <Test result="pass" name="testFinishSessionFromStartUpdateCredentialsSessionWithoutAccountType" />
      <Test result="pass" name="testFinishSessionWithCallbackAndHandler" />
      <Test result="pass" name="testFinishSessionWithDecryptionError" />
      <Test result="pass" name="testFinishSessionWithEmptySessionBundle" />
      <Test result="pass" name="testFinishSessionWithInvalidEncryptedContent" />
      <Test result="pass" name="testFinishSessionWithNullSessionBundle" />
      <Test result="pass" name="testFinishSessionWithStartAddAccountSession" />
      <Test result="pass" name="testFinishSessionWithStartUpdateCredentialsSession" />
      <Test result="pass" name="testGet" />
      <Test result="pass" name="testGetAccountsAndGetAccountsByType" />
      <Test result="pass" name="testGetAccountsByTypeAndFeatures" />
      <Test result="pass" name="testGetAccountsByTypeAndFeaturesWithCallbackAndHandler" />
      <Test result="pass" name="testGetAuthTokenByFeatures" />
      <Test result="pass" name="testGetAuthTokenWithCallbackAndHandler" />
      <Test result="pass" name="testGetAuthTokenWithCallback_Options_Handler_CustomToken_Success" />
      <Test result="pass" name="testGetAuthTokenWithCallback_Options_Handler_DefaultToken_Success" />
      <Test result="pass" name="testGetAuthTokenWithFuture_Options_CustomToken_Success" />
      <Test result="pass" name="testGetAuthTokenWithFuture_Options_DefaultToken_Success" />
      <Test result="pass" name="testGetAuthTokenWithOptionsAndCallback" />
      <Test result="pass" name="testGetAuthenticatorTypes" />
      <Test result="pass" name="testGetsAreCached" />
      <Test result="pass" name="testHasFeature" />
      <Test result="pass" name="testIsCredentialsUpdateSuggestedEmptyToken_IllegalArgumentationException" />
      <Test result="pass" name="testIsCredentialsUpdateSuggestedErrorWithCallbackAndHandler" />
      <Test result="pass" name="testIsCredentialsUpdateSuggestedNullAccount_IllegalArgumentationException" />
      <Test result="pass" name="testIsCredentialsUpdateSuggestedWithCallbackAndHandler" />
      <Test result="pass" name="testIsCredentialsUpdateSuggested_Error" />
      <Test result="pass" name="testIsCredentialsUpdateSuggested_Success" />
      <Test result="pass" name="testNewChooseAccountIntent" />
      <Test result="pass" name="testNewChooseAccountIntentDepracated" />
      <Test result="pass" name="testRemoveOnAccountsUpdatedListener" />
      <Test result="pass" name="testSetAndGetAndClearPassword" />
      <Test result="pass" name="testSetAndGetUserData" />
      <Test result="pass" name="testSetAndPeekAndInvalidateAuthToken" />
      <Test result="pass" name="testStartAddAccountSession" />
      <Test result="pass" name="testStartAddAccountSessionError" />
      <Test result="pass" name="testStartAddAccountSessionErrorWithCallbackAndHandler" />
      <Test result="pass" name="testStartAddAccountSessionWithCallbackAndHandler" />
      <Test result="pass" name="testStartAddAccountSessionWithEmptySessionBundle" />
      <Test result="pass" name="testStartAddAccountSessionWithNullSessionBundle" />
      <Test result="pass" name="testStartUpdateCredentialsSession" />
      <Test result="pass" name="testStartUpdateCredentialsSessionError" />
      <Test result="pass" name="testStartUpdateCredentialsSessionErrorWithCallbackAndHandler" />
      <Test result="pass" name="testStartUpdateCredentialsSessionWithCallbackAndHandler" />
      <Test result="pass" name="testStartUpdateCredentialsSessionWithEmptySessionBundle" />
      <Test result="pass" name="testStartUpdateCredentialsSessionWithNullSessionBundle" />
      <Test result="pass" name="testUpdateCredentials" />
      <Test result="pass" name="testUpdateCredentialsWithCallbackAndHandler" />
    </TestCase>
    <TestCase name="android.accounts.cts.AccountManagerUnaffiliatedAuthenticatorTests">
      <Test result="pass" name="testAddAccountExplicitly" />
      <Test result="pass" name="testAddAccountExplicitlyVisthVisibilityMap" />
      <Test result="pass" name="testClearPassword" />
      <Test result="pass" name="testDefaultFinishSessionWithCustomStartUpdateCredentialsSessionImpl" />
      <Test result="pass" name="testDefaultFinishSessiontWithStartAddAccountSessionImpl" />
      <Test result="pass" name="testEditProperties" />
      <Test result="pass" name="testGetAccountVisibility" />
      <Test result="pass" name="testGetAccounts" />
      <Test result="pass" name="testGetAccountsAndVisibilityForPackage" />
      <Test result="pass" name="testGetAccountsByType" />
      <Test result="pass" name="testGetAccountsByTypeAndFeatures" />
      <Test result="pass" name="testGetAccountsByTypeForPackage" />
      <Test result="pass" name="testGetPackagesAndVisibilityForAccount" />
      <Test result="pass" name="testGetPassword" />
      <Test result="pass" name="testGetUserData" />
      <Test result="pass" name="testNotifyAccountAuthenticated" />
      <Test result="pass" name="testPeekAuthToken" />
      <Test result="pass" name="testRemoveAccountExplicitly" />
      <Test result="pass" name="testRemoveAccount_withBooleanResult" />
      <Test result="pass" name="testRemoveAccount_withBundleResult" />
      <Test result="pass" name="testSetAccountVisibility" />
      <Test result="pass" name="testSetPassword" />
      <Test result="pass" name="testSetUserData" />
    </TestCase>
    <TestCase name="android.accounts.cts.AccountTest">
      <Test result="pass" name="testAccountObjectCreationWithNullAccountType" />
      <Test result="pass" name="testAccountObjectCreationWithNullName" />
      <Test result="pass" name="testDescribeContents" />
      <Test result="pass" name="testWriteToParcel" />
    </TestCase>
    <TestCase name="android.accounts.cts.AuthenticatorDescriptionTest">
      <Test result="pass" name="testAccountObjectCreationWithNullPackageName" />
      <Test result="pass" name="testDescribeContents" />
      <Test result="pass" name="testNewKey" />
      <Test result="pass" name="testObjectCreation" />
      <Test result="pass" name="testObjectCreationWithNullAccountType" />
    </TestCase>
    <TestCase name="android.accounts.cts.ExceptionTest">
      <Test result="pass" name="testAccountsException" />
      <Test result="pass" name="testAccountsExceptionWithMessage" />
      <Test result="pass" name="testAccountsExceptionWithMessageAndThrowableCause" />
      <Test result="pass" name="testAccountsExceptionWithThrowableCause" />
      <Test result="pass" name="testAuthenticatorException" />
      <Test result="pass" name="testAuthenticatorExceptionWithMessage" />
      <Test result="pass" name="testAuthenticatorExceptionWithMessageAndThrowableCause" />
      <Test result="pass" name="testAuthenticatorExceptionWithThrowableCause" />
      <Test result="pass" name="testNetworkErrorException" />
      <Test result="pass" name="testNetworkErrorExceptionWithMessage" />
      <Test result="pass" name="testNetworkErrorExceptionWithMessageAndThrowableCause" />
      <Test result="pass" name="testNetworkErrorExceptionWithThrowableCause" />
      <Test result="pass" name="testOperationCanceledException" />
      <Test result="pass" name="testOperationCanceledExceptionWithMessage" />
      <Test result="pass" name="testOperationCanceledExceptionWithMessageAndThrowableCause" />
      <Test result="pass" name="testOperationCanceledExceptionWithThrowableCause" />
    </TestCase>
  </Module>
  <Module name="CtsActivityManagerBackgroundActivityTestCases" abi="arm64-v8a" runtime="21523" done="true" pass="0" total_tests="16">
    <TestCase name="android.server.wm.BackgroundActivityLaunchTest">
      <Test result="fail" name="testActivityNotBlockedWhenForegroundActivityLaunchInDifferentTask">
        <Failure message="java.lang.NullPointerException: Attempt to read from field 'com.android.server.am.nano.ActivityDisplayProto[] com.android.server.am.nano.ActivityStackSupervisorProto.displays' on a null object reference&#13;">
          <StackTrace>java.lang.NullPointerException: Attempt to read from field 'com.android.server.am.nano.ActivityDisplayProto[] com.android.server.am.nano.ActivityStackSupervisorProto.displays' on a null object reference
	at android.server.wm.ActivityManagerState.parseSysDumpProto(ActivityManagerState.java:161)
	at android.server.wm.ActivityManagerState.computeState(ActivityManagerState.java:113)
	at android.server.wm.ActivityManagerState.computeState(ActivityManagerState.java:83)
	at android.server.wm.ActivityAndWindowManagersState.waitForValidState(ActivityAndWindowManagersState.java:149)
	at android.server.wm.ActivityAndWindowManagersState.computeState(ActivityAndWindowManagersState.java:116)
	at android.server.wm.ActivityAndWindowManagersState.waitForHomeActivityVisible(ActivityAndWindowManagersState.java:238)
	at android.server.wm.BackgroundActivityLaunchTest.tearDown(BackgroundActivityLaunchTest.java:131)
	at java.lang.reflect.Method.invoke(Native Method)
	at org.junit.runners.model.FrameworkMethod$1.runReflectiveCall(FrameworkMethod.java:50)
	at org.junit.internal.runners.model.ReflectiveCallable.run(ReflectiveCallable.java:12)
	at org.junit.runners.model.FrameworkMethod.invokeExplosively(FrameworkMethod.java:52)
	at androidx.test.internal.runner.junit4.statement.RunAfters.evaluate(RunAfters.java:80)
	at androidx.test.rule.ActivityTestRule$ActivityStatement.evaluate(ActivityTestRule.java:531)
	at org.junit.rules.RunRules.evaluate(RunRules.java:20)
	at org.junit.runners.ParentRunner.runLeaf(ParentRunner.java:325)
	at org.junit.runners.BlockJUnit4ClassRunner.runChild(BlockJUnit4ClassRunner.java:78)
	at org.junit.runners.BlockJUnit4ClassRunner.runChild(BlockJUnit4ClassRunner.java:57)
	at org.junit.runners.ParentRunner$3.run(ParentRunner.java:290)
	at org.junit.runners.ParentRunner$1.schedule(ParentRunner.java:71)
	at org.junit.runners.ParentRunner.runChildren(ParentRunner.java:288)
	at org.junit.runners.ParentRunner.access$000(ParentRunner.java:58)
	at org.junit.runners.ParentRunner$2.evaluate(ParentRunner.java:268)
	at org.junit.runners.ParentRunner.run(ParentRunner.java:363)
	at org.junit.runners.Suite.runChild(Suite.java:128)
	at org.junit.runners.Suite.runChild(Suite.java:27)
	at org.junit.runners.ParentRunner$3.run(ParentRunner.java:290)
	at org.junit.runners.ParentRunner$1.schedule(ParentRunner.java:71)
	at org.junit.runners.ParentRunner.runChildren(ParentRunner.java:288)
	at org.junit.runners.ParentRunner.access$000(ParentRunner.java:58)
	at org.junit.runners.ParentRunner$2.evaluate(ParentRunner.java:268)
	at org.junit.runners.ParentRunner.run(ParentRunner.java:363)
	at org.junit.runner.JUnitCore.run(JUnitCore.java:137)
	at org.junit.runner.JUnitCore.run(JUnitCore.java:115)
	at androidx.test.internal.runner.TestExecutor.execute(TestExecutor.java:56)
	at androidx.test.runner.AndroidJUnitRunner.onStart(AndroidJUnitRunner.java:392)
	at android.app.Instrumentation$InstrumentationThread.run(Instrumentation.java:2218)
</StackTrace>
        </Failure>
      </Test>
      <Test result="fail" name="testActivityNotBlockedWhenForegroundActivityLaunch">
        <Failure message="java.lang.NullPointerException: Attempt to read from field 'com.android.server.am.nano.ActivityDisplayProto[] com.android.server.am.nano.ActivityStackSupervisorProto.displays' on a null object reference&#13;">
          <StackTrace>java.lang.NullPointerException: Attempt to read from field 'com.android.server.am.nano.ActivityDisplayProto[] com.android.server.am.nano.ActivityStackSupervisorProto.displays' on a null object reference
	at android.server.wm.ActivityManagerState.parseSysDumpProto(ActivityManagerState.java:161)
	at android.server.wm.ActivityManagerState.computeState(ActivityManagerState.java:113)
	at android.server.wm.ActivityManagerState.computeState(ActivityManagerState.java:83)
	at android.server.wm.ActivityAndWindowManagersState.waitForValidState(ActivityAndWindowManagersState.java:149)
	at android.server.wm.ActivityAndWindowManagersState.computeState(ActivityAndWindowManagersState.java:116)
	at android.server.wm.ActivityAndWindowManagersState.waitForHomeActivityVisible(ActivityAndWindowManagersState.java:238)
	at android.server.wm.BackgroundActivityLaunchTest.tearDown(BackgroundActivityLaunchTest.java:131)
	at java.lang.reflect.Method.invoke(Native Method)
	at org.junit.runners.model.FrameworkMethod$1.runReflectiveCall(FrameworkMethod.java:50)
	at org.junit.internal.runners.model.ReflectiveCallable.run(ReflectiveCallable.java:12)
	at org.junit.runners.model.FrameworkMethod.invokeExplosively(FrameworkMethod.java:52)
	at androidx.test.internal.runner.junit4.statement.RunAfters.evaluate(RunAfters.java:80)
	at androidx.test.rule.ActivityTestRule$ActivityStatement.evaluate(ActivityTestRule.java:531)
	at org.junit.rules.RunRules.evaluate(RunRules.java:20)
	at org.junit.runners.ParentRunner.runLeaf(ParentRunner.java:325)
	at org.junit.runners.BlockJUnit4ClassRunner.runChild(BlockJUnit4ClassRunner.java:78)
	at org.junit.runners.BlockJUnit4ClassRunner.runChild(BlockJUnit4ClassRunner.java:57)
	at org.junit.runners.ParentRunner$3.run(ParentRunner.java:290)
	at org.junit.runners.ParentRunner$1.schedule(ParentRunner.java:71)
	at org.junit.runners.ParentRunner.runChildren(ParentRunner.java:288)
	at org.junit.runners.ParentRunner.access$000(ParentRunner.java:58)
	at org.junit.runners.ParentRunner$2.evaluate(ParentRunner.java:268)
	at org.junit.runners.ParentRunner.run(ParentRunner.java:363)
	at org.junit.runners.Suite.runChild(Suite.java:128)
	at org.junit.runners.Suite.runChild(Suite.java:27)
	at org.junit.runners.ParentRunner$3.run(ParentRunner.java:290)
	at org.junit.runners.ParentRunner$1.schedule(ParentRunner.java:71)
	at org.junit.runners.ParentRunner.runChildren(ParentRunner.java:288)
	at org.junit.runners.ParentRunner.access$000(ParentRunner.java:58)
	at org.junit.runners.ParentRunner$2.evaluate(ParentRunner.java:268)
	at org.junit.runners.ParentRunner.run(ParentRunner.java:363)
	at org.junit.runner.JUnitCore.run(JUnitCore.java:137)
	at org.junit.runner.JUnitCore.run(JUnitCore.java:115)
	at androidx.test.internal.runner.TestExecutor.execute(TestExecutor.java:56)
	at androidx.test.runner.AndroidJUnitRunner.onStart(AndroidJUnitRunner.java:392)
	at android.app.Instrumentation$InstrumentationThread.run(Instrumentation.java:2218)
</StackTrace>
        </Failure>
      </Test>
      <Test result="fail" name="testBackgroundActivityNotBlockedWhenForegroundActivityExists">
        <Failure message="java.lang.NullPointerException: Attempt to read from field 'com.android.server.am.nano.ActivityDisplayProto[] com.android.server.am.nano.ActivityStackSupervisorProto.displays' on a null object reference&#13;">
          <StackTrace>java.lang.NullPointerException: Attempt to read from field 'com.android.server.am.nano.ActivityDisplayProto[] com.android.server.am.nano.ActivityStackSupervisorProto.displays' on a null object reference
	at android.server.wm.ActivityManagerState.parseSysDumpProto(ActivityManagerState.java:161)
	at android.server.wm.ActivityManagerState.computeState(ActivityManagerState.java:113)
	at android.server.wm.ActivityManagerState.computeState(ActivityManagerState.java:83)
	at android.server.wm.ActivityAndWindowManagersState.waitForValidState(ActivityAndWindowManagersState.java:149)
	at android.server.wm.ActivityAndWindowManagersState.computeState(ActivityAndWindowManagersState.java:116)
	at android.server.wm.ActivityAndWindowManagersState.waitForHomeActivityVisible(ActivityAndWindowManagersState.java:238)
	at android.server.wm.BackgroundActivityLaunchTest.tearDown(BackgroundActivityLaunchTest.java:131)
	at java.lang.reflect.Method.invoke(Native Method)
	at org.junit.runners.model.FrameworkMethod$1.runReflectiveCall(FrameworkMethod.java:50)
	at org.junit.internal.runners.model.ReflectiveCallable.run(ReflectiveCallable.java:12)
	at org.junit.runners.model.FrameworkMethod.invokeExplosively(FrameworkMethod.java:52)
	at androidx.test.internal.runner.junit4.statement.RunAfters.evaluate(RunAfters.java:80)
	at androidx.test.rule.ActivityTestRule$ActivityStatement.evaluate(ActivityTestRule.java:531)
	at org.junit.rules.RunRules.evaluate(RunRules.java:20)
	at org.junit.runners.ParentRunner.runLeaf(ParentRunner.java:325)
	at org.junit.runners.BlockJUnit4ClassRunner.runChild(BlockJUnit4ClassRunner.java:78)
	at org.junit.runners.BlockJUnit4ClassRunner.runChild(BlockJUnit4ClassRunner.java:57)
	at org.junit.runners.ParentRunner$3.run(ParentRunner.java:290)
	at org.junit.runners.ParentRunner$1.schedule(ParentRunner.java:71)
	at org.junit.runners.ParentRunner.runChildren(ParentRunner.java:288)
	at org.junit.runners.ParentRunner.access$000(ParentRunner.java:58)
	at org.junit.runners.ParentRunner$2.evaluate(ParentRunner.java:268)
	at org.junit.runners.ParentRunner.run(ParentRunner.java:363)
	at org.junit.runners.Suite.runChild(Suite.java:128)
	at org.junit.runners.Suite.runChild(Suite.java:27)
	at org.junit.runners.ParentRunner$3.run(ParentRunner.java:290)
	at org.junit.runners.ParentRunner$1.schedule(ParentRunner.java:71)
	at org.junit.runners.ParentRunner.runChildren(ParentRunner.java:288)
	at org.junit.runners.ParentRunner.access$000(ParentRunner.java:58)
	at org.junit.runners.ParentRunner$2.evaluate(ParentRunner.java:268)
	at org.junit.runners.ParentRunner.run(ParentRunner.java:363)
	at org.junit.runner.JUnitCore.run(JUnitCore.java:137)
	at org.junit.runner.JUnitCore.run(JUnitCore.java:115)
	at androidx.test.internal.runner.TestExecutor.execute(TestExecutor.java:56)
	at androidx.test.runner.AndroidJUnitRunner.onStart(AndroidJUnitRunner.java:392)
	at android.app.Instrumentation$InstrumentationThread.run(Instrumentation.java:2218)
</StackTrace>
        </Failure>
      </Test>
      <Test result="fail" name="testPendingIntentBroadcastTimeout_delay1s">
        <Failure message="java.lang.NullPointerException: Attempt to read from field 'com.android.server.am.nano.ActivityDisplayProto[] com.android.server.am.nano.ActivityStackSupervisorProto.displays' on a null object reference&#13;">
          <StackTrace>java.lang.NullPointerException: Attempt to read from field 'com.android.server.am.nano.ActivityDisplayProto[] com.android.server.am.nano.ActivityStackSupervisorProto.displays' on a null object reference
	at android.server.wm.ActivityManagerState.parseSysDumpProto(ActivityManagerState.java:161)
	at android.server.wm.ActivityManagerState.computeState(ActivityManagerState.java:113)
	at android.server.wm.ActivityManagerState.computeState(ActivityManagerState.java:83)
	at android.server.wm.ActivityAndWindowManagersState.waitForValidState(ActivityAndWindowManagersState.java:149)
	at android.server.wm.ActivityAndWindowManagersState.computeState(ActivityAndWindowManagersState.java:116)
	at android.server.wm.ActivityAndWindowManagersState.waitForHomeActivityVisible(ActivityAndWindowManagersState.java:238)
	at android.server.wm.BackgroundActivityLaunchTest.tearDown(BackgroundActivityLaunchTest.java:131)
	at java.lang.reflect.Method.invoke(Native Method)
	at org.junit.runners.model.FrameworkMethod$1.runReflectiveCall(FrameworkMethod.java:50)
	at org.junit.internal.runners.model.ReflectiveCallable.run(ReflectiveCallable.java:12)
	at org.junit.runners.model.FrameworkMethod.invokeExplosively(FrameworkMethod.java:52)
	at androidx.test.internal.runner.junit4.statement.RunAfters.evaluate(RunAfters.java:80)
	at androidx.test.rule.ActivityTestRule$ActivityStatement.evaluate(ActivityTestRule.java:531)
	at org.junit.rules.RunRules.evaluate(RunRules.java:20)
	at org.junit.runners.ParentRunner.runLeaf(ParentRunner.java:325)
	at org.junit.runners.BlockJUnit4ClassRunner.runChild(BlockJUnit4ClassRunner.java:78)
	at org.junit.runners.BlockJUnit4ClassRunner.runChild(BlockJUnit4ClassRunner.java:57)
	at org.junit.runners.ParentRunner$3.run(ParentRunner.java:290)
	at org.junit.runners.ParentRunner$1.schedule(ParentRunner.java:71)
	at org.junit.runners.ParentRunner.runChildren(ParentRunner.java:288)
	at org.junit.runners.ParentRunner.access$000(ParentRunner.java:58)
	at org.junit.runners.ParentRunner$2.evaluate(ParentRunner.java:268)
	at org.junit.runners.ParentRunner.run(ParentRunner.java:363)
	at org.junit.runners.Suite.runChild(Suite.java:128)
	at org.junit.runners.Suite.runChild(Suite.java:27)
	at org.junit.runners.ParentRunner$3.run(ParentRunner.java:290)
	at org.junit.runners.ParentRunner$1.schedule(ParentRunner.java:71)
	at org.junit.runners.ParentRunner.runChildren(ParentRunner.java:288)
	at org.junit.runners.ParentRunner.access$000(ParentRunner.java:58)
	at org.junit.runners.ParentRunner$2.evaluate(ParentRunner.java:268)
	at org.junit.runners.ParentRunner.run(ParentRunner.java:363)
	at org.junit.runner.JUnitCore.run(JUnitCore.java:137)
	at org.junit.runner.JUnitCore.run(JUnitCore.java:115)
	at androidx.test.internal.runner.TestExecutor.execute(TestExecutor.java:56)
	at androidx.test.runner.AndroidJUnitRunner.onStart(AndroidJUnitRunner.java:392)
	at android.app.Instrumentation$InstrumentationThread.run(Instrumentation.java:2218)
</StackTrace>
        </Failure>
      </Test>
      <Test result="fail" name="testPendingIntentBroadcastTimeout_noDelay">
        <Failure message="java.lang.NullPointerException: Attempt to read from field 'com.android.server.am.nano.ActivityDisplayProto[] com.android.server.am.nano.ActivityStackSupervisorProto.displays' on a null object reference&#13;">
          <StackTrace>java.lang.NullPointerException: Attempt to read from field 'com.android.server.am.nano.ActivityDisplayProto[] com.android.server.am.nano.ActivityStackSupervisorProto.displays' on a null object reference
	at android.server.wm.ActivityManagerState.parseSysDumpProto(ActivityManagerState.java:161)
	at android.server.wm.ActivityManagerState.computeState(ActivityManagerState.java:113)
	at android.server.wm.ActivityManagerState.computeState(ActivityManagerState.java:83)
	at android.server.wm.ActivityAndWindowManagersState.waitForValidState(ActivityAndWindowManagersState.java:149)
	at android.server.wm.ActivityAndWindowManagersState.computeState(ActivityAndWindowManagersState.java:116)
	at android.server.wm.ActivityAndWindowManagersState.waitForHomeActivityVisible(ActivityAndWindowManagersState.java:238)
	at android.server.wm.BackgroundActivityLaunchTest.tearDown(BackgroundActivityLaunchTest.java:131)
	at java.lang.reflect.Method.invoke(Native Method)
	at org.junit.runners.model.FrameworkMethod$1.runReflectiveCall(FrameworkMethod.java:50)
	at org.junit.internal.runners.model.ReflectiveCallable.run(ReflectiveCallable.java:12)
	at org.junit.runners.model.FrameworkMethod.invokeExplosively(FrameworkMethod.java:52)
	at androidx.test.internal.runner.junit4.statement.RunAfters.evaluate(RunAfters.java:80)
	at androidx.test.rule.ActivityTestRule$ActivityStatement.evaluate(ActivityTestRule.java:531)
	at org.junit.rules.RunRules.evaluate(RunRules.java:20)
	at org.junit.runners.ParentRunner.runLeaf(ParentRunner.java:325)
	at org.junit.runners.BlockJUnit4ClassRunner.runChild(BlockJUnit4ClassRunner.java:78)
	at org.junit.runners.BlockJUnit4ClassRunner.runChild(BlockJUnit4ClassRunner.java:57)
	at org.junit.runners.ParentRunner$3.run(ParentRunner.java:290)
	at org.junit.runners.ParentRunner$1.schedule(ParentRunner.java:71)
	at org.junit.runners.ParentRunner.runChildren(ParentRunner.java:288)
	at org.junit.runners.ParentRunner.access$000(ParentRunner.java:58)
	at org.junit.runners.ParentRunner$2.evaluate(ParentRunner.java:268)
	at org.junit.runners.ParentRunner.run(ParentRunner.java:363)
	at org.junit.runners.Suite.runChild(Suite.java:128)
	at org.junit.runners.Suite.runChild(Suite.java:27)
	at org.junit.runners.ParentRunner$3.run(ParentRunner.java:290)
	at org.junit.runners.ParentRunner$1.schedule(ParentRunner.java:71)
	at org.junit.runners.ParentRunner.runChildren(ParentRunner.java:288)
	at org.junit.runners.ParentRunner.access$000(ParentRunner.java:58)
	at org.junit.runners.ParentRunner$2.evaluate(ParentRunner.java:268)
	at org.junit.runners.ParentRunner.run(ParentRunner.java:363)
	at org.junit.runner.JUnitCore.run(JUnitCore.java:137)
	at org.junit.runner.JUnitCore.run(JUnitCore.java:115)
	at androidx.test.internal.runner.TestExecutor.execute(TestExecutor.java:56)
	at androidx.test.runner.AndroidJUnitRunner.onStart(AndroidJUnitRunner.java:392)
	at android.app.Instrumentation$InstrumentationThread.run(Instrumentation.java:2218)
</StackTrace>
        </Failure>
      </Test>
      <Test result="fail" name="testPendingIntentBroadcastActivityNotBlocked_appBIsForeground">
        <Failure message="java.lang.NullPointerException: Attempt to read from field 'com.android.server.am.nano.ActivityDisplayProto[] com.android.server.am.nano.ActivityStackSupervisorProto.displays' on a null object reference&#13;">
          <StackTrace>java.lang.NullPointerException: Attempt to read from field 'com.android.server.am.nano.ActivityDisplayProto[] com.android.server.am.nano.ActivityStackSupervisorProto.displays' on a null object reference
	at android.server.wm.ActivityManagerState.parseSysDumpProto(ActivityManagerState.java:161)
	at android.server.wm.ActivityManagerState.computeState(ActivityManagerState.java:113)
	at android.server.wm.ActivityManagerState.computeState(ActivityManagerState.java:83)
	at android.server.wm.ActivityAndWindowManagersState.waitForValidState(ActivityAndWindowManagersState.java:149)
	at android.server.wm.ActivityAndWindowManagersState.computeState(ActivityAndWindowManagersState.java:116)
	at android.server.wm.ActivityAndWindowManagersState.waitForHomeActivityVisible(ActivityAndWindowManagersState.java:238)
	at android.server.wm.BackgroundActivityLaunchTest.tearDown(BackgroundActivityLaunchTest.java:131)
	at java.lang.reflect.Method.invoke(Native Method)
	at org.junit.runners.model.FrameworkMethod$1.runReflectiveCall(FrameworkMethod.java:50)
	at org.junit.internal.runners.model.ReflectiveCallable.run(ReflectiveCallable.java:12)
	at org.junit.runners.model.FrameworkMethod.invokeExplosively(FrameworkMethod.java:52)
	at androidx.test.internal.runner.junit4.statement.RunAfters.evaluate(RunAfters.java:80)
	at androidx.test.rule.ActivityTestRule$ActivityStatement.evaluate(ActivityTestRule.java:531)
	at org.junit.rules.RunRules.evaluate(RunRules.java:20)
	at org.junit.runners.ParentRunner.runLeaf(ParentRunner.java:325)
	at org.junit.runners.BlockJUnit4ClassRunner.runChild(BlockJUnit4ClassRunner.java:78)
	at org.junit.runners.BlockJUnit4ClassRunner.runChild(BlockJUnit4ClassRunner.java:57)
	at org.junit.runners.ParentRunner$3.run(ParentRunner.java:290)
	at org.junit.runners.ParentRunner$1.schedule(ParentRunner.java:71)
	at org.junit.runners.ParentRunner.runChildren(ParentRunner.java:288)
	at org.junit.runners.ParentRunner.access$000(ParentRunner.java:58)
	at org.junit.runners.ParentRunner$2.evaluate(ParentRunner.java:268)
	at org.junit.runners.ParentRunner.run(ParentRunner.java:363)
	at org.junit.runners.Suite.runChild(Suite.java:128)
	at org.junit.runners.Suite.runChild(Suite.java:27)
	at org.junit.runners.ParentRunner$3.run(ParentRunner.java:290)
	at org.junit.runners.ParentRunner$1.schedule(ParentRunner.java:71)
	at org.junit.runners.ParentRunner.runChildren(ParentRunner.java:288)
	at org.junit.runners.ParentRunner.access$000(ParentRunner.java:58)
	at org.junit.runners.ParentRunner$2.evaluate(ParentRunner.java:268)
	at org.junit.runners.ParentRunner.run(ParentRunner.java:363)
	at org.junit.runner.JUnitCore.run(JUnitCore.java:137)
	at org.junit.runner.JUnitCore.run(JUnitCore.java:115)
	at androidx.test.internal.runner.TestExecutor.execute(TestExecutor.java:56)
	at androidx.test.runner.AndroidJUnitRunner.onStart(AndroidJUnitRunner.java:392)
	at android.app.Instrumentation$InstrumentationThread.run(Instrumentation.java:2218)
</StackTrace>
        </Failure>
      </Test>
      <Test result="fail" name="testBackgroundActivityBlocked">
        <Failure message="java.lang.NullPointerException: Attempt to read from field 'com.android.server.am.nano.ActivityDisplayProto[] com.android.server.am.nano.ActivityStackSupervisorProto.displays' on a null object reference&#13;">
          <StackTrace>java.lang.NullPointerException: Attempt to read from field 'com.android.server.am.nano.ActivityDisplayProto[] com.android.server.am.nano.ActivityStackSupervisorProto.displays' on a null object reference
	at android.server.wm.ActivityManagerState.parseSysDumpProto(ActivityManagerState.java:161)
	at android.server.wm.ActivityManagerState.computeState(ActivityManagerState.java:113)
	at android.server.wm.ActivityManagerState.computeState(ActivityManagerState.java:83)
	at android.server.wm.ActivityAndWindowManagersState.waitForValidState(ActivityAndWindowManagersState.java:149)
	at android.server.wm.ActivityAndWindowManagersState.computeState(ActivityAndWindowManagersState.java:116)
	at android.server.wm.ActivityAndWindowManagersState.waitForHomeActivityVisible(ActivityAndWindowManagersState.java:238)
	at android.server.wm.BackgroundActivityLaunchTest.tearDown(BackgroundActivityLaunchTest.java:131)
	at java.lang.reflect.Method.invoke(Native Method)
	at org.junit.runners.model.FrameworkMethod$1.runReflectiveCall(FrameworkMethod.java:50)
	at org.junit.internal.runners.model.ReflectiveCallable.run(ReflectiveCallable.java:12)
	at org.junit.runners.model.FrameworkMethod.invokeExplosively(FrameworkMethod.java:52)
	at androidx.test.internal.runner.junit4.statement.RunAfters.evaluate(RunAfters.java:80)
	at androidx.test.rule.ActivityTestRule$ActivityStatement.evaluate(ActivityTestRule.java:531)
	at org.junit.rules.RunRules.evaluate(RunRules.java:20)
	at org.junit.runners.ParentRunner.runLeaf(ParentRunner.java:325)
	at org.junit.runners.BlockJUnit4ClassRunner.runChild(BlockJUnit4ClassRunner.java:78)
	at org.junit.runners.BlockJUnit4ClassRunner.runChild(BlockJUnit4ClassRunner.java:57)
	at org.junit.runners.ParentRunner$3.run(ParentRunner.java:290)
	at org.junit.runners.ParentRunner$1.schedule(ParentRunner.java:71)
	at org.junit.runners.ParentRunner.runChildren(ParentRunner.java:288)
	at org.junit.runners.ParentRunner.access$000(ParentRunner.java:58)
	at org.junit.runners.ParentRunner$2.evaluate(ParentRunner.java:268)
	at org.junit.runners.ParentRunner.run(ParentRunner.java:363)
	at org.junit.runners.Suite.runChild(Suite.java:128)
	at org.junit.runners.Suite.runChild(Suite.java:27)
	at org.junit.runners.ParentRunner$3.run(ParentRunner.java:290)
	at org.junit.runners.ParentRunner$1.schedule(ParentRunner.java:71)
	at org.junit.runners.ParentRunner.runChildren(ParentRunner.java:288)
	at org.junit.runners.ParentRunner.access$000(ParentRunner.java:58)
	at org.junit.runners.ParentRunner$2.evaluate(ParentRunner.java:268)
	at org.junit.runners.ParentRunner.run(ParentRunner.java:363)
	at org.junit.runner.JUnitCore.run(JUnitCore.java:137)
	at org.junit.runner.JUnitCore.run(JUnitCore.java:115)
	at androidx.test.internal.runner.TestExecutor.execute(TestExecutor.java:56)
	at androidx.test.runner.AndroidJUnitRunner.onStart(AndroidJUnitRunner.java:392)
	at android.app.Instrumentation$InstrumentationThread.run(Instrumentation.java:2218)
</StackTrace>
        </Failure>
      </Test>
      <Test result="fail" name="testActivityNotBlockedwhenForegroundActivityLaunchInSameTask">
        <Failure message="java.lang.NullPointerException: Attempt to read from field 'com.android.server.am.nano.ActivityDisplayProto[] com.android.server.am.nano.ActivityStackSupervisorProto.displays' on a null object reference&#13;">
          <StackTrace>java.lang.NullPointerException: Attempt to read from field 'com.android.server.am.nano.ActivityDisplayProto[] com.android.server.am.nano.ActivityStackSupervisorProto.displays' on a null object reference
	at android.server.wm.ActivityManagerState.parseSysDumpProto(ActivityManagerState.java:161)
	at android.server.wm.ActivityManagerState.computeState(ActivityManagerState.java:113)
	at android.server.wm.ActivityManagerState.computeState(ActivityManagerState.java:83)
	at android.server.wm.ActivityAndWindowManagersState.waitForValidState(ActivityAndWindowManagersState.java:149)
	at android.server.wm.ActivityAndWindowManagersState.computeState(ActivityAndWindowManagersState.java:116)
	at android.server.wm.ActivityAndWindowManagersState.waitForHomeActivityVisible(ActivityAndWindowManagersState.java:238)
	at android.server.wm.BackgroundActivityLaunchTest.tearDown(BackgroundActivityLaunchTest.java:131)
	at java.lang.reflect.Method.invoke(Native Method)
	at org.junit.runners.model.FrameworkMethod$1.runReflectiveCall(FrameworkMethod.java:50)
	at org.junit.internal.runners.model.ReflectiveCallable.run(ReflectiveCallable.java:12)
	at org.junit.runners.model.FrameworkMethod.invokeExplosively(FrameworkMethod.java:52)
	at androidx.test.internal.runner.junit4.statement.RunAfters.evaluate(RunAfters.java:80)
	at androidx.test.rule.ActivityTestRule$ActivityStatement.evaluate(ActivityTestRule.java:531)
	at org.junit.rules.RunRules.evaluate(RunRules.java:20)
	at org.junit.runners.ParentRunner.runLeaf(ParentRunner.java:325)
	at org.junit.runners.BlockJUnit4ClassRunner.runChild(BlockJUnit4ClassRunner.java:78)
	at org.junit.runners.BlockJUnit4ClassRunner.runChild(BlockJUnit4ClassRunner.java:57)
	at org.junit.runners.ParentRunner$3.run(ParentRunner.java:290)
	at org.junit.runners.ParentRunner$1.schedule(ParentRunner.java:71)
	at org.junit.runners.ParentRunner.runChildren(ParentRunner.java:288)
	at org.junit.runners.ParentRunner.access$000(ParentRunner.java:58)
	at org.junit.runners.ParentRunner$2.evaluate(ParentRunner.java:268)
	at org.junit.runners.ParentRunner.run(ParentRunner.java:363)
	at org.junit.runners.Suite.runChild(Suite.java:128)
	at org.junit.runners.Suite.runChild(Suite.java:27)
	at org.junit.runners.ParentRunner$3.run(ParentRunner.java:290)
	at org.junit.runners.ParentRunner$1.schedule(ParentRunner.java:71)
	at org.junit.runners.ParentRunner.runChildren(ParentRunner.java:288)
	at org.junit.runners.ParentRunner.access$000(ParentRunner.java:58)
	at org.junit.runners.ParentRunner$2.evaluate(ParentRunner.java:268)
	at org.junit.runners.ParentRunner.run(ParentRunner.java:363)
	at org.junit.runner.JUnitCore.run(JUnitCore.java:137)
	at org.junit.runner.JUnitCore.run(JUnitCore.java:115)
	at androidx.test.internal.runner.TestExecutor.execute(TestExecutor.java:56)
	at androidx.test.runner.AndroidJUnitRunner.onStart(AndroidJUnitRunner.java:392)
	at android.app.Instrumentation$InstrumentationThread.run(Instrumentation.java:2218)
</StackTrace>
        </Failure>
      </Test>
      <Test result="fail" name="testPendingIntentBroadcastTimeout_delay12s">
        <Failure message="java.lang.NullPointerException: Attempt to read from field 'com.android.server.am.nano.ActivityDisplayProto[] com.android.server.am.nano.ActivityStackSupervisorProto.displays' on a null object reference&#13;">
          <StackTrace>java.lang.NullPointerException: Attempt to read from field 'com.android.server.am.nano.ActivityDisplayProto[] com.android.server.am.nano.ActivityStackSupervisorProto.displays' on a null object reference
	at android.server.wm.ActivityManagerState.parseSysDumpProto(ActivityManagerState.java:161)
	at android.server.wm.ActivityManagerState.computeState(ActivityManagerState.java:113)
	at android.server.wm.ActivityManagerState.computeState(ActivityManagerState.java:83)
	at android.server.wm.ActivityAndWindowManagersState.waitForValidState(ActivityAndWindowManagersState.java:149)
	at android.server.wm.ActivityAndWindowManagersState.computeState(ActivityAndWindowManagersState.java:116)
	at android.server.wm.ActivityAndWindowManagersState.waitForHomeActivityVisible(ActivityAndWindowManagersState.java:238)
	at android.server.wm.BackgroundActivityLaunchTest.tearDown(BackgroundActivityLaunchTest.java:131)
	at java.lang.reflect.Method.invoke(Native Method)
	at org.junit.runners.model.FrameworkMethod$1.runReflectiveCall(FrameworkMethod.java:50)
	at org.junit.internal.runners.model.ReflectiveCallable.run(ReflectiveCallable.java:12)
	at org.junit.runners.model.FrameworkMethod.invokeExplosively(FrameworkMethod.java:52)
	at androidx.test.internal.runner.junit4.statement.RunAfters.evaluate(RunAfters.java:80)
	at androidx.test.rule.ActivityTestRule$ActivityStatement.evaluate(ActivityTestRule.java:531)
	at org.junit.rules.RunRules.evaluate(RunRules.java:20)
	at org.junit.runners.ParentRunner.runLeaf(ParentRunner.java:325)
	at org.junit.runners.BlockJUnit4ClassRunner.runChild(BlockJUnit4ClassRunner.java:78)
	at org.junit.runners.BlockJUnit4ClassRunner.runChild(BlockJUnit4ClassRunner.java:57)
	at org.junit.runners.ParentRunner$3.run(ParentRunner.java:290)
	at org.junit.runners.ParentRunner$1.schedule(ParentRunner.java:71)
	at org.junit.runners.ParentRunner.runChildren(ParentRunner.java:288)
	at org.junit.runners.ParentRunner.access$000(ParentRunner.java:58)
	at org.junit.runners.ParentRunner$2.evaluate(ParentRunner.java:268)
	at org.junit.runners.ParentRunner.run(ParentRunner.java:363)
	at org.junit.runners.Suite.runChild(Suite.java:128)
	at org.junit.runners.Suite.runChild(Suite.java:27)
	at org.junit.runners.ParentRunner$3.run(ParentRunner.java:290)
	at org.junit.runners.ParentRunner$1.schedule(ParentRunner.java:71)
	at org.junit.runners.ParentRunner.runChildren(ParentRunner.java:288)
	at org.junit.runners.ParentRunner.access$000(ParentRunner.java:58)
	at org.junit.runners.ParentRunner$2.evaluate(ParentRunner.java:268)
	at org.junit.runners.ParentRunner.run(ParentRunner.java:363)
	at org.junit.runner.JUnitCore.run(JUnitCore.java:137)
	at org.junit.runner.JUnitCore.run(JUnitCore.java:115)
	at androidx.test.internal.runner.TestExecutor.execute(TestExecutor.java:56)
	at androidx.test.runner.AndroidJUnitRunner.onStart(AndroidJUnitRunner.java:392)
	at android.app.Instrumentation$InstrumentationThread.run(Instrumentation.java:2218)
</StackTrace>
        </Failure>
      </Test>
      <Test result="IGNORED" name="testActivityBlockedWhenForegroundActivityRestartsItself" skipped="true" />
      <Test result="fail" name="testSecondActivityNotBlockedWhenForegroundActivityLaunch">
        <Failure message="java.lang.NullPointerException: Attempt to read from field 'com.android.server.am.nano.ActivityDisplayProto[] com.android.server.am.nano.ActivityStackSupervisorProto.displays' on a null object reference&#13;">
          <StackTrace>java.lang.NullPointerException: Attempt to read from field 'com.android.server.am.nano.ActivityDisplayProto[] com.android.server.am.nano.ActivityStackSupervisorProto.displays' on a null object reference
	at android.server.wm.ActivityManagerState.parseSysDumpProto(ActivityManagerState.java:161)
	at android.server.wm.ActivityManagerState.computeState(ActivityManagerState.java:113)
	at android.server.wm.ActivityManagerState.computeState(ActivityManagerState.java:83)
	at android.server.wm.ActivityAndWindowManagersState.waitForValidState(ActivityAndWindowManagersState.java:149)
	at android.server.wm.ActivityAndWindowManagersState.computeState(ActivityAndWindowManagersState.java:116)
	at android.server.wm.ActivityAndWindowManagersState.waitForHomeActivityVisible(ActivityAndWindowManagersState.java:238)
	at android.server.wm.BackgroundActivityLaunchTest.tearDown(BackgroundActivityLaunchTest.java:131)
	at java.lang.reflect.Method.invoke(Native Method)
	at org.junit.runners.model.FrameworkMethod$1.runReflectiveCall(FrameworkMethod.java:50)
	at org.junit.internal.runners.model.ReflectiveCallable.run(ReflectiveCallable.java:12)
	at org.junit.runners.model.FrameworkMethod.invokeExplosively(FrameworkMethod.java:52)
	at androidx.test.internal.runner.junit4.statement.RunAfters.evaluate(RunAfters.java:80)
	at androidx.test.rule.ActivityTestRule$ActivityStatement.evaluate(ActivityTestRule.java:531)
	at org.junit.rules.RunRules.evaluate(RunRules.java:20)
	at org.junit.runners.ParentRunner.runLeaf(ParentRunner.java:325)
	at org.junit.runners.BlockJUnit4ClassRunner.runChild(BlockJUnit4ClassRunner.java:78)
	at org.junit.runners.BlockJUnit4ClassRunner.runChild(BlockJUnit4ClassRunner.java:57)
	at org.junit.runners.ParentRunner$3.run(ParentRunner.java:290)
	at org.junit.runners.ParentRunner$1.schedule(ParentRunner.java:71)
	at org.junit.runners.ParentRunner.runChildren(ParentRunner.java:288)
	at org.junit.runners.ParentRunner.access$000(ParentRunner.java:58)
	at org.junit.runners.ParentRunner$2.evaluate(ParentRunner.java:268)
	at org.junit.runners.ParentRunner.run(ParentRunner.java:363)
	at org.junit.runners.Suite.runChild(Suite.java:128)
	at org.junit.runners.Suite.runChild(Suite.java:27)
	at org.junit.runners.ParentRunner$3.run(ParentRunner.java:290)
	at org.junit.runners.ParentRunner$1.schedule(ParentRunner.java:71)
	at org.junit.runners.ParentRunner.runChildren(ParentRunner.java:288)
	at org.junit.runners.ParentRunner.access$000(ParentRunner.java:58)
	at org.junit.runners.ParentRunner$2.evaluate(ParentRunner.java:268)
	at org.junit.runners.ParentRunner.run(ParentRunner.java:363)
	at org.junit.runner.JUnitCore.run(JUnitCore.java:137)
	at org.junit.runner.JUnitCore.run(JUnitCore.java:115)
	at androidx.test.internal.runner.TestExecutor.execute(TestExecutor.java:56)
	at androidx.test.runner.AndroidJUnitRunner.onStart(AndroidJUnitRunner.java:392)
	at android.app.Instrumentation$InstrumentationThread.run(Instrumentation.java:2218)
</StackTrace>
        </Failure>
      </Test>
      <Test result="fail" name="testPendingIntentBroadcast_appBIsBackground">
        <Failure message="java.lang.NullPointerException: Attempt to read from field 'com.android.server.am.nano.ActivityDisplayProto[] com.android.server.am.nano.ActivityStackSupervisorProto.displays' on a null object reference&#13;">
          <StackTrace>java.lang.NullPointerException: Attempt to read from field 'com.android.server.am.nano.ActivityDisplayProto[] com.android.server.am.nano.ActivityStackSupervisorProto.displays' on a null object reference
	at android.server.wm.ActivityManagerState.parseSysDumpProto(ActivityManagerState.java:161)
	at android.server.wm.ActivityManagerState.computeState(ActivityManagerState.java:113)
	at android.server.wm.ActivityManagerState.computeState(ActivityManagerState.java:83)
	at android.server.wm.ActivityAndWindowManagersState.waitForValidState(ActivityAndWindowManagersState.java:149)
	at android.server.wm.ActivityAndWindowManagersState.computeState(ActivityAndWindowManagersState.java:116)
	at android.server.wm.ActivityAndWindowManagersState.waitForHomeActivityVisible(ActivityAndWindowManagersState.java:238)
	at android.server.wm.BackgroundActivityLaunchTest.tearDown(BackgroundActivityLaunchTest.java:131)
	at java.lang.reflect.Method.invoke(Native Method)
	at org.junit.runners.model.FrameworkMethod$1.runReflectiveCall(FrameworkMethod.java:50)
	at org.junit.internal.runners.model.ReflectiveCallable.run(ReflectiveCallable.java:12)
	at org.junit.runners.model.FrameworkMethod.invokeExplosively(FrameworkMethod.java:52)
	at androidx.test.internal.runner.junit4.statement.RunAfters.evaluate(RunAfters.java:80)
	at androidx.test.rule.ActivityTestRule$ActivityStatement.evaluate(ActivityTestRule.java:531)
	at org.junit.rules.RunRules.evaluate(RunRules.java:20)
	at org.junit.runners.ParentRunner.runLeaf(ParentRunner.java:325)
	at org.junit.runners.BlockJUnit4ClassRunner.runChild(BlockJUnit4ClassRunner.java:78)
	at org.junit.runners.BlockJUnit4ClassRunner.runChild(BlockJUnit4ClassRunner.java:57)
	at org.junit.runners.ParentRunner$3.run(ParentRunner.java:290)
	at org.junit.runners.ParentRunner$1.schedule(ParentRunner.java:71)
	at org.junit.runners.ParentRunner.runChildren(ParentRunner.java:288)
	at org.junit.runners.ParentRunner.access$000(ParentRunner.java:58)
	at org.junit.runners.ParentRunner$2.evaluate(ParentRunner.java:268)
	at org.junit.runners.ParentRunner.run(ParentRunner.java:363)
	at org.junit.runners.Suite.runChild(Suite.java:128)
	at org.junit.runners.Suite.runChild(Suite.java:27)
	at org.junit.runners.ParentRunner$3.run(ParentRunner.java:290)
	at org.junit.runners.ParentRunner$1.schedule(ParentRunner.java:71)
	at org.junit.runners.ParentRunner.runChildren(ParentRunner.java:288)
	at org.junit.runners.ParentRunner.access$000(ParentRunner.java:58)
	at org.junit.runners.ParentRunner$2.evaluate(ParentRunner.java:268)
	at org.junit.runners.ParentRunner.run(ParentRunner.java:363)
	at org.junit.runner.JUnitCore.run(JUnitCore.java:137)
	at org.junit.runner.JUnitCore.run(JUnitCore.java:115)
	at androidx.test.internal.runner.TestExecutor.execute(TestExecutor.java:56)
	at androidx.test.runner.AndroidJUnitRunner.onStart(AndroidJUnitRunner.java:392)
	at android.app.Instrumentation$InstrumentationThread.run(Instrumentation.java:2218)
</StackTrace>
        </Failure>
      </Test>
      <Test result="fail" name="testPendingIntentActivityBlocked">
        <Failure message="java.lang.NullPointerException: Attempt to read from field 'com.android.server.am.nano.ActivityDisplayProto[] com.android.server.am.nano.ActivityStackSupervisorProto.displays' on a null object reference&#13;">
          <StackTrace>java.lang.NullPointerException: Attempt to read from field 'com.android.server.am.nano.ActivityDisplayProto[] com.android.server.am.nano.ActivityStackSupervisorProto.displays' on a null object reference
	at android.server.wm.ActivityManagerState.parseSysDumpProto(ActivityManagerState.java:161)
	at android.server.wm.ActivityManagerState.computeState(ActivityManagerState.java:113)
	at android.server.wm.ActivityManagerState.computeState(ActivityManagerState.java:83)
	at android.server.wm.ActivityAndWindowManagersState.waitForValidState(ActivityAndWindowManagersState.java:149)
	at android.server.wm.ActivityAndWindowManagersState.computeState(ActivityAndWindowManagersState.java:116)
	at android.server.wm.ActivityAndWindowManagersState.waitForHomeActivityVisible(ActivityAndWindowManagersState.java:238)
	at android.server.wm.BackgroundActivityLaunchTest.tearDown(BackgroundActivityLaunchTest.java:131)
	at java.lang.reflect.Method.invoke(Native Method)
	at org.junit.runners.model.FrameworkMethod$1.runReflectiveCall(FrameworkMethod.java:50)
	at org.junit.internal.runners.model.ReflectiveCallable.run(ReflectiveCallable.java:12)
	at org.junit.runners.model.FrameworkMethod.invokeExplosively(FrameworkMethod.java:52)
	at androidx.test.internal.runner.junit4.statement.RunAfters.evaluate(RunAfters.java:80)
	at androidx.test.rule.ActivityTestRule$ActivityStatement.evaluate(ActivityTestRule.java:531)
	at org.junit.rules.RunRules.evaluate(RunRules.java:20)
	at org.junit.runners.ParentRunner.runLeaf(ParentRunner.java:325)
	at org.junit.runners.BlockJUnit4ClassRunner.runChild(BlockJUnit4ClassRunner.java:78)
	at org.junit.runners.BlockJUnit4ClassRunner.runChild(BlockJUnit4ClassRunner.java:57)
	at org.junit.runners.ParentRunner$3.run(ParentRunner.java:290)
	at org.junit.runners.ParentRunner$1.schedule(ParentRunner.java:71)
	at org.junit.runners.ParentRunner.runChildren(ParentRunner.java:288)
	at org.junit.runners.ParentRunner.access$000(ParentRunner.java:58)
	at org.junit.runners.ParentRunner$2.evaluate(ParentRunner.java:268)
	at org.junit.runners.ParentRunner.run(ParentRunner.java:363)
	at org.junit.runners.Suite.runChild(Suite.java:128)
	at org.junit.runners.Suite.runChild(Suite.java:27)
	at org.junit.runners.ParentRunner$3.run(ParentRunner.java:290)
	at org.junit.runners.ParentRunner$1.schedule(ParentRunner.java:71)
	at org.junit.runners.ParentRunner.runChildren(ParentRunner.java:288)
	at org.junit.runners.ParentRunner.access$000(ParentRunner.java:58)
	at org.junit.runners.ParentRunner$2.evaluate(ParentRunner.java:268)
	at org.junit.runners.ParentRunner.run(ParentRunner.java:363)
	at org.junit.runner.JUnitCore.run(JUnitCore.java:137)
	at org.junit.runner.JUnitCore.run(JUnitCore.java:115)
	at androidx.test.internal.runner.TestExecutor.execute(TestExecutor.java:56)
	at androidx.test.runner.AndroidJUnitRunner.onStart(AndroidJUnitRunner.java:392)
	at android.app.Instrumentation$InstrumentationThread.run(Instrumentation.java:2218)
</StackTrace>
        </Failure>
      </Test>
      <Test result="fail" name="testBackgroundActivityNotBlockedWhenSystemAlertWindowGranted">
        <Failure message="java.lang.NullPointerException: Attempt to read from field 'com.android.server.am.nano.ActivityDisplayProto[] com.android.server.am.nano.ActivityStackSupervisorProto.displays' on a null object reference&#13;">
          <StackTrace>java.lang.NullPointerException: Attempt to read from field 'com.android.server.am.nano.ActivityDisplayProto[] com.android.server.am.nano.ActivityStackSupervisorProto.displays' on a null object reference
	at android.server.wm.ActivityManagerState.parseSysDumpProto(ActivityManagerState.java:161)
	at android.server.wm.ActivityManagerState.computeState(ActivityManagerState.java:113)
	at android.server.wm.ActivityManagerState.computeState(ActivityManagerState.java:83)
	at android.server.wm.ActivityAndWindowManagersState.waitForValidState(ActivityAndWindowManagersState.java:149)
	at android.server.wm.ActivityAndWindowManagersState.computeState(ActivityAndWindowManagersState.java:116)
	at android.server.wm.ActivityAndWindowManagersState.waitForHomeActivityVisible(ActivityAndWindowManagersState.java:238)
	at android.server.wm.BackgroundActivityLaunchTest.tearDown(BackgroundActivityLaunchTest.java:131)
	at java.lang.reflect.Method.invoke(Native Method)
	at org.junit.runners.model.FrameworkMethod$1.runReflectiveCall(FrameworkMethod.java:50)
	at org.junit.internal.runners.model.ReflectiveCallable.run(ReflectiveCallable.java:12)
	at org.junit.runners.model.FrameworkMethod.invokeExplosively(FrameworkMethod.java:52)
	at androidx.test.internal.runner.junit4.statement.RunAfters.evaluate(RunAfters.java:80)
	at androidx.test.rule.ActivityTestRule$ActivityStatement.evaluate(ActivityTestRule.java:531)
	at org.junit.rules.RunRules.evaluate(RunRules.java:20)
	at org.junit.runners.ParentRunner.runLeaf(ParentRunner.java:325)
	at org.junit.runners.BlockJUnit4ClassRunner.runChild(BlockJUnit4ClassRunner.java:78)
	at org.junit.runners.BlockJUnit4ClassRunner.runChild(BlockJUnit4ClassRunner.java:57)
	at org.junit.runners.ParentRunner$3.run(ParentRunner.java:290)
	at org.junit.runners.ParentRunner$1.schedule(ParentRunner.java:71)
	at org.junit.runners.ParentRunner.runChildren(ParentRunner.java:288)
	at org.junit.runners.ParentRunner.access$000(ParentRunner.java:58)
	at org.junit.runners.ParentRunner$2.evaluate(ParentRunner.java:268)
	at org.junit.runners.ParentRunner.run(ParentRunner.java:363)
	at org.junit.runners.Suite.runChild(Suite.java:128)
	at org.junit.runners.Suite.runChild(Suite.java:27)
	at org.junit.runners.ParentRunner$3.run(ParentRunner.java:290)
	at org.junit.runners.ParentRunner$1.schedule(ParentRunner.java:71)
	at org.junit.runners.ParentRunner.runChildren(ParentRunner.java:288)
	at org.junit.runners.ParentRunner.access$000(ParentRunner.java:58)
	at org.junit.runners.ParentRunner$2.evaluate(ParentRunner.java:268)
	at org.junit.runners.ParentRunner.run(ParentRunner.java:363)
	at org.junit.runner.JUnitCore.run(JUnitCore.java:137)
	at org.junit.runner.JUnitCore.run(JUnitCore.java:115)
	at androidx.test.internal.runner.TestExecutor.execute(TestExecutor.java:56)
	at androidx.test.runner.AndroidJUnitRunner.onStart(AndroidJUnitRunner.java:392)
	at android.app.Instrumentation$InstrumentationThread.run(Instrumentation.java:2218)
</StackTrace>
        </Failure>
      </Test>
      <Test result="fail" name="testPendingIntentActivityNotBlocked_appAIsForeground">
        <Failure message="java.lang.NullPointerException: Attempt to read from field 'com.android.server.am.nano.ActivityDisplayProto[] com.android.server.am.nano.ActivityStackSupervisorProto.displays' on a null object reference&#13;">
          <StackTrace>java.lang.NullPointerException: Attempt to read from field 'com.android.server.am.nano.ActivityDisplayProto[] com.android.server.am.nano.ActivityStackSupervisorProto.displays' on a null object reference
	at android.server.wm.ActivityManagerState.parseSysDumpProto(ActivityManagerState.java:161)
	at android.server.wm.ActivityManagerState.computeState(ActivityManagerState.java:113)
	at android.server.wm.ActivityManagerState.computeState(ActivityManagerState.java:83)
	at android.server.wm.ActivityAndWindowManagersState.waitForValidState(ActivityAndWindowManagersState.java:149)
	at android.server.wm.ActivityAndWindowManagersState.computeState(ActivityAndWindowManagersState.java:116)
	at android.server.wm.ActivityAndWindowManagersState.waitForHomeActivityVisible(ActivityAndWindowManagersState.java:238)
	at android.server.wm.BackgroundActivityLaunchTest.tearDown(BackgroundActivityLaunchTest.java:131)
	at java.lang.reflect.Method.invoke(Native Method)
	at org.junit.runners.model.FrameworkMethod$1.runReflectiveCall(FrameworkMethod.java:50)
	at org.junit.internal.runners.model.ReflectiveCallable.run(ReflectiveCallable.java:12)
	at org.junit.runners.model.FrameworkMethod.invokeExplosively(FrameworkMethod.java:52)
	at androidx.test.internal.runner.junit4.statement.RunAfters.evaluate(RunAfters.java:80)
	at androidx.test.rule.ActivityTestRule$ActivityStatement.evaluate(ActivityTestRule.java:531)
	at org.junit.rules.RunRules.evaluate(RunRules.java:20)
	at org.junit.runners.ParentRunner.runLeaf(ParentRunner.java:325)
	at org.junit.runners.BlockJUnit4ClassRunner.runChild(BlockJUnit4ClassRunner.java:78)
	at org.junit.runners.BlockJUnit4ClassRunner.runChild(BlockJUnit4ClassRunner.java:57)
	at org.junit.runners.ParentRunner$3.run(ParentRunner.java:290)
	at org.junit.runners.ParentRunner$1.schedule(ParentRunner.java:71)
	at org.junit.runners.ParentRunner.runChildren(ParentRunner.java:288)
	at org.junit.runners.ParentRunner.access$000(ParentRunner.java:58)
	at org.junit.runners.ParentRunner$2.evaluate(ParentRunner.java:268)
	at org.junit.runners.ParentRunner.run(ParentRunner.java:363)
	at org.junit.runners.Suite.runChild(Suite.java:128)
	at org.junit.runners.Suite.runChild(Suite.java:27)
	at org.junit.runners.ParentRunner$3.run(ParentRunner.java:290)
	at org.junit.runners.ParentRunner$1.schedule(ParentRunner.java:71)
	at org.junit.runners.ParentRunner.runChildren(ParentRunner.java:288)
	at org.junit.runners.ParentRunner.access$000(ParentRunner.java:58)
	at org.junit.runners.ParentRunner$2.evaluate(ParentRunner.java:268)
	at org.junit.runners.ParentRunner.run(ParentRunner.java:363)
	at org.junit.runner.JUnitCore.run(JUnitCore.java:137)
	at org.junit.runner.JUnitCore.run(JUnitCore.java:115)
	at androidx.test.internal.runner.TestExecutor.execute(TestExecutor.java:56)
	at androidx.test.runner.AndroidJUnitRunner.onStart(AndroidJUnitRunner.java:392)
	at android.app.Instrumentation$InstrumentationThread.run(Instrumentation.java:2218)
</StackTrace>
        </Failure>
      </Test>
      <Test result="fail" name="testDeviceOwner">
        <Failure message="java.lang.NullPointerException: Attempt to read from field 'com.android.server.am.nano.ActivityDisplayProto[] com.android.server.am.nano.ActivityStackSupervisorProto.displays' on a null object reference&#13;">
          <StackTrace>java.lang.NullPointerException: Attempt to read from field 'com.android.server.am.nano.ActivityDisplayProto[] com.android.server.am.nano.ActivityStackSupervisorProto.displays' on a null object reference
	at android.server.wm.ActivityManagerState.parseSysDumpProto(ActivityManagerState.java:161)
	at android.server.wm.ActivityManagerState.computeState(ActivityManagerState.java:113)
	at android.server.wm.ActivityManagerState.computeState(ActivityManagerState.java:83)
	at android.server.wm.ActivityAndWindowManagersState.waitForValidState(ActivityAndWindowManagersState.java:149)
	at android.server.wm.ActivityAndWindowManagersState.computeState(ActivityAndWindowManagersState.java:116)
	at android.server.wm.ActivityAndWindowManagersState.waitForHomeActivityVisible(ActivityAndWindowManagersState.java:238)
	at android.server.wm.BackgroundActivityLaunchTest.tearDown(BackgroundActivityLaunchTest.java:131)
	at java.lang.reflect.Method.invoke(Native Method)
	at org.junit.runners.model.FrameworkMethod$1.runReflectiveCall(FrameworkMethod.java:50)
	at org.junit.internal.runners.model.ReflectiveCallable.run(ReflectiveCallable.java:12)
	at org.junit.runners.model.FrameworkMethod.invokeExplosively(FrameworkMethod.java:52)
	at androidx.test.internal.runner.junit4.statement.RunAfters.evaluate(RunAfters.java:80)
	at androidx.test.rule.ActivityTestRule$ActivityStatement.evaluate(ActivityTestRule.java:531)
	at org.junit.rules.RunRules.evaluate(RunRules.java:20)
	at org.junit.runners.ParentRunner.runLeaf(ParentRunner.java:325)
	at org.junit.runners.BlockJUnit4ClassRunner.runChild(BlockJUnit4ClassRunner.java:78)
	at org.junit.runners.BlockJUnit4ClassRunner.runChild(BlockJUnit4ClassRunner.java:57)
	at org.junit.runners.ParentRunner$3.run(ParentRunner.java:290)
	at org.junit.runners.ParentRunner$1.schedule(ParentRunner.java:71)
	at org.junit.runners.ParentRunner.runChildren(ParentRunner.java:288)
	at org.junit.runners.ParentRunner.access$000(ParentRunner.java:58)
	at org.junit.runners.ParentRunner$2.evaluate(ParentRunner.java:268)
	at org.junit.runners.ParentRunner.run(ParentRunner.java:363)
	at org.junit.runners.Suite.runChild(Suite.java:128)
	at org.junit.runners.Suite.runChild(Suite.java:27)
	at org.junit.runners.ParentRunner$3.run(ParentRunner.java:290)
	at org.junit.runners.ParentRunner$1.schedule(ParentRunner.java:71)
	at org.junit.runners.ParentRunner.runChildren(ParentRunner.java:288)
	at org.junit.runners.ParentRunner.access$000(ParentRunner.java:58)
	at org.junit.runners.ParentRunner$2.evaluate(ParentRunner.java:268)
	at org.junit.runners.ParentRunner.run(ParentRunner.java:363)
	at org.junit.runner.JUnitCore.run(JUnitCore.java:137)
	at org.junit.runner.JUnitCore.run(JUnitCore.java:115)
	at androidx.test.internal.runner.TestExecutor.execute(TestExecutor.java:56)
	at androidx.test.runner.AndroidJUnitRunner.onStart(AndroidJUnitRunner.java:392)
	at android.app.Instrumentation$InstrumentationThread.run(Instrumentation.java:2218)
</StackTrace>
        </Failure>
      </Test>
    </TestCase>
  </Module>
  <Module name="CtsActivityManagerBackgroundActivityTestCases" abi="armeabi-v7a" runtime="22085" done="true" pass="0" total_tests="16">
    <TestCase name="android.server.wm.BackgroundActivityLaunchTest">
      <Test result="fail" name="testActivityNotBlockedWhenForegroundActivityLaunchInDifferentTask">
        <Failure message="java.lang.NullPointerException: Attempt to read from field 'com.android.server.am.nano.ActivityDisplayProto[] com.android.server.am.nano.ActivityStackSupervisorProto.displays' on a null object reference&#13;">
          <StackTrace>java.lang.NullPointerException: Attempt to read from field 'com.android.server.am.nano.ActivityDisplayProto[] com.android.server.am.nano.ActivityStackSupervisorProto.displays' on a null object reference
	at android.server.wm.ActivityManagerState.parseSysDumpProto(ActivityManagerState.java:161)
	at android.server.wm.ActivityManagerState.computeState(ActivityManagerState.java:113)
	at android.server.wm.ActivityManagerState.computeState(ActivityManagerState.java:83)
	at android.server.wm.ActivityAndWindowManagersState.waitForValidState(ActivityAndWindowManagersState.java:149)
	at android.server.wm.ActivityAndWindowManagersState.computeState(ActivityAndWindowManagersState.java:116)
	at android.server.wm.ActivityAndWindowManagersState.waitForHomeActivityVisible(ActivityAndWindowManagersState.java:238)
	at android.server.wm.BackgroundActivityLaunchTest.tearDown(BackgroundActivityLaunchTest.java:131)
	at java.lang.reflect.Method.invoke(Native Method)
	at org.junit.runners.model.FrameworkMethod$1.runReflectiveCall(FrameworkMethod.java:50)
	at org.junit.internal.runners.model.ReflectiveCallable.run(ReflectiveCallable.java:12)
	at org.junit.runners.model.FrameworkMethod.invokeExplosively(FrameworkMethod.java:52)
	at androidx.test.internal.runner.junit4.statement.RunAfters.evaluate(RunAfters.java:80)
	at androidx.test.rule.ActivityTestRule$ActivityStatement.evaluate(ActivityTestRule.java:531)
	at org.junit.rules.RunRules.evaluate(RunRules.java:20)
	at org.junit.runners.ParentRunner.runLeaf(ParentRunner.java:325)
	at org.junit.runners.BlockJUnit4ClassRunner.runChild(BlockJUnit4ClassRunner.java:78)
	at org.junit.runners.BlockJUnit4ClassRunner.runChild(BlockJUnit4ClassRunner.java:57)
	at org.junit.runners.ParentRunner$3.run(ParentRunner.java:290)
	at org.junit.runners.ParentRunner$1.schedule(ParentRunner.java:71)
	at org.junit.runners.ParentRunner.runChildren(ParentRunner.java:288)
	at org.junit.runners.ParentRunner.access$000(ParentRunner.java:58)
	at org.junit.runners.ParentRunner$2.evaluate(ParentRunner.java:268)
	at org.junit.runners.ParentRunner.run(ParentRunner.java:363)
	at org.junit.runners.Suite.runChild(Suite.java:128)
	at org.junit.runners.Suite.runChild(Suite.java:27)
	at org.junit.runners.ParentRunner$3.run(ParentRunner.java:290)
	at org.junit.runners.ParentRunner$1.schedule(ParentRunner.java:71)
	at org.junit.runners.ParentRunner.runChildren(ParentRunner.java:288)
	at org.junit.runners.ParentRunner.access$000(ParentRunner.java:58)
	at org.junit.runners.ParentRunner$2.evaluate(ParentRunner.java:268)
	at org.junit.runners.ParentRunner.run(ParentRunner.java:363)
	at org.junit.runner.JUnitCore.run(JUnitCore.java:137)
	at org.junit.runner.JUnitCore.run(JUnitCore.java:115)
	at androidx.test.internal.runner.TestExecutor.execute(TestExecutor.java:56)
	at androidx.test.runner.AndroidJUnitRunner.onStart(AndroidJUnitRunner.java:392)
	at android.app.Instrumentation$InstrumentationThread.run(Instrumentation.java:2218)
</StackTrace>
        </Failure>
      </Test>
      <Test result="fail" name="testActivityNotBlockedWhenForegroundActivityLaunch">
        <Failure message="java.lang.NullPointerException: Attempt to read from field 'com.android.server.am.nano.ActivityDisplayProto[] com.android.server.am.nano.ActivityStackSupervisorProto.displays' on a null object reference&#13;">
          <StackTrace>java.lang.NullPointerException: Attempt to read from field 'com.android.server.am.nano.ActivityDisplayProto[] com.android.server.am.nano.ActivityStackSupervisorProto.displays' on a null object reference
	at android.server.wm.ActivityManagerState.parseSysDumpProto(ActivityManagerState.java:161)
	at android.server.wm.ActivityManagerState.computeState(ActivityManagerState.java:113)
	at android.server.wm.ActivityManagerState.computeState(ActivityManagerState.java:83)
	at android.server.wm.ActivityAndWindowManagersState.waitForValidState(ActivityAndWindowManagersState.java:149)
	at android.server.wm.ActivityAndWindowManagersState.computeState(ActivityAndWindowManagersState.java:116)
	at android.server.wm.ActivityAndWindowManagersState.waitForHomeActivityVisible(ActivityAndWindowManagersState.java:238)
	at android.server.wm.BackgroundActivityLaunchTest.tearDown(BackgroundActivityLaunchTest.java:131)
	at java.lang.reflect.Method.invoke(Native Method)
	at org.junit.runners.model.FrameworkMethod$1.runReflectiveCall(FrameworkMethod.java:50)
	at org.junit.internal.runners.model.ReflectiveCallable.run(ReflectiveCallable.java:12)
	at org.junit.runners.model.FrameworkMethod.invokeExplosively(FrameworkMethod.java:52)
	at androidx.test.internal.runner.junit4.statement.RunAfters.evaluate(RunAfters.java:80)
	at androidx.test.rule.ActivityTestRule$ActivityStatement.evaluate(ActivityTestRule.java:531)
	at org.junit.rules.RunRules.evaluate(RunRules.java:20)
	at org.junit.runners.ParentRunner.runLeaf(ParentRunner.java:325)
	at org.junit.runners.BlockJUnit4ClassRunner.runChild(BlockJUnit4ClassRunner.java:78)
	at org.junit.runners.BlockJUnit4ClassRunner.runChild(BlockJUnit4ClassRunner.java:57)
	at org.junit.runners.ParentRunner$3.run(ParentRunner.java:290)
	at org.junit.runners.ParentRunner$1.schedule(ParentRunner.java:71)
	at org.junit.runners.ParentRunner.runChildren(ParentRunner.java:288)
	at org.junit.runners.ParentRunner.access$000(ParentRunner.java:58)
	at org.junit.runners.ParentRunner$2.evaluate(ParentRunner.java:268)
	at org.junit.runners.ParentRunner.run(ParentRunner.java:363)
	at org.junit.runners.Suite.runChild(Suite.java:128)
	at org.junit.runners.Suite.runChild(Suite.java:27)
	at org.junit.runners.ParentRunner$3.run(ParentRunner.java:290)
	at org.junit.runners.ParentRunner$1.schedule(ParentRunner.java:71)
	at org.junit.runners.ParentRunner.runChildren(ParentRunner.java:288)
	at org.junit.runners.ParentRunner.access$000(ParentRunner.java:58)
	at org.junit.runners.ParentRunner$2.evaluate(ParentRunner.java:268)
	at org.junit.runners.ParentRunner.run(ParentRunner.java:363)
	at org.junit.runner.JUnitCore.run(JUnitCore.java:137)
	at org.junit.runner.JUnitCore.run(JUnitCore.java:115)
	at androidx.test.internal.runner.TestExecutor.execute(TestExecutor.java:56)
	at androidx.test.runner.AndroidJUnitRunner.onStart(AndroidJUnitRunner.java:392)
	at android.app.Instrumentation$InstrumentationThread.run(Instrumentation.java:2218)
</StackTrace>
        </Failure>
      </Test>
      <Test result="fail" name="testBackgroundActivityNotBlockedWhenForegroundActivityExists">
        <Failure message="java.lang.NullPointerException: Attempt to read from field 'com.android.server.am.nano.ActivityDisplayProto[] com.android.server.am.nano.ActivityStackSupervisorProto.displays' on a null object reference&#13;">
          <StackTrace>java.lang.NullPointerException: Attempt to read from field 'com.android.server.am.nano.ActivityDisplayProto[] com.android.server.am.nano.ActivityStackSupervisorProto.displays' on a null object reference
	at android.server.wm.ActivityManagerState.parseSysDumpProto(ActivityManagerState.java:161)
	at android.server.wm.ActivityManagerState.computeState(ActivityManagerState.java:113)
	at android.server.wm.ActivityManagerState.computeState(ActivityManagerState.java:83)
	at android.server.wm.ActivityAndWindowManagersState.waitForValidState(ActivityAndWindowManagersState.java:149)
	at android.server.wm.ActivityAndWindowManagersState.computeState(ActivityAndWindowManagersState.java:116)
	at android.server.wm.ActivityAndWindowManagersState.waitForHomeActivityVisible(ActivityAndWindowManagersState.java:238)
	at android.server.wm.BackgroundActivityLaunchTest.tearDown(BackgroundActivityLaunchTest.java:131)
	at java.lang.reflect.Method.invoke(Native Method)
	at org.junit.runners.model.FrameworkMethod$1.runReflectiveCall(FrameworkMethod.java:50)
	at org.junit.internal.runners.model.ReflectiveCallable.run(ReflectiveCallable.java:12)
	at org.junit.runners.model.FrameworkMethod.invokeExplosively(FrameworkMethod.java:52)
	at androidx.test.internal.runner.junit4.statement.RunAfters.evaluate(RunAfters.java:80)
	at androidx.test.rule.ActivityTestRule$ActivityStatement.evaluate(ActivityTestRule.java:531)
	at org.junit.rules.RunRules.evaluate(RunRules.java:20)
	at org.junit.runners.ParentRunner.runLeaf(ParentRunner.java:325)
	at org.junit.runners.BlockJUnit4ClassRunner.runChild(BlockJUnit4ClassRunner.java:78)
	at org.junit.runners.BlockJUnit4ClassRunner.runChild(BlockJUnit4ClassRunner.java:57)
	at org.junit.runners.ParentRunner$3.run(ParentRunner.java:290)
	at org.junit.runners.ParentRunner$1.schedule(ParentRunner.java:71)
	at org.junit.runners.ParentRunner.runChildren(ParentRunner.java:288)
	at org.junit.runners.ParentRunner.access$000(ParentRunner.java:58)
	at org.junit.runners.ParentRunner$2.evaluate(ParentRunner.java:268)
	at org.junit.runners.ParentRunner.run(ParentRunner.java:363)
	at org.junit.runners.Suite.runChild(Suite.java:128)
	at org.junit.runners.Suite.runChild(Suite.java:27)
	at org.junit.runners.ParentRunner$3.run(ParentRunner.java:290)
	at org.junit.runners.ParentRunner$1.schedule(ParentRunner.java:71)
	at org.junit.runners.ParentRunner.runChildren(ParentRunner.java:288)
	at org.junit.runners.ParentRunner.access$000(ParentRunner.java:58)
	at org.junit.runners.ParentRunner$2.evaluate(ParentRunner.java:268)
	at org.junit.runners.ParentRunner.run(ParentRunner.java:363)
	at org.junit.runner.JUnitCore.run(JUnitCore.java:137)
	at org.junit.runner.JUnitCore.run(JUnitCore.java:115)
	at androidx.test.internal.runner.TestExecutor.execute(TestExecutor.java:56)
	at androidx.test.runner.AndroidJUnitRunner.onStart(AndroidJUnitRunner.java:392)
	at android.app.Instrumentation$InstrumentationThread.run(Instrumentation.java:2218)
</StackTrace>
        </Failure>
      </Test>
      <Test result="fail" name="testPendingIntentBroadcastTimeout_delay1s">
        <Failure message="java.lang.NullPointerException: Attempt to read from field 'com.android.server.am.nano.ActivityDisplayProto[] com.android.server.am.nano.ActivityStackSupervisorProto.displays' on a null object reference&#13;">
          <StackTrace>java.lang.NullPointerException: Attempt to read from field 'com.android.server.am.nano.ActivityDisplayProto[] com.android.server.am.nano.ActivityStackSupervisorProto.displays' on a null object reference
	at android.server.wm.ActivityManagerState.parseSysDumpProto(ActivityManagerState.java:161)
	at android.server.wm.ActivityManagerState.computeState(ActivityManagerState.java:113)
	at android.server.wm.ActivityManagerState.computeState(ActivityManagerState.java:83)
	at android.server.wm.ActivityAndWindowManagersState.waitForValidState(ActivityAndWindowManagersState.java:149)
	at android.server.wm.ActivityAndWindowManagersState.computeState(ActivityAndWindowManagersState.java:116)
	at android.server.wm.ActivityAndWindowManagersState.waitForHomeActivityVisible(ActivityAndWindowManagersState.java:238)
	at android.server.wm.BackgroundActivityLaunchTest.tearDown(BackgroundActivityLaunchTest.java:131)
	at java.lang.reflect.Method.invoke(Native Method)
	at org.junit.runners.model.FrameworkMethod$1.runReflectiveCall(FrameworkMethod.java:50)
	at org.junit.internal.runners.model.ReflectiveCallable.run(ReflectiveCallable.java:12)
	at org.junit.runners.model.FrameworkMethod.invokeExplosively(FrameworkMethod.java:52)
	at androidx.test.internal.runner.junit4.statement.RunAfters.evaluate(RunAfters.java:80)
	at androidx.test.rule.ActivityTestRule$ActivityStatement.evaluate(ActivityTestRule.java:531)
	at org.junit.rules.RunRules.evaluate(RunRules.java:20)
	at org.junit.runners.ParentRunner.runLeaf(ParentRunner.java:325)
	at org.junit.runners.BlockJUnit4ClassRunner.runChild(BlockJUnit4ClassRunner.java:78)
	at org.junit.runners.BlockJUnit4ClassRunner.runChild(BlockJUnit4ClassRunner.java:57)
	at org.junit.runners.ParentRunner$3.run(ParentRunner.java:290)
	at org.junit.runners.ParentRunner$1.schedule(ParentRunner.java:71)
	at org.junit.runners.ParentRunner.runChildren(ParentRunner.java:288)
	at org.junit.runners.ParentRunner.access$000(ParentRunner.java:58)
	at org.junit.runners.ParentRunner$2.evaluate(ParentRunner.java:268)
	at org.junit.runners.ParentRunner.run(ParentRunner.java:363)
	at org.junit.runners.Suite.runChild(Suite.java:128)
	at org.junit.runners.Suite.runChild(Suite.java:27)
	at org.junit.runners.ParentRunner$3.run(ParentRunner.java:290)
	at org.junit.runners.ParentRunner$1.schedule(ParentRunner.java:71)
	at org.junit.runners.ParentRunner.runChildren(ParentRunner.java:288)
	at org.junit.runners.ParentRunner.access$000(ParentRunner.java:58)
	at org.junit.runners.ParentRunner$2.evaluate(ParentRunner.java:268)
	at org.junit.runners.ParentRunner.run(ParentRunner.java:363)
	at org.junit.runner.JUnitCore.run(JUnitCore.java:137)
	at org.junit.runner.JUnitCore.run(JUnitCore.java:115)
	at androidx.test.internal.runner.TestExecutor.execute(TestExecutor.java:56)
	at androidx.test.runner.AndroidJUnitRunner.onStart(AndroidJUnitRunner.java:392)
	at android.app.Instrumentation$InstrumentationThread.run(Instrumentation.java:2218)
</StackTrace>
        </Failure>
      </Test>
      <Test result="fail" name="testPendingIntentBroadcastTimeout_noDelay">
        <Failure message="java.lang.NullPointerException: Attempt to read from field 'com.android.server.am.nano.ActivityDisplayProto[] com.android.server.am.nano.ActivityStackSupervisorProto.displays' on a null object reference&#13;">
          <StackTrace>java.lang.NullPointerException: Attempt to read from field 'com.android.server.am.nano.ActivityDisplayProto[] com.android.server.am.nano.ActivityStackSupervisorProto.displays' on a null object reference
	at android.server.wm.ActivityManagerState.parseSysDumpProto(ActivityManagerState.java:161)
	at android.server.wm.ActivityManagerState.computeState(ActivityManagerState.java:113)
	at android.server.wm.ActivityManagerState.computeState(ActivityManagerState.java:83)
	at android.server.wm.ActivityAndWindowManagersState.waitForValidState(ActivityAndWindowManagersState.java:149)
	at android.server.wm.ActivityAndWindowManagersState.computeState(ActivityAndWindowManagersState.java:116)
	at android.server.wm.ActivityAndWindowManagersState.waitForHomeActivityVisible(ActivityAndWindowManagersState.java:238)
	at android.server.wm.BackgroundActivityLaunchTest.tearDown(BackgroundActivityLaunchTest.java:131)
	at java.lang.reflect.Method.invoke(Native Method)
	at org.junit.runners.model.FrameworkMethod$1.runReflectiveCall(FrameworkMethod.java:50)
	at org.junit.internal.runners.model.ReflectiveCallable.run(ReflectiveCallable.java:12)
	at org.junit.runners.model.FrameworkMethod.invokeExplosively(FrameworkMethod.java:52)
	at androidx.test.internal.runner.junit4.statement.RunAfters.evaluate(RunAfters.java:80)
	at androidx.test.rule.ActivityTestRule$ActivityStatement.evaluate(ActivityTestRule.java:531)
	at org.junit.rules.RunRules.evaluate(RunRules.java:20)
	at org.junit.runners.ParentRunner.runLeaf(ParentRunner.java:325)
	at org.junit.runners.BlockJUnit4ClassRunner.runChild(BlockJUnit4ClassRunner.java:78)
	at org.junit.runners.BlockJUnit4ClassRunner.runChild(BlockJUnit4ClassRunner.java:57)
	at org.junit.runners.ParentRunner$3.run(ParentRunner.java:290)
	at org.junit.runners.ParentRunner$1.schedule(ParentRunner.java:71)
	at org.junit.runners.ParentRunner.runChildren(ParentRunner.java:288)
	at org.junit.runners.ParentRunner.access$000(ParentRunner.java:58)
	at org.junit.runners.ParentRunner$2.evaluate(ParentRunner.java:268)
	at org.junit.runners.ParentRunner.run(ParentRunner.java:363)
	at org.junit.runners.Suite.runChild(Suite.java:128)
	at org.junit.runners.Suite.runChild(Suite.java:27)
	at org.junit.runners.ParentRunner$3.run(ParentRunner.java:290)
	at org.junit.runners.ParentRunner$1.schedule(ParentRunner.java:71)
	at org.junit.runners.ParentRunner.runChildren(ParentRunner.java:288)
	at org.junit.runners.ParentRunner.access$000(ParentRunner.java:58)
	at org.junit.runners.ParentRunner$2.evaluate(ParentRunner.java:268)
	at org.junit.runners.ParentRunner.run(ParentRunner.java:363)
	at org.junit.runner.JUnitCore.run(JUnitCore.java:137)
	at org.junit.runner.JUnitCore.run(JUnitCore.java:115)
	at androidx.test.internal.runner.TestExecutor.execute(TestExecutor.java:56)
	at androidx.test.runner.AndroidJUnitRunner.onStart(AndroidJUnitRunner.java:392)
	at android.app.Instrumentation$InstrumentationThread.run(Instrumentation.java:2218)
</StackTrace>
        </Failure>
      </Test>
      <Test result="fail" name="testPendingIntentBroadcastActivityNotBlocked_appBIsForeground">
        <Failure message="java.lang.NullPointerException: Attempt to read from field 'com.android.server.am.nano.ActivityDisplayProto[] com.android.server.am.nano.ActivityStackSupervisorProto.displays' on a null object reference&#13;">
          <StackTrace>java.lang.NullPointerException: Attempt to read from field 'com.android.server.am.nano.ActivityDisplayProto[] com.android.server.am.nano.ActivityStackSupervisorProto.displays' on a null object reference
	at android.server.wm.ActivityManagerState.parseSysDumpProto(ActivityManagerState.java:161)
	at android.server.wm.ActivityManagerState.computeState(ActivityManagerState.java:113)
	at android.server.wm.ActivityManagerState.computeState(ActivityManagerState.java:83)
	at android.server.wm.ActivityAndWindowManagersState.waitForValidState(ActivityAndWindowManagersState.java:149)
	at android.server.wm.ActivityAndWindowManagersState.computeState(ActivityAndWindowManagersState.java:116)
	at android.server.wm.ActivityAndWindowManagersState.waitForHomeActivityVisible(ActivityAndWindowManagersState.java:238)
	at android.server.wm.BackgroundActivityLaunchTest.tearDown(BackgroundActivityLaunchTest.java:131)
	at java.lang.reflect.Method.invoke(Native Method)
	at org.junit.runners.model.FrameworkMethod$1.runReflectiveCall(FrameworkMethod.java:50)
	at org.junit.internal.runners.model.ReflectiveCallable.run(ReflectiveCallable.java:12)
	at org.junit.runners.model.FrameworkMethod.invokeExplosively(FrameworkMethod.java:52)
	at androidx.test.internal.runner.junit4.statement.RunAfters.evaluate(RunAfters.java:80)
	at androidx.test.rule.ActivityTestRule$ActivityStatement.evaluate(ActivityTestRule.java:531)
	at org.junit.rules.RunRules.evaluate(RunRules.java:20)
	at org.junit.runners.ParentRunner.runLeaf(ParentRunner.java:325)
	at org.junit.runners.BlockJUnit4ClassRunner.runChild(BlockJUnit4ClassRunner.java:78)
	at org.junit.runners.BlockJUnit4ClassRunner.runChild(BlockJUnit4ClassRunner.java:57)
	at org.junit.runners.ParentRunner$3.run(ParentRunner.java:290)
	at org.junit.runners.ParentRunner$1.schedule(ParentRunner.java:71)
	at org.junit.runners.ParentRunner.runChildren(ParentRunner.java:288)
	at org.junit.runners.ParentRunner.access$000(ParentRunner.java:58)
	at org.junit.runners.ParentRunner$2.evaluate(ParentRunner.java:268)
	at org.junit.runners.ParentRunner.run(ParentRunner.java:363)
	at org.junit.runners.Suite.runChild(Suite.java:128)
	at org.junit.runners.Suite.runChild(Suite.java:27)
	at org.junit.runners.ParentRunner$3.run(ParentRunner.java:290)
	at org.junit.runners.ParentRunner$1.schedule(ParentRunner.java:71)
	at org.junit.runners.ParentRunner.runChildren(ParentRunner.java:288)
	at org.junit.runners.ParentRunner.access$000(ParentRunner.java:58)
	at org.junit.runners.ParentRunner$2.evaluate(ParentRunner.java:268)
	at org.junit.runners.ParentRunner.run(ParentRunner.java:363)
	at org.junit.runner.JUnitCore.run(JUnitCore.java:137)
	at org.junit.runner.JUnitCore.run(JUnitCore.java:115)
	at androidx.test.internal.runner.TestExecutor.execute(TestExecutor.java:56)
	at androidx.test.runner.AndroidJUnitRunner.onStart(AndroidJUnitRunner.java:392)
	at android.app.Instrumentation$InstrumentationThread.run(Instrumentation.java:2218)
</StackTrace>
        </Failure>
      </Test>
      <Test result="fail" name="testBackgroundActivityBlocked">
        <Failure message="java.lang.NullPointerException: Attempt to read from field 'com.android.server.am.nano.ActivityDisplayProto[] com.android.server.am.nano.ActivityStackSupervisorProto.displays' on a null object reference&#13;">
          <StackTrace>java.lang.NullPointerException: Attempt to read from field 'com.android.server.am.nano.ActivityDisplayProto[] com.android.server.am.nano.ActivityStackSupervisorProto.displays' on a null object reference
	at android.server.wm.ActivityManagerState.parseSysDumpProto(ActivityManagerState.java:161)
	at android.server.wm.ActivityManagerState.computeState(ActivityManagerState.java:113)
	at android.server.wm.ActivityManagerState.computeState(ActivityManagerState.java:83)
	at android.server.wm.ActivityAndWindowManagersState.waitForValidState(ActivityAndWindowManagersState.java:149)
	at android.server.wm.ActivityAndWindowManagersState.computeState(ActivityAndWindowManagersState.java:116)
	at android.server.wm.ActivityAndWindowManagersState.waitForHomeActivityVisible(ActivityAndWindowManagersState.java:238)
	at android.server.wm.BackgroundActivityLaunchTest.tearDown(BackgroundActivityLaunchTest.java:131)
	at java.lang.reflect.Method.invoke(Native Method)
	at org.junit.runners.model.FrameworkMethod$1.runReflectiveCall(FrameworkMethod.java:50)
	at org.junit.internal.runners.model.ReflectiveCallable.run(ReflectiveCallable.java:12)
	at org.junit.runners.model.FrameworkMethod.invokeExplosively(FrameworkMethod.java:52)
	at androidx.test.internal.runner.junit4.statement.RunAfters.evaluate(RunAfters.java:80)
	at androidx.test.rule.ActivityTestRule$ActivityStatement.evaluate(ActivityTestRule.java:531)
	at org.junit.rules.RunRules.evaluate(RunRules.java:20)
	at org.junit.runners.ParentRunner.runLeaf(ParentRunner.java:325)
	at org.junit.runners.BlockJUnit4ClassRunner.runChild(BlockJUnit4ClassRunner.java:78)
	at org.junit.runners.BlockJUnit4ClassRunner.runChild(BlockJUnit4ClassRunner.java:57)
	at org.junit.runners.ParentRunner$3.run(ParentRunner.java:290)
	at org.junit.runners.ParentRunner$1.schedule(ParentRunner.java:71)
	at org.junit.runners.ParentRunner.runChildren(ParentRunner.java:288)
	at org.junit.runners.ParentRunner.access$000(ParentRunner.java:58)
	at org.junit.runners.ParentRunner$2.evaluate(ParentRunner.java:268)
	at org.junit.runners.ParentRunner.run(ParentRunner.java:363)
	at org.junit.runners.Suite.runChild(Suite.java:128)
	at org.junit.runners.Suite.runChild(Suite.java:27)
	at org.junit.runners.ParentRunner$3.run(ParentRunner.java:290)
	at org.junit.runners.ParentRunner$1.schedule(ParentRunner.java:71)
	at org.junit.runners.ParentRunner.runChildren(ParentRunner.java:288)
	at org.junit.runners.ParentRunner.access$000(ParentRunner.java:58)
	at org.junit.runners.ParentRunner$2.evaluate(ParentRunner.java:268)
	at org.junit.runners.ParentRunner.run(ParentRunner.java:363)
	at org.junit.runner.JUnitCore.run(JUnitCore.java:137)
	at org.junit.runner.JUnitCore.run(JUnitCore.java:115)
	at androidx.test.internal.runner.TestExecutor.execute(TestExecutor.java:56)
	at androidx.test.runner.AndroidJUnitRunner.onStart(AndroidJUnitRunner.java:392)
	at android.app.Instrumentation$InstrumentationThread.run(Instrumentation.java:2218)
</StackTrace>
        </Failure>
      </Test>
      <Test result="fail" name="testActivityNotBlockedwhenForegroundActivityLaunchInSameTask">
        <Failure message="java.lang.NullPointerException: Attempt to read from field 'com.android.server.am.nano.ActivityDisplayProto[] com.android.server.am.nano.ActivityStackSupervisorProto.displays' on a null object reference&#13;">
          <StackTrace>java.lang.NullPointerException: Attempt to read from field 'com.android.server.am.nano.ActivityDisplayProto[] com.android.server.am.nano.ActivityStackSupervisorProto.displays' on a null object reference
	at android.server.wm.ActivityManagerState.parseSysDumpProto(ActivityManagerState.java:161)
	at android.server.wm.ActivityManagerState.computeState(ActivityManagerState.java:113)
	at android.server.wm.ActivityManagerState.computeState(ActivityManagerState.java:83)
	at android.server.wm.ActivityAndWindowManagersState.waitForValidState(ActivityAndWindowManagersState.java:149)
	at android.server.wm.ActivityAndWindowManagersState.computeState(ActivityAndWindowManagersState.java:116)
	at android.server.wm.ActivityAndWindowManagersState.waitForHomeActivityVisible(ActivityAndWindowManagersState.java:238)
	at android.server.wm.BackgroundActivityLaunchTest.tearDown(BackgroundActivityLaunchTest.java:131)
	at java.lang.reflect.Method.invoke(Native Method)
	at org.junit.runners.model.FrameworkMethod$1.runReflectiveCall(FrameworkMethod.java:50)
	at org.junit.internal.runners.model.ReflectiveCallable.run(ReflectiveCallable.java:12)
	at org.junit.runners.model.FrameworkMethod.invokeExplosively(FrameworkMethod.java:52)
	at androidx.test.internal.runner.junit4.statement.RunAfters.evaluate(RunAfters.java:80)
	at androidx.test.rule.ActivityTestRule$ActivityStatement.evaluate(ActivityTestRule.java:531)
	at org.junit.rules.RunRules.evaluate(RunRules.java:20)
	at org.junit.runners.ParentRunner.runLeaf(ParentRunner.java:325)
	at org.junit.runners.BlockJUnit4ClassRunner.runChild(BlockJUnit4ClassRunner.java:78)
	at org.junit.runners.BlockJUnit4ClassRunner.runChild(BlockJUnit4ClassRunner.java:57)
	at org.junit.runners.ParentRunner$3.run(ParentRunner.java:290)
	at org.junit.runners.ParentRunner$1.schedule(ParentRunner.java:71)
	at org.junit.runners.ParentRunner.runChildren(ParentRunner.java:288)
	at org.junit.runners.ParentRunner.access$000(ParentRunner.java:58)
	at org.junit.runners.ParentRunner$2.evaluate(ParentRunner.java:268)
	at org.junit.runners.ParentRunner.run(ParentRunner.java:363)
	at org.junit.runners.Suite.runChild(Suite.java:128)
	at org.junit.runners.Suite.runChild(Suite.java:27)
	at org.junit.runners.ParentRunner$3.run(ParentRunner.java:290)
	at org.junit.runners.ParentRunner$1.schedule(ParentRunner.java:71)
	at org.junit.runners.ParentRunner.runChildren(ParentRunner.java:288)
	at org.junit.runners.ParentRunner.access$000(ParentRunner.java:58)
	at org.junit.runners.ParentRunner$2.evaluate(ParentRunner.java:268)
	at org.junit.runners.ParentRunner.run(ParentRunner.java:363)
	at org.junit.runner.JUnitCore.run(JUnitCore.java:137)
	at org.junit.runner.JUnitCore.run(JUnitCore.java:115)
	at androidx.test.internal.runner.TestExecutor.execute(TestExecutor.java:56)
	at androidx.test.runner.AndroidJUnitRunner.onStart(AndroidJUnitRunner.java:392)
	at android.app.Instrumentation$InstrumentationThread.run(Instrumentation.java:2218)
</StackTrace>
        </Failure>
      </Test>
      <Test result="fail" name="testPendingIntentBroadcastTimeout_delay12s">
        <Failure message="java.lang.NullPointerException: Attempt to read from field 'com.android.server.am.nano.ActivityDisplayProto[] com.android.server.am.nano.ActivityStackSupervisorProto.displays' on a null object reference&#13;">
          <StackTrace>java.lang.NullPointerException: Attempt to read from field 'com.android.server.am.nano.ActivityDisplayProto[] com.android.server.am.nano.ActivityStackSupervisorProto.displays' on a null object reference
	at android.server.wm.ActivityManagerState.parseSysDumpProto(ActivityManagerState.java:161)
	at android.server.wm.ActivityManagerState.computeState(ActivityManagerState.java:113)
	at android.server.wm.ActivityManagerState.computeState(ActivityManagerState.java:83)
	at android.server.wm.ActivityAndWindowManagersState.waitForValidState(ActivityAndWindowManagersState.java:149)
	at android.server.wm.ActivityAndWindowManagersState.computeState(ActivityAndWindowManagersState.java:116)
	at android.server.wm.ActivityAndWindowManagersState.waitForHomeActivityVisible(ActivityAndWindowManagersState.java:238)
	at android.server.wm.BackgroundActivityLaunchTest.tearDown(BackgroundActivityLaunchTest.java:131)
	at java.lang.reflect.Method.invoke(Native Method)
	at org.junit.runners.model.FrameworkMethod$1.runReflectiveCall(FrameworkMethod.java:50)
	at org.junit.internal.runners.model.ReflectiveCallable.run(ReflectiveCallable.java:12)
	at org.junit.runners.model.FrameworkMethod.invokeExplosively(FrameworkMethod.java:52)
	at androidx.test.internal.runner.junit4.statement.RunAfters.evaluate(RunAfters.java:80)
	at androidx.test.rule.ActivityTestRule$ActivityStatement.evaluate(ActivityTestRule.java:531)
	at org.junit.rules.RunRules.evaluate(RunRules.java:20)
	at org.junit.runners.ParentRunner.runLeaf(ParentRunner.java:325)
	at org.junit.runners.BlockJUnit4ClassRunner.runChild(BlockJUnit4ClassRunner.java:78)
	at org.junit.runners.BlockJUnit4ClassRunner.runChild(BlockJUnit4ClassRunner.java:57)
	at org.junit.runners.ParentRunner$3.run(ParentRunner.java:290)
	at org.junit.runners.ParentRunner$1.schedule(ParentRunner.java:71)
	at org.junit.runners.ParentRunner.runChildren(ParentRunner.java:288)
	at org.junit.runners.ParentRunner.access$000(ParentRunner.java:58)
	at org.junit.runners.ParentRunner$2.evaluate(ParentRunner.java:268)
	at org.junit.runners.ParentRunner.run(ParentRunner.java:363)
	at org.junit.runners.Suite.runChild(Suite.java:128)
	at org.junit.runners.Suite.runChild(Suite.java:27)
	at org.junit.runners.ParentRunner$3.run(ParentRunner.java:290)
	at org.junit.runners.ParentRunner$1.schedule(ParentRunner.java:71)
	at org.junit.runners.ParentRunner.runChildren(ParentRunner.java:288)
	at org.junit.runners.ParentRunner.access$000(ParentRunner.java:58)
	at org.junit.runners.ParentRunner$2.evaluate(ParentRunner.java:268)
	at org.junit.runners.ParentRunner.run(ParentRunner.java:363)
	at org.junit.runner.JUnitCore.run(JUnitCore.java:137)
	at org.junit.runner.JUnitCore.run(JUnitCore.java:115)
	at androidx.test.internal.runner.TestExecutor.execute(TestExecutor.java:56)
	at androidx.test.runner.AndroidJUnitRunner.onStart(AndroidJUnitRunner.java:392)
	at android.app.Instrumentation$InstrumentationThread.run(Instrumentation.java:2218)
</StackTrace>
        </Failure>
      </Test>
      <Test result="IGNORED" name="testActivityBlockedWhenForegroundActivityRestartsItself" skipped="true" />
      <Test result="fail" name="testSecondActivityNotBlockedWhenForegroundActivityLaunch">
        <Failure message="java.lang.NullPointerException: Attempt to read from field 'com.android.server.am.nano.ActivityDisplayProto[] com.android.server.am.nano.ActivityStackSupervisorProto.displays' on a null object reference&#13;">
          <StackTrace>java.lang.NullPointerException: Attempt to read from field 'com.android.server.am.nano.ActivityDisplayProto[] com.android.server.am.nano.ActivityStackSupervisorProto.displays' on a null object reference
	at android.server.wm.ActivityManagerState.parseSysDumpProto(ActivityManagerState.java:161)
	at android.server.wm.ActivityManagerState.computeState(ActivityManagerState.java:113)
	at android.server.wm.ActivityManagerState.computeState(ActivityManagerState.java:83)
	at android.server.wm.ActivityAndWindowManagersState.waitForValidState(ActivityAndWindowManagersState.java:149)
	at android.server.wm.ActivityAndWindowManagersState.computeState(ActivityAndWindowManagersState.java:116)
	at android.server.wm.ActivityAndWindowManagersState.waitForHomeActivityVisible(ActivityAndWindowManagersState.java:238)
	at android.server.wm.BackgroundActivityLaunchTest.tearDown(BackgroundActivityLaunchTest.java:131)
	at java.lang.reflect.Method.invoke(Native Method)
	at org.junit.runners.model.FrameworkMethod$1.runReflectiveCall(FrameworkMethod.java:50)
	at org.junit.internal.runners.model.ReflectiveCallable.run(ReflectiveCallable.java:12)
	at org.junit.runners.model.FrameworkMethod.invokeExplosively(FrameworkMethod.java:52)
	at androidx.test.internal.runner.junit4.statement.RunAfters.evaluate(RunAfters.java:80)
	at androidx.test.rule.ActivityTestRule$ActivityStatement.evaluate(ActivityTestRule.java:531)
	at org.junit.rules.RunRules.evaluate(RunRules.java:20)
	at org.junit.runners.ParentRunner.runLeaf(ParentRunner.java:325)
	at org.junit.runners.BlockJUnit4ClassRunner.runChild(BlockJUnit4ClassRunner.java:78)
	at org.junit.runners.BlockJUnit4ClassRunner.runChild(BlockJUnit4ClassRunner.java:57)
	at org.junit.runners.ParentRunner$3.run(ParentRunner.java:290)
	at org.junit.runners.ParentRunner$1.schedule(ParentRunner.java:71)
	at org.junit.runners.ParentRunner.runChildren(ParentRunner.java:288)
	at org.junit.runners.ParentRunner.access$000(ParentRunner.java:58)
	at org.junit.runners.ParentRunner$2.evaluate(ParentRunner.java:268)
	at org.junit.runners.ParentRunner.run(ParentRunner.java:363)
	at org.junit.runners.Suite.runChild(Suite.java:128)
	at org.junit.runners.Suite.runChild(Suite.java:27)
	at org.junit.runners.ParentRunner$3.run(ParentRunner.java:290)
	at org.junit.runners.ParentRunner$1.schedule(ParentRunner.java:71)
	at org.junit.runners.ParentRunner.runChildren(ParentRunner.java:288)
	at org.junit.runners.ParentRunner.access$000(ParentRunner.java:58)
	at org.junit.runners.ParentRunner$2.evaluate(ParentRunner.java:268)
	at org.junit.runners.ParentRunner.run(ParentRunner.java:363)
	at org.junit.runner.JUnitCore.run(JUnitCore.java:137)
	at org.junit.runner.JUnitCore.run(JUnitCore.java:115)
	at androidx.test.internal.runner.TestExecutor.execute(TestExecutor.java:56)
	at androidx.test.runner.AndroidJUnitRunner.onStart(AndroidJUnitRunner.java:392)
	at android.app.Instrumentation$InstrumentationThread.run(Instrumentation.java:2218)
</StackTrace>
        </Failure>
      </Test>
      <Test result="fail" name="testPendingIntentBroadcast_appBIsBackground">
        <Failure message="java.lang.NullPointerException: Attempt to read from field 'com.android.server.am.nano.ActivityDisplayProto[] com.android.server.am.nano.ActivityStackSupervisorProto.displays' on a null object reference&#13;">
          <StackTrace>java.lang.NullPointerException: Attempt to read from field 'com.android.server.am.nano.ActivityDisplayProto[] com.android.server.am.nano.ActivityStackSupervisorProto.displays' on a null object reference
	at android.server.wm.ActivityManagerState.parseSysDumpProto(ActivityManagerState.java:161)
	at android.server.wm.ActivityManagerState.computeState(ActivityManagerState.java:113)
	at android.server.wm.ActivityManagerState.computeState(ActivityManagerState.java:83)
	at android.server.wm.ActivityAndWindowManagersState.waitForValidState(ActivityAndWindowManagersState.java:149)
	at android.server.wm.ActivityAndWindowManagersState.computeState(ActivityAndWindowManagersState.java:116)
	at android.server.wm.ActivityAndWindowManagersState.waitForHomeActivityVisible(ActivityAndWindowManagersState.java:238)
	at android.server.wm.BackgroundActivityLaunchTest.tearDown(BackgroundActivityLaunchTest.java:131)
	at java.lang.reflect.Method.invoke(Native Method)
	at org.junit.runners.model.FrameworkMethod$1.runReflectiveCall(FrameworkMethod.java:50)
	at org.junit.internal.runners.model.ReflectiveCallable.run(ReflectiveCallable.java:12)
	at org.junit.runners.model.FrameworkMethod.invokeExplosively(FrameworkMethod.java:52)
	at androidx.test.internal.runner.junit4.statement.RunAfters.evaluate(RunAfters.java:80)
	at androidx.test.rule.ActivityTestRule$ActivityStatement.evaluate(ActivityTestRule.java:531)
	at org.junit.rules.RunRules.evaluate(RunRules.java:20)
	at org.junit.runners.ParentRunner.runLeaf(ParentRunner.java:325)
	at org.junit.runners.BlockJUnit4ClassRunner.runChild(BlockJUnit4ClassRunner.java:78)
	at org.junit.runners.BlockJUnit4ClassRunner.runChild(BlockJUnit4ClassRunner.java:57)
	at org.junit.runners.ParentRunner$3.run(ParentRunner.java:290)
	at org.junit.runners.ParentRunner$1.schedule(ParentRunner.java:71)
	at org.junit.runners.ParentRunner.runChildren(ParentRunner.java:288)
	at org.junit.runners.ParentRunner.access$000(ParentRunner.java:58)
	at org.junit.runners.ParentRunner$2.evaluate(ParentRunner.java:268)
	at org.junit.runners.ParentRunner.run(ParentRunner.java:363)
	at org.junit.runners.Suite.runChild(Suite.java:128)
	at org.junit.runners.Suite.runChild(Suite.java:27)
	at org.junit.runners.ParentRunner$3.run(ParentRunner.java:290)
	at org.junit.runners.ParentRunner$1.schedule(ParentRunner.java:71)
	at org.junit.runners.ParentRunner.runChildren(ParentRunner.java:288)
	at org.junit.runners.ParentRunner.access$000(ParentRunner.java:58)
	at org.junit.runners.ParentRunner$2.evaluate(ParentRunner.java:268)
	at org.junit.runners.ParentRunner.run(ParentRunner.java:363)
	at org.junit.runner.JUnitCore.run(JUnitCore.java:137)
	at org.junit.runner.JUnitCore.run(JUnitCore.java:115)
	at androidx.test.internal.runner.TestExecutor.execute(TestExecutor.java:56)
	at androidx.test.runner.AndroidJUnitRunner.onStart(AndroidJUnitRunner.java:392)
	at android.app.Instrumentation$InstrumentationThread.run(Instrumentation.java:2218)
</StackTrace>
        </Failure>
      </Test>
      <Test result="fail" name="testPendingIntentActivityBlocked">
        <Failure message="java.lang.NullPointerException: Attempt to read from field 'com.android.server.am.nano.ActivityDisplayProto[] com.android.server.am.nano.ActivityStackSupervisorProto.displays' on a null object reference&#13;">
          <StackTrace>java.lang.NullPointerException: Attempt to read from field 'com.android.server.am.nano.ActivityDisplayProto[] com.android.server.am.nano.ActivityStackSupervisorProto.displays' on a null object reference
	at android.server.wm.ActivityManagerState.parseSysDumpProto(ActivityManagerState.java:161)
	at android.server.wm.ActivityManagerState.computeState(ActivityManagerState.java:113)
	at android.server.wm.ActivityManagerState.computeState(ActivityManagerState.java:83)
	at android.server.wm.ActivityAndWindowManagersState.waitForValidState(ActivityAndWindowManagersState.java:149)
	at android.server.wm.ActivityAndWindowManagersState.computeState(ActivityAndWindowManagersState.java:116)
	at android.server.wm.ActivityAndWindowManagersState.waitForHomeActivityVisible(ActivityAndWindowManagersState.java:238)
	at android.server.wm.BackgroundActivityLaunchTest.tearDown(BackgroundActivityLaunchTest.java:131)
	at java.lang.reflect.Method.invoke(Native Method)
	at org.junit.runners.model.FrameworkMethod$1.runReflectiveCall(FrameworkMethod.java:50)
	at org.junit.internal.runners.model.ReflectiveCallable.run(ReflectiveCallable.java:12)
	at org.junit.runners.model.FrameworkMethod.invokeExplosively(FrameworkMethod.java:52)
	at androidx.test.internal.runner.junit4.statement.RunAfters.evaluate(RunAfters.java:80)
	at androidx.test.rule.ActivityTestRule$ActivityStatement.evaluate(ActivityTestRule.java:531)
	at org.junit.rules.RunRules.evaluate(RunRules.java:20)
	at org.junit.runners.ParentRunner.runLeaf(ParentRunner.java:325)
	at org.junit.runners.BlockJUnit4ClassRunner.runChild(BlockJUnit4ClassRunner.java:78)
	at org.junit.runners.BlockJUnit4ClassRunner.runChild(BlockJUnit4ClassRunner.java:57)
	at org.junit.runners.ParentRunner$3.run(ParentRunner.java:290)
	at org.junit.runners.ParentRunner$1.schedule(ParentRunner.java:71)
	at org.junit.runners.ParentRunner.runChildren(ParentRunner.java:288)
	at org.junit.runners.ParentRunner.access$000(ParentRunner.java:58)
	at org.junit.runners.ParentRunner$2.evaluate(ParentRunner.java:268)
	at org.junit.runners.ParentRunner.run(ParentRunner.java:363)
	at org.junit.runners.Suite.runChild(Suite.java:128)
	at org.junit.runners.Suite.runChild(Suite.java:27)
	at org.junit.runners.ParentRunner$3.run(ParentRunner.java:290)
	at org.junit.runners.ParentRunner$1.schedule(ParentRunner.java:71)
	at org.junit.runners.ParentRunner.runChildren(ParentRunner.java:288)
	at org.junit.runners.ParentRunner.access$000(ParentRunner.java:58)
	at org.junit.runners.ParentRunner$2.evaluate(ParentRunner.java:268)
	at org.junit.runners.ParentRunner.run(ParentRunner.java:363)
	at org.junit.runner.JUnitCore.run(JUnitCore.java:137)
	at org.junit.runner.JUnitCore.run(JUnitCore.java:115)
	at androidx.test.internal.runner.TestExecutor.execute(TestExecutor.java:56)
	at androidx.test.runner.AndroidJUnitRunner.onStart(AndroidJUnitRunner.java:392)
	at android.app.Instrumentation$InstrumentationThread.run(Instrumentation.java:2218)
</StackTrace>
        </Failure>
      </Test>
      <Test result="fail" name="testBackgroundActivityNotBlockedWhenSystemAlertWindowGranted">
        <Failure message="java.lang.NullPointerException: Attempt to read from field 'com.android.server.am.nano.ActivityDisplayProto[] com.android.server.am.nano.ActivityStackSupervisorProto.displays' on a null object reference&#13;">
          <StackTrace>java.lang.NullPointerException: Attempt to read from field 'com.android.server.am.nano.ActivityDisplayProto[] com.android.server.am.nano.ActivityStackSupervisorProto.displays' on a null object reference
	at android.server.wm.ActivityManagerState.parseSysDumpProto(ActivityManagerState.java:161)
	at android.server.wm.ActivityManagerState.computeState(ActivityManagerState.java:113)
	at android.server.wm.ActivityManagerState.computeState(ActivityManagerState.java:83)
	at android.server.wm.ActivityAndWindowManagersState.waitForValidState(ActivityAndWindowManagersState.java:149)
	at android.server.wm.ActivityAndWindowManagersState.computeState(ActivityAndWindowManagersState.java:116)
	at android.server.wm.ActivityAndWindowManagersState.waitForHomeActivityVisible(ActivityAndWindowManagersState.java:238)
	at android.server.wm.BackgroundActivityLaunchTest.tearDown(BackgroundActivityLaunchTest.java:131)
	at java.lang.reflect.Method.invoke(Native Method)
	at org.junit.runners.model.FrameworkMethod$1.runReflectiveCall(FrameworkMethod.java:50)
	at org.junit.internal.runners.model.ReflectiveCallable.run(ReflectiveCallable.java:12)
	at org.junit.runners.model.FrameworkMethod.invokeExplosively(FrameworkMethod.java:52)
	at androidx.test.internal.runner.junit4.statement.RunAfters.evaluate(RunAfters.java:80)
	at androidx.test.rule.ActivityTestRule$ActivityStatement.evaluate(ActivityTestRule.java:531)
	at org.junit.rules.RunRules.evaluate(RunRules.java:20)
	at org.junit.runners.ParentRunner.runLeaf(ParentRunner.java:325)
	at org.junit.runners.BlockJUnit4ClassRunner.runChild(BlockJUnit4ClassRunner.java:78)
	at org.junit.runners.BlockJUnit4ClassRunner.runChild(BlockJUnit4ClassRunner.java:57)
	at org.junit.runners.ParentRunner$3.run(ParentRunner.java:290)
	at org.junit.runners.ParentRunner$1.schedule(ParentRunner.java:71)
	at org.junit.runners.ParentRunner.runChildren(ParentRunner.java:288)
	at org.junit.runners.ParentRunner.access$000(ParentRunner.java:58)
	at org.junit.runners.ParentRunner$2.evaluate(ParentRunner.java:268)
	at org.junit.runners.ParentRunner.run(ParentRunner.java:363)
	at org.junit.runners.Suite.runChild(Suite.java:128)
	at org.junit.runners.Suite.runChild(Suite.java:27)
	at org.junit.runners.ParentRunner$3.run(ParentRunner.java:290)
	at org.junit.runners.ParentRunner$1.schedule(ParentRunner.java:71)
	at org.junit.runners.ParentRunner.runChildren(ParentRunner.java:288)
	at org.junit.runners.ParentRunner.access$000(ParentRunner.java:58)
	at org.junit.runners.ParentRunner$2.evaluate(ParentRunner.java:268)
	at org.junit.runners.ParentRunner.run(ParentRunner.java:363)
	at org.junit.runner.JUnitCore.run(JUnitCore.java:137)
	at org.junit.runner.JUnitCore.run(JUnitCore.java:115)
	at androidx.test.internal.runner.TestExecutor.execute(TestExecutor.java:56)
	at androidx.test.runner.AndroidJUnitRunner.onStart(AndroidJUnitRunner.java:392)
	at android.app.Instrumentation$InstrumentationThread.run(Instrumentation.java:2218)
</StackTrace>
        </Failure>
      </Test>
      <Test result="fail" name="testPendingIntentActivityNotBlocked_appAIsForeground">
        <Failure message="java.lang.NullPointerException: Attempt to read from field 'com.android.server.am.nano.ActivityDisplayProto[] com.android.server.am.nano.ActivityStackSupervisorProto.displays' on a null object reference&#13;">
          <StackTrace>java.lang.NullPointerException: Attempt to read from field 'com.android.server.am.nano.ActivityDisplayProto[] com.android.server.am.nano.ActivityStackSupervisorProto.displays' on a null object reference
	at android.server.wm.ActivityManagerState.parseSysDumpProto(ActivityManagerState.java:161)
	at android.server.wm.ActivityManagerState.computeState(ActivityManagerState.java:113)
	at android.server.wm.ActivityManagerState.computeState(ActivityManagerState.java:83)
	at android.server.wm.ActivityAndWindowManagersState.waitForValidState(ActivityAndWindowManagersState.java:149)
	at android.server.wm.ActivityAndWindowManagersState.computeState(ActivityAndWindowManagersState.java:116)
	at android.server.wm.ActivityAndWindowManagersState.waitForHomeActivityVisible(ActivityAndWindowManagersState.java:238)
	at android.server.wm.BackgroundActivityLaunchTest.tearDown(BackgroundActivityLaunchTest.java:131)
	at java.lang.reflect.Method.invoke(Native Method)
	at org.junit.runners.model.FrameworkMethod$1.runReflectiveCall(FrameworkMethod.java:50)
	at org.junit.internal.runners.model.ReflectiveCallable.run(ReflectiveCallable.java:12)
	at org.junit.runners.model.FrameworkMethod.invokeExplosively(FrameworkMethod.java:52)
	at androidx.test.internal.runner.junit4.statement.RunAfters.evaluate(RunAfters.java:80)
	at androidx.test.rule.ActivityTestRule$ActivityStatement.evaluate(ActivityTestRule.java:531)
	at org.junit.rules.RunRules.evaluate(RunRules.java:20)
	at org.junit.runners.ParentRunner.runLeaf(ParentRunner.java:325)
	at org.junit.runners.BlockJUnit4ClassRunner.runChild(BlockJUnit4ClassRunner.java:78)
	at org.junit.runners.BlockJUnit4ClassRunner.runChild(BlockJUnit4ClassRunner.java:57)
	at org.junit.runners.ParentRunner$3.run(ParentRunner.java:290)
	at org.junit.runners.ParentRunner$1.schedule(ParentRunner.java:71)
	at org.junit.runners.ParentRunner.runChildren(ParentRunner.java:288)
	at org.junit.runners.ParentRunner.access$000(ParentRunner.java:58)
	at org.junit.runners.ParentRunner$2.evaluate(ParentRunner.java:268)
	at org.junit.runners.ParentRunner.run(ParentRunner.java:363)
	at org.junit.runners.Suite.runChild(Suite.java:128)
	at org.junit.runners.Suite.runChild(Suite.java:27)
	at org.junit.runners.ParentRunner$3.run(ParentRunner.java:290)
	at org.junit.runners.ParentRunner$1.schedule(ParentRunner.java:71)
	at org.junit.runners.ParentRunner.runChildren(ParentRunner.java:288)
	at org.junit.runners.ParentRunner.access$000(ParentRunner.java:58)
	at org.junit.runners.ParentRunner$2.evaluate(ParentRunner.java:268)
	at org.junit.runners.ParentRunner.run(ParentRunner.java:363)
	at org.junit.runner.JUnitCore.run(JUnitCore.java:137)
	at org.junit.runner.JUnitCore.run(JUnitCore.java:115)
	at androidx.test.internal.runner.TestExecutor.execute(TestExecutor.java:56)
	at androidx.test.runner.AndroidJUnitRunner.onStart(AndroidJUnitRunner.java:392)
	at android.app.Instrumentation$InstrumentationThread.run(Instrumentation.java:2218)
</StackTrace>
        </Failure>
      </Test>
      <Test result="fail" name="testDeviceOwner">
        <Failure message="java.lang.NullPointerException: Attempt to read from field 'com.android.server.am.nano.ActivityDisplayProto[] com.android.server.am.nano.ActivityStackSupervisorProto.displays' on a null object reference&#13;">
          <StackTrace>java.lang.NullPointerException: Attempt to read from field 'com.android.server.am.nano.ActivityDisplayProto[] com.android.server.am.nano.ActivityStackSupervisorProto.displays' on a null object reference
	at android.server.wm.ActivityManagerState.parseSysDumpProto(ActivityManagerState.java:161)
	at android.server.wm.ActivityManagerState.computeState(ActivityManagerState.java:113)
	at android.server.wm.ActivityManagerState.computeState(ActivityManagerState.java:83)
	at android.server.wm.ActivityAndWindowManagersState.waitForValidState(ActivityAndWindowManagersState.java:149)
	at android.server.wm.ActivityAndWindowManagersState.computeState(ActivityAndWindowManagersState.java:116)
	at android.server.wm.ActivityAndWindowManagersState.waitForHomeActivityVisible(ActivityAndWindowManagersState.java:238)
	at android.server.wm.BackgroundActivityLaunchTest.tearDown(BackgroundActivityLaunchTest.java:131)
	at java.lang.reflect.Method.invoke(Native Method)
	at org.junit.runners.model.FrameworkMethod$1.runReflectiveCall(FrameworkMethod.java:50)
	at org.junit.internal.runners.model.ReflectiveCallable.run(ReflectiveCallable.java:12)
	at org.junit.runners.model.FrameworkMethod.invokeExplosively(FrameworkMethod.java:52)
	at androidx.test.internal.runner.junit4.statement.RunAfters.evaluate(RunAfters.java:80)
	at androidx.test.rule.ActivityTestRule$ActivityStatement.evaluate(ActivityTestRule.java:531)
	at org.junit.rules.RunRules.evaluate(RunRules.java:20)
	at org.junit.runners.ParentRunner.runLeaf(ParentRunner.java:325)
	at org.junit.runners.BlockJUnit4ClassRunner.runChild(BlockJUnit4ClassRunner.java:78)
	at org.junit.runners.BlockJUnit4ClassRunner.runChild(BlockJUnit4ClassRunner.java:57)
	at org.junit.runners.ParentRunner$3.run(ParentRunner.java:290)
	at org.junit.runners.ParentRunner$1.schedule(ParentRunner.java:71)
	at org.junit.runners.ParentRunner.runChildren(ParentRunner.java:288)
	at org.junit.runners.ParentRunner.access$000(ParentRunner.java:58)
	at org.junit.runners.ParentRunner$2.evaluate(ParentRunner.java:268)
	at org.junit.runners.ParentRunner.run(ParentRunner.java:363)
	at org.junit.runners.Suite.runChild(Suite.java:128)
	at org.junit.runners.Suite.runChild(Suite.java:27)
	at org.junit.runners.ParentRunner$3.run(ParentRunner.java:290)
	at org.junit.runners.ParentRunner$1.schedule(ParentRunner.java:71)
	at org.junit.runners.ParentRunner.runChildren(ParentRunner.java:288)
	at org.junit.runners.ParentRunner.access$000(ParentRunner.java:58)
	at org.junit.runners.ParentRunner$2.evaluate(ParentRunner.java:268)
	at org.junit.runners.ParentRunner.run(ParentRunner.java:363)
	at org.junit.runner.JUnitCore.run(JUnitCore.java:137)
	at org.junit.runner.JUnitCore.run(JUnitCore.java:115)
	at androidx.test.internal.runner.TestExecutor.execute(TestExecutor.java:56)
	at androidx.test.runner.AndroidJUnitRunner.onStart(AndroidJUnitRunner.java:392)
	at android.app.Instrumentation$InstrumentationThread.run(Instrumentation.java:2218)
</StackTrace>
        </Failure>
      </Test>
    </TestCase>
  </Module>
  <Module name="CtsAdminPackageInstallerTestCases" abi="arm64-v8a" runtime="38610" done="true" pass="6" total_tests="6">
    <TestCase name="android.packageinstaller.admin.cts.InstallReasonTest">
      <Test result="pass" name="testInstallReason" />
    </TestCase>
    <TestCase name="android.packageinstaller.admin.cts.SessionCommitBroadcastTest">
      <Test result="pass" name="testBroadcastNotReceivedForDifferentLauncher" />
      <Test result="pass" name="testBroadcastReceivedForEnablingApp" />
      <Test result="pass" name="testBroadcastReceivedForNewInstall" />
    </TestCase>
    <TestCase name="android.packageinstaller.admin.cts.SilentPackageInstallTest">
      <Test result="pass" name="testSilentInstallUninstall" />
      <Test result="pass" name="testUninstallBlocked" />
    </TestCase>
  </Module>
  <Module name="CtsAdminTestCases" abi="arm64-v8a" runtime="20418" done="true" pass="74" total_tests="92">
    <TestCase name="android.admin.cts.DeviceAdminActivationTest">
      <Test result="pass" name="testActivateBrokenReceiver2Fails" />
      <Test result="pass" name="testActivateBrokenReceiver3Fails" />
      <Test result="pass" name="testActivateBrokenReceiver4Fails" />
      <Test result="pass" name="testActivateBrokenReceiver5Fails" />
      <Test result="pass" name="testActivateBrokenReceiverFails" />
      <Test result="pass" name="testActivateGoodReceiverDisplaysActivationUi" />
    </TestCase>
    <TestCase name="android.admin.cts.DeviceAdminInfoTest">
      <Test result="pass" name="testDescribeContents_returnsAtLeastZero" />
      <Test result="pass" name="testDeviceAdminInfo" />
      <Test result="pass" name="testDeviceAdminInfo2" />
      <Test result="pass" name="testDeviceAdminInfo3" />
      <Test result="pass" name="testGetActivityInfo_returnsActivityInfo" />
      <Test result="pass" name="testIsVisible_invisibleComponent_returnsFalse" />
      <Test result="pass" name="testIsVisible_visibleComponent_returnsTrue" />
    </TestCase>
    <TestCase name="android.admin.cts.DeviceAdminReceiverTest">
      <Test result="fail" name="testOnReceiveBugreportFailed">
        <Failure message="org.mockito.exceptions.base.MockitoException: Unable to initialize &#64;Spy annotated field 'mReceiver'.&#13;">
          <StackTrace>org.mockito.exceptions.base.MockitoException: Unable to initialize &#64;Spy annotated field 'mReceiver'.
dexcache == null (and no default could be found; consider setting the 'dexmaker.dexcache' system property)
	at android.admin.cts.DeviceAdminReceiverTest.setUp(DeviceAdminReceiverTest.java:82)
	at junit.framework.TestCase.runBare(TestCase.java:132)
	at junit.framework.TestResult$1.protect(TestResult.java:115)
	at androidx.test.internal.runner.junit3.AndroidTestResult.runProtected(AndroidTestResult.java:73)
	at junit.framework.TestResult.run(TestResult.java:118)
	at androidx.test.internal.runner.junit3.AndroidTestResult.run(AndroidTestResult.java:51)
	at junit.framework.TestCase.run(TestCase.java:124)
	at androidx.test.internal.runner.junit3.NonLeakyTestSuite$NonLeakyTest.run(NonLeakyTestSuite.java:62)
	at androidx.test.internal.runner.junit3.AndroidTestSuite$2.run(AndroidTestSuite.java:101)
	at java.util.concurrent.Executors$RunnableAdapter.call(Executors.java:462)
	at java.util.concurrent.FutureTask.run(FutureTask.java:266)
	at java.util.concurrent.ThreadPoolExecutor.runWorker(ThreadPoolExecutor.java:1167)
	at java.util.concurrent.ThreadPoolExecutor$Worker.run(ThreadPoolExecutor.java:641)
	at java.lang.Thread.run(Thread.java:923)
Caused by: java.lang.IllegalArgumentException: dexcache == null (and no default could be found; consider setting the 'dexmaker.dexcache' system property)
	at com.android.dx.DexMaker.generateAndLoad(DexMaker.java:508)
	at com.android.dx.stock.ProxyBuilder.buildProxyClass(ProxyBuilder.java:337)
	at com.android.dx.mockito.DexmakerMockMaker.createMock(DexmakerMockMaker.java:114)
	at org.mockito.internal.util.MockUtil.createMock(MockUtil.java:35)
	at org.mockito.internal.MockitoCore.mock(MockitoCore.java:69)
	at org.mockito.Mockito.mock(Mockito.java:1895)
	at org.mockito.internal.configuration.SpyAnnotationEngine.spyInstance(SpyAnnotationEngine.java:75)
	at org.mockito.internal.configuration.SpyAnnotationEngine.process(SpyAnnotationEngine.java:63)
	at org.mockito.internal.configuration.InjectingAnnotationEngine.processIndependentAnnotations(InjectingAnnotationEngine.java:59)
	at org.mockito.internal.configuration.InjectingAnnotationEngine.process(InjectingAnnotationEngine.java:41)
	at org.mockito.MockitoAnnotations.initMocks(MockitoAnnotations.java:69)
	... 14 more
</StackTrace>
        </Failure>
      </Test>
      <Test result="fail" name="testOnReceiveBugreportShared">
        <Failure message="org.mockito.exceptions.base.MockitoException: Unable to initialize &#64;Spy annotated field 'mReceiver'.&#13;">
          <StackTrace>org.mockito.exceptions.base.MockitoException: Unable to initialize &#64;Spy annotated field 'mReceiver'.
dexcache == null (and no default could be found; consider setting the 'dexmaker.dexcache' system property)
	at android.admin.cts.DeviceAdminReceiverTest.setUp(DeviceAdminReceiverTest.java:82)
	at junit.framework.TestCase.runBare(TestCase.java:132)
	at junit.framework.TestResult$1.protect(TestResult.java:115)
	at androidx.test.internal.runner.junit3.AndroidTestResult.runProtected(AndroidTestResult.java:73)
	at junit.framework.TestResult.run(TestResult.java:118)
	at androidx.test.internal.runner.junit3.AndroidTestResult.run(AndroidTestResult.java:51)
	at junit.framework.TestCase.run(TestCase.java:124)
	at androidx.test.internal.runner.junit3.NonLeakyTestSuite$NonLeakyTest.run(NonLeakyTestSuite.java:62)
	at androidx.test.internal.runner.junit3.AndroidTestSuite$2.run(AndroidTestSuite.java:101)
	at java.util.concurrent.Executors$RunnableAdapter.call(Executors.java:462)
	at java.util.concurrent.FutureTask.run(FutureTask.java:266)
	at java.util.concurrent.ThreadPoolExecutor.runWorker(ThreadPoolExecutor.java:1167)
	at java.util.concurrent.ThreadPoolExecutor$Worker.run(ThreadPoolExecutor.java:641)
	at java.lang.Thread.run(Thread.java:923)
Caused by: java.lang.IllegalArgumentException: dexcache == null (and no default could be found; consider setting the 'dexmaker.dexcache' system property)
	at com.android.dx.DexMaker.generateAndLoad(DexMaker.java:508)
	at com.android.dx.stock.ProxyBuilder.buildProxyClass(ProxyBuilder.java:337)
	at com.android.dx.mockito.DexmakerMockMaker.createMock(DexmakerMockMaker.java:114)
	at org.mockito.internal.util.MockUtil.createMock(MockUtil.java:35)
	at org.mockito.internal.MockitoCore.mock(MockitoCore.java:69)
	at org.mockito.Mockito.mock(Mockito.java:1895)
	at org.mockito.internal.configuration.SpyAnnotationEngine.spyInstance(SpyAnnotationEngine.java:75)
	at org.mockito.internal.configuration.SpyAnnotationEngine.process(SpyAnnotationEngine.java:63)
	at org.mockito.internal.configuration.InjectingAnnotationEngine.processIndependentAnnotations(InjectingAnnotationEngine.java:59)
	at org.mockito.internal.configuration.InjectingAnnotationEngine.process(InjectingAnnotationEngine.java:41)
	at org.mockito.MockitoAnnotations.initMocks(MockitoAnnotations.java:69)
	... 14 more
</StackTrace>
        </Failure>
      </Test>
      <Test result="fail" name="testOnReceiveBugreportSharingDeclined">
        <Failure message="org.mockito.exceptions.base.MockitoException: Unable to initialize &#64;Spy annotated field 'mReceiver'.&#13;">
          <StackTrace>org.mockito.exceptions.base.MockitoException: Unable to initialize &#64;Spy annotated field 'mReceiver'.
dexcache == null (and no default could be found; consider setting the 'dexmaker.dexcache' system property)
	at android.admin.cts.DeviceAdminReceiverTest.setUp(DeviceAdminReceiverTest.java:82)
	at junit.framework.TestCase.runBare(TestCase.java:132)
	at junit.framework.TestResult$1.protect(TestResult.java:115)
	at androidx.test.internal.runner.junit3.AndroidTestResult.runProtected(AndroidTestResult.java:73)
	at junit.framework.TestResult.run(TestResult.java:118)
	at androidx.test.internal.runner.junit3.AndroidTestResult.run(AndroidTestResult.java:51)
	at junit.framework.TestCase.run(TestCase.java:124)
	at androidx.test.internal.runner.junit3.NonLeakyTestSuite$NonLeakyTest.run(NonLeakyTestSuite.java:62)
	at androidx.test.internal.runner.junit3.AndroidTestSuite$2.run(AndroidTestSuite.java:101)
	at java.util.concurrent.Executors$RunnableAdapter.call(Executors.java:462)
	at java.util.concurrent.FutureTask.run(FutureTask.java:266)
	at java.util.concurrent.ThreadPoolExecutor.runWorker(ThreadPoolExecutor.java:1167)
	at java.util.concurrent.ThreadPoolExecutor$Worker.run(ThreadPoolExecutor.java:641)
	at java.lang.Thread.run(Thread.java:923)
Caused by: java.lang.IllegalArgumentException: dexcache == null (and no default could be found; consider setting the 'dexmaker.dexcache' system property)
	at com.android.dx.DexMaker.generateAndLoad(DexMaker.java:508)
	at com.android.dx.stock.ProxyBuilder.buildProxyClass(ProxyBuilder.java:337)
	at com.android.dx.mockito.DexmakerMockMaker.createMock(DexmakerMockMaker.java:114)
	at org.mockito.internal.util.MockUtil.createMock(MockUtil.java:35)
	at org.mockito.internal.MockitoCore.mock(MockitoCore.java:69)
	at org.mockito.Mockito.mock(Mockito.java:1895)
	at org.mockito.internal.configuration.SpyAnnotationEngine.spyInstance(SpyAnnotationEngine.java:75)
	at org.mockito.internal.configuration.SpyAnnotationEngine.process(SpyAnnotationEngine.java:63)
	at org.mockito.internal.configuration.InjectingAnnotationEngine.processIndependentAnnotations(InjectingAnnotationEngine.java:59)
	at org.mockito.internal.configuration.InjectingAnnotationEngine.process(InjectingAnnotationEngine.java:41)
	at org.mockito.MockitoAnnotations.initMocks(MockitoAnnotations.java:69)
	... 14 more
</StackTrace>
        </Failure>
      </Test>
      <Test result="fail" name="testOnReceiveDisabled">
        <Failure message="org.mockito.exceptions.base.MockitoException: Unable to initialize &#64;Spy annotated field 'mReceiver'.&#13;">
          <StackTrace>org.mockito.exceptions.base.MockitoException: Unable to initialize &#64;Spy annotated field 'mReceiver'.
dexcache == null (and no default could be found; consider setting the 'dexmaker.dexcache' system property)
	at android.admin.cts.DeviceAdminReceiverTest.setUp(DeviceAdminReceiverTest.java:82)
	at junit.framework.TestCase.runBare(TestCase.java:132)
	at junit.framework.TestResult$1.protect(TestResult.java:115)
	at androidx.test.internal.runner.junit3.AndroidTestResult.runProtected(AndroidTestResult.java:73)
	at junit.framework.TestResult.run(TestResult.java:118)
	at androidx.test.internal.runner.junit3.AndroidTestResult.run(AndroidTestResult.java:51)
	at junit.framework.TestCase.run(TestCase.java:124)
	at androidx.test.internal.runner.junit3.NonLeakyTestSuite$NonLeakyTest.run(NonLeakyTestSuite.java:62)
	at androidx.test.internal.runner.junit3.AndroidTestSuite$2.run(AndroidTestSuite.java:101)
	at java.util.concurrent.Executors$RunnableAdapter.call(Executors.java:462)
	at java.util.concurrent.FutureTask.run(FutureTask.java:266)
	at java.util.concurrent.ThreadPoolExecutor.runWorker(ThreadPoolExecutor.java:1167)
	at java.util.concurrent.ThreadPoolExecutor$Worker.run(ThreadPoolExecutor.java:641)
	at java.lang.Thread.run(Thread.java:923)
Caused by: java.lang.IllegalArgumentException: dexcache == null (and no default could be found; consider setting the 'dexmaker.dexcache' system property)
	at com.android.dx.DexMaker.generateAndLoad(DexMaker.java:508)
	at com.android.dx.stock.ProxyBuilder.buildProxyClass(ProxyBuilder.java:337)
	at com.android.dx.mockito.DexmakerMockMaker.createMock(DexmakerMockMaker.java:114)
	at org.mockito.internal.util.MockUtil.createMock(MockUtil.java:35)
	at org.mockito.internal.MockitoCore.mock(MockitoCore.java:69)
	at org.mockito.Mockito.mock(Mockito.java:1895)
	at org.mockito.internal.configuration.SpyAnnotationEngine.spyInstance(SpyAnnotationEngine.java:75)
	at org.mockito.internal.configuration.SpyAnnotationEngine.process(SpyAnnotationEngine.java:63)
	at org.mockito.internal.configuration.InjectingAnnotationEngine.processIndependentAnnotations(InjectingAnnotationEngine.java:59)
	at org.mockito.internal.configuration.InjectingAnnotationEngine.process(InjectingAnnotationEngine.java:41)
	at org.mockito.MockitoAnnotations.initMocks(MockitoAnnotations.java:69)
	... 14 more
</StackTrace>
        </Failure>
      </Test>
      <Test result="fail" name="testOnReceiveEnabled">
        <Failure message="org.mockito.exceptions.base.MockitoException: Unable to initialize &#64;Spy annotated field 'mReceiver'.&#13;">
          <StackTrace>org.mockito.exceptions.base.MockitoException: Unable to initialize &#64;Spy annotated field 'mReceiver'.
dexcache == null (and no default could be found; consider setting the 'dexmaker.dexcache' system property)
	at android.admin.cts.DeviceAdminReceiverTest.setUp(DeviceAdminReceiverTest.java:82)
	at junit.framework.TestCase.runBare(TestCase.java:132)
	at junit.framework.TestResult$1.protect(TestResult.java:115)
	at androidx.test.internal.runner.junit3.AndroidTestResult.runProtected(AndroidTestResult.java:73)
	at junit.framework.TestResult.run(TestResult.java:118)
	at androidx.test.internal.runner.junit3.AndroidTestResult.run(AndroidTestResult.java:51)
	at junit.framework.TestCase.run(TestCase.java:124)
	at androidx.test.internal.runner.junit3.NonLeakyTestSuite$NonLeakyTest.run(NonLeakyTestSuite.java:62)
	at androidx.test.internal.runner.junit3.AndroidTestSuite$2.run(AndroidTestSuite.java:101)
	at java.util.concurrent.Executors$RunnableAdapter.call(Executors.java:462)
	at java.util.concurrent.FutureTask.run(FutureTask.java:266)
	at java.util.concurrent.ThreadPoolExecutor.runWorker(ThreadPoolExecutor.java:1167)
	at java.util.concurrent.ThreadPoolExecutor$Worker.run(ThreadPoolExecutor.java:641)
	at java.lang.Thread.run(Thread.java:923)
Caused by: java.lang.IllegalArgumentException: dexcache == null (and no default could be found; consider setting the 'dexmaker.dexcache' system property)
	at com.android.dx.DexMaker.generateAndLoad(DexMaker.java:508)
	at com.android.dx.stock.ProxyBuilder.buildProxyClass(ProxyBuilder.java:337)
	at com.android.dx.mockito.DexmakerMockMaker.createMock(DexmakerMockMaker.java:114)
	at org.mockito.internal.util.MockUtil.createMock(MockUtil.java:35)
	at org.mockito.internal.MockitoCore.mock(MockitoCore.java:69)
	at org.mockito.Mockito.mock(Mockito.java:1895)
	at org.mockito.internal.configuration.SpyAnnotationEngine.spyInstance(SpyAnnotationEngine.java:75)
	at org.mockito.internal.configuration.SpyAnnotationEngine.process(SpyAnnotationEngine.java:63)
	at org.mockito.internal.configuration.InjectingAnnotationEngine.processIndependentAnnotations(InjectingAnnotationEngine.java:59)
	at org.mockito.internal.configuration.InjectingAnnotationEngine.process(InjectingAnnotationEngine.java:41)
	at org.mockito.MockitoAnnotations.initMocks(MockitoAnnotations.java:69)
	... 14 more
</StackTrace>
        </Failure>
      </Test>
      <Test result="fail" name="testOnReceiveNetworkLogsAvailable">
        <Failure message="org.mockito.exceptions.base.MockitoException: Unable to initialize &#64;Spy annotated field 'mReceiver'.&#13;">
          <StackTrace>org.mockito.exceptions.base.MockitoException: Unable to initialize &#64;Spy annotated field 'mReceiver'.
dexcache == null (and no default could be found; consider setting the 'dexmaker.dexcache' system property)
	at android.admin.cts.DeviceAdminReceiverTest.setUp(DeviceAdminReceiverTest.java:82)
	at junit.framework.TestCase.runBare(TestCase.java:132)
	at junit.framework.TestResult$1.protect(TestResult.java:115)
	at androidx.test.internal.runner.junit3.AndroidTestResult.runProtected(AndroidTestResult.java:73)
	at junit.framework.TestResult.run(TestResult.java:118)
	at androidx.test.internal.runner.junit3.AndroidTestResult.run(AndroidTestResult.java:51)
	at junit.framework.TestCase.run(TestCase.java:124)
	at androidx.test.internal.runner.junit3.NonLeakyTestSuite$NonLeakyTest.run(NonLeakyTestSuite.java:62)
	at androidx.test.internal.runner.junit3.AndroidTestSuite$2.run(AndroidTestSuite.java:101)
	at java.util.concurrent.Executors$RunnableAdapter.call(Executors.java:462)
	at java.util.concurrent.FutureTask.run(FutureTask.java:266)
	at java.util.concurrent.ThreadPoolExecutor.runWorker(ThreadPoolExecutor.java:1167)
	at java.util.concurrent.ThreadPoolExecutor$Worker.run(ThreadPoolExecutor.java:641)
	at java.lang.Thread.run(Thread.java:923)
Caused by: java.lang.IllegalArgumentException: dexcache == null (and no default could be found; consider setting the 'dexmaker.dexcache' system property)
	at com.android.dx.DexMaker.generateAndLoad(DexMaker.java:508)
	at com.android.dx.stock.ProxyBuilder.buildProxyClass(ProxyBuilder.java:337)
	at com.android.dx.mockito.DexmakerMockMaker.createMock(DexmakerMockMaker.java:114)
	at org.mockito.internal.util.MockUtil.createMock(MockUtil.java:35)
	at org.mockito.internal.MockitoCore.mock(MockitoCore.java:69)
	at org.mockito.Mockito.mock(Mockito.java:1895)
	at org.mockito.internal.configuration.SpyAnnotationEngine.spyInstance(SpyAnnotationEngine.java:75)
	at org.mockito.internal.configuration.SpyAnnotationEngine.process(SpyAnnotationEngine.java:63)
	at org.mockito.internal.configuration.InjectingAnnotationEngine.processIndependentAnnotations(InjectingAnnotationEngine.java:59)
	at org.mockito.internal.configuration.InjectingAnnotationEngine.process(InjectingAnnotationEngine.java:41)
	at org.mockito.MockitoAnnotations.initMocks(MockitoAnnotations.java:69)
	... 14 more
</StackTrace>
        </Failure>
      </Test>
      <Test result="fail" name="testOnReceivePasswordChanged">
        <Failure message="org.mockito.exceptions.base.MockitoException: Unable to initialize &#64;Spy annotated field 'mReceiver'.&#13;">
          <StackTrace>org.mockito.exceptions.base.MockitoException: Unable to initialize &#64;Spy annotated field 'mReceiver'.
dexcache == null (and no default could be found; consider setting the 'dexmaker.dexcache' system property)
	at android.admin.cts.DeviceAdminReceiverTest.setUp(DeviceAdminReceiverTest.java:82)
	at junit.framework.TestCase.runBare(TestCase.java:132)
	at junit.framework.TestResult$1.protect(TestResult.java:115)
	at androidx.test.internal.runner.junit3.AndroidTestResult.runProtected(AndroidTestResult.java:73)
	at junit.framework.TestResult.run(TestResult.java:118)
	at androidx.test.internal.runner.junit3.AndroidTestResult.run(AndroidTestResult.java:51)
	at junit.framework.TestCase.run(TestCase.java:124)
	at androidx.test.internal.runner.junit3.NonLeakyTestSuite$NonLeakyTest.run(NonLeakyTestSuite.java:62)
	at androidx.test.internal.runner.junit3.AndroidTestSuite$2.run(AndroidTestSuite.java:101)
	at java.util.concurrent.Executors$RunnableAdapter.call(Executors.java:462)
	at java.util.concurrent.FutureTask.run(FutureTask.java:266)
	at java.util.concurrent.ThreadPoolExecutor.runWorker(ThreadPoolExecutor.java:1167)
	at java.util.concurrent.ThreadPoolExecutor$Worker.run(ThreadPoolExecutor.java:641)
	at java.lang.Thread.run(Thread.java:923)
Caused by: java.lang.IllegalArgumentException: dexcache == null (and no default could be found; consider setting the 'dexmaker.dexcache' system property)
	at com.android.dx.DexMaker.generateAndLoad(DexMaker.java:508)
	at com.android.dx.stock.ProxyBuilder.buildProxyClass(ProxyBuilder.java:337)
	at com.android.dx.mockito.DexmakerMockMaker.createMock(DexmakerMockMaker.java:114)
	at org.mockito.internal.util.MockUtil.createMock(MockUtil.java:35)
	at org.mockito.internal.MockitoCore.mock(MockitoCore.java:69)
	at org.mockito.Mockito.mock(Mockito.java:1895)
	at org.mockito.internal.configuration.SpyAnnotationEngine.spyInstance(SpyAnnotationEngine.java:75)
	at org.mockito.internal.configuration.SpyAnnotationEngine.process(SpyAnnotationEngine.java:63)
	at org.mockito.internal.configuration.InjectingAnnotationEngine.processIndependentAnnotations(InjectingAnnotationEngine.java:59)
	at org.mockito.internal.configuration.InjectingAnnotationEngine.process(InjectingAnnotationEngine.java:41)
	at org.mockito.MockitoAnnotations.initMocks(MockitoAnnotations.java:69)
	... 14 more
</StackTrace>
        </Failure>
      </Test>
      <Test result="fail" name="testOnReceivePasswordExpiring">
        <Failure message="org.mockito.exceptions.base.MockitoException: Unable to initialize &#64;Spy annotated field 'mReceiver'.&#13;">
          <StackTrace>org.mockito.exceptions.base.MockitoException: Unable to initialize &#64;Spy annotated field 'mReceiver'.
dexcache == null (and no default could be found; consider setting the 'dexmaker.dexcache' system property)
	at android.admin.cts.DeviceAdminReceiverTest.setUp(DeviceAdminReceiverTest.java:82)
	at junit.framework.TestCase.runBare(TestCase.java:132)
	at junit.framework.TestResult$1.protect(TestResult.java:115)
	at androidx.test.internal.runner.junit3.AndroidTestResult.runProtected(AndroidTestResult.java:73)
	at junit.framework.TestResult.run(TestResult.java:118)
	at androidx.test.internal.runner.junit3.AndroidTestResult.run(AndroidTestResult.java:51)
	at junit.framework.TestCase.run(TestCase.java:124)
	at androidx.test.internal.runner.junit3.NonLeakyTestSuite$NonLeakyTest.run(NonLeakyTestSuite.java:62)
	at androidx.test.internal.runner.junit3.AndroidTestSuite$2.run(AndroidTestSuite.java:101)
	at java.util.concurrent.Executors$RunnableAdapter.call(Executors.java:462)
	at java.util.concurrent.FutureTask.run(FutureTask.java:266)
	at java.util.concurrent.ThreadPoolExecutor.runWorker(ThreadPoolExecutor.java:1167)
	at java.util.concurrent.ThreadPoolExecutor$Worker.run(ThreadPoolExecutor.java:641)
	at java.lang.Thread.run(Thread.java:923)
Caused by: java.lang.IllegalArgumentException: dexcache == null (and no default could be found; consider setting the 'dexmaker.dexcache' system property)
	at com.android.dx.DexMaker.generateAndLoad(DexMaker.java:508)
	at com.android.dx.stock.ProxyBuilder.buildProxyClass(ProxyBuilder.java:337)
	at com.android.dx.mockito.DexmakerMockMaker.createMock(DexmakerMockMaker.java:114)
	at org.mockito.internal.util.MockUtil.createMock(MockUtil.java:35)
	at org.mockito.internal.MockitoCore.mock(MockitoCore.java:69)
	at org.mockito.Mockito.mock(Mockito.java:1895)
	at org.mockito.internal.configuration.SpyAnnotationEngine.spyInstance(SpyAnnotationEngine.java:75)
	at org.mockito.internal.configuration.SpyAnnotationEngine.process(SpyAnnotationEngine.java:63)
	at org.mockito.internal.configuration.InjectingAnnotationEngine.processIndependentAnnotations(InjectingAnnotationEngine.java:59)
	at org.mockito.internal.configuration.InjectingAnnotationEngine.process(InjectingAnnotationEngine.java:41)
	at org.mockito.MockitoAnnotations.initMocks(MockitoAnnotations.java:69)
	... 14 more
</StackTrace>
        </Failure>
      </Test>
      <Test result="fail" name="testOnReceivePasswordFailed">
        <Failure message="org.mockito.exceptions.base.MockitoException: Unable to initialize &#64;Spy annotated field 'mReceiver'.&#13;">
          <StackTrace>org.mockito.exceptions.base.MockitoException: Unable to initialize &#64;Spy annotated field 'mReceiver'.
dexcache == null (and no default could be found; consider setting the 'dexmaker.dexcache' system property)
	at android.admin.cts.DeviceAdminReceiverTest.setUp(DeviceAdminReceiverTest.java:82)
	at junit.framework.TestCase.runBare(TestCase.java:132)
	at junit.framework.TestResult$1.protect(TestResult.java:115)
	at androidx.test.internal.runner.junit3.AndroidTestResult.runProtected(AndroidTestResult.java:73)
	at junit.framework.TestResult.run(TestResult.java:118)
	at androidx.test.internal.runner.junit3.AndroidTestResult.run(AndroidTestResult.java:51)
	at junit.framework.TestCase.run(TestCase.java:124)
	at androidx.test.internal.runner.junit3.NonLeakyTestSuite$NonLeakyTest.run(NonLeakyTestSuite.java:62)
	at androidx.test.internal.runner.junit3.AndroidTestSuite$2.run(AndroidTestSuite.java:101)
	at java.util.concurrent.Executors$RunnableAdapter.call(Executors.java:462)
	at java.util.concurrent.FutureTask.run(FutureTask.java:266)
	at java.util.concurrent.ThreadPoolExecutor.runWorker(ThreadPoolExecutor.java:1167)
	at java.util.concurrent.ThreadPoolExecutor$Worker.run(ThreadPoolExecutor.java:641)
	at java.lang.Thread.run(Thread.java:923)
Caused by: java.lang.IllegalArgumentException: dexcache == null (and no default could be found; consider setting the 'dexmaker.dexcache' system property)
	at com.android.dx.DexMaker.generateAndLoad(DexMaker.java:508)
	at com.android.dx.stock.ProxyBuilder.buildProxyClass(ProxyBuilder.java:337)
	at com.android.dx.mockito.DexmakerMockMaker.createMock(DexmakerMockMaker.java:114)
	at org.mockito.internal.util.MockUtil.createMock(MockUtil.java:35)
	at org.mockito.internal.MockitoCore.mock(MockitoCore.java:69)
	at org.mockito.Mockito.mock(Mockito.java:1895)
	at org.mockito.internal.configuration.SpyAnnotationEngine.spyInstance(SpyAnnotationEngine.java:75)
	at org.mockito.internal.configuration.SpyAnnotationEngine.process(SpyAnnotationEngine.java:63)
	at org.mockito.internal.configuration.InjectingAnnotationEngine.processIndependentAnnotations(InjectingAnnotationEngine.java:59)
	at org.mockito.internal.configuration.InjectingAnnotationEngine.process(InjectingAnnotationEngine.java:41)
	at org.mockito.MockitoAnnotations.initMocks(MockitoAnnotations.java:69)
	... 14 more
</StackTrace>
        </Failure>
      </Test>
      <Test result="fail" name="testOnReceivePasswordSucceeded">
        <Failure message="org.mockito.exceptions.base.MockitoException: Unable to initialize &#64;Spy annotated field 'mReceiver'.&#13;">
          <StackTrace>org.mockito.exceptions.base.MockitoException: Unable to initialize &#64;Spy annotated field 'mReceiver'.
dexcache == null (and no default could be found; consider setting the 'dexmaker.dexcache' system property)
	at android.admin.cts.DeviceAdminReceiverTest.setUp(DeviceAdminReceiverTest.java:82)
	at junit.framework.TestCase.runBare(TestCase.java:132)
	at junit.framework.TestResult$1.protect(TestResult.java:115)
	at androidx.test.internal.runner.junit3.AndroidTestResult.runProtected(AndroidTestResult.java:73)
	at junit.framework.TestResult.run(TestResult.java:118)
	at androidx.test.internal.runner.junit3.AndroidTestResult.run(AndroidTestResult.java:51)
	at junit.framework.TestCase.run(TestCase.java:124)
	at androidx.test.internal.runner.junit3.NonLeakyTestSuite$NonLeakyTest.run(NonLeakyTestSuite.java:62)
	at androidx.test.internal.runner.junit3.AndroidTestSuite$2.run(AndroidTestSuite.java:101)
	at java.util.concurrent.Executors$RunnableAdapter.call(Executors.java:462)
	at java.util.concurrent.FutureTask.run(FutureTask.java:266)
	at java.util.concurrent.ThreadPoolExecutor.runWorker(ThreadPoolExecutor.java:1167)
	at java.util.concurrent.ThreadPoolExecutor$Worker.run(ThreadPoolExecutor.java:641)
	at java.lang.Thread.run(Thread.java:923)
Caused by: java.lang.IllegalArgumentException: dexcache == null (and no default could be found; consider setting the 'dexmaker.dexcache' system property)
	at com.android.dx.DexMaker.generateAndLoad(DexMaker.java:508)
	at com.android.dx.stock.ProxyBuilder.buildProxyClass(ProxyBuilder.java:337)
	at com.android.dx.mockito.DexmakerMockMaker.createMock(DexmakerMockMaker.java:114)
	at org.mockito.internal.util.MockUtil.createMock(MockUtil.java:35)
	at org.mockito.internal.MockitoCore.mock(MockitoCore.java:69)
	at org.mockito.Mockito.mock(Mockito.java:1895)
	at org.mockito.internal.configuration.SpyAnnotationEngine.spyInstance(SpyAnnotationEngine.java:75)
	at org.mockito.internal.configuration.SpyAnnotationEngine.process(SpyAnnotationEngine.java:63)
	at org.mockito.internal.configuration.InjectingAnnotationEngine.processIndependentAnnotations(InjectingAnnotationEngine.java:59)
	at org.mockito.internal.configuration.InjectingAnnotationEngine.process(InjectingAnnotationEngine.java:41)
	at org.mockito.MockitoAnnotations.initMocks(MockitoAnnotations.java:69)
	... 14 more
</StackTrace>
        </Failure>
      </Test>
      <Test result="fail" name="testOnReceiveSecurityLogsAvailable">
        <Failure message="org.mockito.exceptions.base.MockitoException: Unable to initialize &#64;Spy annotated field 'mReceiver'.&#13;">
          <StackTrace>org.mockito.exceptions.base.MockitoException: Unable to initialize &#64;Spy annotated field 'mReceiver'.
dexcache == null (and no default could be found; consider setting the 'dexmaker.dexcache' system property)
	at android.admin.cts.DeviceAdminReceiverTest.setUp(DeviceAdminReceiverTest.java:82)
	at junit.framework.TestCase.runBare(TestCase.java:132)
	at junit.framework.TestResult$1.protect(TestResult.java:115)
	at androidx.test.internal.runner.junit3.AndroidTestResult.runProtected(AndroidTestResult.java:73)
	at junit.framework.TestResult.run(TestResult.java:118)
	at androidx.test.internal.runner.junit3.AndroidTestResult.run(AndroidTestResult.java:51)
	at junit.framework.TestCase.run(TestCase.java:124)
	at androidx.test.internal.runner.junit3.NonLeakyTestSuite$NonLeakyTest.run(NonLeakyTestSuite.java:62)
	at androidx.test.internal.runner.junit3.AndroidTestSuite$2.run(AndroidTestSuite.java:101)
	at java.util.concurrent.Executors$RunnableAdapter.call(Executors.java:462)
	at java.util.concurrent.FutureTask.run(FutureTask.java:266)
	at java.util.concurrent.ThreadPoolExecutor.runWorker(ThreadPoolExecutor.java:1167)
	at java.util.concurrent.ThreadPoolExecutor$Worker.run(ThreadPoolExecutor.java:641)
	at java.lang.Thread.run(Thread.java:923)
Caused by: java.lang.IllegalArgumentException: dexcache == null (and no default could be found; consider setting the 'dexmaker.dexcache' system property)
	at com.android.dx.DexMaker.generateAndLoad(DexMaker.java:508)
	at com.android.dx.stock.ProxyBuilder.buildProxyClass(ProxyBuilder.java:337)
	at com.android.dx.mockito.DexmakerMockMaker.createMock(DexmakerMockMaker.java:114)
	at org.mockito.internal.util.MockUtil.createMock(MockUtil.java:35)
	at org.mockito.internal.MockitoCore.mock(MockitoCore.java:69)
	at org.mockito.Mockito.mock(Mockito.java:1895)
	at org.mockito.internal.configuration.SpyAnnotationEngine.spyInstance(SpyAnnotationEngine.java:75)
	at org.mockito.internal.configuration.SpyAnnotationEngine.process(SpyAnnotationEngine.java:63)
	at org.mockito.internal.configuration.InjectingAnnotationEngine.processIndependentAnnotations(InjectingAnnotationEngine.java:59)
	at org.mockito.internal.configuration.InjectingAnnotationEngine.process(InjectingAnnotationEngine.java:41)
	at org.mockito.MockitoAnnotations.initMocks(MockitoAnnotations.java:69)
	... 14 more
</StackTrace>
        </Failure>
      </Test>
      <Test result="fail" name="testOnReceive_enterLockTaskWithPackage_callsCallback">
        <Failure message="org.mockito.exceptions.base.MockitoException: Unable to initialize &#64;Spy annotated field 'mReceiver'.&#13;">
          <StackTrace>org.mockito.exceptions.base.MockitoException: Unable to initialize &#64;Spy annotated field 'mReceiver'.
dexcache == null (and no default could be found; consider setting the 'dexmaker.dexcache' system property)
	at android.admin.cts.DeviceAdminReceiverTest.setUp(DeviceAdminReceiverTest.java:82)
	at junit.framework.TestCase.runBare(TestCase.java:132)
	at junit.framework.TestResult$1.protect(TestResult.java:115)
	at androidx.test.internal.runner.junit3.AndroidTestResult.runProtected(AndroidTestResult.java:73)
	at junit.framework.TestResult.run(TestResult.java:118)
	at androidx.test.internal.runner.junit3.AndroidTestResult.run(AndroidTestResult.java:51)
	at junit.framework.TestCase.run(TestCase.java:124)
	at androidx.test.internal.runner.junit3.NonLeakyTestSuite$NonLeakyTest.run(NonLeakyTestSuite.java:62)
	at androidx.test.internal.runner.junit3.AndroidTestSuite$2.run(AndroidTestSuite.java:101)
	at java.util.concurrent.Executors$RunnableAdapter.call(Executors.java:462)
	at java.util.concurrent.FutureTask.run(FutureTask.java:266)
	at java.util.concurrent.ThreadPoolExecutor.runWorker(ThreadPoolExecutor.java:1167)
	at java.util.concurrent.ThreadPoolExecutor$Worker.run(ThreadPoolExecutor.java:641)
	at java.lang.Thread.run(Thread.java:923)
Caused by: java.lang.IllegalArgumentException: dexcache == null (and no default could be found; consider setting the 'dexmaker.dexcache' system property)
	at com.android.dx.DexMaker.generateAndLoad(DexMaker.java:508)
	at com.android.dx.stock.ProxyBuilder.buildProxyClass(ProxyBuilder.java:337)
	at com.android.dx.mockito.DexmakerMockMaker.createMock(DexmakerMockMaker.java:114)
	at org.mockito.internal.util.MockUtil.createMock(MockUtil.java:35)
	at org.mockito.internal.MockitoCore.mock(MockitoCore.java:69)
	at org.mockito.Mockito.mock(Mockito.java:1895)
	at org.mockito.internal.configuration.SpyAnnotationEngine.spyInstance(SpyAnnotationEngine.java:75)
	at org.mockito.internal.configuration.SpyAnnotationEngine.process(SpyAnnotationEngine.java:63)
	at org.mockito.internal.configuration.InjectingAnnotationEngine.processIndependentAnnotations(InjectingAnnotationEngine.java:59)
	at org.mockito.internal.configuration.InjectingAnnotationEngine.process(InjectingAnnotationEngine.java:41)
	at org.mockito.MockitoAnnotations.initMocks(MockitoAnnotations.java:69)
	... 14 more
</StackTrace>
        </Failure>
      </Test>
      <Test result="fail" name="testOnReceive_enterLockTaskWithoutPackage_callsCallback">
        <Failure message="org.mockito.exceptions.base.MockitoException: Unable to initialize &#64;Spy annotated field 'mReceiver'.&#13;">
          <StackTrace>org.mockito.exceptions.base.MockitoException: Unable to initialize &#64;Spy annotated field 'mReceiver'.
dexcache == null (and no default could be found; consider setting the 'dexmaker.dexcache' system property)
	at android.admin.cts.DeviceAdminReceiverTest.setUp(DeviceAdminReceiverTest.java:82)
	at junit.framework.TestCase.runBare(TestCase.java:132)
	at junit.framework.TestResult$1.protect(TestResult.java:115)
	at androidx.test.internal.runner.junit3.AndroidTestResult.runProtected(AndroidTestResult.java:73)
	at junit.framework.TestResult.run(TestResult.java:118)
	at androidx.test.internal.runner.junit3.AndroidTestResult.run(AndroidTestResult.java:51)
	at junit.framework.TestCase.run(TestCase.java:124)
	at androidx.test.internal.runner.junit3.NonLeakyTestSuite$NonLeakyTest.run(NonLeakyTestSuite.java:62)
	at androidx.test.internal.runner.junit3.AndroidTestSuite$2.run(AndroidTestSuite.java:101)
	at java.util.concurrent.Executors$RunnableAdapter.call(Executors.java:462)
	at java.util.concurrent.FutureTask.run(FutureTask.java:266)
	at java.util.concurrent.ThreadPoolExecutor.runWorker(ThreadPoolExecutor.java:1167)
	at java.util.concurrent.ThreadPoolExecutor$Worker.run(ThreadPoolExecutor.java:641)
	at java.lang.Thread.run(Thread.java:923)
Caused by: java.lang.IllegalArgumentException: dexcache == null (and no default could be found; consider setting the 'dexmaker.dexcache' system property)
	at com.android.dx.DexMaker.generateAndLoad(DexMaker.java:508)
	at com.android.dx.stock.ProxyBuilder.buildProxyClass(ProxyBuilder.java:337)
	at com.android.dx.mockito.DexmakerMockMaker.createMock(DexmakerMockMaker.java:114)
	at org.mockito.internal.util.MockUtil.createMock(MockUtil.java:35)
	at org.mockito.internal.MockitoCore.mock(MockitoCore.java:69)
	at org.mockito.Mockito.mock(Mockito.java:1895)
	at org.mockito.internal.configuration.SpyAnnotationEngine.spyInstance(SpyAnnotationEngine.java:75)
	at org.mockito.internal.configuration.SpyAnnotationEngine.process(SpyAnnotationEngine.java:63)
	at org.mockito.internal.configuration.InjectingAnnotationEngine.processIndependentAnnotations(InjectingAnnotationEngine.java:59)
	at org.mockito.internal.configuration.InjectingAnnotationEngine.process(InjectingAnnotationEngine.java:41)
	at org.mockito.MockitoAnnotations.initMocks(MockitoAnnotations.java:69)
	... 14 more
</StackTrace>
        </Failure>
      </Test>
    </TestCase>
    <TestCase name="android.admin.cts.DevicePolicyManagerTest">
      <Test result="pass" name="testAddPersistentPreferredActivity_failIfNotProfileOwner" />
      <Test result="pass" name="testAddUserRestriction_failIfNotProfileOwner" />
      <Test result="pass" name="testClearPackagePersistentPreferredActivities_failIfNotProfileOwner" />
      <Test result="pass" name="testClearResetPasswordToken_failIfNotDeviceOrProfileOwner" />
      <Test result="pass" name="testCreateAdminSupportIntent_returnNullIfRestrictionIsNotSet" />
      <Test result="pass" name="testCreateAndManageUser_failIfNotDeviceOwner" />
      <Test result="pass" name="testCrossProfileCalendar_failIfNotProfileOwner" />
      <Test result="pass" name="testGenerateKeyPair_failIfNotProfileOwner" />
      <Test result="pass" name="testGetActiveAdmins" />
      <Test result="pass" name="testGetDelegatedCertInstaller_failIfNotProfileOwner" />
      <Test result="pass" name="testGetInstalledCaCerts_failIfNotCertInstaller" />
      <Test result="pass" name="testGetInstalledCaCerts_failIfNotProfileOwner" />
      <Test result="pass" name="testHasCaCertInstalled_failIfNotCertInstaller" />
      <Test result="pass" name="testHasCaCertInstalled_failIfNotProfileOwner" />
      <Test result="pass" name="testInstallCaCert_failIfNotCertInstaller" />
      <Test result="pass" name="testInstallCaCert_failIfNotProfileOwner" />
      <Test result="pass" name="testIsApplicationHidden_failIfNotDeviceOrProfileOwner" />
      <Test result="pass" name="testIsBackupServiceEnabled_failIfNotDeviceOwner" />
      <Test result="pass" name="testIsMasterVolumeMuted_failIfNotDeviceOrProfileOwner" />
      <Test result="pass" name="testIsNetworkLoggingEnabled_failIfNotDeviceOwner" />
      <Test result="pass" name="testIsResetPasswordTokenActive_failIfNotDeviceOrProfileOwner" />
      <Test result="fail" name="testIsSecurityLoggingEnabled_failIfNotDeviceOwner">
        <Failure message="junit.framework.AssertionFailedError: message is: Admin ComponentInfo{android.admin.app/android.admin.app.CtsDeviceAdminReceiver} is not the profile owner on organization-owned device&#13;">
          <StackTrace>junit.framework.AssertionFailedError: message is: Admin ComponentInfo{android.admin.app/android.admin.app.CtsDeviceAdminReceiver} is not the profile owner on organization-owned device
	at junit.framework.Assert.fail(Assert.java:50)
	at junit.framework.Assert.assertTrue(Assert.java:20)
	at android.admin.cts.DevicePolicyManagerTest.assertDeviceOwnerMessage(DevicePolicyManagerTest.java:760)
	at android.admin.cts.DevicePolicyManagerTest.testIsSecurityLoggingEnabled_failIfNotDeviceOwner(DevicePolicyManagerTest.java:170)
	at java.lang.reflect.Method.invoke(Native Method)
	at junit.framework.TestCase.runTest(TestCase.java:168)
	at junit.framework.TestCase.runBare(TestCase.java:134)
	at junit.framework.TestResult$1.protect(TestResult.java:115)
	at androidx.test.internal.runner.junit3.AndroidTestResult.runProtected(AndroidTestResult.java:73)
	at junit.framework.TestResult.run(TestResult.java:118)
	at androidx.test.internal.runner.junit3.AndroidTestResult.run(AndroidTestResult.java:51)
	at junit.framework.TestCase.run(TestCase.java:124)
	at androidx.test.internal.runner.junit3.NonLeakyTestSuite$NonLeakyTest.run(NonLeakyTestSuite.java:62)
	at androidx.test.internal.runner.junit3.AndroidTestSuite$2.run(AndroidTestSuite.java:101)
	at java.util.concurrent.Executors$RunnableAdapter.call(Executors.java:462)
	at java.util.concurrent.FutureTask.run(FutureTask.java:266)
	at java.util.concurrent.ThreadPoolExecutor.runWorker(ThreadPoolExecutor.java:1167)
	at java.util.concurrent.ThreadPoolExecutor$Worker.run(ThreadPoolExecutor.java:641)
	at java.lang.Thread.run(Thread.java:923)
</StackTrace>
        </Failure>
      </Test>
      <Test result="pass" name="testIsUsingUnifiedPassword_failIfNotProfileOwner" />
      <Test result="pass" name="testKeyguardDisabledFeatures" />
      <Test result="pass" name="testLauncherVersionAtLeastL" />
      <Test result="pass" name="testManagedProvisioningPreInstalled" />
      <Test result="pass" name="testNotificationPolicyAccess" />
      <Test result="pass" name="testReboot_failIfNotDeviceOwner" />
      <Test result="pass" name="testRemoveUser_failIfNotDeviceOwner" />
      <Test result="pass" name="testRequestRemoteBugreport_failIfNotDeviceOwner" />
      <Test result="pass" name="testResetPasswordWithToken_failIfNotDeviceOrProfileOwner" />
      <Test result="pass" name="testRetrieveNetworkLogs_failIfNotDeviceOwner" />
      <Test result="fail" name="testRetrievePreRebootSecurityLogs_failIfNotDeviceOwner">
        <Failure message="junit.framework.AssertionFailedError: message is: Admin ComponentInfo{android.admin.app/android.admin.app.CtsDeviceAdminReceiver} is not the profile owner on organization-owned device&#13;">
          <StackTrace>junit.framework.AssertionFailedError: message is: Admin ComponentInfo{android.admin.app/android.admin.app.CtsDeviceAdminReceiver} is not the profile owner on organization-owned device
	at junit.framework.Assert.fail(Assert.java:50)
	at junit.framework.Assert.assertTrue(Assert.java:20)
	at android.admin.cts.DevicePolicyManagerTest.assertDeviceOwnerMessage(DevicePolicyManagerTest.java:760)
	at android.admin.cts.DevicePolicyManagerTest.testRetrievePreRebootSecurityLogs_failIfNotDeviceOwner(DevicePolicyManagerTest.java:196)
	at java.lang.reflect.Method.invoke(Native Method)
	at junit.framework.TestCase.runTest(TestCase.java:168)
	at junit.framework.TestCase.runBare(TestCase.java:134)
	at junit.framework.TestResult$1.protect(TestResult.java:115)
	at androidx.test.internal.runner.junit3.AndroidTestResult.runProtected(AndroidTestResult.java:73)
	at junit.framework.TestResult.run(TestResult.java:118)
	at androidx.test.internal.runner.junit3.AndroidTestResult.run(AndroidTestResult.java:51)
	at junit.framework.TestCase.run(TestCase.java:124)
	at androidx.test.internal.runner.junit3.NonLeakyTestSuite$NonLeakyTest.run(NonLeakyTestSuite.java:62)
	at androidx.test.internal.runner.junit3.AndroidTestSuite$2.run(AndroidTestSuite.java:101)
	at java.util.concurrent.Executors$RunnableAdapter.call(Executors.java:462)
	at java.util.concurrent.FutureTask.run(FutureTask.java:266)
	at java.util.concurrent.ThreadPoolExecutor.runWorker(ThreadPoolExecutor.java:1167)
	at java.util.concurrent.ThreadPoolExecutor$Worker.run(ThreadPoolExecutor.java:641)
	at java.lang.Thread.run(Thread.java:923)
</StackTrace>
        </Failure>
      </Test>
      <Test result="fail" name="testRetrieveSecurityLogs_failIfNotDeviceOwner">
        <Failure message="junit.framework.AssertionFailedError: message is: Admin ComponentInfo{android.admin.app/android.admin.app.CtsDeviceAdminReceiver} is not the profile owner on organization-owned device&#13;">
          <StackTrace>junit.framework.AssertionFailedError: message is: Admin ComponentInfo{android.admin.app/android.admin.app.CtsDeviceAdminReceiver} is not the profile owner on organization-owned device
	at junit.framework.Assert.fail(Assert.java:50)
	at junit.framework.Assert.assertTrue(Assert.java:20)
	at android.admin.cts.DevicePolicyManagerTest.assertDeviceOwnerMessage(DevicePolicyManagerTest.java:760)
	at android.admin.cts.DevicePolicyManagerTest.testRetrieveSecurityLogs_failIfNotDeviceOwner(DevicePolicyManagerTest.java:183)
	at java.lang.reflect.Method.invoke(Native Method)
	at junit.framework.TestCase.runTest(TestCase.java:168)
	at junit.framework.TestCase.runBare(TestCase.java:134)
	at junit.framework.TestResult$1.protect(TestResult.java:115)
	at androidx.test.internal.runner.junit3.AndroidTestResult.runProtected(AndroidTestResult.java:73)
	at junit.framework.TestResult.run(TestResult.java:118)
	at androidx.test.internal.runner.junit3.AndroidTestResult.run(AndroidTestResult.java:51)
	at junit.framework.TestCase.run(TestCase.java:124)
	at androidx.test.internal.runner.junit3.NonLeakyTestSuite$NonLeakyTest.run(NonLeakyTestSuite.java:62)
	at androidx.test.internal.runner.junit3.AndroidTestSuite$2.run(AndroidTestSuite.java:101)
	at java.util.concurrent.Executors$RunnableAdapter.call(Executors.java:462)
	at java.util.concurrent.FutureTask.run(FutureTask.java:266)
	at java.util.concurrent.ThreadPoolExecutor.runWorker(ThreadPoolExecutor.java:1167)
	at java.util.concurrent.ThreadPoolExecutor$Worker.run(ThreadPoolExecutor.java:641)
	at java.lang.Thread.run(Thread.java:923)
</StackTrace>
        </Failure>
      </Test>
      <Test result="pass" name="testSetAccountManagementDisabled_failIfNotProfileOwner" />
      <Test result="pass" name="testSetApplicationHidden_failIfNotDeviceOrProfileOwner" />
      <Test result="pass" name="testSetApplicationRestrictions_failIfNotProfileOwner" />
      <Test result="pass" name="testSetAutoTimeRequired_failIfNotDeviceOrProfileOwner" />
      <Test result="pass" name="testSetBackupServiceEnabled_failIfNotDeviceOwner" />
      <Test result="pass" name="testSetBluetoothContactSharingDisabled_failIfNotProfileOwner" />
      <Test result="pass" name="testSetCrossProfileContactsSearchDisabled_failIfNotProfileOwner" />
      <Test result="pass" name="testSetDefaultSmsApplication_failIfNotDeviceOwner" />
      <Test result="pass" name="testSetDelegatedCertInstaller_failIfNotProfileOwner" />
      <Test result="pass" name="testSetGlobalSetting_failIfNotDeviceOwner" />
      <Test result="pass" name="testSetInterruptionFilter" />
      <Test result="pass" name="testSetKeyPairCertificate_failIfNotProfileOwner" />
      <Test result="pass" name="testSetLockTaskPackages_failIfNotDeviceOwner" />
      <Test result="pass" name="testSetMasterVolumeMuted_failIfNotDeviceOrProfileOwner" />
      <Test result="pass" name="testSetNetworkLoggingEnabled_failIfNotDeviceOwner" />
      <Test result="pass" name="testSetPermittedAccessibilityServices_failIfNotProfileOwner" />
      <Test result="pass" name="testSetPermittedInputMethods_failIfNotProfileOwner" />
      <Test result="pass" name="testSetRecommendedGlobalProxy_failIfNotDeviceOwner" />
      <Test result="pass" name="testSetResetPasswordToken_failIfNotDeviceOrProfileOwner" />
      <Test result="pass" name="testSetRestrictionsProvider_failIfNotProfileOwner" />
      <Test result="pass" name="testSetScreenCaptureDisabled_failIfNotProfileOwner" />
      <Test result="pass" name="testSetSecureSetting_failForInstallNonMarketApps" />
      <Test result="pass" name="testSetSecureSetting_failIfNotDeviceOrProfileOwner" />
      <Test result="fail" name="testSetSecurityLoggingEnabled_failIfNotDeviceOwner">
        <Failure message="junit.framework.AssertionFailedError: message is: Admin ComponentInfo{android.admin.app/android.admin.app.CtsDeviceAdminReceiver} is not the profile owner on organization-owned device&#13;">
          <StackTrace>junit.framework.AssertionFailedError: message is: Admin ComponentInfo{android.admin.app/android.admin.app.CtsDeviceAdminReceiver} is not the profile owner on organization-owned device
	at junit.framework.Assert.fail(Assert.java:50)
	at junit.framework.Assert.assertTrue(Assert.java:20)
	at android.admin.cts.DevicePolicyManagerTest.assertDeviceOwnerMessage(DevicePolicyManagerTest.java:760)
	at android.admin.cts.DevicePolicyManagerTest.testSetSecurityLoggingEnabled_failIfNotDeviceOwner(DevicePolicyManagerTest.java:157)
	at java.lang.reflect.Method.invoke(Native Method)
	at junit.framework.TestCase.runTest(TestCase.java:168)
	at junit.framework.TestCase.runBare(TestCase.java:134)
	at junit.framework.TestResult$1.protect(TestResult.java:115)
	at androidx.test.internal.runner.junit3.AndroidTestResult.runProtected(AndroidTestResult.java:73)
	at junit.framework.TestResult.run(TestResult.java:118)
	at androidx.test.internal.runner.junit3.AndroidTestResult.run(AndroidTestResult.java:51)
	at junit.framework.TestCase.run(TestCase.java:124)
	at androidx.test.internal.runner.junit3.NonLeakyTestSuite$NonLeakyTest.run(NonLeakyTestSuite.java:62)
	at androidx.test.internal.runner.junit3.AndroidTestSuite$2.run(AndroidTestSuite.java:101)
	at java.util.concurrent.Executors$RunnableAdapter.call(Executors.java:462)
	at java.util.concurrent.FutureTask.run(FutureTask.java:266)
	at java.util.concurrent.ThreadPoolExecutor.runWorker(ThreadPoolExecutor.java:1167)
	at java.util.concurrent.ThreadPoolExecutor$Worker.run(ThreadPoolExecutor.java:641)
	at java.lang.Thread.run(Thread.java:923)
</StackTrace>
        </Failure>
      </Test>
      <Test result="pass" name="testSetStorageEncryption_noAdmin" />
      <Test result="fail" name="testSetSystemUpdatePolicy_failIfNotDeviceOwner">
        <Failure message="junit.framework.AssertionFailedError: message is: Admin ComponentInfo{android.admin.app/android.admin.app.CtsDeviceAdminReceiver} is not the profile owner on organization-owned device&#13;">
          <StackTrace>junit.framework.AssertionFailedError: message is: Admin ComponentInfo{android.admin.app/android.admin.app.CtsDeviceAdminReceiver} is not the profile owner on organization-owned device
	at junit.framework.Assert.fail(Assert.java:50)
	at junit.framework.Assert.assertTrue(Assert.java:20)
	at android.admin.cts.DevicePolicyManagerTest.assertDeviceOwnerMessage(DevicePolicyManagerTest.java:760)
	at android.admin.cts.DevicePolicyManagerTest.testSetSystemUpdatePolicy_failIfNotDeviceOwner(DevicePolicyManagerTest.java:810)
	at java.lang.reflect.Method.invoke(Native Method)
	at junit.framework.TestCase.runTest(TestCase.java:168)
	at junit.framework.TestCase.runBare(TestCase.java:134)
	at junit.framework.TestResult$1.protect(TestResult.java:115)
	at androidx.test.internal.runner.junit3.AndroidTestResult.runProtected(AndroidTestResult.java:73)
	at junit.framework.TestResult.run(TestResult.java:118)
	at androidx.test.internal.runner.junit3.AndroidTestResult.run(AndroidTestResult.java:51)
	at junit.framework.TestCase.run(TestCase.java:124)
	at androidx.test.internal.runner.junit3.NonLeakyTestSuite$NonLeakyTest.run(NonLeakyTestSuite.java:62)
	at androidx.test.internal.runner.junit3.AndroidTestSuite$2.run(AndroidTestSuite.java:101)
	at java.util.concurrent.Executors$RunnableAdapter.call(Executors.java:462)
	at java.util.concurrent.FutureTask.run(FutureTask.java:266)
	at java.util.concurrent.ThreadPoolExecutor.runWorker(ThreadPoolExecutor.java:1167)
	at java.util.concurrent.ThreadPoolExecutor$Worker.run(ThreadPoolExecutor.java:641)
	at java.lang.Thread.run(Thread.java:923)
</StackTrace>
        </Failure>
      </Test>
      <Test result="pass" name="testSetUninstallBlocked_failIfNotProfileOwner" />
      <Test result="pass" name="testSwitchUser_failIfNotDeviceOwner" />
      <Test result="pass" name="testUninstallAllUserCaCerts_failIfNotCertInstaller" />
      <Test result="pass" name="testUninstallAllUserCaCerts_failIfNotProfileOwner" />
      <Test result="pass" name="testUninstallCaCert_failIfNotCertInstaller" />
      <Test result="pass" name="testUninstallCaCert_failIfNotProfileOwner" />
    </TestCase>
  </Module>
  <Module name="CtsAlarmManagerTestCases" abi="arm64-v8a" runtime="138298" done="true" pass="6" total_tests="21">
    <TestCase name="android.alarmmanager.cts.AppStandbyTests">
      <Test result="fail" name="testActiveDelay">
        <Failure message="java.lang.AssertionError: Alarm not received as expected when app is in active&#13;">
          <StackTrace>java.lang.AssertionError: Alarm not received as expected when app is in active
	at org.junit.Assert.fail(Assert.java:88)
	at org.junit.Assert.assertTrue(Assert.java:41)
	at android.alarmmanager.cts.AppStandbyTests.testActiveDelay(AppStandbyTests.java:227)
	at java.lang.reflect.Method.invoke(Native Method)
	at org.junit.runners.model.FrameworkMethod$1.runReflectiveCall(FrameworkMethod.java:50)
	at org.junit.internal.runners.model.ReflectiveCallable.run(ReflectiveCallable.java:12)
	at org.junit.runners.model.FrameworkMethod.invokeExplosively(FrameworkMethod.java:52)
	at org.junit.internal.runners.statements.InvokeMethod.evaluate(InvokeMethod.java:17)
	at org.junit.internal.runners.statements.FailOnTimeout$CallableStatement.call(FailOnTimeout.java:148)
	at org.junit.internal.runners.statements.FailOnTimeout$CallableStatement.call(FailOnTimeout.java:142)
	at java.util.concurrent.FutureTask.run(FutureTask.java:266)
	at java.lang.Thread.run(Thread.java:923)
</StackTrace>
        </Failure>
      </Test>
      <Test result="fail" name="testActiveQuota">
        <Failure message="java.lang.AssertionError: Alarm not received as expected when app is in active&#13;">
          <StackTrace>java.lang.AssertionError: Alarm not received as expected when app is in active
	at org.junit.Assert.fail(Assert.java:88)
	at org.junit.Assert.assertTrue(Assert.java:41)
	at android.alarmmanager.cts.AppStandbyTests.testActiveQuota(AppStandbyTests.java:361)
	at java.lang.reflect.Method.invoke(Native Method)
	at org.junit.runners.model.FrameworkMethod$1.runReflectiveCall(FrameworkMethod.java:50)
	at org.junit.internal.runners.model.ReflectiveCallable.run(ReflectiveCallable.java:12)
	at org.junit.runners.model.FrameworkMethod.invokeExplosively(FrameworkMethod.java:52)
	at org.junit.internal.runners.statements.InvokeMethod.evaluate(InvokeMethod.java:17)
	at org.junit.internal.runners.statements.FailOnTimeout$CallableStatement.call(FailOnTimeout.java:148)
	at org.junit.internal.runners.statements.FailOnTimeout$CallableStatement.call(FailOnTimeout.java:142)
	at java.util.concurrent.FutureTask.run(FutureTask.java:266)
	at java.lang.Thread.run(Thread.java:923)
</StackTrace>
        </Failure>
      </Test>
      <Test result="fail" name="testBucketUpgradeToSmallerDelay">
        <Failure message="java.lang.AssertionError: Alarm did not fire when app in active&#13;">
          <StackTrace>java.lang.AssertionError: Alarm did not fire when app in active
	at org.junit.Assert.fail(Assert.java:88)
	at org.junit.Assert.assertTrue(Assert.java:41)
	at android.alarmmanager.cts.AppStandbyTests.testBucketUpgradeToSmallerDelay(AppStandbyTests.java:273)
	at java.lang.reflect.Method.invoke(Native Method)
	at org.junit.runners.model.FrameworkMethod$1.runReflectiveCall(FrameworkMethod.java:50)
	at org.junit.internal.runners.model.ReflectiveCallable.run(ReflectiveCallable.java:12)
	at org.junit.runners.model.FrameworkMethod.invokeExplosively(FrameworkMethod.java:52)
	at org.junit.internal.runners.statements.InvokeMethod.evaluate(InvokeMethod.java:17)
	at org.junit.internal.runners.statements.FailOnTimeout$CallableStatement.call(FailOnTimeout.java:148)
	at org.junit.internal.runners.statements.FailOnTimeout$CallableStatement.call(FailOnTimeout.java:142)
	at java.util.concurrent.FutureTask.run(FutureTask.java:266)
	at java.lang.Thread.run(Thread.java:923)
</StackTrace>
        </Failure>
      </Test>
      <Test result="fail" name="testFrequentDelay">
        <Failure message="java.lang.AssertionError: Alarm did not fire when app in active&#13;">
          <StackTrace>java.lang.AssertionError: Alarm did not fire when app in active
	at org.junit.Assert.fail(Assert.java:88)
	at org.junit.Assert.assertTrue(Assert.java:41)
	at android.alarmmanager.cts.AppStandbyTests.testBucketDelay(AppStandbyTests.java:203)
	at android.alarmmanager.cts.AppStandbyTests.testFrequentDelay(AppStandbyTests.java:241)
	at java.lang.reflect.Method.invoke(Native Method)
	at org.junit.runners.model.FrameworkMethod$1.runReflectiveCall(FrameworkMethod.java:50)
	at org.junit.internal.runners.model.ReflectiveCallable.run(ReflectiveCallable.java:12)
	at org.junit.runners.model.FrameworkMethod.invokeExplosively(FrameworkMethod.java:52)
	at org.junit.internal.runners.statements.InvokeMethod.evaluate(InvokeMethod.java:17)
	at org.junit.internal.runners.statements.FailOnTimeout$CallableStatement.call(FailOnTimeout.java:148)
	at org.junit.internal.runners.statements.FailOnTimeout$CallableStatement.call(FailOnTimeout.java:142)
	at java.util.concurrent.FutureTask.run(FutureTask.java:266)
	at java.lang.Thread.run(Thread.java:923)
</StackTrace>
        </Failure>
      </Test>
      <Test result="fail" name="testFrequentQuota">
        <Failure message="java.lang.AssertionError: Alarm within quota not firing as expected&#13;">
          <StackTrace>java.lang.AssertionError: Alarm within quota not firing as expected
	at org.junit.Assert.fail(Assert.java:88)
	at org.junit.Assert.assertTrue(Assert.java:41)
	at android.alarmmanager.cts.AppStandbyTests.testSimpleQuotaDeferral(AppStandbyTests.java:342)
	at android.alarmmanager.cts.AppStandbyTests.testFrequentQuota(AppStandbyTests.java:373)
	at java.lang.reflect.Method.invoke(Native Method)
	at org.junit.runners.model.FrameworkMethod$1.runReflectiveCall(FrameworkMethod.java:50)
	at org.junit.internal.runners.model.ReflectiveCallable.run(ReflectiveCallable.java:12)
	at org.junit.runners.model.FrameworkMethod.invokeExplosively(FrameworkMethod.java:52)
	at org.junit.internal.runners.statements.InvokeMethod.evaluate(InvokeMethod.java:17)
	at org.junit.internal.runners.statements.FailOnTimeout$CallableStatement.call(FailOnTimeout.java:148)
	at org.junit.internal.runners.statements.FailOnTimeout$CallableStatement.call(FailOnTimeout.java:142)
	at java.util.concurrent.FutureTask.run(FutureTask.java:266)
	at java.lang.Thread.run(Thread.java:923)
</StackTrace>
        </Failure>
      </Test>
      <Test result="fail" name="testAllowWhileIdleAlarms">
        <Failure message="java.lang.AssertionError: first allow_while_idle alarm did not go off as scheduled&#13;">
          <StackTrace>java.lang.AssertionError: first allow_while_idle alarm did not go off as scheduled
	at org.junit.Assert.fail(Assert.java:88)
	at org.junit.Assert.assertTrue(Assert.java:41)
	at android.alarmmanager.cts.AppStandbyTests.testAllowWhileIdleAlarms(AppStandbyTests.java:406)
	at java.lang.reflect.Method.invoke(Native Method)
	at org.junit.runners.model.FrameworkMethod$1.runReflectiveCall(FrameworkMethod.java:50)
	at org.junit.internal.runners.model.ReflectiveCallable.run(ReflectiveCallable.java:12)
	at org.junit.runners.model.FrameworkMethod.invokeExplosively(FrameworkMethod.java:52)
	at org.junit.internal.runners.statements.InvokeMethod.evaluate(InvokeMethod.java:17)
	at org.junit.internal.runners.statements.FailOnTimeout$CallableStatement.call(FailOnTimeout.java:148)
	at org.junit.internal.runners.statements.FailOnTimeout$CallableStatement.call(FailOnTimeout.java:142)
	at java.util.concurrent.FutureTask.run(FutureTask.java:266)
	at java.lang.Thread.run(Thread.java:923)
</StackTrace>
        </Failure>
      </Test>
      <Test result="fail" name="testRareDelay">
        <Failure message="java.lang.AssertionError: Deferred alarm did not go off after rare delay&#13;">
          <StackTrace>java.lang.AssertionError: Deferred alarm did not go off after rare delay
	at org.junit.Assert.fail(Assert.java:88)
	at org.junit.Assert.assertTrue(Assert.java:41)
	at android.alarmmanager.cts.AppStandbyTests.testBucketDelay(AppStandbyTests.java:215)
	at android.alarmmanager.cts.AppStandbyTests.testRareDelay(AppStandbyTests.java:247)
	at java.lang.reflect.Method.invoke(Native Method)
	at org.junit.runners.model.FrameworkMethod$1.runReflectiveCall(FrameworkMethod.java:50)
	at org.junit.internal.runners.model.ReflectiveCallable.run(ReflectiveCallable.java:12)
	at org.junit.runners.model.FrameworkMethod.invokeExplosively(FrameworkMethod.java:52)
	at org.junit.internal.runners.statements.InvokeMethod.evaluate(InvokeMethod.java:17)
	at org.junit.internal.runners.statements.FailOnTimeout$CallableStatement.call(FailOnTimeout.java:148)
	at org.junit.internal.runners.statements.FailOnTimeout$CallableStatement.call(FailOnTimeout.java:142)
	at java.util.concurrent.FutureTask.run(FutureTask.java:266)
	at java.lang.Thread.run(Thread.java:923)
</StackTrace>
        </Failure>
      </Test>
      <Test result="fail" name="testRareQuota">
        <Failure message="java.lang.AssertionError: Alarm within quota not firing as expected&#13;">
          <StackTrace>java.lang.AssertionError: Alarm within quota not firing as expected
	at org.junit.Assert.fail(Assert.java:88)
	at org.junit.Assert.assertTrue(Assert.java:41)
	at android.alarmmanager.cts.AppStandbyTests.testSimpleQuotaDeferral(AppStandbyTests.java:342)
	at android.alarmmanager.cts.AppStandbyTests.testRareQuota(AppStandbyTests.java:378)
	at java.lang.reflect.Method.invoke(Native Method)
	at org.junit.runners.model.FrameworkMethod$1.runReflectiveCall(FrameworkMethod.java:50)
	at org.junit.internal.runners.model.ReflectiveCallable.run(ReflectiveCallable.java:12)
	at org.junit.runners.model.FrameworkMethod.invokeExplosively(FrameworkMethod.java:52)
	at org.junit.internal.runners.statements.InvokeMethod.evaluate(InvokeMethod.java:17)
	at org.junit.internal.runners.statements.FailOnTimeout$CallableStatement.call(FailOnTimeout.java:148)
	at org.junit.internal.runners.statements.FailOnTimeout$CallableStatement.call(FailOnTimeout.java:142)
	at java.util.concurrent.FutureTask.run(FutureTask.java:266)
	at java.lang.Thread.run(Thread.java:923)
</StackTrace>
        </Failure>
      </Test>
      <Test result="fail" name="testNeverDelay">
        <Failure message="java.lang.AssertionError: Alarm did not fire when app in active&#13;">
          <StackTrace>java.lang.AssertionError: Alarm did not fire when app in active
	at org.junit.Assert.fail(Assert.java:88)
	at org.junit.Assert.assertTrue(Assert.java:41)
	at android.alarmmanager.cts.AppStandbyTests.testNeverDelay(AppStandbyTests.java:257)
	at java.lang.reflect.Method.invoke(Native Method)
	at org.junit.runners.model.FrameworkMethod$1.runReflectiveCall(FrameworkMethod.java:50)
	at org.junit.internal.runners.model.ReflectiveCallable.run(ReflectiveCallable.java:12)
	at org.junit.runners.model.FrameworkMethod.invokeExplosively(FrameworkMethod.java:52)
	at org.junit.internal.runners.statements.InvokeMethod.evaluate(InvokeMethod.java:17)
	at org.junit.internal.runners.statements.FailOnTimeout$CallableStatement.call(FailOnTimeout.java:148)
	at org.junit.internal.runners.statements.FailOnTimeout$CallableStatement.call(FailOnTimeout.java:142)
	at java.util.concurrent.FutureTask.run(FutureTask.java:266)
	at java.lang.Thread.run(Thread.java:923)
</StackTrace>
        </Failure>
      </Test>
      <Test result="pass" name="testNeverQuota" />
      <Test result="pass" name="testAlarmClockUnaffected" />
      <Test result="fail" name="testPowerWhitelistedAlarmNotBlocked">
        <Failure message="java.lang.AssertionError: Alarm did not go off for whitelisted app in rare bucket&#13;">
          <StackTrace>java.lang.AssertionError: Alarm did not go off for whitelisted app in rare bucket
	at org.junit.Assert.fail(Assert.java:88)
	at org.junit.Assert.assertTrue(Assert.java:41)
	at android.alarmmanager.cts.AppStandbyTests.testPowerWhitelistedAlarmNotBlocked(AppStandbyTests.java:436)
	at java.lang.reflect.Method.invoke(Native Method)
	at org.junit.runners.model.FrameworkMethod$1.runReflectiveCall(FrameworkMethod.java:50)
	at org.junit.internal.runners.model.ReflectiveCallable.run(ReflectiveCallable.java:12)
	at org.junit.runners.model.FrameworkMethod.invokeExplosively(FrameworkMethod.java:52)
	at org.junit.internal.runners.statements.InvokeMethod.evaluate(InvokeMethod.java:17)
	at org.junit.internal.runners.statements.FailOnTimeout$CallableStatement.call(FailOnTimeout.java:148)
	at org.junit.internal.runners.statements.FailOnTimeout$CallableStatement.call(FailOnTimeout.java:142)
	at java.util.concurrent.FutureTask.run(FutureTask.java:266)
	at java.lang.Thread.run(Thread.java:923)
</StackTrace>
        </Failure>
      </Test>
      <Test result="fail" name="testWorkingSetDelay">
        <Failure message="java.lang.AssertionError: Alarm did not fire when app in active&#13;">
          <StackTrace>java.lang.AssertionError: Alarm did not fire when app in active
	at org.junit.Assert.fail(Assert.java:88)
	at org.junit.Assert.assertTrue(Assert.java:41)
	at android.alarmmanager.cts.AppStandbyTests.testBucketDelay(AppStandbyTests.java:203)
	at android.alarmmanager.cts.AppStandbyTests.testWorkingSetDelay(AppStandbyTests.java:235)
	at java.lang.reflect.Method.invoke(Native Method)
	at org.junit.runners.model.FrameworkMethod$1.runReflectiveCall(FrameworkMethod.java:50)
	at org.junit.internal.runners.model.ReflectiveCallable.run(ReflectiveCallable.java:12)
	at org.junit.runners.model.FrameworkMethod.invokeExplosively(FrameworkMethod.java:52)
	at org.junit.internal.runners.statements.InvokeMethod.evaluate(InvokeMethod.java:17)
	at org.junit.internal.runners.statements.FailOnTimeout$CallableStatement.call(FailOnTimeout.java:148)
	at org.junit.internal.runners.statements.FailOnTimeout$CallableStatement.call(FailOnTimeout.java:142)
	at java.util.concurrent.FutureTask.run(FutureTask.java:266)
	at java.lang.Thread.run(Thread.java:923)
</StackTrace>
        </Failure>
      </Test>
      <Test result="fail" name="testWorkingQuota">
        <Failure message="java.lang.IllegalArgumentException: millis &amp;lt; 0: -8&#13;">
          <StackTrace>java.lang.IllegalArgumentException: millis &amp;lt; 0: -8
	at java.lang.Thread.sleep(Thread.java:402)
	at java.lang.Thread.sleep(Thread.java:358)
	at android.alarmmanager.cts.AppStandbyTests.testSimpleQuotaDeferral(AppStandbyTests.java:341)
	at android.alarmmanager.cts.AppStandbyTests.testWorkingQuota(AppStandbyTests.java:368)
	at java.lang.reflect.Method.invoke(Native Method)
	at org.junit.runners.model.FrameworkMethod$1.runReflectiveCall(FrameworkMethod.java:50)
	at org.junit.internal.runners.model.ReflectiveCallable.run(ReflectiveCallable.java:12)
	at org.junit.runners.model.FrameworkMethod.invokeExplosively(FrameworkMethod.java:52)
	at org.junit.internal.runners.statements.InvokeMethod.evaluate(InvokeMethod.java:17)
	at org.junit.internal.runners.statements.FailOnTimeout$CallableStatement.call(FailOnTimeout.java:148)
	at org.junit.internal.runners.statements.FailOnTimeout$CallableStatement.call(FailOnTimeout.java:142)
	at java.util.concurrent.FutureTask.run(FutureTask.java:266)
	at java.lang.Thread.run(Thread.java:923)
</StackTrace>
        </Failure>
      </Test>
      <Test result="fail" name="testBucketUpgradeToNoDelay">
        <Failure message="java.lang.AssertionError: Alarm did not fire when app in active&#13;">
          <StackTrace>java.lang.AssertionError: Alarm did not fire when app in active
	at org.junit.Assert.fail(Assert.java:88)
	at org.junit.Assert.assertTrue(Assert.java:41)
	at android.alarmmanager.cts.AppStandbyTests.testBucketUpgradeToNoDelay(AppStandbyTests.java:301)
	at java.lang.reflect.Method.invoke(Native Method)
	at org.junit.runners.model.FrameworkMethod$1.runReflectiveCall(FrameworkMethod.java:50)
	at org.junit.internal.runners.model.ReflectiveCallable.run(ReflectiveCallable.java:12)
	at org.junit.runners.model.FrameworkMethod.invokeExplosively(FrameworkMethod.java:52)
	at org.junit.internal.runners.statements.InvokeMethod.evaluate(InvokeMethod.java:17)
	at org.junit.internal.runners.statements.FailOnTimeout$CallableStatement.call(FailOnTimeout.java:148)
	at org.junit.internal.runners.statements.FailOnTimeout$CallableStatement.call(FailOnTimeout.java:142)
	at java.util.concurrent.FutureTask.run(FutureTask.java:266)
	at java.lang.Thread.run(Thread.java:923)
</StackTrace>
        </Failure>
      </Test>
    </TestCase>
    <TestCase name="android.alarmmanager.cts.BackgroundRestrictedAlarmsTest">
      <Test result="fail" name="testRepeatingAlarmBlocked">
        <Failure message="java.lang.AssertionError: Alarm got triggered even under restrictions&#13;">
          <StackTrace>java.lang.AssertionError: Alarm got triggered even under restrictions
	at org.junit.Assert.fail(Assert.java:88)
	at org.junit.Assert.assertTrue(Assert.java:41)
	at org.junit.Assert.assertFalse(Assert.java:64)
	at android.alarmmanager.cts.BackgroundRestrictedAlarmsTest.testRepeatingAlarmBlocked(BackgroundRestrictedAlarmsTest.java:128)
	at java.lang.reflect.Method.invoke(Native Method)
	at org.junit.runners.model.FrameworkMethod$1.runReflectiveCall(FrameworkMethod.java:50)
	at org.junit.internal.runners.model.ReflectiveCallable.run(ReflectiveCallable.java:12)
	at org.junit.runners.model.FrameworkMethod.invokeExplosively(FrameworkMethod.java:52)
	at org.junit.internal.runners.statements.InvokeMethod.evaluate(InvokeMethod.java:17)
	at org.junit.internal.runners.statements.FailOnTimeout$CallableStatement.call(FailOnTimeout.java:148)
	at org.junit.internal.runners.statements.FailOnTimeout$CallableStatement.call(FailOnTimeout.java:142)
	at java.util.concurrent.FutureTask.run(FutureTask.java:266)
	at java.lang.Thread.run(Thread.java:923)
</StackTrace>
        </Failure>
      </Test>
      <Test result="pass" name="testAlarmClockNotBlocked" />
    </TestCase>
    <TestCase name="android.alarmmanager.cts.TimeChangeTests">
      <Test result="pass" name="rtcAlarmsRescheduled" />
      <Test result="pass" name="elapsedAlarmsUnaffected" />
    </TestCase>
    <TestCase name="android.alarmmanager.cts.UidCapTests">
      <Test result="pass" name="sufficientAlarmsAllowedByDefault" />
      <Test result="fail" name="alarmsCannotExceedLimit">
        <Failure message="java.lang.IllegalStateException: Maximum limit of concurrent alarms 500 reached for uid: u0a367, callingPackage: android.alarmmanager.cts&#13;">
          <StackTrace>java.lang.IllegalStateException: Maximum limit of concurrent alarms 500 reached for uid: u0a367, callingPackage: android.alarmmanager.cts
	at android.os.Parcel.createExceptionOrNull(Parcel.java:2397)
	at android.os.Parcel.createException(Parcel.java:2373)
	at android.os.Parcel.readException(Parcel.java:2356)
	at android.os.Parcel.readException(Parcel.java:2298)
	at android.app.IAlarmManager$Stub$Proxy.set(IAlarmManager.java:320)
	at android.app.AlarmManager.setImpl(AlarmManager.java:704)
	at android.app.AlarmManager.set(AlarmManager.java:357)
	at android.alarmmanager.cts.UidCapTests.alarmsCannotExceedLimit(UidCapTests.java:88)
	at java.lang.reflect.Method.invoke(Native Method)
	at org.junit.runners.model.FrameworkMethod$1.runReflectiveCall(FrameworkMethod.java:50)
	at org.junit.internal.runners.model.ReflectiveCallable.run(ReflectiveCallable.java:12)
	at org.junit.runners.model.FrameworkMethod.invokeExplosively(FrameworkMethod.java:52)
	at org.junit.internal.runners.statements.InvokeMethod.evaluate(InvokeMethod.java:17)
	at org.junit.internal.runners.statements.FailOnTimeout$CallableStatement.call(FailOnTimeout.java:148)
	at org.junit.internal.runners.statements.FailOnTimeout$CallableStatement.call(FailOnTimeout.java:142)
	at java.util.concurrent.FutureTask.run(FutureTask.java:266)
	at java.lang.Thread.run(Thread.java:923)
Caused by: android.os.RemoteException: Remote stack trace:
	at com.android.server.AlarmManagerService.setImpl(AlarmManagerService.java:1905)
	at com.android.server.AlarmManagerService$4.set(AlarmManagerService.java:2369)
	at android.app.IAlarmManager$Stub.onTransact(IAlarmManager.java:178)
	at android.os.Binder.execTransactInternal(Binder.java:1161)
	at android.os.Binder.execTransact(Binder.java:1130)

</StackTrace>
        </Failure>
      </Test>
    </TestCase>
  </Module>
  <Module name="CtsAlarmManagerTestCases[instant]" abi="arm64-v8a" runtime="23899" done="true" pass="2" total_tests="4">
    <TestCase name="android.alarmmanager.cts.InstantAppsTests">
      <Test result="fail" name="elapsedRealtimeAlarm">
        <Failure message="java.lang.AssertionError: Alarm did not fire as expected&#13;">
          <StackTrace>java.lang.AssertionError: Alarm did not fire as expected
	at org.junit.Assert.fail(Assert.java:88)
	at org.junit.Assert.assertTrue(Assert.java:41)
	at android.alarmmanager.cts.InstantAppsTests.elapsedRealtimeAlarm(InstantAppsTests.java:67)
	at java.lang.reflect.Method.invoke(Native Method)
	at org.junit.runners.model.FrameworkMethod$1.runReflectiveCall(FrameworkMethod.java:50)
	at org.junit.internal.runners.model.ReflectiveCallable.run(ReflectiveCallable.java:12)
	at org.junit.runners.model.FrameworkMethod.invokeExplosively(FrameworkMethod.java:52)
	at org.junit.internal.runners.statements.InvokeMethod.evaluate(InvokeMethod.java:17)
	at org.junit.internal.runners.statements.FailOnTimeout$CallableStatement.call(FailOnTimeout.java:148)
	at org.junit.internal.runners.statements.FailOnTimeout$CallableStatement.call(FailOnTimeout.java:142)
	at java.util.concurrent.FutureTask.run(FutureTask.java:266)
	at java.lang.Thread.run(Thread.java:923)
</StackTrace>
        </Failure>
      </Test>
      <Test result="fail" name="rtcAlarm">
        <Failure message="java.lang.AssertionError: Alarm did not fire as expected&#13;">
          <StackTrace>java.lang.AssertionError: Alarm did not fire as expected
	at org.junit.Assert.fail(Assert.java:88)
	at org.junit.Assert.assertTrue(Assert.java:41)
	at android.alarmmanager.cts.InstantAppsTests.rtcAlarm(InstantAppsTests.java:77)
	at java.lang.reflect.Method.invoke(Native Method)
	at org.junit.runners.model.FrameworkMethod$1.runReflectiveCall(FrameworkMethod.java:50)
	at org.junit.internal.runners.model.ReflectiveCallable.run(ReflectiveCallable.java:12)
	at org.junit.runners.model.FrameworkMethod.invokeExplosively(FrameworkMethod.java:52)
	at org.junit.internal.runners.statements.InvokeMethod.evaluate(InvokeMethod.java:17)
	at org.junit.internal.runners.statements.FailOnTimeout$CallableStatement.call(FailOnTimeout.java:148)
	at org.junit.internal.runners.statements.FailOnTimeout$CallableStatement.call(FailOnTimeout.java:142)
	at java.util.concurrent.FutureTask.run(FutureTask.java:266)
	at java.lang.Thread.run(Thread.java:923)
</StackTrace>
        </Failure>
      </Test>
    </TestCase>
    <TestCase name="android.alarmmanager.cts.TimeChangeTests">
      <Test result="pass" name="rtcAlarmsRescheduled" />
      <Test result="pass" name="elapsedAlarmsUnaffected" />
    </TestCase>
  </Module>
  <Module name="CtsAndroidAppTestCases" abi="arm64-v8a" runtime="4058" done="true" pass="5" total_tests="5">
    <TestCase name="android.app.RemoteActionTest">
      <Test result="pass" name="testClone" />
      <Test result="pass" name="testParcel" />
    </TestCase>
    <TestCase name="android.app.cts.ApplyOverrideConfigurationTest">
      <Test result="pass" name="testOverriddenConfigurationIsPassedIntoCallback" />
    </TestCase>
    <TestCase name="android.app.cts.PictureInPictureActionsTest">
      <Test result="pass" name="testNumPictureInPictureActions" />
    </TestCase>
    <TestCase name="android.app.cts.PictureInPictureParamsBuilderTest">
      <Test result="pass" name="testBuildParams" />
    </TestCase>
  </Module>
  <Module name="CtsAndroidAppTestCases[instant]" abi="arm64-v8a" runtime="3934" done="true" pass="5" total_tests="5">
    <TestCase name="android.app.RemoteActionTest">
      <Test result="pass" name="testClone" />
      <Test result="pass" name="testParcel" />
    </TestCase>
    <TestCase name="android.app.cts.ApplyOverrideConfigurationTest">
      <Test result="pass" name="testOverriddenConfigurationIsPassedIntoCallback" />
    </TestCase>
    <TestCase name="android.app.cts.PictureInPictureActionsTest">
      <Test result="pass" name="testNumPictureInPictureActions" />
    </TestCase>
    <TestCase name="android.app.cts.PictureInPictureParamsBuilderTest">
      <Test result="pass" name="testBuildParams" />
    </TestCase>
  </Module>
  <Module name="CtsAndroidTestBase28ApiSignatureTestCases" abi="arm64-v8a" runtime="2288" done="true" pass="1" total_tests="1">
    <TestCase name="android.signature.cts.api.api28.test.SignatureTest">
      <Test result="pass" name="testSignature" />
    </TestCase>
  </Module>
  <Module name="CtsAndroidTestBaseCurrentApiSignatureTestCases" abi="arm64-v8a" runtime="2058" done="true" pass="1" total_tests="1">
    <TestCase name="android.signature.cts.api.current.test.SignatureTest">
      <Test result="pass" name="testSignature" />
    </TestCase>
  </Module>
  <Module name="CtsAndroidTestMockCurrentApiSignatureTestCases" abi="arm64-v8a" runtime="2434" done="true" pass="1" total_tests="1">
    <TestCase name="android.signature.cts.api.current.mock.SignatureTest">
      <Test result="pass" name="testSignature" />
    </TestCase>
  </Module>
  <Module name="CtsAndroidTestRunnerCurrentApiSignatureTestCases" abi="arm64-v8a" runtime="2479" done="true" pass="1" total_tests="1">
    <TestCase name="android.signature.cts.api.current.runner.SignatureTest">
      <Test result="pass" name="testSignature" />
    </TestCase>
  </Module>
  <Module name="CtsAngleIntegrationHostTestCases" abi="arm64-v8a" runtime="14384" done="true" pass="0" total_tests="17">
    <TestCase name="android.angle.cts.CtsAngleDeveloperOptionHostTest">
      <Test result="ASSUMPTION_FAILURE" name="testUseDefaultDriver">
        <Failure message="org.junit.AssumptionViolatedException: got: &amp;lt;false&amp;gt;, expected: is &amp;lt;true&amp;gt;">
          <StackTrace>org.junit.AssumptionViolatedException: got: &amp;lt;false&amp;gt;, expected: is &amp;lt;true&amp;gt;
	at org.junit.Assume.assumeThat(Assume.java:95)
	at org.junit.Assume.assumeTrue(Assume.java:41)
	at android.angle.cts.CtsAngleDeveloperOptionHostTest.testUseDefaultDriver(CtsAngleDeveloperOptionHostTest.java:118)
	at sun.reflect.NativeMethodAccessorImpl.invoke0(Native Method)
	at sun.reflect.NativeMethodAccessorImpl.invoke(NativeMethodAccessorImpl.java:62)
	at sun.reflect.DelegatingMethodAccessorImpl.invoke(DelegatingMethodAccessorImpl.java:43)
	at java.lang.reflect.Method.invoke(Method.java:498)
	at org.junit.runners.model.FrameworkMethod$1.runReflectiveCall(FrameworkMethod.java:50)
	at org.junit.internal.runners.model.ReflectiveCallable.run(ReflectiveCallable.java:12)
	at org.junit.runners.model.FrameworkMethod.invokeExplosively(FrameworkMethod.java:52)
	at org.junit.internal.runners.statements.InvokeMethod.evaluate(InvokeMethod.java:17)
	at org.junit.internal.runners.statements.RunBefores.evaluate(RunBefores.java:26)
	at org.junit.internal.runners.statements.RunAfters.evaluate(RunAfters.java:27)
	at org.junit.runners.ParentRunner.runLeaf(ParentRunner.java:325)
	at org.junit.runners.BlockJUnit4ClassRunner.runChild(BlockJUnit4ClassRunner.java:78)
	at com.android.tradefed.testtype.DeviceJUnit4ClassRunner.runChild(DeviceJUnit4ClassRunner.java:117)
	at com.android.tradefed.testtype.DeviceJUnit4ClassRunner.runChild(DeviceJUnit4ClassRunner.java:56)
	at org.junit.runners.ParentRunner$3.run(ParentRunner.java:290)
	at org.junit.runners.ParentRunner$1.schedule(ParentRunner.java:71)
	at org.junit.runners.ParentRunner.runChildren(ParentRunner.java:288)
	at org.junit.runners.ParentRunner.access$000(ParentRunner.java:58)
	at org.junit.runners.ParentRunner$2.evaluate(ParentRunner.java:268)
	at org.junit.runners.ParentRunner.run(ParentRunner.java:363)
	at com.android.tradefed.testtype.DeviceJUnit4ClassRunner.run(DeviceJUnit4ClassRunner.java:131)
	at org.junit.runner.JUnitCore.run(JUnitCore.java:137)
	at com.android.tradefed.testtype.HostTest.runJUnit4Tests(HostTest.java:657)
	at com.android.tradefed.testtype.HostTest.runTestClasses(HostTest.java:563)
	at com.android.tradefed.testtype.HostTest.run(HostTest.java:525)
	at com.android.compatibility.common.tradefed.testtype.JarHostTest.run(JarHostTest.java:53)
	at com.android.tradefed.testtype.suite.GranularRetriableTestWrapper.intraModuleRun(GranularRetriableTestWrapper.java:413)
	at com.android.tradefed.testtype.suite.GranularRetriableTestWrapper.run(GranularRetriableTestWrapper.java:229)
	at com.android.tradefed.testtype.suite.ModuleDefinition.run(ModuleDefinition.java:466)
	at com.android.tradefed.testtype.suite.ITestSuite.runSingleModule(ITestSuite.java:691)
	at com.android.tradefed.testtype.suite.ITestSuite.run(ITestSuite.java:592)
	at com.android.tradefed.invoker.InvocationExecution.runTests(InvocationExecution.java:480)
	at com.android.tradefed.invoker.TestInvocation.prepareAndRun(TestInvocation.java:380)
	at com.android.tradefed.invoker.TestInvocation.performInvocation(TestInvocation.java:230)
	at com.android.tradefed.invoker.TestInvocation.invoke(TestInvocation.java:754)
	at com.android.tradefed.command.CommandScheduler$InvocationThread.run(CommandScheduler.java:591)
</StackTrace>
        </Failure>
      </Test>
      <Test result="ASSUMPTION_FAILURE" name="testDefaultNotInSettings">
        <Failure message="org.junit.AssumptionViolatedException: got: &amp;lt;false&amp;gt;, expected: is &amp;lt;true&amp;gt;">
          <StackTrace>org.junit.AssumptionViolatedException: got: &amp;lt;false&amp;gt;, expected: is &amp;lt;true&amp;gt;
	at org.junit.Assume.assumeThat(Assume.java:95)
	at org.junit.Assume.assumeTrue(Assume.java:41)
	at android.angle.cts.CtsAngleDeveloperOptionHostTest.testDefaultNotInSettings(CtsAngleDeveloperOptionHostTest.java:316)
	at sun.reflect.NativeMethodAccessorImpl.invoke0(Native Method)
	at sun.reflect.NativeMethodAccessorImpl.invoke(NativeMethodAccessorImpl.java:62)
	at sun.reflect.DelegatingMethodAccessorImpl.invoke(DelegatingMethodAccessorImpl.java:43)
	at java.lang.reflect.Method.invoke(Method.java:498)
	at org.junit.runners.model.FrameworkMethod$1.runReflectiveCall(FrameworkMethod.java:50)
	at org.junit.internal.runners.model.ReflectiveCallable.run(ReflectiveCallable.java:12)
	at org.junit.runners.model.FrameworkMethod.invokeExplosively(FrameworkMethod.java:52)
	at org.junit.internal.runners.statements.InvokeMethod.evaluate(InvokeMethod.java:17)
	at org.junit.internal.runners.statements.RunBefores.evaluate(RunBefores.java:26)
	at org.junit.internal.runners.statements.RunAfters.evaluate(RunAfters.java:27)
	at org.junit.runners.ParentRunner.runLeaf(ParentRunner.java:325)
	at org.junit.runners.BlockJUnit4ClassRunner.runChild(BlockJUnit4ClassRunner.java:78)
	at com.android.tradefed.testtype.DeviceJUnit4ClassRunner.runChild(DeviceJUnit4ClassRunner.java:117)
	at com.android.tradefed.testtype.DeviceJUnit4ClassRunner.runChild(DeviceJUnit4ClassRunner.java:56)
	at org.junit.runners.ParentRunner$3.run(ParentRunner.java:290)
	at org.junit.runners.ParentRunner$1.schedule(ParentRunner.java:71)
	at org.junit.runners.ParentRunner.runChildren(ParentRunner.java:288)
	at org.junit.runners.ParentRunner.access$000(ParentRunner.java:58)
	at org.junit.runners.ParentRunner$2.evaluate(ParentRunner.java:268)
	at org.junit.runners.ParentRunner.run(ParentRunner.java:363)
	at com.android.tradefed.testtype.DeviceJUnit4ClassRunner.run(DeviceJUnit4ClassRunner.java:131)
	at org.junit.runner.JUnitCore.run(JUnitCore.java:137)
	at com.android.tradefed.testtype.HostTest.runJUnit4Tests(HostTest.java:657)
	at com.android.tradefed.testtype.HostTest.runTestClasses(HostTest.java:563)
	at com.android.tradefed.testtype.HostTest.run(HostTest.java:525)
	at com.android.compatibility.common.tradefed.testtype.JarHostTest.run(JarHostTest.java:53)
	at com.android.tradefed.testtype.suite.GranularRetriableTestWrapper.intraModuleRun(GranularRetriableTestWrapper.java:413)
	at com.android.tradefed.testtype.suite.GranularRetriableTestWrapper.run(GranularRetriableTestWrapper.java:229)
	at com.android.tradefed.testtype.suite.ModuleDefinition.run(ModuleDefinition.java:466)
	at com.android.tradefed.testtype.suite.ITestSuite.runSingleModule(ITestSuite.java:691)
	at com.android.tradefed.testtype.suite.ITestSuite.run(ITestSuite.java:592)
	at com.android.tradefed.invoker.InvocationExecution.runTests(InvocationExecution.java:480)
	at com.android.tradefed.invoker.TestInvocation.prepareAndRun(TestInvocation.java:380)
	at com.android.tradefed.invoker.TestInvocation.performInvocation(TestInvocation.java:230)
	at com.android.tradefed.invoker.TestInvocation.invoke(TestInvocation.java:754)
	at com.android.tradefed.command.CommandScheduler$InvocationThread.run(CommandScheduler.java:591)
</StackTrace>
        </Failure>
      </Test>
      <Test result="ASSUMPTION_FAILURE" name="testUseAngleDriver">
        <Failure message="org.junit.AssumptionViolatedException: got: &amp;lt;false&amp;gt;, expected: is &amp;lt;true&amp;gt;">
          <StackTrace>org.junit.AssumptionViolatedException: got: &amp;lt;false&amp;gt;, expected: is &amp;lt;true&amp;gt;
	at org.junit.Assume.assumeThat(Assume.java:95)
	at org.junit.Assume.assumeTrue(Assume.java:41)
	at android.angle.cts.CtsAngleDeveloperOptionHostTest.testUseAngleDriver(CtsAngleDeveloperOptionHostTest.java:135)
	at sun.reflect.NativeMethodAccessorImpl.invoke0(Native Method)
	at sun.reflect.NativeMethodAccessorImpl.invoke(NativeMethodAccessorImpl.java:62)
	at sun.reflect.DelegatingMethodAccessorImpl.invoke(DelegatingMethodAccessorImpl.java:43)
	at java.lang.reflect.Method.invoke(Method.java:498)
	at org.junit.runners.model.FrameworkMethod$1.runReflectiveCall(FrameworkMethod.java:50)
	at org.junit.internal.runners.model.ReflectiveCallable.run(ReflectiveCallable.java:12)
	at org.junit.runners.model.FrameworkMethod.invokeExplosively(FrameworkMethod.java:52)
	at org.junit.internal.runners.statements.InvokeMethod.evaluate(InvokeMethod.java:17)
	at org.junit.internal.runners.statements.RunBefores.evaluate(RunBefores.java:26)
	at org.junit.internal.runners.statements.RunAfters.evaluate(RunAfters.java:27)
	at org.junit.runners.ParentRunner.runLeaf(ParentRunner.java:325)
	at org.junit.runners.BlockJUnit4ClassRunner.runChild(BlockJUnit4ClassRunner.java:78)
	at com.android.tradefed.testtype.DeviceJUnit4ClassRunner.runChild(DeviceJUnit4ClassRunner.java:117)
	at com.android.tradefed.testtype.DeviceJUnit4ClassRunner.runChild(DeviceJUnit4ClassRunner.java:56)
	at org.junit.runners.ParentRunner$3.run(ParentRunner.java:290)
	at org.junit.runners.ParentRunner$1.schedule(ParentRunner.java:71)
	at org.junit.runners.ParentRunner.runChildren(ParentRunner.java:288)
	at org.junit.runners.ParentRunner.access$000(ParentRunner.java:58)
	at org.junit.runners.ParentRunner$2.evaluate(ParentRunner.java:268)
	at org.junit.runners.ParentRunner.run(ParentRunner.java:363)
	at com.android.tradefed.testtype.DeviceJUnit4ClassRunner.run(DeviceJUnit4ClassRunner.java:131)
	at org.junit.runner.JUnitCore.run(JUnitCore.java:137)
	at com.android.tradefed.testtype.HostTest.runJUnit4Tests(HostTest.java:657)
	at com.android.tradefed.testtype.HostTest.runTestClasses(HostTest.java:563)
	at com.android.tradefed.testtype.HostTest.run(HostTest.java:525)
	at com.android.compatibility.common.tradefed.testtype.JarHostTest.run(JarHostTest.java:53)
	at com.android.tradefed.testtype.suite.GranularRetriableTestWrapper.intraModuleRun(GranularRetriableTestWrapper.java:413)
	at com.android.tradefed.testtype.suite.GranularRetriableTestWrapper.run(GranularRetriableTestWrapper.java:229)
	at com.android.tradefed.testtype.suite.ModuleDefinition.run(ModuleDefinition.java:466)
	at com.android.tradefed.testtype.suite.ITestSuite.runSingleModule(ITestSuite.java:691)
	at com.android.tradefed.testtype.suite.ITestSuite.run(ITestSuite.java:592)
	at com.android.tradefed.invoker.InvocationExecution.runTests(InvocationExecution.java:480)
	at com.android.tradefed.invoker.TestInvocation.prepareAndRun(TestInvocation.java:380)
	at com.android.tradefed.invoker.TestInvocation.performInvocation(TestInvocation.java:230)
	at com.android.tradefed.invoker.TestInvocation.invoke(TestInvocation.java:754)
	at com.android.tradefed.command.CommandScheduler$InvocationThread.run(CommandScheduler.java:591)
</StackTrace>
        </Failure>
      </Test>
      <Test result="ASSUMPTION_FAILURE" name="testMultipleDevOptionsAngleNative">
        <Failure message="org.junit.AssumptionViolatedException: got: &amp;lt;false&amp;gt;, expected: is &amp;lt;true&amp;gt;">
          <StackTrace>org.junit.AssumptionViolatedException: got: &amp;lt;false&amp;gt;, expected: is &amp;lt;true&amp;gt;
	at org.junit.Assume.assumeThat(Assume.java:95)
	at org.junit.Assume.assumeTrue(Assume.java:41)
	at android.angle.cts.CtsAngleDeveloperOptionHostTest.testMultipleDevOptionsAngleNative(CtsAngleDeveloperOptionHostTest.java:230)
	at sun.reflect.NativeMethodAccessorImpl.invoke0(Native Method)
	at sun.reflect.NativeMethodAccessorImpl.invoke(NativeMethodAccessorImpl.java:62)
	at sun.reflect.DelegatingMethodAccessorImpl.invoke(DelegatingMethodAccessorImpl.java:43)
	at java.lang.reflect.Method.invoke(Method.java:498)
	at org.junit.runners.model.FrameworkMethod$1.runReflectiveCall(FrameworkMethod.java:50)
	at org.junit.internal.runners.model.ReflectiveCallable.run(ReflectiveCallable.java:12)
	at org.junit.runners.model.FrameworkMethod.invokeExplosively(FrameworkMethod.java:52)
	at org.junit.internal.runners.statements.InvokeMethod.evaluate(InvokeMethod.java:17)
	at org.junit.internal.runners.statements.RunBefores.evaluate(RunBefores.java:26)
	at org.junit.internal.runners.statements.RunAfters.evaluate(RunAfters.java:27)
	at org.junit.runners.ParentRunner.runLeaf(ParentRunner.java:325)
	at org.junit.runners.BlockJUnit4ClassRunner.runChild(BlockJUnit4ClassRunner.java:78)
	at com.android.tradefed.testtype.DeviceJUnit4ClassRunner.runChild(DeviceJUnit4ClassRunner.java:117)
	at com.android.tradefed.testtype.DeviceJUnit4ClassRunner.runChild(DeviceJUnit4ClassRunner.java:56)
	at org.junit.runners.ParentRunner$3.run(ParentRunner.java:290)
	at org.junit.runners.ParentRunner$1.schedule(ParentRunner.java:71)
	at org.junit.runners.ParentRunner.runChildren(ParentRunner.java:288)
	at org.junit.runners.ParentRunner.access$000(ParentRunner.java:58)
	at org.junit.runners.ParentRunner$2.evaluate(ParentRunner.java:268)
	at org.junit.runners.ParentRunner.run(ParentRunner.java:363)
	at com.android.tradefed.testtype.DeviceJUnit4ClassRunner.run(DeviceJUnit4ClassRunner.java:131)
	at org.junit.runner.JUnitCore.run(JUnitCore.java:137)
	at com.android.tradefed.testtype.HostTest.runJUnit4Tests(HostTest.java:657)
	at com.android.tradefed.testtype.HostTest.runTestClasses(HostTest.java:563)
	at com.android.tradefed.testtype.HostTest.run(HostTest.java:525)
	at com.android.compatibility.common.tradefed.testtype.JarHostTest.run(JarHostTest.java:53)
	at com.android.tradefed.testtype.suite.GranularRetriableTestWrapper.intraModuleRun(GranularRetriableTestWrapper.java:413)
	at com.android.tradefed.testtype.suite.GranularRetriableTestWrapper.run(GranularRetriableTestWrapper.java:229)
	at com.android.tradefed.testtype.suite.ModuleDefinition.run(ModuleDefinition.java:466)
	at com.android.tradefed.testtype.suite.ITestSuite.runSingleModule(ITestSuite.java:691)
	at com.android.tradefed.testtype.suite.ITestSuite.run(ITestSuite.java:592)
	at com.android.tradefed.invoker.InvocationExecution.runTests(InvocationExecution.java:480)
	at com.android.tradefed.invoker.TestInvocation.prepareAndRun(TestInvocation.java:380)
	at com.android.tradefed.invoker.TestInvocation.performInvocation(TestInvocation.java:230)
	at com.android.tradefed.invoker.TestInvocation.invoke(TestInvocation.java:754)
	at com.android.tradefed.command.CommandScheduler$InvocationThread.run(CommandScheduler.java:591)
</StackTrace>
        </Failure>
      </Test>
      <Test result="ASSUMPTION_FAILURE" name="testSettingsLengthMismatch">
        <Failure message="org.junit.AssumptionViolatedException: got: &amp;lt;false&amp;gt;, expected: is &amp;lt;true&amp;gt;">
          <StackTrace>org.junit.AssumptionViolatedException: got: &amp;lt;false&amp;gt;, expected: is &amp;lt;true&amp;gt;
	at org.junit.Assume.assumeThat(Assume.java:95)
	at org.junit.Assume.assumeTrue(Assume.java:41)
	at android.angle.cts.CtsAngleDeveloperOptionHostTest.testSettingsLengthMismatch(CtsAngleDeveloperOptionHostTest.java:169)
	at sun.reflect.NativeMethodAccessorImpl.invoke0(Native Method)
	at sun.reflect.NativeMethodAccessorImpl.invoke(NativeMethodAccessorImpl.java:62)
	at sun.reflect.DelegatingMethodAccessorImpl.invoke(DelegatingMethodAccessorImpl.java:43)
	at java.lang.reflect.Method.invoke(Method.java:498)
	at org.junit.runners.model.FrameworkMethod$1.runReflectiveCall(FrameworkMethod.java:50)
	at org.junit.internal.runners.model.ReflectiveCallable.run(ReflectiveCallable.java:12)
	at org.junit.runners.model.FrameworkMethod.invokeExplosively(FrameworkMethod.java:52)
	at org.junit.internal.runners.statements.InvokeMethod.evaluate(InvokeMethod.java:17)
	at org.junit.internal.runners.statements.RunBefores.evaluate(RunBefores.java:26)
	at org.junit.internal.runners.statements.RunAfters.evaluate(RunAfters.java:27)
	at org.junit.runners.ParentRunner.runLeaf(ParentRunner.java:325)
	at org.junit.runners.BlockJUnit4ClassRunner.runChild(BlockJUnit4ClassRunner.java:78)
	at com.android.tradefed.testtype.DeviceJUnit4ClassRunner.runChild(DeviceJUnit4ClassRunner.java:117)
	at com.android.tradefed.testtype.DeviceJUnit4ClassRunner.runChild(DeviceJUnit4ClassRunner.java:56)
	at org.junit.runners.ParentRunner$3.run(ParentRunner.java:290)
	at org.junit.runners.ParentRunner$1.schedule(ParentRunner.java:71)
	at org.junit.runners.ParentRunner.runChildren(ParentRunner.java:288)
	at org.junit.runners.ParentRunner.access$000(ParentRunner.java:58)
	at org.junit.runners.ParentRunner$2.evaluate(ParentRunner.java:268)
	at org.junit.runners.ParentRunner.run(ParentRunner.java:363)
	at com.android.tradefed.testtype.DeviceJUnit4ClassRunner.run(DeviceJUnit4ClassRunner.java:131)
	at org.junit.runner.JUnitCore.run(JUnitCore.java:137)
	at com.android.tradefed.testtype.HostTest.runJUnit4Tests(HostTest.java:657)
	at com.android.tradefed.testtype.HostTest.runTestClasses(HostTest.java:563)
	at com.android.tradefed.testtype.HostTest.run(HostTest.java:525)
	at com.android.compatibility.common.tradefed.testtype.JarHostTest.run(JarHostTest.java:53)
	at com.android.tradefed.testtype.suite.GranularRetriableTestWrapper.intraModuleRun(GranularRetriableTestWrapper.java:413)
	at com.android.tradefed.testtype.suite.GranularRetriableTestWrapper.run(GranularRetriableTestWrapper.java:229)
	at com.android.tradefed.testtype.suite.ModuleDefinition.run(ModuleDefinition.java:466)
	at com.android.tradefed.testtype.suite.ITestSuite.runSingleModule(ITestSuite.java:691)
	at com.android.tradefed.testtype.suite.ITestSuite.run(ITestSuite.java:592)
	at com.android.tradefed.invoker.InvocationExecution.runTests(InvocationExecution.java:480)
	at com.android.tradefed.invoker.TestInvocation.prepareAndRun(TestInvocation.java:380)
	at com.android.tradefed.invoker.TestInvocation.performInvocation(TestInvocation.java:230)
	at com.android.tradefed.invoker.TestInvocation.invoke(TestInvocation.java:754)
	at com.android.tradefed.command.CommandScheduler$InvocationThread.run(CommandScheduler.java:591)
</StackTrace>
        </Failure>
      </Test>
      <Test result="ASSUMPTION_FAILURE" name="testEnableAngleForAll">
        <Failure message="org.junit.AssumptionViolatedException: got: &amp;lt;false&amp;gt;, expected: is &amp;lt;true&amp;gt;">
          <StackTrace>org.junit.AssumptionViolatedException: got: &amp;lt;false&amp;gt;, expected: is &amp;lt;true&amp;gt;
	at org.junit.Assume.assumeThat(Assume.java:95)
	at org.junit.Assume.assumeTrue(Assume.java:41)
	at android.angle.cts.CtsAngleDeveloperOptionHostTest.testEnableAngleForAll(CtsAngleDeveloperOptionHostTest.java:93)
	at sun.reflect.NativeMethodAccessorImpl.invoke0(Native Method)
	at sun.reflect.NativeMethodAccessorImpl.invoke(NativeMethodAccessorImpl.java:62)
	at sun.reflect.DelegatingMethodAccessorImpl.invoke(DelegatingMethodAccessorImpl.java:43)
	at java.lang.reflect.Method.invoke(Method.java:498)
	at org.junit.runners.model.FrameworkMethod$1.runReflectiveCall(FrameworkMethod.java:50)
	at org.junit.internal.runners.model.ReflectiveCallable.run(ReflectiveCallable.java:12)
	at org.junit.runners.model.FrameworkMethod.invokeExplosively(FrameworkMethod.java:52)
	at org.junit.internal.runners.statements.InvokeMethod.evaluate(InvokeMethod.java:17)
	at org.junit.internal.runners.statements.RunBefores.evaluate(RunBefores.java:26)
	at org.junit.internal.runners.statements.RunAfters.evaluate(RunAfters.java:27)
	at org.junit.runners.ParentRunner.runLeaf(ParentRunner.java:325)
	at org.junit.runners.BlockJUnit4ClassRunner.runChild(BlockJUnit4ClassRunner.java:78)
	at com.android.tradefed.testtype.DeviceJUnit4ClassRunner.runChild(DeviceJUnit4ClassRunner.java:117)
	at com.android.tradefed.testtype.DeviceJUnit4ClassRunner.runChild(DeviceJUnit4ClassRunner.java:56)
	at org.junit.runners.ParentRunner$3.run(ParentRunner.java:290)
	at org.junit.runners.ParentRunner$1.schedule(ParentRunner.java:71)
	at org.junit.runners.ParentRunner.runChildren(ParentRunner.java:288)
	at org.junit.runners.ParentRunner.access$000(ParentRunner.java:58)
	at org.junit.runners.ParentRunner$2.evaluate(ParentRunner.java:268)
	at org.junit.runners.ParentRunner.run(ParentRunner.java:363)
	at com.android.tradefed.testtype.DeviceJUnit4ClassRunner.run(DeviceJUnit4ClassRunner.java:131)
	at org.junit.runner.JUnitCore.run(JUnitCore.java:137)
	at com.android.tradefed.testtype.HostTest.runJUnit4Tests(HostTest.java:657)
	at com.android.tradefed.testtype.HostTest.runTestClasses(HostTest.java:563)
	at com.android.tradefed.testtype.HostTest.run(HostTest.java:525)
	at com.android.compatibility.common.tradefed.testtype.JarHostTest.run(JarHostTest.java:53)
	at com.android.tradefed.testtype.suite.GranularRetriableTestWrapper.intraModuleRun(GranularRetriableTestWrapper.java:413)
	at com.android.tradefed.testtype.suite.GranularRetriableTestWrapper.run(GranularRetriableTestWrapper.java:229)
	at com.android.tradefed.testtype.suite.ModuleDefinition.run(ModuleDefinition.java:466)
	at com.android.tradefed.testtype.suite.ITestSuite.runSingleModule(ITestSuite.java:691)
	at com.android.tradefed.testtype.suite.ITestSuite.run(ITestSuite.java:592)
	at com.android.tradefed.invoker.InvocationExecution.runTests(InvocationExecution.java:480)
	at com.android.tradefed.invoker.TestInvocation.prepareAndRun(TestInvocation.java:380)
	at com.android.tradefed.invoker.TestInvocation.performInvocation(TestInvocation.java:230)
	at com.android.tradefed.invoker.TestInvocation.invoke(TestInvocation.java:754)
	at com.android.tradefed.command.CommandScheduler$InvocationThread.run(CommandScheduler.java:591)
</StackTrace>
        </Failure>
      </Test>
      <Test result="ASSUMPTION_FAILURE" name="testUseNativeDriver">
        <Failure message="org.junit.AssumptionViolatedException: got: &amp;lt;false&amp;gt;, expected: is &amp;lt;true&amp;gt;">
          <StackTrace>org.junit.AssumptionViolatedException: got: &amp;lt;false&amp;gt;, expected: is &amp;lt;true&amp;gt;
	at org.junit.Assume.assumeThat(Assume.java:95)
	at org.junit.Assume.assumeTrue(Assume.java:41)
	at android.angle.cts.CtsAngleDeveloperOptionHostTest.testUseNativeDriver(CtsAngleDeveloperOptionHostTest.java:152)
	at sun.reflect.NativeMethodAccessorImpl.invoke0(Native Method)
	at sun.reflect.NativeMethodAccessorImpl.invoke(NativeMethodAccessorImpl.java:62)
	at sun.reflect.DelegatingMethodAccessorImpl.invoke(DelegatingMethodAccessorImpl.java:43)
	at java.lang.reflect.Method.invoke(Method.java:498)
	at org.junit.runners.model.FrameworkMethod$1.runReflectiveCall(FrameworkMethod.java:50)
	at org.junit.internal.runners.model.ReflectiveCallable.run(ReflectiveCallable.java:12)
	at org.junit.runners.model.FrameworkMethod.invokeExplosively(FrameworkMethod.java:52)
	at org.junit.internal.runners.statements.InvokeMethod.evaluate(InvokeMethod.java:17)
	at org.junit.internal.runners.statements.RunBefores.evaluate(RunBefores.java:26)
	at org.junit.internal.runners.statements.RunAfters.evaluate(RunAfters.java:27)
	at org.junit.runners.ParentRunner.runLeaf(ParentRunner.java:325)
	at org.junit.runners.BlockJUnit4ClassRunner.runChild(BlockJUnit4ClassRunner.java:78)
	at com.android.tradefed.testtype.DeviceJUnit4ClassRunner.runChild(DeviceJUnit4ClassRunner.java:117)
	at com.android.tradefed.testtype.DeviceJUnit4ClassRunner.runChild(DeviceJUnit4ClassRunner.java:56)
	at org.junit.runners.ParentRunner$3.run(ParentRunner.java:290)
	at org.junit.runners.ParentRunner$1.schedule(ParentRunner.java:71)
	at org.junit.runners.ParentRunner.runChildren(ParentRunner.java:288)
	at org.junit.runners.ParentRunner.access$000(ParentRunner.java:58)
	at org.junit.runners.ParentRunner$2.evaluate(ParentRunner.java:268)
	at org.junit.runners.ParentRunner.run(ParentRunner.java:363)
	at com.android.tradefed.testtype.DeviceJUnit4ClassRunner.run(DeviceJUnit4ClassRunner.java:131)
	at org.junit.runner.JUnitCore.run(JUnitCore.java:137)
	at com.android.tradefed.testtype.HostTest.runJUnit4Tests(HostTest.java:657)
	at com.android.tradefed.testtype.HostTest.runTestClasses(HostTest.java:563)
	at com.android.tradefed.testtype.HostTest.run(HostTest.java:525)
	at com.android.compatibility.common.tradefed.testtype.JarHostTest.run(JarHostTest.java:53)
	at com.android.tradefed.testtype.suite.GranularRetriableTestWrapper.intraModuleRun(GranularRetriableTestWrapper.java:413)
	at com.android.tradefed.testtype.suite.GranularRetriableTestWrapper.run(GranularRetriableTestWrapper.java:229)
	at com.android.tradefed.testtype.suite.ModuleDefinition.run(ModuleDefinition.java:466)
	at com.android.tradefed.testtype.suite.ITestSuite.runSingleModule(ITestSuite.java:691)
	at com.android.tradefed.testtype.suite.ITestSuite.run(ITestSuite.java:592)
	at com.android.tradefed.invoker.InvocationExecution.runTests(InvocationExecution.java:480)
	at com.android.tradefed.invoker.TestInvocation.prepareAndRun(TestInvocation.java:380)
	at com.android.tradefed.invoker.TestInvocation.performInvocation(TestInvocation.java:230)
	at com.android.tradefed.invoker.TestInvocation.invoke(TestInvocation.java:754)
	at com.android.tradefed.command.CommandScheduler$InvocationThread.run(CommandScheduler.java:591)
</StackTrace>
        </Failure>
      </Test>
      <Test result="ASSUMPTION_FAILURE" name="testUseInvalidDriver">
        <Failure message="org.junit.AssumptionViolatedException: got: &amp;lt;false&amp;gt;, expected: is &amp;lt;true&amp;gt;">
          <StackTrace>org.junit.AssumptionViolatedException: got: &amp;lt;false&amp;gt;, expected: is &amp;lt;true&amp;gt;
	at org.junit.Assume.assumeThat(Assume.java:95)
	at org.junit.Assume.assumeTrue(Assume.java:41)
	at android.angle.cts.CtsAngleDeveloperOptionHostTest.testUseInvalidDriver(CtsAngleDeveloperOptionHostTest.java:192)
	at sun.reflect.NativeMethodAccessorImpl.invoke0(Native Method)
	at sun.reflect.NativeMethodAccessorImpl.invoke(NativeMethodAccessorImpl.java:62)
	at sun.reflect.DelegatingMethodAccessorImpl.invoke(DelegatingMethodAccessorImpl.java:43)
	at java.lang.reflect.Method.invoke(Method.java:498)
	at org.junit.runners.model.FrameworkMethod$1.runReflectiveCall(FrameworkMethod.java:50)
	at org.junit.internal.runners.model.ReflectiveCallable.run(ReflectiveCallable.java:12)
	at org.junit.runners.model.FrameworkMethod.invokeExplosively(FrameworkMethod.java:52)
	at org.junit.internal.runners.statements.InvokeMethod.evaluate(InvokeMethod.java:17)
	at org.junit.internal.runners.statements.RunBefores.evaluate(RunBefores.java:26)
	at org.junit.internal.runners.statements.RunAfters.evaluate(RunAfters.java:27)
	at org.junit.runners.ParentRunner.runLeaf(ParentRunner.java:325)
	at org.junit.runners.BlockJUnit4ClassRunner.runChild(BlockJUnit4ClassRunner.java:78)
	at com.android.tradefed.testtype.DeviceJUnit4ClassRunner.runChild(DeviceJUnit4ClassRunner.java:117)
	at com.android.tradefed.testtype.DeviceJUnit4ClassRunner.runChild(DeviceJUnit4ClassRunner.java:56)
	at org.junit.runners.ParentRunner$3.run(ParentRunner.java:290)
	at org.junit.runners.ParentRunner$1.schedule(ParentRunner.java:71)
	at org.junit.runners.ParentRunner.runChildren(ParentRunner.java:288)
	at org.junit.runners.ParentRunner.access$000(ParentRunner.java:58)
	at org.junit.runners.ParentRunner$2.evaluate(ParentRunner.java:268)
	at org.junit.runners.ParentRunner.run(ParentRunner.java:363)
	at com.android.tradefed.testtype.DeviceJUnit4ClassRunner.run(DeviceJUnit4ClassRunner.java:131)
	at org.junit.runner.JUnitCore.run(JUnitCore.java:137)
	at com.android.tradefed.testtype.HostTest.runJUnit4Tests(HostTest.java:657)
	at com.android.tradefed.testtype.HostTest.runTestClasses(HostTest.java:563)
	at com.android.tradefed.testtype.HostTest.run(HostTest.java:525)
	at com.android.compatibility.common.tradefed.testtype.JarHostTest.run(JarHostTest.java:53)
	at com.android.tradefed.testtype.suite.GranularRetriableTestWrapper.intraModuleRun(GranularRetriableTestWrapper.java:413)
	at com.android.tradefed.testtype.suite.GranularRetriableTestWrapper.run(GranularRetriableTestWrapper.java:229)
	at com.android.tradefed.testtype.suite.ModuleDefinition.run(ModuleDefinition.java:466)
	at com.android.tradefed.testtype.suite.ITestSuite.runSingleModule(ITestSuite.java:691)
	at com.android.tradefed.testtype.suite.ITestSuite.run(ITestSuite.java:592)
	at com.android.tradefed.invoker.InvocationExecution.runTests(InvocationExecution.java:480)
	at com.android.tradefed.invoker.TestInvocation.prepareAndRun(TestInvocation.java:380)
	at com.android.tradefed.invoker.TestInvocation.performInvocation(TestInvocation.java:230)
	at com.android.tradefed.invoker.TestInvocation.invoke(TestInvocation.java:754)
	at com.android.tradefed.command.CommandScheduler$InvocationThread.run(CommandScheduler.java:591)
</StackTrace>
        </Failure>
      </Test>
      <Test result="ASSUMPTION_FAILURE" name="testUninstalledPkgsNotInSettings">
        <Failure message="org.junit.AssumptionViolatedException: got: &amp;lt;false&amp;gt;, expected: is &amp;lt;true&amp;gt;">
          <StackTrace>org.junit.AssumptionViolatedException: got: &amp;lt;false&amp;gt;, expected: is &amp;lt;true&amp;gt;
	at org.junit.Assume.assumeThat(Assume.java:95)
	at org.junit.Assume.assumeTrue(Assume.java:41)
	at android.angle.cts.CtsAngleDeveloperOptionHostTest.testUninstalledPkgsNotInSettings(CtsAngleDeveloperOptionHostTest.java:345)
	at sun.reflect.NativeMethodAccessorImpl.invoke0(Native Method)
	at sun.reflect.NativeMethodAccessorImpl.invoke(NativeMethodAccessorImpl.java:62)
	at sun.reflect.DelegatingMethodAccessorImpl.invoke(DelegatingMethodAccessorImpl.java:43)
	at java.lang.reflect.Method.invoke(Method.java:498)
	at org.junit.runners.model.FrameworkMethod$1.runReflectiveCall(FrameworkMethod.java:50)
	at org.junit.internal.runners.model.ReflectiveCallable.run(ReflectiveCallable.java:12)
	at org.junit.runners.model.FrameworkMethod.invokeExplosively(FrameworkMethod.java:52)
	at org.junit.internal.runners.statements.InvokeMethod.evaluate(InvokeMethod.java:17)
	at org.junit.internal.runners.statements.RunBefores.evaluate(RunBefores.java:26)
	at org.junit.internal.runners.statements.RunAfters.evaluate(RunAfters.java:27)
	at org.junit.runners.ParentRunner.runLeaf(ParentRunner.java:325)
	at org.junit.runners.BlockJUnit4ClassRunner.runChild(BlockJUnit4ClassRunner.java:78)
	at com.android.tradefed.testtype.DeviceJUnit4ClassRunner.runChild(DeviceJUnit4ClassRunner.java:117)
	at com.android.tradefed.testtype.DeviceJUnit4ClassRunner.runChild(DeviceJUnit4ClassRunner.java:56)
	at org.junit.runners.ParentRunner$3.run(ParentRunner.java:290)
	at org.junit.runners.ParentRunner$1.schedule(ParentRunner.java:71)
	at org.junit.runners.ParentRunner.runChildren(ParentRunner.java:288)
	at org.junit.runners.ParentRunner.access$000(ParentRunner.java:58)
	at org.junit.runners.ParentRunner$2.evaluate(ParentRunner.java:268)
	at org.junit.runners.ParentRunner.run(ParentRunner.java:363)
	at com.android.tradefed.testtype.DeviceJUnit4ClassRunner.run(DeviceJUnit4ClassRunner.java:131)
	at org.junit.runner.JUnitCore.run(JUnitCore.java:137)
	at com.android.tradefed.testtype.HostTest.runJUnit4Tests(HostTest.java:657)
	at com.android.tradefed.testtype.HostTest.runTestClasses(HostTest.java:563)
	at com.android.tradefed.testtype.HostTest.run(HostTest.java:525)
	at com.android.compatibility.common.tradefed.testtype.JarHostTest.run(JarHostTest.java:53)
	at com.android.tradefed.testtype.suite.GranularRetriableTestWrapper.intraModuleRun(GranularRetriableTestWrapper.java:413)
	at com.android.tradefed.testtype.suite.GranularRetriableTestWrapper.run(GranularRetriableTestWrapper.java:229)
	at com.android.tradefed.testtype.suite.ModuleDefinition.run(ModuleDefinition.java:466)
	at com.android.tradefed.testtype.suite.ITestSuite.runSingleModule(ITestSuite.java:691)
	at com.android.tradefed.testtype.suite.ITestSuite.run(ITestSuite.java:592)
	at com.android.tradefed.invoker.InvocationExecution.runTests(InvocationExecution.java:480)
	at com.android.tradefed.invoker.TestInvocation.prepareAndRun(TestInvocation.java:380)
	at com.android.tradefed.invoker.TestInvocation.performInvocation(TestInvocation.java:230)
	at com.android.tradefed.invoker.TestInvocation.invoke(TestInvocation.java:754)
	at com.android.tradefed.command.CommandScheduler$InvocationThread.run(CommandScheduler.java:591)
</StackTrace>
        </Failure>
      </Test>
      <Test result="ASSUMPTION_FAILURE" name="testAngleInUseDialogBoxWithNative">
        <Failure message="org.junit.AssumptionViolatedException: got: &amp;lt;false&amp;gt;, expected: is &amp;lt;true&amp;gt;">
          <StackTrace>org.junit.AssumptionViolatedException: got: &amp;lt;false&amp;gt;, expected: is &amp;lt;true&amp;gt;
	at org.junit.Assume.assumeThat(Assume.java:95)
	at org.junit.Assume.assumeTrue(Assume.java:41)
	at android.angle.cts.CtsAngleDeveloperOptionHostTest.testAngleInUseDialogBoxWithNative(CtsAngleDeveloperOptionHostTest.java:456)
	at sun.reflect.NativeMethodAccessorImpl.invoke0(Native Method)
	at sun.reflect.NativeMethodAccessorImpl.invoke(NativeMethodAccessorImpl.java:62)
	at sun.reflect.DelegatingMethodAccessorImpl.invoke(DelegatingMethodAccessorImpl.java:43)
	at java.lang.reflect.Method.invoke(Method.java:498)
	at org.junit.runners.model.FrameworkMethod$1.runReflectiveCall(FrameworkMethod.java:50)
	at org.junit.internal.runners.model.ReflectiveCallable.run(ReflectiveCallable.java:12)
	at org.junit.runners.model.FrameworkMethod.invokeExplosively(FrameworkMethod.java:52)
	at org.junit.internal.runners.statements.InvokeMethod.evaluate(InvokeMethod.java:17)
	at org.junit.internal.runners.statements.RunBefores.evaluate(RunBefores.java:26)
	at org.junit.internal.runners.statements.RunAfters.evaluate(RunAfters.java:27)
	at org.junit.runners.ParentRunner.runLeaf(ParentRunner.java:325)
	at org.junit.runners.BlockJUnit4ClassRunner.runChild(BlockJUnit4ClassRunner.java:78)
	at com.android.tradefed.testtype.DeviceJUnit4ClassRunner.runChild(DeviceJUnit4ClassRunner.java:117)
	at com.android.tradefed.testtype.DeviceJUnit4ClassRunner.runChild(DeviceJUnit4ClassRunner.java:56)
	at org.junit.runners.ParentRunner$3.run(ParentRunner.java:290)
	at org.junit.runners.ParentRunner$1.schedule(ParentRunner.java:71)
	at org.junit.runners.ParentRunner.runChildren(ParentRunner.java:288)
	at org.junit.runners.ParentRunner.access$000(ParentRunner.java:58)
	at org.junit.runners.ParentRunner$2.evaluate(ParentRunner.java:268)
	at org.junit.runners.ParentRunner.run(ParentRunner.java:363)
	at com.android.tradefed.testtype.DeviceJUnit4ClassRunner.run(DeviceJUnit4ClassRunner.java:131)
	at org.junit.runner.JUnitCore.run(JUnitCore.java:137)
	at com.android.tradefed.testtype.HostTest.runJUnit4Tests(HostTest.java:657)
	at com.android.tradefed.testtype.HostTest.runTestClasses(HostTest.java:563)
	at com.android.tradefed.testtype.HostTest.run(HostTest.java:525)
	at com.android.compatibility.common.tradefed.testtype.JarHostTest.run(JarHostTest.java:53)
	at com.android.tradefed.testtype.suite.GranularRetriableTestWrapper.intraModuleRun(GranularRetriableTestWrapper.java:413)
	at com.android.tradefed.testtype.suite.GranularRetriableTestWrapper.run(GranularRetriableTestWrapper.java:229)
	at com.android.tradefed.testtype.suite.ModuleDefinition.run(ModuleDefinition.java:466)
	at com.android.tradefed.testtype.suite.ITestSuite.runSingleModule(ITestSuite.java:691)
	at com.android.tradefed.testtype.suite.ITestSuite.run(ITestSuite.java:592)
	at com.android.tradefed.invoker.InvocationExecution.runTests(InvocationExecution.java:480)
	at com.android.tradefed.invoker.TestInvocation.prepareAndRun(TestInvocation.java:380)
	at com.android.tradefed.invoker.TestInvocation.performInvocation(TestInvocation.java:230)
	at com.android.tradefed.invoker.TestInvocation.invoke(TestInvocation.java:754)
	at com.android.tradefed.command.CommandScheduler$InvocationThread.run(CommandScheduler.java:591)
</StackTrace>
        </Failure>
      </Test>
      <Test result="ASSUMPTION_FAILURE" name="testAngleInUseDialogBoxWithAngle">
        <Failure message="org.junit.AssumptionViolatedException: got: &amp;lt;false&amp;gt;, expected: is &amp;lt;true&amp;gt;">
          <StackTrace>org.junit.AssumptionViolatedException: got: &amp;lt;false&amp;gt;, expected: is &amp;lt;true&amp;gt;
	at org.junit.Assume.assumeThat(Assume.java:95)
	at org.junit.Assume.assumeTrue(Assume.java:41)
	at android.angle.cts.CtsAngleDeveloperOptionHostTest.testAngleInUseDialogBoxWithAngle(CtsAngleDeveloperOptionHostTest.java:441)
	at sun.reflect.NativeMethodAccessorImpl.invoke0(Native Method)
	at sun.reflect.NativeMethodAccessorImpl.invoke(NativeMethodAccessorImpl.java:62)
	at sun.reflect.DelegatingMethodAccessorImpl.invoke(DelegatingMethodAccessorImpl.java:43)
	at java.lang.reflect.Method.invoke(Method.java:498)
	at org.junit.runners.model.FrameworkMethod$1.runReflectiveCall(FrameworkMethod.java:50)
	at org.junit.internal.runners.model.ReflectiveCallable.run(ReflectiveCallable.java:12)
	at org.junit.runners.model.FrameworkMethod.invokeExplosively(FrameworkMethod.java:52)
	at org.junit.internal.runners.statements.InvokeMethod.evaluate(InvokeMethod.java:17)
	at org.junit.internal.runners.statements.RunBefores.evaluate(RunBefores.java:26)
	at org.junit.internal.runners.statements.RunAfters.evaluate(RunAfters.java:27)
	at org.junit.runners.ParentRunner.runLeaf(ParentRunner.java:325)
	at org.junit.runners.BlockJUnit4ClassRunner.runChild(BlockJUnit4ClassRunner.java:78)
	at com.android.tradefed.testtype.DeviceJUnit4ClassRunner.runChild(DeviceJUnit4ClassRunner.java:117)
	at com.android.tradefed.testtype.DeviceJUnit4ClassRunner.runChild(DeviceJUnit4ClassRunner.java:56)
	at org.junit.runners.ParentRunner$3.run(ParentRunner.java:290)
	at org.junit.runners.ParentRunner$1.schedule(ParentRunner.java:71)
	at org.junit.runners.ParentRunner.runChildren(ParentRunner.java:288)
	at org.junit.runners.ParentRunner.access$000(ParentRunner.java:58)
	at org.junit.runners.ParentRunner$2.evaluate(ParentRunner.java:268)
	at org.junit.runners.ParentRunner.run(ParentRunner.java:363)
	at com.android.tradefed.testtype.DeviceJUnit4ClassRunner.run(DeviceJUnit4ClassRunner.java:131)
	at org.junit.runner.JUnitCore.run(JUnitCore.java:137)
	at com.android.tradefed.testtype.HostTest.runJUnit4Tests(HostTest.java:657)
	at com.android.tradefed.testtype.HostTest.runTestClasses(HostTest.java:563)
	at com.android.tradefed.testtype.HostTest.run(HostTest.java:525)
	at com.android.compatibility.common.tradefed.testtype.JarHostTest.run(JarHostTest.java:53)
	at com.android.tradefed.testtype.suite.GranularRetriableTestWrapper.intraModuleRun(GranularRetriableTestWrapper.java:413)
	at com.android.tradefed.testtype.suite.GranularRetriableTestWrapper.run(GranularRetriableTestWrapper.java:229)
	at com.android.tradefed.testtype.suite.ModuleDefinition.run(ModuleDefinition.java:466)
	at com.android.tradefed.testtype.suite.ITestSuite.runSingleModule(ITestSuite.java:691)
	at com.android.tradefed.testtype.suite.ITestSuite.run(ITestSuite.java:592)
	at com.android.tradefed.invoker.InvocationExecution.runTests(InvocationExecution.java:480)
	at com.android.tradefed.invoker.TestInvocation.prepareAndRun(TestInvocation.java:380)
	at com.android.tradefed.invoker.TestInvocation.performInvocation(TestInvocation.java:230)
	at com.android.tradefed.invoker.TestInvocation.invoke(TestInvocation.java:754)
	at com.android.tradefed.command.CommandScheduler$InvocationThread.run(CommandScheduler.java:591)
</StackTrace>
        </Failure>
      </Test>
      <Test result="ASSUMPTION_FAILURE" name="testUpdateDriverValues">
        <Failure message="org.junit.AssumptionViolatedException: got: &amp;lt;false&amp;gt;, expected: is &amp;lt;true&amp;gt;">
          <StackTrace>org.junit.AssumptionViolatedException: got: &amp;lt;false&amp;gt;, expected: is &amp;lt;true&amp;gt;
	at org.junit.Assume.assumeThat(Assume.java:95)
	at org.junit.Assume.assumeTrue(Assume.java:41)
	at android.angle.cts.CtsAngleDeveloperOptionHostTest.testUpdateDriverValues(CtsAngleDeveloperOptionHostTest.java:208)
	at sun.reflect.NativeMethodAccessorImpl.invoke0(Native Method)
	at sun.reflect.NativeMethodAccessorImpl.invoke(NativeMethodAccessorImpl.java:62)
	at sun.reflect.DelegatingMethodAccessorImpl.invoke(DelegatingMethodAccessorImpl.java:43)
	at java.lang.reflect.Method.invoke(Method.java:498)
	at org.junit.runners.model.FrameworkMethod$1.runReflectiveCall(FrameworkMethod.java:50)
	at org.junit.internal.runners.model.ReflectiveCallable.run(ReflectiveCallable.java:12)
	at org.junit.runners.model.FrameworkMethod.invokeExplosively(FrameworkMethod.java:52)
	at org.junit.internal.runners.statements.InvokeMethod.evaluate(InvokeMethod.java:17)
	at org.junit.internal.runners.statements.RunBefores.evaluate(RunBefores.java:26)
	at org.junit.internal.runners.statements.RunAfters.evaluate(RunAfters.java:27)
	at org.junit.runners.ParentRunner.runLeaf(ParentRunner.java:325)
	at org.junit.runners.BlockJUnit4ClassRunner.runChild(BlockJUnit4ClassRunner.java:78)
	at com.android.tradefed.testtype.DeviceJUnit4ClassRunner.runChild(DeviceJUnit4ClassRunner.java:117)
	at com.android.tradefed.testtype.DeviceJUnit4ClassRunner.runChild(DeviceJUnit4ClassRunner.java:56)
	at org.junit.runners.ParentRunner$3.run(ParentRunner.java:290)
	at org.junit.runners.ParentRunner$1.schedule(ParentRunner.java:71)
	at org.junit.runners.ParentRunner.runChildren(ParentRunner.java:288)
	at org.junit.runners.ParentRunner.access$000(ParentRunner.java:58)
	at org.junit.runners.ParentRunner$2.evaluate(ParentRunner.java:268)
	at org.junit.runners.ParentRunner.run(ParentRunner.java:363)
	at com.android.tradefed.testtype.DeviceJUnit4ClassRunner.run(DeviceJUnit4ClassRunner.java:131)
	at org.junit.runner.JUnitCore.run(JUnitCore.java:137)
	at com.android.tradefed.testtype.HostTest.runJUnit4Tests(HostTest.java:657)
	at com.android.tradefed.testtype.HostTest.runTestClasses(HostTest.java:563)
	at com.android.tradefed.testtype.HostTest.run(HostTest.java:525)
	at com.android.compatibility.common.tradefed.testtype.JarHostTest.run(JarHostTest.java:53)
	at com.android.tradefed.testtype.suite.GranularRetriableTestWrapper.intraModuleRun(GranularRetriableTestWrapper.java:413)
	at com.android.tradefed.testtype.suite.GranularRetriableTestWrapper.run(GranularRetriableTestWrapper.java:229)
	at com.android.tradefed.testtype.suite.ModuleDefinition.run(ModuleDefinition.java:466)
	at com.android.tradefed.testtype.suite.ITestSuite.runSingleModule(ITestSuite.java:691)
	at com.android.tradefed.testtype.suite.ITestSuite.run(ITestSuite.java:592)
	at com.android.tradefed.invoker.InvocationExecution.runTests(InvocationExecution.java:480)
	at com.android.tradefed.invoker.TestInvocation.prepareAndRun(TestInvocation.java:380)
	at com.android.tradefed.invoker.TestInvocation.performInvocation(TestInvocation.java:230)
	at com.android.tradefed.invoker.TestInvocation.invoke(TestInvocation.java:754)
	at com.android.tradefed.command.CommandScheduler$InvocationThread.run(CommandScheduler.java:591)
</StackTrace>
        </Failure>
      </Test>
      <Test result="ASSUMPTION_FAILURE" name="testMultipleUpdateDriverValues">
        <Failure message="org.junit.AssumptionViolatedException: got: &amp;lt;false&amp;gt;, expected: is &amp;lt;true&amp;gt;">
          <StackTrace>org.junit.AssumptionViolatedException: got: &amp;lt;false&amp;gt;, expected: is &amp;lt;true&amp;gt;
	at org.junit.Assume.assumeThat(Assume.java:95)
	at org.junit.Assume.assumeTrue(Assume.java:41)
	at android.angle.cts.CtsAngleDeveloperOptionHostTest.testMultipleUpdateDriverValues(CtsAngleDeveloperOptionHostTest.java:254)
	at sun.reflect.NativeMethodAccessorImpl.invoke0(Native Method)
	at sun.reflect.NativeMethodAccessorImpl.invoke(NativeMethodAccessorImpl.java:62)
	at sun.reflect.DelegatingMethodAccessorImpl.invoke(DelegatingMethodAccessorImpl.java:43)
	at java.lang.reflect.Method.invoke(Method.java:498)
	at org.junit.runners.model.FrameworkMethod$1.runReflectiveCall(FrameworkMethod.java:50)
	at org.junit.internal.runners.model.ReflectiveCallable.run(ReflectiveCallable.java:12)
	at org.junit.runners.model.FrameworkMethod.invokeExplosively(FrameworkMethod.java:52)
	at org.junit.internal.runners.statements.InvokeMethod.evaluate(InvokeMethod.java:17)
	at org.junit.internal.runners.statements.RunBefores.evaluate(RunBefores.java:26)
	at org.junit.internal.runners.statements.RunAfters.evaluate(RunAfters.java:27)
	at org.junit.runners.ParentRunner.runLeaf(ParentRunner.java:325)
	at org.junit.runners.BlockJUnit4ClassRunner.runChild(BlockJUnit4ClassRunner.java:78)
	at com.android.tradefed.testtype.DeviceJUnit4ClassRunner.runChild(DeviceJUnit4ClassRunner.java:117)
	at com.android.tradefed.testtype.DeviceJUnit4ClassRunner.runChild(DeviceJUnit4ClassRunner.java:56)
	at org.junit.runners.ParentRunner$3.run(ParentRunner.java:290)
	at org.junit.runners.ParentRunner$1.schedule(ParentRunner.java:71)
	at org.junit.runners.ParentRunner.runChildren(ParentRunner.java:288)
	at org.junit.runners.ParentRunner.access$000(ParentRunner.java:58)
	at org.junit.runners.ParentRunner$2.evaluate(ParentRunner.java:268)
	at org.junit.runners.ParentRunner.run(ParentRunner.java:363)
	at com.android.tradefed.testtype.DeviceJUnit4ClassRunner.run(DeviceJUnit4ClassRunner.java:131)
	at org.junit.runner.JUnitCore.run(JUnitCore.java:137)
	at com.android.tradefed.testtype.HostTest.runJUnit4Tests(HostTest.java:657)
	at com.android.tradefed.testtype.HostTest.runTestClasses(HostTest.java:563)
	at com.android.tradefed.testtype.HostTest.run(HostTest.java:525)
	at com.android.compatibility.common.tradefed.testtype.JarHostTest.run(JarHostTest.java:53)
	at com.android.tradefed.testtype.suite.GranularRetriableTestWrapper.intraModuleRun(GranularRetriableTestWrapper.java:413)
	at com.android.tradefed.testtype.suite.GranularRetriableTestWrapper.run(GranularRetriableTestWrapper.java:229)
	at com.android.tradefed.testtype.suite.ModuleDefinition.run(ModuleDefinition.java:466)
	at com.android.tradefed.testtype.suite.ITestSuite.runSingleModule(ITestSuite.java:691)
	at com.android.tradefed.testtype.suite.ITestSuite.run(ITestSuite.java:592)
	at com.android.tradefed.invoker.InvocationExecution.runTests(InvocationExecution.java:480)
	at com.android.tradefed.invoker.TestInvocation.prepareAndRun(TestInvocation.java:380)
	at com.android.tradefed.invoker.TestInvocation.performInvocation(TestInvocation.java:230)
	at com.android.tradefed.invoker.TestInvocation.invoke(TestInvocation.java:754)
	at com.android.tradefed.command.CommandScheduler$InvocationThread.run(CommandScheduler.java:591)
</StackTrace>
        </Failure>
      </Test>
      <Test result="ASSUMPTION_FAILURE" name="testMultipleDevOptionsAngleNativeUninstall">
        <Failure message="org.junit.AssumptionViolatedException: got: &amp;lt;false&amp;gt;, expected: is &amp;lt;true&amp;gt;">
          <StackTrace>org.junit.AssumptionViolatedException: got: &amp;lt;false&amp;gt;, expected: is &amp;lt;true&amp;gt;
	at org.junit.Assume.assumeThat(Assume.java:95)
	at org.junit.Assume.assumeTrue(Assume.java:41)
	at android.angle.cts.CtsAngleDeveloperOptionHostTest.testMultipleDevOptionsAngleNativeUninstall(CtsAngleDeveloperOptionHostTest.java:409)
	at sun.reflect.NativeMethodAccessorImpl.invoke0(Native Method)
	at sun.reflect.NativeMethodAccessorImpl.invoke(NativeMethodAccessorImpl.java:62)
	at sun.reflect.DelegatingMethodAccessorImpl.invoke(DelegatingMethodAccessorImpl.java:43)
	at java.lang.reflect.Method.invoke(Method.java:498)
	at org.junit.runners.model.FrameworkMethod$1.runReflectiveCall(FrameworkMethod.java:50)
	at org.junit.internal.runners.model.ReflectiveCallable.run(ReflectiveCallable.java:12)
	at org.junit.runners.model.FrameworkMethod.invokeExplosively(FrameworkMethod.java:52)
	at org.junit.internal.runners.statements.InvokeMethod.evaluate(InvokeMethod.java:17)
	at org.junit.internal.runners.statements.RunBefores.evaluate(RunBefores.java:26)
	at org.junit.internal.runners.statements.RunAfters.evaluate(RunAfters.java:27)
	at org.junit.runners.ParentRunner.runLeaf(ParentRunner.java:325)
	at org.junit.runners.BlockJUnit4ClassRunner.runChild(BlockJUnit4ClassRunner.java:78)
	at com.android.tradefed.testtype.DeviceJUnit4ClassRunner.runChild(DeviceJUnit4ClassRunner.java:117)
	at com.android.tradefed.testtype.DeviceJUnit4ClassRunner.runChild(DeviceJUnit4ClassRunner.java:56)
	at org.junit.runners.ParentRunner$3.run(ParentRunner.java:290)
	at org.junit.runners.ParentRunner$1.schedule(ParentRunner.java:71)
	at org.junit.runners.ParentRunner.runChildren(ParentRunner.java:288)
	at org.junit.runners.ParentRunner.access$000(ParentRunner.java:58)
	at org.junit.runners.ParentRunner$2.evaluate(ParentRunner.java:268)
	at org.junit.runners.ParentRunner.run(ParentRunner.java:363)
	at com.android.tradefed.testtype.DeviceJUnit4ClassRunner.run(DeviceJUnit4ClassRunner.java:131)
	at org.junit.runner.JUnitCore.run(JUnitCore.java:137)
	at com.android.tradefed.testtype.HostTest.runJUnit4Tests(HostTest.java:657)
	at com.android.tradefed.testtype.HostTest.runTestClasses(HostTest.java:563)
	at com.android.tradefed.testtype.HostTest.run(HostTest.java:525)
	at com.android.compatibility.common.tradefed.testtype.JarHostTest.run(JarHostTest.java:53)
	at com.android.tradefed.testtype.suite.GranularRetriableTestWrapper.intraModuleRun(GranularRetriableTestWrapper.java:413)
	at com.android.tradefed.testtype.suite.GranularRetriableTestWrapper.run(GranularRetriableTestWrapper.java:229)
	at com.android.tradefed.testtype.suite.ModuleDefinition.run(ModuleDefinition.java:466)
	at com.android.tradefed.testtype.suite.ITestSuite.runSingleModule(ITestSuite.java:691)
	at com.android.tradefed.testtype.suite.ITestSuite.run(ITestSuite.java:592)
	at com.android.tradefed.invoker.InvocationExecution.runTests(InvocationExecution.java:480)
	at com.android.tradefed.invoker.TestInvocation.prepareAndRun(TestInvocation.java:380)
	at com.android.tradefed.invoker.TestInvocation.performInvocation(TestInvocation.java:230)
	at com.android.tradefed.invoker.TestInvocation.invoke(TestInvocation.java:754)
	at com.android.tradefed.command.CommandScheduler$InvocationThread.run(CommandScheduler.java:591)
</StackTrace>
        </Failure>
      </Test>
      <Test result="ASSUMPTION_FAILURE" name="testMultipleDevOptionsAngleDefault">
        <Failure message="org.junit.AssumptionViolatedException: got: &amp;lt;false&amp;gt;, expected: is &amp;lt;true&amp;gt;">
          <StackTrace>org.junit.AssumptionViolatedException: got: &amp;lt;false&amp;gt;, expected: is &amp;lt;true&amp;gt;
	at org.junit.Assume.assumeThat(Assume.java:95)
	at org.junit.Assume.assumeTrue(Assume.java:41)
	at android.angle.cts.CtsAngleDeveloperOptionHostTest.testMultipleDevOptionsAngleDefault(CtsAngleDeveloperOptionHostTest.java:377)
	at sun.reflect.NativeMethodAccessorImpl.invoke0(Native Method)
	at sun.reflect.NativeMethodAccessorImpl.invoke(NativeMethodAccessorImpl.java:62)
	at sun.reflect.DelegatingMethodAccessorImpl.invoke(DelegatingMethodAccessorImpl.java:43)
	at java.lang.reflect.Method.invoke(Method.java:498)
	at org.junit.runners.model.FrameworkMethod$1.runReflectiveCall(FrameworkMethod.java:50)
	at org.junit.internal.runners.model.ReflectiveCallable.run(ReflectiveCallable.java:12)
	at org.junit.runners.model.FrameworkMethod.invokeExplosively(FrameworkMethod.java:52)
	at org.junit.internal.runners.statements.InvokeMethod.evaluate(InvokeMethod.java:17)
	at org.junit.internal.runners.statements.RunBefores.evaluate(RunBefores.java:26)
	at org.junit.internal.runners.statements.RunAfters.evaluate(RunAfters.java:27)
	at org.junit.runners.ParentRunner.runLeaf(ParentRunner.java:325)
	at org.junit.runners.BlockJUnit4ClassRunner.runChild(BlockJUnit4ClassRunner.java:78)
	at com.android.tradefed.testtype.DeviceJUnit4ClassRunner.runChild(DeviceJUnit4ClassRunner.java:117)
	at com.android.tradefed.testtype.DeviceJUnit4ClassRunner.runChild(DeviceJUnit4ClassRunner.java:56)
	at org.junit.runners.ParentRunner$3.run(ParentRunner.java:290)
	at org.junit.runners.ParentRunner$1.schedule(ParentRunner.java:71)
	at org.junit.runners.ParentRunner.runChildren(ParentRunner.java:288)
	at org.junit.runners.ParentRunner.access$000(ParentRunner.java:58)
	at org.junit.runners.ParentRunner$2.evaluate(ParentRunner.java:268)
	at org.junit.runners.ParentRunner.run(ParentRunner.java:363)
	at com.android.tradefed.testtype.DeviceJUnit4ClassRunner.run(DeviceJUnit4ClassRunner.java:131)
	at org.junit.runner.JUnitCore.run(JUnitCore.java:137)
	at com.android.tradefed.testtype.HostTest.runJUnit4Tests(HostTest.java:657)
	at com.android.tradefed.testtype.HostTest.runTestClasses(HostTest.java:563)
	at com.android.tradefed.testtype.HostTest.run(HostTest.java:525)
	at com.android.compatibility.common.tradefed.testtype.JarHostTest.run(JarHostTest.java:53)
	at com.android.tradefed.testtype.suite.GranularRetriableTestWrapper.intraModuleRun(GranularRetriableTestWrapper.java:413)
	at com.android.tradefed.testtype.suite.GranularRetriableTestWrapper.run(GranularRetriableTestWrapper.java:229)
	at com.android.tradefed.testtype.suite.ModuleDefinition.run(ModuleDefinition.java:466)
	at com.android.tradefed.testtype.suite.ITestSuite.runSingleModule(ITestSuite.java:691)
	at com.android.tradefed.testtype.suite.ITestSuite.run(ITestSuite.java:592)
	at com.android.tradefed.invoker.InvocationExecution.runTests(InvocationExecution.java:480)
	at com.android.tradefed.invoker.TestInvocation.prepareAndRun(TestInvocation.java:380)
	at com.android.tradefed.invoker.TestInvocation.performInvocation(TestInvocation.java:230)
	at com.android.tradefed.invoker.TestInvocation.invoke(TestInvocation.java:754)
	at com.android.tradefed.command.CommandScheduler$InvocationThread.run(CommandScheduler.java:591)
</StackTrace>
        </Failure>
      </Test>
    </TestCase>
    <TestCase name="android.angle.cts.CtsAngleRulesFileTest">
      <Test result="ASSUMPTION_FAILURE" name="testEmptyRulesFile">
        <Failure message="org.junit.AssumptionViolatedException: got: &amp;lt;false&amp;gt;, expected: is &amp;lt;true&amp;gt;">
          <StackTrace>org.junit.AssumptionViolatedException: got: &amp;lt;false&amp;gt;, expected: is &amp;lt;true&amp;gt;
	at org.junit.Assume.assumeThat(Assume.java:95)
	at org.junit.Assume.assumeTrue(Assume.java:41)
	at android.angle.cts.CtsAngleRulesFileTest.testEmptyRulesFile(CtsAngleRulesFileTest.java:89)
	at sun.reflect.NativeMethodAccessorImpl.invoke0(Native Method)
	at sun.reflect.NativeMethodAccessorImpl.invoke(NativeMethodAccessorImpl.java:62)
	at sun.reflect.DelegatingMethodAccessorImpl.invoke(DelegatingMethodAccessorImpl.java:43)
	at java.lang.reflect.Method.invoke(Method.java:498)
	at org.junit.runners.model.FrameworkMethod$1.runReflectiveCall(FrameworkMethod.java:50)
	at org.junit.internal.runners.model.ReflectiveCallable.run(ReflectiveCallable.java:12)
	at org.junit.runners.model.FrameworkMethod.invokeExplosively(FrameworkMethod.java:52)
	at org.junit.internal.runners.statements.InvokeMethod.evaluate(InvokeMethod.java:17)
	at org.junit.internal.runners.statements.RunBefores.evaluate(RunBefores.java:26)
	at org.junit.internal.runners.statements.RunAfters.evaluate(RunAfters.java:27)
	at org.junit.runners.ParentRunner.runLeaf(ParentRunner.java:325)
	at org.junit.runners.BlockJUnit4ClassRunner.runChild(BlockJUnit4ClassRunner.java:78)
	at com.android.tradefed.testtype.DeviceJUnit4ClassRunner.runChild(DeviceJUnit4ClassRunner.java:117)
	at com.android.tradefed.testtype.DeviceJUnit4ClassRunner.runChild(DeviceJUnit4ClassRunner.java:56)
	at org.junit.runners.ParentRunner$3.run(ParentRunner.java:290)
	at org.junit.runners.ParentRunner$1.schedule(ParentRunner.java:71)
	at org.junit.runners.ParentRunner.runChildren(ParentRunner.java:288)
	at org.junit.runners.ParentRunner.access$000(ParentRunner.java:58)
	at org.junit.runners.ParentRunner$2.evaluate(ParentRunner.java:268)
	at org.junit.runners.ParentRunner.run(ParentRunner.java:363)
	at com.android.tradefed.testtype.DeviceJUnit4ClassRunner.run(DeviceJUnit4ClassRunner.java:131)
	at org.junit.runner.JUnitCore.run(JUnitCore.java:137)
	at com.android.tradefed.testtype.HostTest.runJUnit4Tests(HostTest.java:657)
	at com.android.tradefed.testtype.HostTest.runTestClasses(HostTest.java:563)
	at com.android.tradefed.testtype.HostTest.run(HostTest.java:525)
	at com.android.compatibility.common.tradefed.testtype.JarHostTest.run(JarHostTest.java:53)
	at com.android.tradefed.testtype.suite.GranularRetriableTestWrapper.intraModuleRun(GranularRetriableTestWrapper.java:413)
	at com.android.tradefed.testtype.suite.GranularRetriableTestWrapper.run(GranularRetriableTestWrapper.java:229)
	at com.android.tradefed.testtype.suite.ModuleDefinition.run(ModuleDefinition.java:466)
	at com.android.tradefed.testtype.suite.ITestSuite.runSingleModule(ITestSuite.java:691)
	at com.android.tradefed.testtype.suite.ITestSuite.run(ITestSuite.java:592)
	at com.android.tradefed.invoker.InvocationExecution.runTests(InvocationExecution.java:480)
	at com.android.tradefed.invoker.TestInvocation.prepareAndRun(TestInvocation.java:380)
	at com.android.tradefed.invoker.TestInvocation.performInvocation(TestInvocation.java:230)
	at com.android.tradefed.invoker.TestInvocation.invoke(TestInvocation.java:754)
	at com.android.tradefed.command.CommandScheduler$InvocationThread.run(CommandScheduler.java:591)
</StackTrace>
        </Failure>
      </Test>
      <Test result="ASSUMPTION_FAILURE" name="testEnableAngleRulesFile">
        <Failure message="org.junit.AssumptionViolatedException: got: &amp;lt;false&amp;gt;, expected: is &amp;lt;true&amp;gt;">
          <StackTrace>org.junit.AssumptionViolatedException: got: &amp;lt;false&amp;gt;, expected: is &amp;lt;true&amp;gt;
	at org.junit.Assume.assumeThat(Assume.java:95)
	at org.junit.Assume.assumeTrue(Assume.java:41)
	at android.angle.cts.CtsAngleRulesFileTest.testEnableAngleRulesFile(CtsAngleRulesFileTest.java:105)
	at sun.reflect.NativeMethodAccessorImpl.invoke0(Native Method)
	at sun.reflect.NativeMethodAccessorImpl.invoke(NativeMethodAccessorImpl.java:62)
	at sun.reflect.DelegatingMethodAccessorImpl.invoke(DelegatingMethodAccessorImpl.java:43)
	at java.lang.reflect.Method.invoke(Method.java:498)
	at org.junit.runners.model.FrameworkMethod$1.runReflectiveCall(FrameworkMethod.java:50)
	at org.junit.internal.runners.model.ReflectiveCallable.run(ReflectiveCallable.java:12)
	at org.junit.runners.model.FrameworkMethod.invokeExplosively(FrameworkMethod.java:52)
	at org.junit.internal.runners.statements.InvokeMethod.evaluate(InvokeMethod.java:17)
	at org.junit.internal.runners.statements.RunBefores.evaluate(RunBefores.java:26)
	at org.junit.internal.runners.statements.RunAfters.evaluate(RunAfters.java:27)
	at org.junit.runners.ParentRunner.runLeaf(ParentRunner.java:325)
	at org.junit.runners.BlockJUnit4ClassRunner.runChild(BlockJUnit4ClassRunner.java:78)
	at com.android.tradefed.testtype.DeviceJUnit4ClassRunner.runChild(DeviceJUnit4ClassRunner.java:117)
	at com.android.tradefed.testtype.DeviceJUnit4ClassRunner.runChild(DeviceJUnit4ClassRunner.java:56)
	at org.junit.runners.ParentRunner$3.run(ParentRunner.java:290)
	at org.junit.runners.ParentRunner$1.schedule(ParentRunner.java:71)
	at org.junit.runners.ParentRunner.runChildren(ParentRunner.java:288)
	at org.junit.runners.ParentRunner.access$000(ParentRunner.java:58)
	at org.junit.runners.ParentRunner$2.evaluate(ParentRunner.java:268)
	at org.junit.runners.ParentRunner.run(ParentRunner.java:363)
	at com.android.tradefed.testtype.DeviceJUnit4ClassRunner.run(DeviceJUnit4ClassRunner.java:131)
	at org.junit.runner.JUnitCore.run(JUnitCore.java:137)
	at com.android.tradefed.testtype.HostTest.runJUnit4Tests(HostTest.java:657)
	at com.android.tradefed.testtype.HostTest.runTestClasses(HostTest.java:563)
	at com.android.tradefed.testtype.HostTest.run(HostTest.java:525)
	at com.android.compatibility.common.tradefed.testtype.JarHostTest.run(JarHostTest.java:53)
	at com.android.tradefed.testtype.suite.GranularRetriableTestWrapper.intraModuleRun(GranularRetriableTestWrapper.java:413)
	at com.android.tradefed.testtype.suite.GranularRetriableTestWrapper.run(GranularRetriableTestWrapper.java:229)
	at com.android.tradefed.testtype.suite.ModuleDefinition.run(ModuleDefinition.java:466)
	at com.android.tradefed.testtype.suite.ITestSuite.runSingleModule(ITestSuite.java:691)
	at com.android.tradefed.testtype.suite.ITestSuite.run(ITestSuite.java:592)
	at com.android.tradefed.invoker.InvocationExecution.runTests(InvocationExecution.java:480)
	at com.android.tradefed.invoker.TestInvocation.prepareAndRun(TestInvocation.java:380)
	at com.android.tradefed.invoker.TestInvocation.performInvocation(TestInvocation.java:230)
	at com.android.tradefed.invoker.TestInvocation.invoke(TestInvocation.java:754)
	at com.android.tradefed.command.CommandScheduler$InvocationThread.run(CommandScheduler.java:591)
</StackTrace>
        </Failure>
      </Test>
    </TestCase>
  </Module>
  <Module name="CtsAngleIntegrationHostTestCases" abi="armeabi-v7a" runtime="13924" done="true" pass="0" total_tests="17">
    <TestCase name="android.angle.cts.CtsAngleDeveloperOptionHostTest">
      <Test result="ASSUMPTION_FAILURE" name="testUseDefaultDriver">
        <Failure message="org.junit.AssumptionViolatedException: got: &amp;lt;false&amp;gt;, expected: is &amp;lt;true&amp;gt;">
          <StackTrace>org.junit.AssumptionViolatedException: got: &amp;lt;false&amp;gt;, expected: is &amp;lt;true&amp;gt;
	at org.junit.Assume.assumeThat(Assume.java:95)
	at org.junit.Assume.assumeTrue(Assume.java:41)
	at android.angle.cts.CtsAngleDeveloperOptionHostTest.testUseDefaultDriver(CtsAngleDeveloperOptionHostTest.java:118)
	at sun.reflect.NativeMethodAccessorImpl.invoke0(Native Method)
	at sun.reflect.NativeMethodAccessorImpl.invoke(NativeMethodAccessorImpl.java:62)
	at sun.reflect.DelegatingMethodAccessorImpl.invoke(DelegatingMethodAccessorImpl.java:43)
	at java.lang.reflect.Method.invoke(Method.java:498)
	at org.junit.runners.model.FrameworkMethod$1.runReflectiveCall(FrameworkMethod.java:50)
	at org.junit.internal.runners.model.ReflectiveCallable.run(ReflectiveCallable.java:12)
	at org.junit.runners.model.FrameworkMethod.invokeExplosively(FrameworkMethod.java:52)
	at org.junit.internal.runners.statements.InvokeMethod.evaluate(InvokeMethod.java:17)
	at org.junit.internal.runners.statements.RunBefores.evaluate(RunBefores.java:26)
	at org.junit.internal.runners.statements.RunAfters.evaluate(RunAfters.java:27)
	at org.junit.runners.ParentRunner.runLeaf(ParentRunner.java:325)
	at org.junit.runners.BlockJUnit4ClassRunner.runChild(BlockJUnit4ClassRunner.java:78)
	at com.android.tradefed.testtype.DeviceJUnit4ClassRunner.runChild(DeviceJUnit4ClassRunner.java:117)
	at com.android.tradefed.testtype.DeviceJUnit4ClassRunner.runChild(DeviceJUnit4ClassRunner.java:56)
	at org.junit.runners.ParentRunner$3.run(ParentRunner.java:290)
	at org.junit.runners.ParentRunner$1.schedule(ParentRunner.java:71)
	at org.junit.runners.ParentRunner.runChildren(ParentRunner.java:288)
	at org.junit.runners.ParentRunner.access$000(ParentRunner.java:58)
	at org.junit.runners.ParentRunner$2.evaluate(ParentRunner.java:268)
	at org.junit.runners.ParentRunner.run(ParentRunner.java:363)
	at com.android.tradefed.testtype.DeviceJUnit4ClassRunner.run(DeviceJUnit4ClassRunner.java:131)
	at org.junit.runner.JUnitCore.run(JUnitCore.java:137)
	at com.android.tradefed.testtype.HostTest.runJUnit4Tests(HostTest.java:657)
	at com.android.tradefed.testtype.HostTest.runTestClasses(HostTest.java:563)
	at com.android.tradefed.testtype.HostTest.run(HostTest.java:525)
	at com.android.compatibility.common.tradefed.testtype.JarHostTest.run(JarHostTest.java:53)
	at com.android.tradefed.testtype.suite.GranularRetriableTestWrapper.intraModuleRun(GranularRetriableTestWrapper.java:413)
	at com.android.tradefed.testtype.suite.GranularRetriableTestWrapper.run(GranularRetriableTestWrapper.java:229)
	at com.android.tradefed.testtype.suite.ModuleDefinition.run(ModuleDefinition.java:466)
	at com.android.tradefed.testtype.suite.ITestSuite.runSingleModule(ITestSuite.java:691)
	at com.android.tradefed.testtype.suite.ITestSuite.run(ITestSuite.java:592)
	at com.android.tradefed.invoker.InvocationExecution.runTests(InvocationExecution.java:480)
	at com.android.tradefed.invoker.TestInvocation.prepareAndRun(TestInvocation.java:380)
	at com.android.tradefed.invoker.TestInvocation.performInvocation(TestInvocation.java:230)
	at com.android.tradefed.invoker.TestInvocation.invoke(TestInvocation.java:754)
	at com.android.tradefed.command.CommandScheduler$InvocationThread.run(CommandScheduler.java:591)
</StackTrace>
        </Failure>
      </Test>
      <Test result="ASSUMPTION_FAILURE" name="testDefaultNotInSettings">
        <Failure message="org.junit.AssumptionViolatedException: got: &amp;lt;false&amp;gt;, expected: is &amp;lt;true&amp;gt;">
          <StackTrace>org.junit.AssumptionViolatedException: got: &amp;lt;false&amp;gt;, expected: is &amp;lt;true&amp;gt;
	at org.junit.Assume.assumeThat(Assume.java:95)
	at org.junit.Assume.assumeTrue(Assume.java:41)
	at android.angle.cts.CtsAngleDeveloperOptionHostTest.testDefaultNotInSettings(CtsAngleDeveloperOptionHostTest.java:316)
	at sun.reflect.NativeMethodAccessorImpl.invoke0(Native Method)
	at sun.reflect.NativeMethodAccessorImpl.invoke(NativeMethodAccessorImpl.java:62)
	at sun.reflect.DelegatingMethodAccessorImpl.invoke(DelegatingMethodAccessorImpl.java:43)
	at java.lang.reflect.Method.invoke(Method.java:498)
	at org.junit.runners.model.FrameworkMethod$1.runReflectiveCall(FrameworkMethod.java:50)
	at org.junit.internal.runners.model.ReflectiveCallable.run(ReflectiveCallable.java:12)
	at org.junit.runners.model.FrameworkMethod.invokeExplosively(FrameworkMethod.java:52)
	at org.junit.internal.runners.statements.InvokeMethod.evaluate(InvokeMethod.java:17)
	at org.junit.internal.runners.statements.RunBefores.evaluate(RunBefores.java:26)
	at org.junit.internal.runners.statements.RunAfters.evaluate(RunAfters.java:27)
	at org.junit.runners.ParentRunner.runLeaf(ParentRunner.java:325)
	at org.junit.runners.BlockJUnit4ClassRunner.runChild(BlockJUnit4ClassRunner.java:78)
	at com.android.tradefed.testtype.DeviceJUnit4ClassRunner.runChild(DeviceJUnit4ClassRunner.java:117)
	at com.android.tradefed.testtype.DeviceJUnit4ClassRunner.runChild(DeviceJUnit4ClassRunner.java:56)
	at org.junit.runners.ParentRunner$3.run(ParentRunner.java:290)
	at org.junit.runners.ParentRunner$1.schedule(ParentRunner.java:71)
	at org.junit.runners.ParentRunner.runChildren(ParentRunner.java:288)
	at org.junit.runners.ParentRunner.access$000(ParentRunner.java:58)
	at org.junit.runners.ParentRunner$2.evaluate(ParentRunner.java:268)
	at org.junit.runners.ParentRunner.run(ParentRunner.java:363)
	at com.android.tradefed.testtype.DeviceJUnit4ClassRunner.run(DeviceJUnit4ClassRunner.java:131)
	at org.junit.runner.JUnitCore.run(JUnitCore.java:137)
	at com.android.tradefed.testtype.HostTest.runJUnit4Tests(HostTest.java:657)
	at com.android.tradefed.testtype.HostTest.runTestClasses(HostTest.java:563)
	at com.android.tradefed.testtype.HostTest.run(HostTest.java:525)
	at com.android.compatibility.common.tradefed.testtype.JarHostTest.run(JarHostTest.java:53)
	at com.android.tradefed.testtype.suite.GranularRetriableTestWrapper.intraModuleRun(GranularRetriableTestWrapper.java:413)
	at com.android.tradefed.testtype.suite.GranularRetriableTestWrapper.run(GranularRetriableTestWrapper.java:229)
	at com.android.tradefed.testtype.suite.ModuleDefinition.run(ModuleDefinition.java:466)
	at com.android.tradefed.testtype.suite.ITestSuite.runSingleModule(ITestSuite.java:691)
	at com.android.tradefed.testtype.suite.ITestSuite.run(ITestSuite.java:592)
	at com.android.tradefed.invoker.InvocationExecution.runTests(InvocationExecution.java:480)
	at com.android.tradefed.invoker.TestInvocation.prepareAndRun(TestInvocation.java:380)
	at com.android.tradefed.invoker.TestInvocation.performInvocation(TestInvocation.java:230)
	at com.android.tradefed.invoker.TestInvocation.invoke(TestInvocation.java:754)
	at com.android.tradefed.command.CommandScheduler$InvocationThread.run(CommandScheduler.java:591)
</StackTrace>
        </Failure>
      </Test>
      <Test result="ASSUMPTION_FAILURE" name="testUseAngleDriver">
        <Failure message="org.junit.AssumptionViolatedException: got: &amp;lt;false&amp;gt;, expected: is &amp;lt;true&amp;gt;">
          <StackTrace>org.junit.AssumptionViolatedException: got: &amp;lt;false&amp;gt;, expected: is &amp;lt;true&amp;gt;
	at org.junit.Assume.assumeThat(Assume.java:95)
	at org.junit.Assume.assumeTrue(Assume.java:41)
	at android.angle.cts.CtsAngleDeveloperOptionHostTest.testUseAngleDriver(CtsAngleDeveloperOptionHostTest.java:135)
	at sun.reflect.NativeMethodAccessorImpl.invoke0(Native Method)
	at sun.reflect.NativeMethodAccessorImpl.invoke(NativeMethodAccessorImpl.java:62)
	at sun.reflect.DelegatingMethodAccessorImpl.invoke(DelegatingMethodAccessorImpl.java:43)
	at java.lang.reflect.Method.invoke(Method.java:498)
	at org.junit.runners.model.FrameworkMethod$1.runReflectiveCall(FrameworkMethod.java:50)
	at org.junit.internal.runners.model.ReflectiveCallable.run(ReflectiveCallable.java:12)
	at org.junit.runners.model.FrameworkMethod.invokeExplosively(FrameworkMethod.java:52)
	at org.junit.internal.runners.statements.InvokeMethod.evaluate(InvokeMethod.java:17)
	at org.junit.internal.runners.statements.RunBefores.evaluate(RunBefores.java:26)
	at org.junit.internal.runners.statements.RunAfters.evaluate(RunAfters.java:27)
	at org.junit.runners.ParentRunner.runLeaf(ParentRunner.java:325)
	at org.junit.runners.BlockJUnit4ClassRunner.runChild(BlockJUnit4ClassRunner.java:78)
	at com.android.tradefed.testtype.DeviceJUnit4ClassRunner.runChild(DeviceJUnit4ClassRunner.java:117)
	at com.android.tradefed.testtype.DeviceJUnit4ClassRunner.runChild(DeviceJUnit4ClassRunner.java:56)
	at org.junit.runners.ParentRunner$3.run(ParentRunner.java:290)
	at org.junit.runners.ParentRunner$1.schedule(ParentRunner.java:71)
	at org.junit.runners.ParentRunner.runChildren(ParentRunner.java:288)
	at org.junit.runners.ParentRunner.access$000(ParentRunner.java:58)
	at org.junit.runners.ParentRunner$2.evaluate(ParentRunner.java:268)
	at org.junit.runners.ParentRunner.run(ParentRunner.java:363)
	at com.android.tradefed.testtype.DeviceJUnit4ClassRunner.run(DeviceJUnit4ClassRunner.java:131)
	at org.junit.runner.JUnitCore.run(JUnitCore.java:137)
	at com.android.tradefed.testtype.HostTest.runJUnit4Tests(HostTest.java:657)
	at com.android.tradefed.testtype.HostTest.runTestClasses(HostTest.java:563)
	at com.android.tradefed.testtype.HostTest.run(HostTest.java:525)
	at com.android.compatibility.common.tradefed.testtype.JarHostTest.run(JarHostTest.java:53)
	at com.android.tradefed.testtype.suite.GranularRetriableTestWrapper.intraModuleRun(GranularRetriableTestWrapper.java:413)
	at com.android.tradefed.testtype.suite.GranularRetriableTestWrapper.run(GranularRetriableTestWrapper.java:229)
	at com.android.tradefed.testtype.suite.ModuleDefinition.run(ModuleDefinition.java:466)
	at com.android.tradefed.testtype.suite.ITestSuite.runSingleModule(ITestSuite.java:691)
	at com.android.tradefed.testtype.suite.ITestSuite.run(ITestSuite.java:592)
	at com.android.tradefed.invoker.InvocationExecution.runTests(InvocationExecution.java:480)
	at com.android.tradefed.invoker.TestInvocation.prepareAndRun(TestInvocation.java:380)
	at com.android.tradefed.invoker.TestInvocation.performInvocation(TestInvocation.java:230)
	at com.android.tradefed.invoker.TestInvocation.invoke(TestInvocation.java:754)
	at com.android.tradefed.command.CommandScheduler$InvocationThread.run(CommandScheduler.java:591)
</StackTrace>
        </Failure>
      </Test>
      <Test result="ASSUMPTION_FAILURE" name="testMultipleDevOptionsAngleNative">
        <Failure message="org.junit.AssumptionViolatedException: got: &amp;lt;false&amp;gt;, expected: is &amp;lt;true&amp;gt;">
          <StackTrace>org.junit.AssumptionViolatedException: got: &amp;lt;false&amp;gt;, expected: is &amp;lt;true&amp;gt;
	at org.junit.Assume.assumeThat(Assume.java:95)
	at org.junit.Assume.assumeTrue(Assume.java:41)
	at android.angle.cts.CtsAngleDeveloperOptionHostTest.testMultipleDevOptionsAngleNative(CtsAngleDeveloperOptionHostTest.java:230)
	at sun.reflect.NativeMethodAccessorImpl.invoke0(Native Method)
	at sun.reflect.NativeMethodAccessorImpl.invoke(NativeMethodAccessorImpl.java:62)
	at sun.reflect.DelegatingMethodAccessorImpl.invoke(DelegatingMethodAccessorImpl.java:43)
	at java.lang.reflect.Method.invoke(Method.java:498)
	at org.junit.runners.model.FrameworkMethod$1.runReflectiveCall(FrameworkMethod.java:50)
	at org.junit.internal.runners.model.ReflectiveCallable.run(ReflectiveCallable.java:12)
	at org.junit.runners.model.FrameworkMethod.invokeExplosively(FrameworkMethod.java:52)
	at org.junit.internal.runners.statements.InvokeMethod.evaluate(InvokeMethod.java:17)
	at org.junit.internal.runners.statements.RunBefores.evaluate(RunBefores.java:26)
	at org.junit.internal.runners.statements.RunAfters.evaluate(RunAfters.java:27)
	at org.junit.runners.ParentRunner.runLeaf(ParentRunner.java:325)
	at org.junit.runners.BlockJUnit4ClassRunner.runChild(BlockJUnit4ClassRunner.java:78)
	at com.android.tradefed.testtype.DeviceJUnit4ClassRunner.runChild(DeviceJUnit4ClassRunner.java:117)
	at com.android.tradefed.testtype.DeviceJUnit4ClassRunner.runChild(DeviceJUnit4ClassRunner.java:56)
	at org.junit.runners.ParentRunner$3.run(ParentRunner.java:290)
	at org.junit.runners.ParentRunner$1.schedule(ParentRunner.java:71)
	at org.junit.runners.ParentRunner.runChildren(ParentRunner.java:288)
	at org.junit.runners.ParentRunner.access$000(ParentRunner.java:58)
	at org.junit.runners.ParentRunner$2.evaluate(ParentRunner.java:268)
	at org.junit.runners.ParentRunner.run(ParentRunner.java:363)
	at com.android.tradefed.testtype.DeviceJUnit4ClassRunner.run(DeviceJUnit4ClassRunner.java:131)
	at org.junit.runner.JUnitCore.run(JUnitCore.java:137)
	at com.android.tradefed.testtype.HostTest.runJUnit4Tests(HostTest.java:657)
	at com.android.tradefed.testtype.HostTest.runTestClasses(HostTest.java:563)
	at com.android.tradefed.testtype.HostTest.run(HostTest.java:525)
	at com.android.compatibility.common.tradefed.testtype.JarHostTest.run(JarHostTest.java:53)
	at com.android.tradefed.testtype.suite.GranularRetriableTestWrapper.intraModuleRun(GranularRetriableTestWrapper.java:413)
	at com.android.tradefed.testtype.suite.GranularRetriableTestWrapper.run(GranularRetriableTestWrapper.java:229)
	at com.android.tradefed.testtype.suite.ModuleDefinition.run(ModuleDefinition.java:466)
	at com.android.tradefed.testtype.suite.ITestSuite.runSingleModule(ITestSuite.java:691)
	at com.android.tradefed.testtype.suite.ITestSuite.run(ITestSuite.java:592)
	at com.android.tradefed.invoker.InvocationExecution.runTests(InvocationExecution.java:480)
	at com.android.tradefed.invoker.TestInvocation.prepareAndRun(TestInvocation.java:380)
	at com.android.tradefed.invoker.TestInvocation.performInvocation(TestInvocation.java:230)
	at com.android.tradefed.invoker.TestInvocation.invoke(TestInvocation.java:754)
	at com.android.tradefed.command.CommandScheduler$InvocationThread.run(CommandScheduler.java:591)
</StackTrace>
        </Failure>
      </Test>
      <Test result="ASSUMPTION_FAILURE" name="testSettingsLengthMismatch">
        <Failure message="org.junit.AssumptionViolatedException: got: &amp;lt;false&amp;gt;, expected: is &amp;lt;true&amp;gt;">
          <StackTrace>org.junit.AssumptionViolatedException: got: &amp;lt;false&amp;gt;, expected: is &amp;lt;true&amp;gt;
	at org.junit.Assume.assumeThat(Assume.java:95)
	at org.junit.Assume.assumeTrue(Assume.java:41)
	at android.angle.cts.CtsAngleDeveloperOptionHostTest.testSettingsLengthMismatch(CtsAngleDeveloperOptionHostTest.java:169)
	at sun.reflect.NativeMethodAccessorImpl.invoke0(Native Method)
	at sun.reflect.NativeMethodAccessorImpl.invoke(NativeMethodAccessorImpl.java:62)
	at sun.reflect.DelegatingMethodAccessorImpl.invoke(DelegatingMethodAccessorImpl.java:43)
	at java.lang.reflect.Method.invoke(Method.java:498)
	at org.junit.runners.model.FrameworkMethod$1.runReflectiveCall(FrameworkMethod.java:50)
	at org.junit.internal.runners.model.ReflectiveCallable.run(ReflectiveCallable.java:12)
	at org.junit.runners.model.FrameworkMethod.invokeExplosively(FrameworkMethod.java:52)
	at org.junit.internal.runners.statements.InvokeMethod.evaluate(InvokeMethod.java:17)
	at org.junit.internal.runners.statements.RunBefores.evaluate(RunBefores.java:26)
	at org.junit.internal.runners.statements.RunAfters.evaluate(RunAfters.java:27)
	at org.junit.runners.ParentRunner.runLeaf(ParentRunner.java:325)
	at org.junit.runners.BlockJUnit4ClassRunner.runChild(BlockJUnit4ClassRunner.java:78)
	at com.android.tradefed.testtype.DeviceJUnit4ClassRunner.runChild(DeviceJUnit4ClassRunner.java:117)
	at com.android.tradefed.testtype.DeviceJUnit4ClassRunner.runChild(DeviceJUnit4ClassRunner.java:56)
	at org.junit.runners.ParentRunner$3.run(ParentRunner.java:290)
	at org.junit.runners.ParentRunner$1.schedule(ParentRunner.java:71)
	at org.junit.runners.ParentRunner.runChildren(ParentRunner.java:288)
	at org.junit.runners.ParentRunner.access$000(ParentRunner.java:58)
	at org.junit.runners.ParentRunner$2.evaluate(ParentRunner.java:268)
	at org.junit.runners.ParentRunner.run(ParentRunner.java:363)
	at com.android.tradefed.testtype.DeviceJUnit4ClassRunner.run(DeviceJUnit4ClassRunner.java:131)
	at org.junit.runner.JUnitCore.run(JUnitCore.java:137)
	at com.android.tradefed.testtype.HostTest.runJUnit4Tests(HostTest.java:657)
	at com.android.tradefed.testtype.HostTest.runTestClasses(HostTest.java:563)
	at com.android.tradefed.testtype.HostTest.run(HostTest.java:525)
	at com.android.compatibility.common.tradefed.testtype.JarHostTest.run(JarHostTest.java:53)
	at com.android.tradefed.testtype.suite.GranularRetriableTestWrapper.intraModuleRun(GranularRetriableTestWrapper.java:413)
	at com.android.tradefed.testtype.suite.GranularRetriableTestWrapper.run(GranularRetriableTestWrapper.java:229)
	at com.android.tradefed.testtype.suite.ModuleDefinition.run(ModuleDefinition.java:466)
	at com.android.tradefed.testtype.suite.ITestSuite.runSingleModule(ITestSuite.java:691)
	at com.android.tradefed.testtype.suite.ITestSuite.run(ITestSuite.java:592)
	at com.android.tradefed.invoker.InvocationExecution.runTests(InvocationExecution.java:480)
	at com.android.tradefed.invoker.TestInvocation.prepareAndRun(TestInvocation.java:380)
	at com.android.tradefed.invoker.TestInvocation.performInvocation(TestInvocation.java:230)
	at com.android.tradefed.invoker.TestInvocation.invoke(TestInvocation.java:754)
	at com.android.tradefed.command.CommandScheduler$InvocationThread.run(CommandScheduler.java:591)
</StackTrace>
        </Failure>
      </Test>
      <Test result="ASSUMPTION_FAILURE" name="testEnableAngleForAll">
        <Failure message="org.junit.AssumptionViolatedException: got: &amp;lt;false&amp;gt;, expected: is &amp;lt;true&amp;gt;">
          <StackTrace>org.junit.AssumptionViolatedException: got: &amp;lt;false&amp;gt;, expected: is &amp;lt;true&amp;gt;
	at org.junit.Assume.assumeThat(Assume.java:95)
	at org.junit.Assume.assumeTrue(Assume.java:41)
	at android.angle.cts.CtsAngleDeveloperOptionHostTest.testEnableAngleForAll(CtsAngleDeveloperOptionHostTest.java:93)
	at sun.reflect.NativeMethodAccessorImpl.invoke0(Native Method)
	at sun.reflect.NativeMethodAccessorImpl.invoke(NativeMethodAccessorImpl.java:62)
	at sun.reflect.DelegatingMethodAccessorImpl.invoke(DelegatingMethodAccessorImpl.java:43)
	at java.lang.reflect.Method.invoke(Method.java:498)
	at org.junit.runners.model.FrameworkMethod$1.runReflectiveCall(FrameworkMethod.java:50)
	at org.junit.internal.runners.model.ReflectiveCallable.run(ReflectiveCallable.java:12)
	at org.junit.runners.model.FrameworkMethod.invokeExplosively(FrameworkMethod.java:52)
	at org.junit.internal.runners.statements.InvokeMethod.evaluate(InvokeMethod.java:17)
	at org.junit.internal.runners.statements.RunBefores.evaluate(RunBefores.java:26)
	at org.junit.internal.runners.statements.RunAfters.evaluate(RunAfters.java:27)
	at org.junit.runners.ParentRunner.runLeaf(ParentRunner.java:325)
	at org.junit.runners.BlockJUnit4ClassRunner.runChild(BlockJUnit4ClassRunner.java:78)
	at com.android.tradefed.testtype.DeviceJUnit4ClassRunner.runChild(DeviceJUnit4ClassRunner.java:117)
	at com.android.tradefed.testtype.DeviceJUnit4ClassRunner.runChild(DeviceJUnit4ClassRunner.java:56)
	at org.junit.runners.ParentRunner$3.run(ParentRunner.java:290)
	at org.junit.runners.ParentRunner$1.schedule(ParentRunner.java:71)
	at org.junit.runners.ParentRunner.runChildren(ParentRunner.java:288)
	at org.junit.runners.ParentRunner.access$000(ParentRunner.java:58)
	at org.junit.runners.ParentRunner$2.evaluate(ParentRunner.java:268)
	at org.junit.runners.ParentRunner.run(ParentRunner.java:363)
	at com.android.tradefed.testtype.DeviceJUnit4ClassRunner.run(DeviceJUnit4ClassRunner.java:131)
	at org.junit.runner.JUnitCore.run(JUnitCore.java:137)
	at com.android.tradefed.testtype.HostTest.runJUnit4Tests(HostTest.java:657)
	at com.android.tradefed.testtype.HostTest.runTestClasses(HostTest.java:563)
	at com.android.tradefed.testtype.HostTest.run(HostTest.java:525)
	at com.android.compatibility.common.tradefed.testtype.JarHostTest.run(JarHostTest.java:53)
	at com.android.tradefed.testtype.suite.GranularRetriableTestWrapper.intraModuleRun(GranularRetriableTestWrapper.java:413)
	at com.android.tradefed.testtype.suite.GranularRetriableTestWrapper.run(GranularRetriableTestWrapper.java:229)
	at com.android.tradefed.testtype.suite.ModuleDefinition.run(ModuleDefinition.java:466)
	at com.android.tradefed.testtype.suite.ITestSuite.runSingleModule(ITestSuite.java:691)
	at com.android.tradefed.testtype.suite.ITestSuite.run(ITestSuite.java:592)
	at com.android.tradefed.invoker.InvocationExecution.runTests(InvocationExecution.java:480)
	at com.android.tradefed.invoker.TestInvocation.prepareAndRun(TestInvocation.java:380)
	at com.android.tradefed.invoker.TestInvocation.performInvocation(TestInvocation.java:230)
	at com.android.tradefed.invoker.TestInvocation.invoke(TestInvocation.java:754)
	at com.android.tradefed.command.CommandScheduler$InvocationThread.run(CommandScheduler.java:591)
</StackTrace>
        </Failure>
      </Test>
      <Test result="ASSUMPTION_FAILURE" name="testUseNativeDriver">
        <Failure message="org.junit.AssumptionViolatedException: got: &amp;lt;false&amp;gt;, expected: is &amp;lt;true&amp;gt;">
          <StackTrace>org.junit.AssumptionViolatedException: got: &amp;lt;false&amp;gt;, expected: is &amp;lt;true&amp;gt;
	at org.junit.Assume.assumeThat(Assume.java:95)
	at org.junit.Assume.assumeTrue(Assume.java:41)
	at android.angle.cts.CtsAngleDeveloperOptionHostTest.testUseNativeDriver(CtsAngleDeveloperOptionHostTest.java:152)
	at sun.reflect.NativeMethodAccessorImpl.invoke0(Native Method)
	at sun.reflect.NativeMethodAccessorImpl.invoke(NativeMethodAccessorImpl.java:62)
	at sun.reflect.DelegatingMethodAccessorImpl.invoke(DelegatingMethodAccessorImpl.java:43)
	at java.lang.reflect.Method.invoke(Method.java:498)
	at org.junit.runners.model.FrameworkMethod$1.runReflectiveCall(FrameworkMethod.java:50)
	at org.junit.internal.runners.model.ReflectiveCallable.run(ReflectiveCallable.java:12)
	at org.junit.runners.model.FrameworkMethod.invokeExplosively(FrameworkMethod.java:52)
	at org.junit.internal.runners.statements.InvokeMethod.evaluate(InvokeMethod.java:17)
	at org.junit.internal.runners.statements.RunBefores.evaluate(RunBefores.java:26)
	at org.junit.internal.runners.statements.RunAfters.evaluate(RunAfters.java:27)
	at org.junit.runners.ParentRunner.runLeaf(ParentRunner.java:325)
	at org.junit.runners.BlockJUnit4ClassRunner.runChild(BlockJUnit4ClassRunner.java:78)
	at com.android.tradefed.testtype.DeviceJUnit4ClassRunner.runChild(DeviceJUnit4ClassRunner.java:117)
	at com.android.tradefed.testtype.DeviceJUnit4ClassRunner.runChild(DeviceJUnit4ClassRunner.java:56)
	at org.junit.runners.ParentRunner$3.run(ParentRunner.java:290)
	at org.junit.runners.ParentRunner$1.schedule(ParentRunner.java:71)
	at org.junit.runners.ParentRunner.runChildren(ParentRunner.java:288)
	at org.junit.runners.ParentRunner.access$000(ParentRunner.java:58)
	at org.junit.runners.ParentRunner$2.evaluate(ParentRunner.java:268)
	at org.junit.runners.ParentRunner.run(ParentRunner.java:363)
	at com.android.tradefed.testtype.DeviceJUnit4ClassRunner.run(DeviceJUnit4ClassRunner.java:131)
	at org.junit.runner.JUnitCore.run(JUnitCore.java:137)
	at com.android.tradefed.testtype.HostTest.runJUnit4Tests(HostTest.java:657)
	at com.android.tradefed.testtype.HostTest.runTestClasses(HostTest.java:563)
	at com.android.tradefed.testtype.HostTest.run(HostTest.java:525)
	at com.android.compatibility.common.tradefed.testtype.JarHostTest.run(JarHostTest.java:53)
	at com.android.tradefed.testtype.suite.GranularRetriableTestWrapper.intraModuleRun(GranularRetriableTestWrapper.java:413)
	at com.android.tradefed.testtype.suite.GranularRetriableTestWrapper.run(GranularRetriableTestWrapper.java:229)
	at com.android.tradefed.testtype.suite.ModuleDefinition.run(ModuleDefinition.java:466)
	at com.android.tradefed.testtype.suite.ITestSuite.runSingleModule(ITestSuite.java:691)
	at com.android.tradefed.testtype.suite.ITestSuite.run(ITestSuite.java:592)
	at com.android.tradefed.invoker.InvocationExecution.runTests(InvocationExecution.java:480)
	at com.android.tradefed.invoker.TestInvocation.prepareAndRun(TestInvocation.java:380)
	at com.android.tradefed.invoker.TestInvocation.performInvocation(TestInvocation.java:230)
	at com.android.tradefed.invoker.TestInvocation.invoke(TestInvocation.java:754)
	at com.android.tradefed.command.CommandScheduler$InvocationThread.run(CommandScheduler.java:591)
</StackTrace>
        </Failure>
      </Test>
      <Test result="ASSUMPTION_FAILURE" name="testUseInvalidDriver">
        <Failure message="org.junit.AssumptionViolatedException: got: &amp;lt;false&amp;gt;, expected: is &amp;lt;true&amp;gt;">
          <StackTrace>org.junit.AssumptionViolatedException: got: &amp;lt;false&amp;gt;, expected: is &amp;lt;true&amp;gt;
	at org.junit.Assume.assumeThat(Assume.java:95)
	at org.junit.Assume.assumeTrue(Assume.java:41)
	at android.angle.cts.CtsAngleDeveloperOptionHostTest.testUseInvalidDriver(CtsAngleDeveloperOptionHostTest.java:192)
	at sun.reflect.NativeMethodAccessorImpl.invoke0(Native Method)
	at sun.reflect.NativeMethodAccessorImpl.invoke(NativeMethodAccessorImpl.java:62)
	at sun.reflect.DelegatingMethodAccessorImpl.invoke(DelegatingMethodAccessorImpl.java:43)
	at java.lang.reflect.Method.invoke(Method.java:498)
	at org.junit.runners.model.FrameworkMethod$1.runReflectiveCall(FrameworkMethod.java:50)
	at org.junit.internal.runners.model.ReflectiveCallable.run(ReflectiveCallable.java:12)
	at org.junit.runners.model.FrameworkMethod.invokeExplosively(FrameworkMethod.java:52)
	at org.junit.internal.runners.statements.InvokeMethod.evaluate(InvokeMethod.java:17)
	at org.junit.internal.runners.statements.RunBefores.evaluate(RunBefores.java:26)
	at org.junit.internal.runners.statements.RunAfters.evaluate(RunAfters.java:27)
	at org.junit.runners.ParentRunner.runLeaf(ParentRunner.java:325)
	at org.junit.runners.BlockJUnit4ClassRunner.runChild(BlockJUnit4ClassRunner.java:78)
	at com.android.tradefed.testtype.DeviceJUnit4ClassRunner.runChild(DeviceJUnit4ClassRunner.java:117)
	at com.android.tradefed.testtype.DeviceJUnit4ClassRunner.runChild(DeviceJUnit4ClassRunner.java:56)
	at org.junit.runners.ParentRunner$3.run(ParentRunner.java:290)
	at org.junit.runners.ParentRunner$1.schedule(ParentRunner.java:71)
	at org.junit.runners.ParentRunner.runChildren(ParentRunner.java:288)
	at org.junit.runners.ParentRunner.access$000(ParentRunner.java:58)
	at org.junit.runners.ParentRunner$2.evaluate(ParentRunner.java:268)
	at org.junit.runners.ParentRunner.run(ParentRunner.java:363)
	at com.android.tradefed.testtype.DeviceJUnit4ClassRunner.run(DeviceJUnit4ClassRunner.java:131)
	at org.junit.runner.JUnitCore.run(JUnitCore.java:137)
	at com.android.tradefed.testtype.HostTest.runJUnit4Tests(HostTest.java:657)
	at com.android.tradefed.testtype.HostTest.runTestClasses(HostTest.java:563)
	at com.android.tradefed.testtype.HostTest.run(HostTest.java:525)
	at com.android.compatibility.common.tradefed.testtype.JarHostTest.run(JarHostTest.java:53)
	at com.android.tradefed.testtype.suite.GranularRetriableTestWrapper.intraModuleRun(GranularRetriableTestWrapper.java:413)
	at com.android.tradefed.testtype.suite.GranularRetriableTestWrapper.run(GranularRetriableTestWrapper.java:229)
	at com.android.tradefed.testtype.suite.ModuleDefinition.run(ModuleDefinition.java:466)
	at com.android.tradefed.testtype.suite.ITestSuite.runSingleModule(ITestSuite.java:691)
	at com.android.tradefed.testtype.suite.ITestSuite.run(ITestSuite.java:592)
	at com.android.tradefed.invoker.InvocationExecution.runTests(InvocationExecution.java:480)
	at com.android.tradefed.invoker.TestInvocation.prepareAndRun(TestInvocation.java:380)
	at com.android.tradefed.invoker.TestInvocation.performInvocation(TestInvocation.java:230)
	at com.android.tradefed.invoker.TestInvocation.invoke(TestInvocation.java:754)
	at com.android.tradefed.command.CommandScheduler$InvocationThread.run(CommandScheduler.java:591)
</StackTrace>
        </Failure>
      </Test>
      <Test result="ASSUMPTION_FAILURE" name="testUninstalledPkgsNotInSettings">
        <Failure message="org.junit.AssumptionViolatedException: got: &amp;lt;false&amp;gt;, expected: is &amp;lt;true&amp;gt;">
          <StackTrace>org.junit.AssumptionViolatedException: got: &amp;lt;false&amp;gt;, expected: is &amp;lt;true&amp;gt;
	at org.junit.Assume.assumeThat(Assume.java:95)
	at org.junit.Assume.assumeTrue(Assume.java:41)
	at android.angle.cts.CtsAngleDeveloperOptionHostTest.testUninstalledPkgsNotInSettings(CtsAngleDeveloperOptionHostTest.java:345)
	at sun.reflect.NativeMethodAccessorImpl.invoke0(Native Method)
	at sun.reflect.NativeMethodAccessorImpl.invoke(NativeMethodAccessorImpl.java:62)
	at sun.reflect.DelegatingMethodAccessorImpl.invoke(DelegatingMethodAccessorImpl.java:43)
	at java.lang.reflect.Method.invoke(Method.java:498)
	at org.junit.runners.model.FrameworkMethod$1.runReflectiveCall(FrameworkMethod.java:50)
	at org.junit.internal.runners.model.ReflectiveCallable.run(ReflectiveCallable.java:12)
	at org.junit.runners.model.FrameworkMethod.invokeExplosively(FrameworkMethod.java:52)
	at org.junit.internal.runners.statements.InvokeMethod.evaluate(InvokeMethod.java:17)
	at org.junit.internal.runners.statements.RunBefores.evaluate(RunBefores.java:26)
	at org.junit.internal.runners.statements.RunAfters.evaluate(RunAfters.java:27)
	at org.junit.runners.ParentRunner.runLeaf(ParentRunner.java:325)
	at org.junit.runners.BlockJUnit4ClassRunner.runChild(BlockJUnit4ClassRunner.java:78)
	at com.android.tradefed.testtype.DeviceJUnit4ClassRunner.runChild(DeviceJUnit4ClassRunner.java:117)
	at com.android.tradefed.testtype.DeviceJUnit4ClassRunner.runChild(DeviceJUnit4ClassRunner.java:56)
	at org.junit.runners.ParentRunner$3.run(ParentRunner.java:290)
	at org.junit.runners.ParentRunner$1.schedule(ParentRunner.java:71)
	at org.junit.runners.ParentRunner.runChildren(ParentRunner.java:288)
	at org.junit.runners.ParentRunner.access$000(ParentRunner.java:58)
	at org.junit.runners.ParentRunner$2.evaluate(ParentRunner.java:268)
	at org.junit.runners.ParentRunner.run(ParentRunner.java:363)
	at com.android.tradefed.testtype.DeviceJUnit4ClassRunner.run(DeviceJUnit4ClassRunner.java:131)
	at org.junit.runner.JUnitCore.run(JUnitCore.java:137)
	at com.android.tradefed.testtype.HostTest.runJUnit4Tests(HostTest.java:657)
	at com.android.tradefed.testtype.HostTest.runTestClasses(HostTest.java:563)
	at com.android.tradefed.testtype.HostTest.run(HostTest.java:525)
	at com.android.compatibility.common.tradefed.testtype.JarHostTest.run(JarHostTest.java:53)
	at com.android.tradefed.testtype.suite.GranularRetriableTestWrapper.intraModuleRun(GranularRetriableTestWrapper.java:413)
	at com.android.tradefed.testtype.suite.GranularRetriableTestWrapper.run(GranularRetriableTestWrapper.java:229)
	at com.android.tradefed.testtype.suite.ModuleDefinition.run(ModuleDefinition.java:466)
	at com.android.tradefed.testtype.suite.ITestSuite.runSingleModule(ITestSuite.java:691)
	at com.android.tradefed.testtype.suite.ITestSuite.run(ITestSuite.java:592)
	at com.android.tradefed.invoker.InvocationExecution.runTests(InvocationExecution.java:480)
	at com.android.tradefed.invoker.TestInvocation.prepareAndRun(TestInvocation.java:380)
	at com.android.tradefed.invoker.TestInvocation.performInvocation(TestInvocation.java:230)
	at com.android.tradefed.invoker.TestInvocation.invoke(TestInvocation.java:754)
	at com.android.tradefed.command.CommandScheduler$InvocationThread.run(CommandScheduler.java:591)
</StackTrace>
        </Failure>
      </Test>
      <Test result="ASSUMPTION_FAILURE" name="testAngleInUseDialogBoxWithNative">
        <Failure message="org.junit.AssumptionViolatedException: got: &amp;lt;false&amp;gt;, expected: is &amp;lt;true&amp;gt;">
          <StackTrace>org.junit.AssumptionViolatedException: got: &amp;lt;false&amp;gt;, expected: is &amp;lt;true&amp;gt;
	at org.junit.Assume.assumeThat(Assume.java:95)
	at org.junit.Assume.assumeTrue(Assume.java:41)
	at android.angle.cts.CtsAngleDeveloperOptionHostTest.testAngleInUseDialogBoxWithNative(CtsAngleDeveloperOptionHostTest.java:456)
	at sun.reflect.NativeMethodAccessorImpl.invoke0(Native Method)
	at sun.reflect.NativeMethodAccessorImpl.invoke(NativeMethodAccessorImpl.java:62)
	at sun.reflect.DelegatingMethodAccessorImpl.invoke(DelegatingMethodAccessorImpl.java:43)
	at java.lang.reflect.Method.invoke(Method.java:498)
	at org.junit.runners.model.FrameworkMethod$1.runReflectiveCall(FrameworkMethod.java:50)
	at org.junit.internal.runners.model.ReflectiveCallable.run(ReflectiveCallable.java:12)
	at org.junit.runners.model.FrameworkMethod.invokeExplosively(FrameworkMethod.java:52)
	at org.junit.internal.runners.statements.InvokeMethod.evaluate(InvokeMethod.java:17)
	at org.junit.internal.runners.statements.RunBefores.evaluate(RunBefores.java:26)
	at org.junit.internal.runners.statements.RunAfters.evaluate(RunAfters.java:27)
	at org.junit.runners.ParentRunner.runLeaf(ParentRunner.java:325)
	at org.junit.runners.BlockJUnit4ClassRunner.runChild(BlockJUnit4ClassRunner.java:78)
	at com.android.tradefed.testtype.DeviceJUnit4ClassRunner.runChild(DeviceJUnit4ClassRunner.java:117)
	at com.android.tradefed.testtype.DeviceJUnit4ClassRunner.runChild(DeviceJUnit4ClassRunner.java:56)
	at org.junit.runners.ParentRunner$3.run(ParentRunner.java:290)
	at org.junit.runners.ParentRunner$1.schedule(ParentRunner.java:71)
	at org.junit.runners.ParentRunner.runChildren(ParentRunner.java:288)
	at org.junit.runners.ParentRunner.access$000(ParentRunner.java:58)
	at org.junit.runners.ParentRunner$2.evaluate(ParentRunner.java:268)
	at org.junit.runners.ParentRunner.run(ParentRunner.java:363)
	at com.android.tradefed.testtype.DeviceJUnit4ClassRunner.run(DeviceJUnit4ClassRunner.java:131)
	at org.junit.runner.JUnitCore.run(JUnitCore.java:137)
	at com.android.tradefed.testtype.HostTest.runJUnit4Tests(HostTest.java:657)
	at com.android.tradefed.testtype.HostTest.runTestClasses(HostTest.java:563)
	at com.android.tradefed.testtype.HostTest.run(HostTest.java:525)
	at com.android.compatibility.common.tradefed.testtype.JarHostTest.run(JarHostTest.java:53)
	at com.android.tradefed.testtype.suite.GranularRetriableTestWrapper.intraModuleRun(GranularRetriableTestWrapper.java:413)
	at com.android.tradefed.testtype.suite.GranularRetriableTestWrapper.run(GranularRetriableTestWrapper.java:229)
	at com.android.tradefed.testtype.suite.ModuleDefinition.run(ModuleDefinition.java:466)
	at com.android.tradefed.testtype.suite.ITestSuite.runSingleModule(ITestSuite.java:691)
	at com.android.tradefed.testtype.suite.ITestSuite.run(ITestSuite.java:592)
	at com.android.tradefed.invoker.InvocationExecution.runTests(InvocationExecution.java:480)
	at com.android.tradefed.invoker.TestInvocation.prepareAndRun(TestInvocation.java:380)
	at com.android.tradefed.invoker.TestInvocation.performInvocation(TestInvocation.java:230)
	at com.android.tradefed.invoker.TestInvocation.invoke(TestInvocation.java:754)
	at com.android.tradefed.command.CommandScheduler$InvocationThread.run(CommandScheduler.java:591)
</StackTrace>
        </Failure>
      </Test>
      <Test result="ASSUMPTION_FAILURE" name="testAngleInUseDialogBoxWithAngle">
        <Failure message="org.junit.AssumptionViolatedException: got: &amp;lt;false&amp;gt;, expected: is &amp;lt;true&amp;gt;">
          <StackTrace>org.junit.AssumptionViolatedException: got: &amp;lt;false&amp;gt;, expected: is &amp;lt;true&amp;gt;
	at org.junit.Assume.assumeThat(Assume.java:95)
	at org.junit.Assume.assumeTrue(Assume.java:41)
	at android.angle.cts.CtsAngleDeveloperOptionHostTest.testAngleInUseDialogBoxWithAngle(CtsAngleDeveloperOptionHostTest.java:441)
	at sun.reflect.NativeMethodAccessorImpl.invoke0(Native Method)
	at sun.reflect.NativeMethodAccessorImpl.invoke(NativeMethodAccessorImpl.java:62)
	at sun.reflect.DelegatingMethodAccessorImpl.invoke(DelegatingMethodAccessorImpl.java:43)
	at java.lang.reflect.Method.invoke(Method.java:498)
	at org.junit.runners.model.FrameworkMethod$1.runReflectiveCall(FrameworkMethod.java:50)
	at org.junit.internal.runners.model.ReflectiveCallable.run(ReflectiveCallable.java:12)
	at org.junit.runners.model.FrameworkMethod.invokeExplosively(FrameworkMethod.java:52)
	at org.junit.internal.runners.statements.InvokeMethod.evaluate(InvokeMethod.java:17)
	at org.junit.internal.runners.statements.RunBefores.evaluate(RunBefores.java:26)
	at org.junit.internal.runners.statements.RunAfters.evaluate(RunAfters.java:27)
	at org.junit.runners.ParentRunner.runLeaf(ParentRunner.java:325)
	at org.junit.runners.BlockJUnit4ClassRunner.runChild(BlockJUnit4ClassRunner.java:78)
	at com.android.tradefed.testtype.DeviceJUnit4ClassRunner.runChild(DeviceJUnit4ClassRunner.java:117)
	at com.android.tradefed.testtype.DeviceJUnit4ClassRunner.runChild(DeviceJUnit4ClassRunner.java:56)
	at org.junit.runners.ParentRunner$3.run(ParentRunner.java:290)
	at org.junit.runners.ParentRunner$1.schedule(ParentRunner.java:71)
	at org.junit.runners.ParentRunner.runChildren(ParentRunner.java:288)
	at org.junit.runners.ParentRunner.access$000(ParentRunner.java:58)
	at org.junit.runners.ParentRunner$2.evaluate(ParentRunner.java:268)
	at org.junit.runners.ParentRunner.run(ParentRunner.java:363)
	at com.android.tradefed.testtype.DeviceJUnit4ClassRunner.run(DeviceJUnit4ClassRunner.java:131)
	at org.junit.runner.JUnitCore.run(JUnitCore.java:137)
	at com.android.tradefed.testtype.HostTest.runJUnit4Tests(HostTest.java:657)
	at com.android.tradefed.testtype.HostTest.runTestClasses(HostTest.java:563)
	at com.android.tradefed.testtype.HostTest.run(HostTest.java:525)
	at com.android.compatibility.common.tradefed.testtype.JarHostTest.run(JarHostTest.java:53)
	at com.android.tradefed.testtype.suite.GranularRetriableTestWrapper.intraModuleRun(GranularRetriableTestWrapper.java:413)
	at com.android.tradefed.testtype.suite.GranularRetriableTestWrapper.run(GranularRetriableTestWrapper.java:229)
	at com.android.tradefed.testtype.suite.ModuleDefinition.run(ModuleDefinition.java:466)
	at com.android.tradefed.testtype.suite.ITestSuite.runSingleModule(ITestSuite.java:691)
	at com.android.tradefed.testtype.suite.ITestSuite.run(ITestSuite.java:592)
	at com.android.tradefed.invoker.InvocationExecution.runTests(InvocationExecution.java:480)
	at com.android.tradefed.invoker.TestInvocation.prepareAndRun(TestInvocation.java:380)
	at com.android.tradefed.invoker.TestInvocation.performInvocation(TestInvocation.java:230)
	at com.android.tradefed.invoker.TestInvocation.invoke(TestInvocation.java:754)
	at com.android.tradefed.command.CommandScheduler$InvocationThread.run(CommandScheduler.java:591)
</StackTrace>
        </Failure>
      </Test>
      <Test result="ASSUMPTION_FAILURE" name="testUpdateDriverValues">
        <Failure message="org.junit.AssumptionViolatedException: got: &amp;lt;false&amp;gt;, expected: is &amp;lt;true&amp;gt;">
          <StackTrace>org.junit.AssumptionViolatedException: got: &amp;lt;false&amp;gt;, expected: is &amp;lt;true&amp;gt;
	at org.junit.Assume.assumeThat(Assume.java:95)
	at org.junit.Assume.assumeTrue(Assume.java:41)
	at android.angle.cts.CtsAngleDeveloperOptionHostTest.testUpdateDriverValues(CtsAngleDeveloperOptionHostTest.java:208)
	at sun.reflect.NativeMethodAccessorImpl.invoke0(Native Method)
	at sun.reflect.NativeMethodAccessorImpl.invoke(NativeMethodAccessorImpl.java:62)
	at sun.reflect.DelegatingMethodAccessorImpl.invoke(DelegatingMethodAccessorImpl.java:43)
	at java.lang.reflect.Method.invoke(Method.java:498)
	at org.junit.runners.model.FrameworkMethod$1.runReflectiveCall(FrameworkMethod.java:50)
	at org.junit.internal.runners.model.ReflectiveCallable.run(ReflectiveCallable.java:12)
	at org.junit.runners.model.FrameworkMethod.invokeExplosively(FrameworkMethod.java:52)
	at org.junit.internal.runners.statements.InvokeMethod.evaluate(InvokeMethod.java:17)
	at org.junit.internal.runners.statements.RunBefores.evaluate(RunBefores.java:26)
	at org.junit.internal.runners.statements.RunAfters.evaluate(RunAfters.java:27)
	at org.junit.runners.ParentRunner.runLeaf(ParentRunner.java:325)
	at org.junit.runners.BlockJUnit4ClassRunner.runChild(BlockJUnit4ClassRunner.java:78)
	at com.android.tradefed.testtype.DeviceJUnit4ClassRunner.runChild(DeviceJUnit4ClassRunner.java:117)
	at com.android.tradefed.testtype.DeviceJUnit4ClassRunner.runChild(DeviceJUnit4ClassRunner.java:56)
	at org.junit.runners.ParentRunner$3.run(ParentRunner.java:290)
	at org.junit.runners.ParentRunner$1.schedule(ParentRunner.java:71)
	at org.junit.runners.ParentRunner.runChildren(ParentRunner.java:288)
	at org.junit.runners.ParentRunner.access$000(ParentRunner.java:58)
	at org.junit.runners.ParentRunner$2.evaluate(ParentRunner.java:268)
	at org.junit.runners.ParentRunner.run(ParentRunner.java:363)
	at com.android.tradefed.testtype.DeviceJUnit4ClassRunner.run(DeviceJUnit4ClassRunner.java:131)
	at org.junit.runner.JUnitCore.run(JUnitCore.java:137)
	at com.android.tradefed.testtype.HostTest.runJUnit4Tests(HostTest.java:657)
	at com.android.tradefed.testtype.HostTest.runTestClasses(HostTest.java:563)
	at com.android.tradefed.testtype.HostTest.run(HostTest.java:525)
	at com.android.compatibility.common.tradefed.testtype.JarHostTest.run(JarHostTest.java:53)
	at com.android.tradefed.testtype.suite.GranularRetriableTestWrapper.intraModuleRun(GranularRetriableTestWrapper.java:413)
	at com.android.tradefed.testtype.suite.GranularRetriableTestWrapper.run(GranularRetriableTestWrapper.java:229)
	at com.android.tradefed.testtype.suite.ModuleDefinition.run(ModuleDefinition.java:466)
	at com.android.tradefed.testtype.suite.ITestSuite.runSingleModule(ITestSuite.java:691)
	at com.android.tradefed.testtype.suite.ITestSuite.run(ITestSuite.java:592)
	at com.android.tradefed.invoker.InvocationExecution.runTests(InvocationExecution.java:480)
	at com.android.tradefed.invoker.TestInvocation.prepareAndRun(TestInvocation.java:380)
	at com.android.tradefed.invoker.TestInvocation.performInvocation(TestInvocation.java:230)
	at com.android.tradefed.invoker.TestInvocation.invoke(TestInvocation.java:754)
	at com.android.tradefed.command.CommandScheduler$InvocationThread.run(CommandScheduler.java:591)
</StackTrace>
        </Failure>
      </Test>
      <Test result="ASSUMPTION_FAILURE" name="testMultipleUpdateDriverValues">
        <Failure message="org.junit.AssumptionViolatedException: got: &amp;lt;false&amp;gt;, expected: is &amp;lt;true&amp;gt;">
          <StackTrace>org.junit.AssumptionViolatedException: got: &amp;lt;false&amp;gt;, expected: is &amp;lt;true&amp;gt;
	at org.junit.Assume.assumeThat(Assume.java:95)
	at org.junit.Assume.assumeTrue(Assume.java:41)
	at android.angle.cts.CtsAngleDeveloperOptionHostTest.testMultipleUpdateDriverValues(CtsAngleDeveloperOptionHostTest.java:254)
	at sun.reflect.NativeMethodAccessorImpl.invoke0(Native Method)
	at sun.reflect.NativeMethodAccessorImpl.invoke(NativeMethodAccessorImpl.java:62)
	at sun.reflect.DelegatingMethodAccessorImpl.invoke(DelegatingMethodAccessorImpl.java:43)
	at java.lang.reflect.Method.invoke(Method.java:498)
	at org.junit.runners.model.FrameworkMethod$1.runReflectiveCall(FrameworkMethod.java:50)
	at org.junit.internal.runners.model.ReflectiveCallable.run(ReflectiveCallable.java:12)
	at org.junit.runners.model.FrameworkMethod.invokeExplosively(FrameworkMethod.java:52)
	at org.junit.internal.runners.statements.InvokeMethod.evaluate(InvokeMethod.java:17)
	at org.junit.internal.runners.statements.RunBefores.evaluate(RunBefores.java:26)
	at org.junit.internal.runners.statements.RunAfters.evaluate(RunAfters.java:27)
	at org.junit.runners.ParentRunner.runLeaf(ParentRunner.java:325)
	at org.junit.runners.BlockJUnit4ClassRunner.runChild(BlockJUnit4ClassRunner.java:78)
	at com.android.tradefed.testtype.DeviceJUnit4ClassRunner.runChild(DeviceJUnit4ClassRunner.java:117)
	at com.android.tradefed.testtype.DeviceJUnit4ClassRunner.runChild(DeviceJUnit4ClassRunner.java:56)
	at org.junit.runners.ParentRunner$3.run(ParentRunner.java:290)
	at org.junit.runners.ParentRunner$1.schedule(ParentRunner.java:71)
	at org.junit.runners.ParentRunner.runChildren(ParentRunner.java:288)
	at org.junit.runners.ParentRunner.access$000(ParentRunner.java:58)
	at org.junit.runners.ParentRunner$2.evaluate(ParentRunner.java:268)
	at org.junit.runners.ParentRunner.run(ParentRunner.java:363)
	at com.android.tradefed.testtype.DeviceJUnit4ClassRunner.run(DeviceJUnit4ClassRunner.java:131)
	at org.junit.runner.JUnitCore.run(JUnitCore.java:137)
	at com.android.tradefed.testtype.HostTest.runJUnit4Tests(HostTest.java:657)
	at com.android.tradefed.testtype.HostTest.runTestClasses(HostTest.java:563)
	at com.android.tradefed.testtype.HostTest.run(HostTest.java:525)
	at com.android.compatibility.common.tradefed.testtype.JarHostTest.run(JarHostTest.java:53)
	at com.android.tradefed.testtype.suite.GranularRetriableTestWrapper.intraModuleRun(GranularRetriableTestWrapper.java:413)
	at com.android.tradefed.testtype.suite.GranularRetriableTestWrapper.run(GranularRetriableTestWrapper.java:229)
	at com.android.tradefed.testtype.suite.ModuleDefinition.run(ModuleDefinition.java:466)
	at com.android.tradefed.testtype.suite.ITestSuite.runSingleModule(ITestSuite.java:691)
	at com.android.tradefed.testtype.suite.ITestSuite.run(ITestSuite.java:592)
	at com.android.tradefed.invoker.InvocationExecution.runTests(InvocationExecution.java:480)
	at com.android.tradefed.invoker.TestInvocation.prepareAndRun(TestInvocation.java:380)
	at com.android.tradefed.invoker.TestInvocation.performInvocation(TestInvocation.java:230)
	at com.android.tradefed.invoker.TestInvocation.invoke(TestInvocation.java:754)
	at com.android.tradefed.command.CommandScheduler$InvocationThread.run(CommandScheduler.java:591)
</StackTrace>
        </Failure>
      </Test>
      <Test result="ASSUMPTION_FAILURE" name="testMultipleDevOptionsAngleNativeUninstall">
        <Failure message="org.junit.AssumptionViolatedException: got: &amp;lt;false&amp;gt;, expected: is &amp;lt;true&amp;gt;">
          <StackTrace>org.junit.AssumptionViolatedException: got: &amp;lt;false&amp;gt;, expected: is &amp;lt;true&amp;gt;
	at org.junit.Assume.assumeThat(Assume.java:95)
	at org.junit.Assume.assumeTrue(Assume.java:41)
	at android.angle.cts.CtsAngleDeveloperOptionHostTest.testMultipleDevOptionsAngleNativeUninstall(CtsAngleDeveloperOptionHostTest.java:409)
	at sun.reflect.NativeMethodAccessorImpl.invoke0(Native Method)
	at sun.reflect.NativeMethodAccessorImpl.invoke(NativeMethodAccessorImpl.java:62)
	at sun.reflect.DelegatingMethodAccessorImpl.invoke(DelegatingMethodAccessorImpl.java:43)
	at java.lang.reflect.Method.invoke(Method.java:498)
	at org.junit.runners.model.FrameworkMethod$1.runReflectiveCall(FrameworkMethod.java:50)
	at org.junit.internal.runners.model.ReflectiveCallable.run(ReflectiveCallable.java:12)
	at org.junit.runners.model.FrameworkMethod.invokeExplosively(FrameworkMethod.java:52)
	at org.junit.internal.runners.statements.InvokeMethod.evaluate(InvokeMethod.java:17)
	at org.junit.internal.runners.statements.RunBefores.evaluate(RunBefores.java:26)
	at org.junit.internal.runners.statements.RunAfters.evaluate(RunAfters.java:27)
	at org.junit.runners.ParentRunner.runLeaf(ParentRunner.java:325)
	at org.junit.runners.BlockJUnit4ClassRunner.runChild(BlockJUnit4ClassRunner.java:78)
	at com.android.tradefed.testtype.DeviceJUnit4ClassRunner.runChild(DeviceJUnit4ClassRunner.java:117)
	at com.android.tradefed.testtype.DeviceJUnit4ClassRunner.runChild(DeviceJUnit4ClassRunner.java:56)
	at org.junit.runners.ParentRunner$3.run(ParentRunner.java:290)
	at org.junit.runners.ParentRunner$1.schedule(ParentRunner.java:71)
	at org.junit.runners.ParentRunner.runChildren(ParentRunner.java:288)
	at org.junit.runners.ParentRunner.access$000(ParentRunner.java:58)
	at org.junit.runners.ParentRunner$2.evaluate(ParentRunner.java:268)
	at org.junit.runners.ParentRunner.run(ParentRunner.java:363)
	at com.android.tradefed.testtype.DeviceJUnit4ClassRunner.run(DeviceJUnit4ClassRunner.java:131)
	at org.junit.runner.JUnitCore.run(JUnitCore.java:137)
	at com.android.tradefed.testtype.HostTest.runJUnit4Tests(HostTest.java:657)
	at com.android.tradefed.testtype.HostTest.runTestClasses(HostTest.java:563)
	at com.android.tradefed.testtype.HostTest.run(HostTest.java:525)
	at com.android.compatibility.common.tradefed.testtype.JarHostTest.run(JarHostTest.java:53)
	at com.android.tradefed.testtype.suite.GranularRetriableTestWrapper.intraModuleRun(GranularRetriableTestWrapper.java:413)
	at com.android.tradefed.testtype.suite.GranularRetriableTestWrapper.run(GranularRetriableTestWrapper.java:229)
	at com.android.tradefed.testtype.suite.ModuleDefinition.run(ModuleDefinition.java:466)
	at com.android.tradefed.testtype.suite.ITestSuite.runSingleModule(ITestSuite.java:691)
	at com.android.tradefed.testtype.suite.ITestSuite.run(ITestSuite.java:592)
	at com.android.tradefed.invoker.InvocationExecution.runTests(InvocationExecution.java:480)
	at com.android.tradefed.invoker.TestInvocation.prepareAndRun(TestInvocation.java:380)
	at com.android.tradefed.invoker.TestInvocation.performInvocation(TestInvocation.java:230)
	at com.android.tradefed.invoker.TestInvocation.invoke(TestInvocation.java:754)
	at com.android.tradefed.command.CommandScheduler$InvocationThread.run(CommandScheduler.java:591)
</StackTrace>
        </Failure>
      </Test>
      <Test result="ASSUMPTION_FAILURE" name="testMultipleDevOptionsAngleDefault">
        <Failure message="org.junit.AssumptionViolatedException: got: &amp;lt;false&amp;gt;, expected: is &amp;lt;true&amp;gt;">
          <StackTrace>org.junit.AssumptionViolatedException: got: &amp;lt;false&amp;gt;, expected: is &amp;lt;true&amp;gt;
	at org.junit.Assume.assumeThat(Assume.java:95)
	at org.junit.Assume.assumeTrue(Assume.java:41)
	at android.angle.cts.CtsAngleDeveloperOptionHostTest.testMultipleDevOptionsAngleDefault(CtsAngleDeveloperOptionHostTest.java:377)
	at sun.reflect.NativeMethodAccessorImpl.invoke0(Native Method)
	at sun.reflect.NativeMethodAccessorImpl.invoke(NativeMethodAccessorImpl.java:62)
	at sun.reflect.DelegatingMethodAccessorImpl.invoke(DelegatingMethodAccessorImpl.java:43)
	at java.lang.reflect.Method.invoke(Method.java:498)
	at org.junit.runners.model.FrameworkMethod$1.runReflectiveCall(FrameworkMethod.java:50)
	at org.junit.internal.runners.model.ReflectiveCallable.run(ReflectiveCallable.java:12)
	at org.junit.runners.model.FrameworkMethod.invokeExplosively(FrameworkMethod.java:52)
	at org.junit.internal.runners.statements.InvokeMethod.evaluate(InvokeMethod.java:17)
	at org.junit.internal.runners.statements.RunBefores.evaluate(RunBefores.java:26)
	at org.junit.internal.runners.statements.RunAfters.evaluate(RunAfters.java:27)
	at org.junit.runners.ParentRunner.runLeaf(ParentRunner.java:325)
	at org.junit.runners.BlockJUnit4ClassRunner.runChild(BlockJUnit4ClassRunner.java:78)
	at com.android.tradefed.testtype.DeviceJUnit4ClassRunner.runChild(DeviceJUnit4ClassRunner.java:117)
	at com.android.tradefed.testtype.DeviceJUnit4ClassRunner.runChild(DeviceJUnit4ClassRunner.java:56)
	at org.junit.runners.ParentRunner$3.run(ParentRunner.java:290)
	at org.junit.runners.ParentRunner$1.schedule(ParentRunner.java:71)
	at org.junit.runners.ParentRunner.runChildren(ParentRunner.java:288)
	at org.junit.runners.ParentRunner.access$000(ParentRunner.java:58)
	at org.junit.runners.ParentRunner$2.evaluate(ParentRunner.java:268)
	at org.junit.runners.ParentRunner.run(ParentRunner.java:363)
	at com.android.tradefed.testtype.DeviceJUnit4ClassRunner.run(DeviceJUnit4ClassRunner.java:131)
	at org.junit.runner.JUnitCore.run(JUnitCore.java:137)
	at com.android.tradefed.testtype.HostTest.runJUnit4Tests(HostTest.java:657)
	at com.android.tradefed.testtype.HostTest.runTestClasses(HostTest.java:563)
	at com.android.tradefed.testtype.HostTest.run(HostTest.java:525)
	at com.android.compatibility.common.tradefed.testtype.JarHostTest.run(JarHostTest.java:53)
	at com.android.tradefed.testtype.suite.GranularRetriableTestWrapper.intraModuleRun(GranularRetriableTestWrapper.java:413)
	at com.android.tradefed.testtype.suite.GranularRetriableTestWrapper.run(GranularRetriableTestWrapper.java:229)
	at com.android.tradefed.testtype.suite.ModuleDefinition.run(ModuleDefinition.java:466)
	at com.android.tradefed.testtype.suite.ITestSuite.runSingleModule(ITestSuite.java:691)
	at com.android.tradefed.testtype.suite.ITestSuite.run(ITestSuite.java:592)
	at com.android.tradefed.invoker.InvocationExecution.runTests(InvocationExecution.java:480)
	at com.android.tradefed.invoker.TestInvocation.prepareAndRun(TestInvocation.java:380)
	at com.android.tradefed.invoker.TestInvocation.performInvocation(TestInvocation.java:230)
	at com.android.tradefed.invoker.TestInvocation.invoke(TestInvocation.java:754)
	at com.android.tradefed.command.CommandScheduler$InvocationThread.run(CommandScheduler.java:591)
</StackTrace>
        </Failure>
      </Test>
    </TestCase>
    <TestCase name="android.angle.cts.CtsAngleRulesFileTest">
      <Test result="ASSUMPTION_FAILURE" name="testEmptyRulesFile">
        <Failure message="org.junit.AssumptionViolatedException: got: &amp;lt;false&amp;gt;, expected: is &amp;lt;true&amp;gt;">
          <StackTrace>org.junit.AssumptionViolatedException: got: &amp;lt;false&amp;gt;, expected: is &amp;lt;true&amp;gt;
	at org.junit.Assume.assumeThat(Assume.java:95)
	at org.junit.Assume.assumeTrue(Assume.java:41)
	at android.angle.cts.CtsAngleRulesFileTest.testEmptyRulesFile(CtsAngleRulesFileTest.java:89)
	at sun.reflect.NativeMethodAccessorImpl.invoke0(Native Method)
	at sun.reflect.NativeMethodAccessorImpl.invoke(NativeMethodAccessorImpl.java:62)
	at sun.reflect.DelegatingMethodAccessorImpl.invoke(DelegatingMethodAccessorImpl.java:43)
	at java.lang.reflect.Method.invoke(Method.java:498)
	at org.junit.runners.model.FrameworkMethod$1.runReflectiveCall(FrameworkMethod.java:50)
	at org.junit.internal.runners.model.ReflectiveCallable.run(ReflectiveCallable.java:12)
	at org.junit.runners.model.FrameworkMethod.invokeExplosively(FrameworkMethod.java:52)
	at org.junit.internal.runners.statements.InvokeMethod.evaluate(InvokeMethod.java:17)
	at org.junit.internal.runners.statements.RunBefores.evaluate(RunBefores.java:26)
	at org.junit.internal.runners.statements.RunAfters.evaluate(RunAfters.java:27)
	at org.junit.runners.ParentRunner.runLeaf(ParentRunner.java:325)
	at org.junit.runners.BlockJUnit4ClassRunner.runChild(BlockJUnit4ClassRunner.java:78)
	at com.android.tradefed.testtype.DeviceJUnit4ClassRunner.runChild(DeviceJUnit4ClassRunner.java:117)
	at com.android.tradefed.testtype.DeviceJUnit4ClassRunner.runChild(DeviceJUnit4ClassRunner.java:56)
	at org.junit.runners.ParentRunner$3.run(ParentRunner.java:290)
	at org.junit.runners.ParentRunner$1.schedule(ParentRunner.java:71)
	at org.junit.runners.ParentRunner.runChildren(ParentRunner.java:288)
	at org.junit.runners.ParentRunner.access$000(ParentRunner.java:58)
	at org.junit.runners.ParentRunner$2.evaluate(ParentRunner.java:268)
	at org.junit.runners.ParentRunner.run(ParentRunner.java:363)
	at com.android.tradefed.testtype.DeviceJUnit4ClassRunner.run(DeviceJUnit4ClassRunner.java:131)
	at org.junit.runner.JUnitCore.run(JUnitCore.java:137)
	at com.android.tradefed.testtype.HostTest.runJUnit4Tests(HostTest.java:657)
	at com.android.tradefed.testtype.HostTest.runTestClasses(HostTest.java:563)
	at com.android.tradefed.testtype.HostTest.run(HostTest.java:525)
	at com.android.compatibility.common.tradefed.testtype.JarHostTest.run(JarHostTest.java:53)
	at com.android.tradefed.testtype.suite.GranularRetriableTestWrapper.intraModuleRun(GranularRetriableTestWrapper.java:413)
	at com.android.tradefed.testtype.suite.GranularRetriableTestWrapper.run(GranularRetriableTestWrapper.java:229)
	at com.android.tradefed.testtype.suite.ModuleDefinition.run(ModuleDefinition.java:466)
	at com.android.tradefed.testtype.suite.ITestSuite.runSingleModule(ITestSuite.java:691)
	at com.android.tradefed.testtype.suite.ITestSuite.run(ITestSuite.java:592)
	at com.android.tradefed.invoker.InvocationExecution.runTests(InvocationExecution.java:480)
	at com.android.tradefed.invoker.TestInvocation.prepareAndRun(TestInvocation.java:380)
	at com.android.tradefed.invoker.TestInvocation.performInvocation(TestInvocation.java:230)
	at com.android.tradefed.invoker.TestInvocation.invoke(TestInvocation.java:754)
	at com.android.tradefed.command.CommandScheduler$InvocationThread.run(CommandScheduler.java:591)
</StackTrace>
        </Failure>
      </Test>
      <Test result="ASSUMPTION_FAILURE" name="testEnableAngleRulesFile">
        <Failure message="org.junit.AssumptionViolatedException: got: &amp;lt;false&amp;gt;, expected: is &amp;lt;true&amp;gt;">
          <StackTrace>org.junit.AssumptionViolatedException: got: &amp;lt;false&amp;gt;, expected: is &amp;lt;true&amp;gt;
	at org.junit.Assume.assumeThat(Assume.java:95)
	at org.junit.Assume.assumeTrue(Assume.java:41)
	at android.angle.cts.CtsAngleRulesFileTest.testEnableAngleRulesFile(CtsAngleRulesFileTest.java:105)
	at sun.reflect.NativeMethodAccessorImpl.invoke0(Native Method)
	at sun.reflect.NativeMethodAccessorImpl.invoke(NativeMethodAccessorImpl.java:62)
	at sun.reflect.DelegatingMethodAccessorImpl.invoke(DelegatingMethodAccessorImpl.java:43)
	at java.lang.reflect.Method.invoke(Method.java:498)
	at org.junit.runners.model.FrameworkMethod$1.runReflectiveCall(FrameworkMethod.java:50)
	at org.junit.internal.runners.model.ReflectiveCallable.run(ReflectiveCallable.java:12)
	at org.junit.runners.model.FrameworkMethod.invokeExplosively(FrameworkMethod.java:52)
	at org.junit.internal.runners.statements.InvokeMethod.evaluate(InvokeMethod.java:17)
	at org.junit.internal.runners.statements.RunBefores.evaluate(RunBefores.java:26)
	at org.junit.internal.runners.statements.RunAfters.evaluate(RunAfters.java:27)
	at org.junit.runners.ParentRunner.runLeaf(ParentRunner.java:325)
	at org.junit.runners.BlockJUnit4ClassRunner.runChild(BlockJUnit4ClassRunner.java:78)
	at com.android.tradefed.testtype.DeviceJUnit4ClassRunner.runChild(DeviceJUnit4ClassRunner.java:117)
	at com.android.tradefed.testtype.DeviceJUnit4ClassRunner.runChild(DeviceJUnit4ClassRunner.java:56)
	at org.junit.runners.ParentRunner$3.run(ParentRunner.java:290)
	at org.junit.runners.ParentRunner$1.schedule(ParentRunner.java:71)
	at org.junit.runners.ParentRunner.runChildren(ParentRunner.java:288)
	at org.junit.runners.ParentRunner.access$000(ParentRunner.java:58)
	at org.junit.runners.ParentRunner$2.evaluate(ParentRunner.java:268)
	at org.junit.runners.ParentRunner.run(ParentRunner.java:363)
	at com.android.tradefed.testtype.DeviceJUnit4ClassRunner.run(DeviceJUnit4ClassRunner.java:131)
	at org.junit.runner.JUnitCore.run(JUnitCore.java:137)
	at com.android.tradefed.testtype.HostTest.runJUnit4Tests(HostTest.java:657)
	at com.android.tradefed.testtype.HostTest.runTestClasses(HostTest.java:563)
	at com.android.tradefed.testtype.HostTest.run(HostTest.java:525)
	at com.android.compatibility.common.tradefed.testtype.JarHostTest.run(JarHostTest.java:53)
	at com.android.tradefed.testtype.suite.GranularRetriableTestWrapper.intraModuleRun(GranularRetriableTestWrapper.java:413)
	at com.android.tradefed.testtype.suite.GranularRetriableTestWrapper.run(GranularRetriableTestWrapper.java:229)
	at com.android.tradefed.testtype.suite.ModuleDefinition.run(ModuleDefinition.java:466)
	at com.android.tradefed.testtype.suite.ITestSuite.runSingleModule(ITestSuite.java:691)
	at com.android.tradefed.testtype.suite.ITestSuite.run(ITestSuite.java:592)
	at com.android.tradefed.invoker.InvocationExecution.runTests(InvocationExecution.java:480)
	at com.android.tradefed.invoker.TestInvocation.prepareAndRun(TestInvocation.java:380)
	at com.android.tradefed.invoker.TestInvocation.performInvocation(TestInvocation.java:230)
	at com.android.tradefed.invoker.TestInvocation.invoke(TestInvocation.java:754)
	at com.android.tradefed.command.CommandScheduler$InvocationThread.run(CommandScheduler.java:591)
</StackTrace>
        </Failure>
      </Test>
    </TestCase>
  </Module>
  <Module name="CtsAngleIntegrationHostTestCases[instant]" abi="arm64-v8a" runtime="14499" done="true" pass="0" total_tests="17">
    <TestCase name="android.angle.cts.CtsAngleDeveloperOptionHostTest">
      <Test result="ASSUMPTION_FAILURE" name="testUseDefaultDriver">
        <Failure message="org.junit.AssumptionViolatedException: got: &amp;lt;false&amp;gt;, expected: is &amp;lt;true&amp;gt;">
          <StackTrace>org.junit.AssumptionViolatedException: got: &amp;lt;false&amp;gt;, expected: is &amp;lt;true&amp;gt;
	at org.junit.Assume.assumeThat(Assume.java:95)
	at org.junit.Assume.assumeTrue(Assume.java:41)
	at android.angle.cts.CtsAngleDeveloperOptionHostTest.testUseDefaultDriver(CtsAngleDeveloperOptionHostTest.java:118)
	at sun.reflect.NativeMethodAccessorImpl.invoke0(Native Method)
	at sun.reflect.NativeMethodAccessorImpl.invoke(NativeMethodAccessorImpl.java:62)
	at sun.reflect.DelegatingMethodAccessorImpl.invoke(DelegatingMethodAccessorImpl.java:43)
	at java.lang.reflect.Method.invoke(Method.java:498)
	at org.junit.runners.model.FrameworkMethod$1.runReflectiveCall(FrameworkMethod.java:50)
	at org.junit.internal.runners.model.ReflectiveCallable.run(ReflectiveCallable.java:12)
	at org.junit.runners.model.FrameworkMethod.invokeExplosively(FrameworkMethod.java:52)
	at org.junit.internal.runners.statements.InvokeMethod.evaluate(InvokeMethod.java:17)
	at org.junit.internal.runners.statements.RunBefores.evaluate(RunBefores.java:26)
	at org.junit.internal.runners.statements.RunAfters.evaluate(RunAfters.java:27)
	at org.junit.runners.ParentRunner.runLeaf(ParentRunner.java:325)
	at org.junit.runners.BlockJUnit4ClassRunner.runChild(BlockJUnit4ClassRunner.java:78)
	at com.android.tradefed.testtype.DeviceJUnit4ClassRunner.runChild(DeviceJUnit4ClassRunner.java:117)
	at com.android.tradefed.testtype.DeviceJUnit4ClassRunner.runChild(DeviceJUnit4ClassRunner.java:56)
	at org.junit.runners.ParentRunner$3.run(ParentRunner.java:290)
	at org.junit.runners.ParentRunner$1.schedule(ParentRunner.java:71)
	at org.junit.runners.ParentRunner.runChildren(ParentRunner.java:288)
	at org.junit.runners.ParentRunner.access$000(ParentRunner.java:58)
	at org.junit.runners.ParentRunner$2.evaluate(ParentRunner.java:268)
	at org.junit.runners.ParentRunner.run(ParentRunner.java:363)
	at com.android.tradefed.testtype.DeviceJUnit4ClassRunner.run(DeviceJUnit4ClassRunner.java:131)
	at org.junit.runner.JUnitCore.run(JUnitCore.java:137)
	at com.android.tradefed.testtype.HostTest.runJUnit4Tests(HostTest.java:657)
	at com.android.tradefed.testtype.HostTest.runTestClasses(HostTest.java:563)
	at com.android.tradefed.testtype.HostTest.run(HostTest.java:525)
	at com.android.compatibility.common.tradefed.testtype.JarHostTest.run(JarHostTest.java:53)
	at com.android.tradefed.testtype.suite.GranularRetriableTestWrapper.intraModuleRun(GranularRetriableTestWrapper.java:413)
	at com.android.tradefed.testtype.suite.GranularRetriableTestWrapper.run(GranularRetriableTestWrapper.java:229)
	at com.android.tradefed.testtype.suite.ModuleDefinition.run(ModuleDefinition.java:466)
	at com.android.tradefed.testtype.suite.ITestSuite.runSingleModule(ITestSuite.java:691)
	at com.android.tradefed.testtype.suite.ITestSuite.run(ITestSuite.java:592)
	at com.android.tradefed.invoker.InvocationExecution.runTests(InvocationExecution.java:480)
	at com.android.tradefed.invoker.TestInvocation.prepareAndRun(TestInvocation.java:380)
	at com.android.tradefed.invoker.TestInvocation.performInvocation(TestInvocation.java:230)
	at com.android.tradefed.invoker.TestInvocation.invoke(TestInvocation.java:754)
	at com.android.tradefed.command.CommandScheduler$InvocationThread.run(CommandScheduler.java:591)
</StackTrace>
        </Failure>
      </Test>
      <Test result="ASSUMPTION_FAILURE" name="testDefaultNotInSettings">
        <Failure message="org.junit.AssumptionViolatedException: got: &amp;lt;false&amp;gt;, expected: is &amp;lt;true&amp;gt;">
          <StackTrace>org.junit.AssumptionViolatedException: got: &amp;lt;false&amp;gt;, expected: is &amp;lt;true&amp;gt;
	at org.junit.Assume.assumeThat(Assume.java:95)
	at org.junit.Assume.assumeTrue(Assume.java:41)
	at android.angle.cts.CtsAngleDeveloperOptionHostTest.testDefaultNotInSettings(CtsAngleDeveloperOptionHostTest.java:316)
	at sun.reflect.NativeMethodAccessorImpl.invoke0(Native Method)
	at sun.reflect.NativeMethodAccessorImpl.invoke(NativeMethodAccessorImpl.java:62)
	at sun.reflect.DelegatingMethodAccessorImpl.invoke(DelegatingMethodAccessorImpl.java:43)
	at java.lang.reflect.Method.invoke(Method.java:498)
	at org.junit.runners.model.FrameworkMethod$1.runReflectiveCall(FrameworkMethod.java:50)
	at org.junit.internal.runners.model.ReflectiveCallable.run(ReflectiveCallable.java:12)
	at org.junit.runners.model.FrameworkMethod.invokeExplosively(FrameworkMethod.java:52)
	at org.junit.internal.runners.statements.InvokeMethod.evaluate(InvokeMethod.java:17)
	at org.junit.internal.runners.statements.RunBefores.evaluate(RunBefores.java:26)
	at org.junit.internal.runners.statements.RunAfters.evaluate(RunAfters.java:27)
	at org.junit.runners.ParentRunner.runLeaf(ParentRunner.java:325)
	at org.junit.runners.BlockJUnit4ClassRunner.runChild(BlockJUnit4ClassRunner.java:78)
	at com.android.tradefed.testtype.DeviceJUnit4ClassRunner.runChild(DeviceJUnit4ClassRunner.java:117)
	at com.android.tradefed.testtype.DeviceJUnit4ClassRunner.runChild(DeviceJUnit4ClassRunner.java:56)
	at org.junit.runners.ParentRunner$3.run(ParentRunner.java:290)
	at org.junit.runners.ParentRunner$1.schedule(ParentRunner.java:71)
	at org.junit.runners.ParentRunner.runChildren(ParentRunner.java:288)
	at org.junit.runners.ParentRunner.access$000(ParentRunner.java:58)
	at org.junit.runners.ParentRunner$2.evaluate(ParentRunner.java:268)
	at org.junit.runners.ParentRunner.run(ParentRunner.java:363)
	at com.android.tradefed.testtype.DeviceJUnit4ClassRunner.run(DeviceJUnit4ClassRunner.java:131)
	at org.junit.runner.JUnitCore.run(JUnitCore.java:137)
	at com.android.tradefed.testtype.HostTest.runJUnit4Tests(HostTest.java:657)
	at com.android.tradefed.testtype.HostTest.runTestClasses(HostTest.java:563)
	at com.android.tradefed.testtype.HostTest.run(HostTest.java:525)
	at com.android.compatibility.common.tradefed.testtype.JarHostTest.run(JarHostTest.java:53)
	at com.android.tradefed.testtype.suite.GranularRetriableTestWrapper.intraModuleRun(GranularRetriableTestWrapper.java:413)
	at com.android.tradefed.testtype.suite.GranularRetriableTestWrapper.run(GranularRetriableTestWrapper.java:229)
	at com.android.tradefed.testtype.suite.ModuleDefinition.run(ModuleDefinition.java:466)
	at com.android.tradefed.testtype.suite.ITestSuite.runSingleModule(ITestSuite.java:691)
	at com.android.tradefed.testtype.suite.ITestSuite.run(ITestSuite.java:592)
	at com.android.tradefed.invoker.InvocationExecution.runTests(InvocationExecution.java:480)
	at com.android.tradefed.invoker.TestInvocation.prepareAndRun(TestInvocation.java:380)
	at com.android.tradefed.invoker.TestInvocation.performInvocation(TestInvocation.java:230)
	at com.android.tradefed.invoker.TestInvocation.invoke(TestInvocation.java:754)
	at com.android.tradefed.command.CommandScheduler$InvocationThread.run(CommandScheduler.java:591)
</StackTrace>
        </Failure>
      </Test>
      <Test result="ASSUMPTION_FAILURE" name="testUseAngleDriver">
        <Failure message="org.junit.AssumptionViolatedException: got: &amp;lt;false&amp;gt;, expected: is &amp;lt;true&amp;gt;">
          <StackTrace>org.junit.AssumptionViolatedException: got: &amp;lt;false&amp;gt;, expected: is &amp;lt;true&amp;gt;
	at org.junit.Assume.assumeThat(Assume.java:95)
	at org.junit.Assume.assumeTrue(Assume.java:41)
	at android.angle.cts.CtsAngleDeveloperOptionHostTest.testUseAngleDriver(CtsAngleDeveloperOptionHostTest.java:135)
	at sun.reflect.NativeMethodAccessorImpl.invoke0(Native Method)
	at sun.reflect.NativeMethodAccessorImpl.invoke(NativeMethodAccessorImpl.java:62)
	at sun.reflect.DelegatingMethodAccessorImpl.invoke(DelegatingMethodAccessorImpl.java:43)
	at java.lang.reflect.Method.invoke(Method.java:498)
	at org.junit.runners.model.FrameworkMethod$1.runReflectiveCall(FrameworkMethod.java:50)
	at org.junit.internal.runners.model.ReflectiveCallable.run(ReflectiveCallable.java:12)
	at org.junit.runners.model.FrameworkMethod.invokeExplosively(FrameworkMethod.java:52)
	at org.junit.internal.runners.statements.InvokeMethod.evaluate(InvokeMethod.java:17)
	at org.junit.internal.runners.statements.RunBefores.evaluate(RunBefores.java:26)
	at org.junit.internal.runners.statements.RunAfters.evaluate(RunAfters.java:27)
	at org.junit.runners.ParentRunner.runLeaf(ParentRunner.java:325)
	at org.junit.runners.BlockJUnit4ClassRunner.runChild(BlockJUnit4ClassRunner.java:78)
	at com.android.tradefed.testtype.DeviceJUnit4ClassRunner.runChild(DeviceJUnit4ClassRunner.java:117)
	at com.android.tradefed.testtype.DeviceJUnit4ClassRunner.runChild(DeviceJUnit4ClassRunner.java:56)
	at org.junit.runners.ParentRunner$3.run(ParentRunner.java:290)
	at org.junit.runners.ParentRunner$1.schedule(ParentRunner.java:71)
	at org.junit.runners.ParentRunner.runChildren(ParentRunner.java:288)
	at org.junit.runners.ParentRunner.access$000(ParentRunner.java:58)
	at org.junit.runners.ParentRunner$2.evaluate(ParentRunner.java:268)
	at org.junit.runners.ParentRunner.run(ParentRunner.java:363)
	at com.android.tradefed.testtype.DeviceJUnit4ClassRunner.run(DeviceJUnit4ClassRunner.java:131)
	at org.junit.runner.JUnitCore.run(JUnitCore.java:137)
	at com.android.tradefed.testtype.HostTest.runJUnit4Tests(HostTest.java:657)
	at com.android.tradefed.testtype.HostTest.runTestClasses(HostTest.java:563)
	at com.android.tradefed.testtype.HostTest.run(HostTest.java:525)
	at com.android.compatibility.common.tradefed.testtype.JarHostTest.run(JarHostTest.java:53)
	at com.android.tradefed.testtype.suite.GranularRetriableTestWrapper.intraModuleRun(GranularRetriableTestWrapper.java:413)
	at com.android.tradefed.testtype.suite.GranularRetriableTestWrapper.run(GranularRetriableTestWrapper.java:229)
	at com.android.tradefed.testtype.suite.ModuleDefinition.run(ModuleDefinition.java:466)
	at com.android.tradefed.testtype.suite.ITestSuite.runSingleModule(ITestSuite.java:691)
	at com.android.tradefed.testtype.suite.ITestSuite.run(ITestSuite.java:592)
	at com.android.tradefed.invoker.InvocationExecution.runTests(InvocationExecution.java:480)
	at com.android.tradefed.invoker.TestInvocation.prepareAndRun(TestInvocation.java:380)
	at com.android.tradefed.invoker.TestInvocation.performInvocation(TestInvocation.java:230)
	at com.android.tradefed.invoker.TestInvocation.invoke(TestInvocation.java:754)
	at com.android.tradefed.command.CommandScheduler$InvocationThread.run(CommandScheduler.java:591)
</StackTrace>
        </Failure>
      </Test>
      <Test result="ASSUMPTION_FAILURE" name="testMultipleDevOptionsAngleNative">
        <Failure message="org.junit.AssumptionViolatedException: got: &amp;lt;false&amp;gt;, expected: is &amp;lt;true&amp;gt;">
          <StackTrace>org.junit.AssumptionViolatedException: got: &amp;lt;false&amp;gt;, expected: is &amp;lt;true&amp;gt;
	at org.junit.Assume.assumeThat(Assume.java:95)
	at org.junit.Assume.assumeTrue(Assume.java:41)
	at android.angle.cts.CtsAngleDeveloperOptionHostTest.testMultipleDevOptionsAngleNative(CtsAngleDeveloperOptionHostTest.java:230)
	at sun.reflect.NativeMethodAccessorImpl.invoke0(Native Method)
	at sun.reflect.NativeMethodAccessorImpl.invoke(NativeMethodAccessorImpl.java:62)
	at sun.reflect.DelegatingMethodAccessorImpl.invoke(DelegatingMethodAccessorImpl.java:43)
	at java.lang.reflect.Method.invoke(Method.java:498)
	at org.junit.runners.model.FrameworkMethod$1.runReflectiveCall(FrameworkMethod.java:50)
	at org.junit.internal.runners.model.ReflectiveCallable.run(ReflectiveCallable.java:12)
	at org.junit.runners.model.FrameworkMethod.invokeExplosively(FrameworkMethod.java:52)
	at org.junit.internal.runners.statements.InvokeMethod.evaluate(InvokeMethod.java:17)
	at org.junit.internal.runners.statements.RunBefores.evaluate(RunBefores.java:26)
	at org.junit.internal.runners.statements.RunAfters.evaluate(RunAfters.java:27)
	at org.junit.runners.ParentRunner.runLeaf(ParentRunner.java:325)
	at org.junit.runners.BlockJUnit4ClassRunner.runChild(BlockJUnit4ClassRunner.java:78)
	at com.android.tradefed.testtype.DeviceJUnit4ClassRunner.runChild(DeviceJUnit4ClassRunner.java:117)
	at com.android.tradefed.testtype.DeviceJUnit4ClassRunner.runChild(DeviceJUnit4ClassRunner.java:56)
	at org.junit.runners.ParentRunner$3.run(ParentRunner.java:290)
	at org.junit.runners.ParentRunner$1.schedule(ParentRunner.java:71)
	at org.junit.runners.ParentRunner.runChildren(ParentRunner.java:288)
	at org.junit.runners.ParentRunner.access$000(ParentRunner.java:58)
	at org.junit.runners.ParentRunner$2.evaluate(ParentRunner.java:268)
	at org.junit.runners.ParentRunner.run(ParentRunner.java:363)
	at com.android.tradefed.testtype.DeviceJUnit4ClassRunner.run(DeviceJUnit4ClassRunner.java:131)
	at org.junit.runner.JUnitCore.run(JUnitCore.java:137)
	at com.android.tradefed.testtype.HostTest.runJUnit4Tests(HostTest.java:657)
	at com.android.tradefed.testtype.HostTest.runTestClasses(HostTest.java:563)
	at com.android.tradefed.testtype.HostTest.run(HostTest.java:525)
	at com.android.compatibility.common.tradefed.testtype.JarHostTest.run(JarHostTest.java:53)
	at com.android.tradefed.testtype.suite.GranularRetriableTestWrapper.intraModuleRun(GranularRetriableTestWrapper.java:413)
	at com.android.tradefed.testtype.suite.GranularRetriableTestWrapper.run(GranularRetriableTestWrapper.java:229)
	at com.android.tradefed.testtype.suite.ModuleDefinition.run(ModuleDefinition.java:466)
	at com.android.tradefed.testtype.suite.ITestSuite.runSingleModule(ITestSuite.java:691)
	at com.android.tradefed.testtype.suite.ITestSuite.run(ITestSuite.java:592)
	at com.android.tradefed.invoker.InvocationExecution.runTests(InvocationExecution.java:480)
	at com.android.tradefed.invoker.TestInvocation.prepareAndRun(TestInvocation.java:380)
	at com.android.tradefed.invoker.TestInvocation.performInvocation(TestInvocation.java:230)
	at com.android.tradefed.invoker.TestInvocation.invoke(TestInvocation.java:754)
	at com.android.tradefed.command.CommandScheduler$InvocationThread.run(CommandScheduler.java:591)
</StackTrace>
        </Failure>
      </Test>
      <Test result="ASSUMPTION_FAILURE" name="testSettingsLengthMismatch">
        <Failure message="org.junit.AssumptionViolatedException: got: &amp;lt;false&amp;gt;, expected: is &amp;lt;true&amp;gt;">
          <StackTrace>org.junit.AssumptionViolatedException: got: &amp;lt;false&amp;gt;, expected: is &amp;lt;true&amp;gt;
	at org.junit.Assume.assumeThat(Assume.java:95)
	at org.junit.Assume.assumeTrue(Assume.java:41)
	at android.angle.cts.CtsAngleDeveloperOptionHostTest.testSettingsLengthMismatch(CtsAngleDeveloperOptionHostTest.java:169)
	at sun.reflect.NativeMethodAccessorImpl.invoke0(Native Method)
	at sun.reflect.NativeMethodAccessorImpl.invoke(NativeMethodAccessorImpl.java:62)
	at sun.reflect.DelegatingMethodAccessorImpl.invoke(DelegatingMethodAccessorImpl.java:43)
	at java.lang.reflect.Method.invoke(Method.java:498)
	at org.junit.runners.model.FrameworkMethod$1.runReflectiveCall(FrameworkMethod.java:50)
	at org.junit.internal.runners.model.ReflectiveCallable.run(ReflectiveCallable.java:12)
	at org.junit.runners.model.FrameworkMethod.invokeExplosively(FrameworkMethod.java:52)
	at org.junit.internal.runners.statements.InvokeMethod.evaluate(InvokeMethod.java:17)
	at org.junit.internal.runners.statements.RunBefores.evaluate(RunBefores.java:26)
	at org.junit.internal.runners.statements.RunAfters.evaluate(RunAfters.java:27)
	at org.junit.runners.ParentRunner.runLeaf(ParentRunner.java:325)
	at org.junit.runners.BlockJUnit4ClassRunner.runChild(BlockJUnit4ClassRunner.java:78)
	at com.android.tradefed.testtype.DeviceJUnit4ClassRunner.runChild(DeviceJUnit4ClassRunner.java:117)
	at com.android.tradefed.testtype.DeviceJUnit4ClassRunner.runChild(DeviceJUnit4ClassRunner.java:56)
	at org.junit.runners.ParentRunner$3.run(ParentRunner.java:290)
	at org.junit.runners.ParentRunner$1.schedule(ParentRunner.java:71)
	at org.junit.runners.ParentRunner.runChildren(ParentRunner.java:288)
	at org.junit.runners.ParentRunner.access$000(ParentRunner.java:58)
	at org.junit.runners.ParentRunner$2.evaluate(ParentRunner.java:268)
	at org.junit.runners.ParentRunner.run(ParentRunner.java:363)
	at com.android.tradefed.testtype.DeviceJUnit4ClassRunner.run(DeviceJUnit4ClassRunner.java:131)
	at org.junit.runner.JUnitCore.run(JUnitCore.java:137)
	at com.android.tradefed.testtype.HostTest.runJUnit4Tests(HostTest.java:657)
	at com.android.tradefed.testtype.HostTest.runTestClasses(HostTest.java:563)
	at com.android.tradefed.testtype.HostTest.run(HostTest.java:525)
	at com.android.compatibility.common.tradefed.testtype.JarHostTest.run(JarHostTest.java:53)
	at com.android.tradefed.testtype.suite.GranularRetriableTestWrapper.intraModuleRun(GranularRetriableTestWrapper.java:413)
	at com.android.tradefed.testtype.suite.GranularRetriableTestWrapper.run(GranularRetriableTestWrapper.java:229)
	at com.android.tradefed.testtype.suite.ModuleDefinition.run(ModuleDefinition.java:466)
	at com.android.tradefed.testtype.suite.ITestSuite.runSingleModule(ITestSuite.java:691)
	at com.android.tradefed.testtype.suite.ITestSuite.run(ITestSuite.java:592)
	at com.android.tradefed.invoker.InvocationExecution.runTests(InvocationExecution.java:480)
	at com.android.tradefed.invoker.TestInvocation.prepareAndRun(TestInvocation.java:380)
	at com.android.tradefed.invoker.TestInvocation.performInvocation(TestInvocation.java:230)
	at com.android.tradefed.invoker.TestInvocation.invoke(TestInvocation.java:754)
	at com.android.tradefed.command.CommandScheduler$InvocationThread.run(CommandScheduler.java:591)
</StackTrace>
        </Failure>
      </Test>
      <Test result="ASSUMPTION_FAILURE" name="testEnableAngleForAll">
        <Failure message="org.junit.AssumptionViolatedException: got: &amp;lt;false&amp;gt;, expected: is &amp;lt;true&amp;gt;">
          <StackTrace>org.junit.AssumptionViolatedException: got: &amp;lt;false&amp;gt;, expected: is &amp;lt;true&amp;gt;
	at org.junit.Assume.assumeThat(Assume.java:95)
	at org.junit.Assume.assumeTrue(Assume.java:41)
	at android.angle.cts.CtsAngleDeveloperOptionHostTest.testEnableAngleForAll(CtsAngleDeveloperOptionHostTest.java:93)
	at sun.reflect.NativeMethodAccessorImpl.invoke0(Native Method)
	at sun.reflect.NativeMethodAccessorImpl.invoke(NativeMethodAccessorImpl.java:62)
	at sun.reflect.DelegatingMethodAccessorImpl.invoke(DelegatingMethodAccessorImpl.java:43)
	at java.lang.reflect.Method.invoke(Method.java:498)
	at org.junit.runners.model.FrameworkMethod$1.runReflectiveCall(FrameworkMethod.java:50)
	at org.junit.internal.runners.model.ReflectiveCallable.run(ReflectiveCallable.java:12)
	at org.junit.runners.model.FrameworkMethod.invokeExplosively(FrameworkMethod.java:52)
	at org.junit.internal.runners.statements.InvokeMethod.evaluate(InvokeMethod.java:17)
	at org.junit.internal.runners.statements.RunBefores.evaluate(RunBefores.java:26)
	at org.junit.internal.runners.statements.RunAfters.evaluate(RunAfters.java:27)
	at org.junit.runners.ParentRunner.runLeaf(ParentRunner.java:325)
	at org.junit.runners.BlockJUnit4ClassRunner.runChild(BlockJUnit4ClassRunner.java:78)
	at com.android.tradefed.testtype.DeviceJUnit4ClassRunner.runChild(DeviceJUnit4ClassRunner.java:117)
	at com.android.tradefed.testtype.DeviceJUnit4ClassRunner.runChild(DeviceJUnit4ClassRunner.java:56)
	at org.junit.runners.ParentRunner$3.run(ParentRunner.java:290)
	at org.junit.runners.ParentRunner$1.schedule(ParentRunner.java:71)
	at org.junit.runners.ParentRunner.runChildren(ParentRunner.java:288)
	at org.junit.runners.ParentRunner.access$000(ParentRunner.java:58)
	at org.junit.runners.ParentRunner$2.evaluate(ParentRunner.java:268)
	at org.junit.runners.ParentRunner.run(ParentRunner.java:363)
	at com.android.tradefed.testtype.DeviceJUnit4ClassRunner.run(DeviceJUnit4ClassRunner.java:131)
	at org.junit.runner.JUnitCore.run(JUnitCore.java:137)
	at com.android.tradefed.testtype.HostTest.runJUnit4Tests(HostTest.java:657)
	at com.android.tradefed.testtype.HostTest.runTestClasses(HostTest.java:563)
	at com.android.tradefed.testtype.HostTest.run(HostTest.java:525)
	at com.android.compatibility.common.tradefed.testtype.JarHostTest.run(JarHostTest.java:53)
	at com.android.tradefed.testtype.suite.GranularRetriableTestWrapper.intraModuleRun(GranularRetriableTestWrapper.java:413)
	at com.android.tradefed.testtype.suite.GranularRetriableTestWrapper.run(GranularRetriableTestWrapper.java:229)
	at com.android.tradefed.testtype.suite.ModuleDefinition.run(ModuleDefinition.java:466)
	at com.android.tradefed.testtype.suite.ITestSuite.runSingleModule(ITestSuite.java:691)
	at com.android.tradefed.testtype.suite.ITestSuite.run(ITestSuite.java:592)
	at com.android.tradefed.invoker.InvocationExecution.runTests(InvocationExecution.java:480)
	at com.android.tradefed.invoker.TestInvocation.prepareAndRun(TestInvocation.java:380)
	at com.android.tradefed.invoker.TestInvocation.performInvocation(TestInvocation.java:230)
	at com.android.tradefed.invoker.TestInvocation.invoke(TestInvocation.java:754)
	at com.android.tradefed.command.CommandScheduler$InvocationThread.run(CommandScheduler.java:591)
</StackTrace>
        </Failure>
      </Test>
      <Test result="ASSUMPTION_FAILURE" name="testUseNativeDriver">
        <Failure message="org.junit.AssumptionViolatedException: got: &amp;lt;false&amp;gt;, expected: is &amp;lt;true&amp;gt;">
          <StackTrace>org.junit.AssumptionViolatedException: got: &amp;lt;false&amp;gt;, expected: is &amp;lt;true&amp;gt;
	at org.junit.Assume.assumeThat(Assume.java:95)
	at org.junit.Assume.assumeTrue(Assume.java:41)
	at android.angle.cts.CtsAngleDeveloperOptionHostTest.testUseNativeDriver(CtsAngleDeveloperOptionHostTest.java:152)
	at sun.reflect.NativeMethodAccessorImpl.invoke0(Native Method)
	at sun.reflect.NativeMethodAccessorImpl.invoke(NativeMethodAccessorImpl.java:62)
	at sun.reflect.DelegatingMethodAccessorImpl.invoke(DelegatingMethodAccessorImpl.java:43)
	at java.lang.reflect.Method.invoke(Method.java:498)
	at org.junit.runners.model.FrameworkMethod$1.runReflectiveCall(FrameworkMethod.java:50)
	at org.junit.internal.runners.model.ReflectiveCallable.run(ReflectiveCallable.java:12)
	at org.junit.runners.model.FrameworkMethod.invokeExplosively(FrameworkMethod.java:52)
	at org.junit.internal.runners.statements.InvokeMethod.evaluate(InvokeMethod.java:17)
	at org.junit.internal.runners.statements.RunBefores.evaluate(RunBefores.java:26)
	at org.junit.internal.runners.statements.RunAfters.evaluate(RunAfters.java:27)
	at org.junit.runners.ParentRunner.runLeaf(ParentRunner.java:325)
	at org.junit.runners.BlockJUnit4ClassRunner.runChild(BlockJUnit4ClassRunner.java:78)
	at com.android.tradefed.testtype.DeviceJUnit4ClassRunner.runChild(DeviceJUnit4ClassRunner.java:117)
	at com.android.tradefed.testtype.DeviceJUnit4ClassRunner.runChild(DeviceJUnit4ClassRunner.java:56)
	at org.junit.runners.ParentRunner$3.run(ParentRunner.java:290)
	at org.junit.runners.ParentRunner$1.schedule(ParentRunner.java:71)
	at org.junit.runners.ParentRunner.runChildren(ParentRunner.java:288)
	at org.junit.runners.ParentRunner.access$000(ParentRunner.java:58)
	at org.junit.runners.ParentRunner$2.evaluate(ParentRunner.java:268)
	at org.junit.runners.ParentRunner.run(ParentRunner.java:363)
	at com.android.tradefed.testtype.DeviceJUnit4ClassRunner.run(DeviceJUnit4ClassRunner.java:131)
	at org.junit.runner.JUnitCore.run(JUnitCore.java:137)
	at com.android.tradefed.testtype.HostTest.runJUnit4Tests(HostTest.java:657)
	at com.android.tradefed.testtype.HostTest.runTestClasses(HostTest.java:563)
	at com.android.tradefed.testtype.HostTest.run(HostTest.java:525)
	at com.android.compatibility.common.tradefed.testtype.JarHostTest.run(JarHostTest.java:53)
	at com.android.tradefed.testtype.suite.GranularRetriableTestWrapper.intraModuleRun(GranularRetriableTestWrapper.java:413)
	at com.android.tradefed.testtype.suite.GranularRetriableTestWrapper.run(GranularRetriableTestWrapper.java:229)
	at com.android.tradefed.testtype.suite.ModuleDefinition.run(ModuleDefinition.java:466)
	at com.android.tradefed.testtype.suite.ITestSuite.runSingleModule(ITestSuite.java:691)
	at com.android.tradefed.testtype.suite.ITestSuite.run(ITestSuite.java:592)
	at com.android.tradefed.invoker.InvocationExecution.runTests(InvocationExecution.java:480)
	at com.android.tradefed.invoker.TestInvocation.prepareAndRun(TestInvocation.java:380)
	at com.android.tradefed.invoker.TestInvocation.performInvocation(TestInvocation.java:230)
	at com.android.tradefed.invoker.TestInvocation.invoke(TestInvocation.java:754)
	at com.android.tradefed.command.CommandScheduler$InvocationThread.run(CommandScheduler.java:591)
</StackTrace>
        </Failure>
      </Test>
      <Test result="ASSUMPTION_FAILURE" name="testUseInvalidDriver">
        <Failure message="org.junit.AssumptionViolatedException: got: &amp;lt;false&amp;gt;, expected: is &amp;lt;true&amp;gt;">
          <StackTrace>org.junit.AssumptionViolatedException: got: &amp;lt;false&amp;gt;, expected: is &amp;lt;true&amp;gt;
	at org.junit.Assume.assumeThat(Assume.java:95)
	at org.junit.Assume.assumeTrue(Assume.java:41)
	at android.angle.cts.CtsAngleDeveloperOptionHostTest.testUseInvalidDriver(CtsAngleDeveloperOptionHostTest.java:192)
	at sun.reflect.NativeMethodAccessorImpl.invoke0(Native Method)
	at sun.reflect.NativeMethodAccessorImpl.invoke(NativeMethodAccessorImpl.java:62)
	at sun.reflect.DelegatingMethodAccessorImpl.invoke(DelegatingMethodAccessorImpl.java:43)
	at java.lang.reflect.Method.invoke(Method.java:498)
	at org.junit.runners.model.FrameworkMethod$1.runReflectiveCall(FrameworkMethod.java:50)
	at org.junit.internal.runners.model.ReflectiveCallable.run(ReflectiveCallable.java:12)
	at org.junit.runners.model.FrameworkMethod.invokeExplosively(FrameworkMethod.java:52)
	at org.junit.internal.runners.statements.InvokeMethod.evaluate(InvokeMethod.java:17)
	at org.junit.internal.runners.statements.RunBefores.evaluate(RunBefores.java:26)
	at org.junit.internal.runners.statements.RunAfters.evaluate(RunAfters.java:27)
	at org.junit.runners.ParentRunner.runLeaf(ParentRunner.java:325)
	at org.junit.runners.BlockJUnit4ClassRunner.runChild(BlockJUnit4ClassRunner.java:78)
	at com.android.tradefed.testtype.DeviceJUnit4ClassRunner.runChild(DeviceJUnit4ClassRunner.java:117)
	at com.android.tradefed.testtype.DeviceJUnit4ClassRunner.runChild(DeviceJUnit4ClassRunner.java:56)
	at org.junit.runners.ParentRunner$3.run(ParentRunner.java:290)
	at org.junit.runners.ParentRunner$1.schedule(ParentRunner.java:71)
	at org.junit.runners.ParentRunner.runChildren(ParentRunner.java:288)
	at org.junit.runners.ParentRunner.access$000(ParentRunner.java:58)
	at org.junit.runners.ParentRunner$2.evaluate(ParentRunner.java:268)
	at org.junit.runners.ParentRunner.run(ParentRunner.java:363)
	at com.android.tradefed.testtype.DeviceJUnit4ClassRunner.run(DeviceJUnit4ClassRunner.java:131)
	at org.junit.runner.JUnitCore.run(JUnitCore.java:137)
	at com.android.tradefed.testtype.HostTest.runJUnit4Tests(HostTest.java:657)
	at com.android.tradefed.testtype.HostTest.runTestClasses(HostTest.java:563)
	at com.android.tradefed.testtype.HostTest.run(HostTest.java:525)
	at com.android.compatibility.common.tradefed.testtype.JarHostTest.run(JarHostTest.java:53)
	at com.android.tradefed.testtype.suite.GranularRetriableTestWrapper.intraModuleRun(GranularRetriableTestWrapper.java:413)
	at com.android.tradefed.testtype.suite.GranularRetriableTestWrapper.run(GranularRetriableTestWrapper.java:229)
	at com.android.tradefed.testtype.suite.ModuleDefinition.run(ModuleDefinition.java:466)
	at com.android.tradefed.testtype.suite.ITestSuite.runSingleModule(ITestSuite.java:691)
	at com.android.tradefed.testtype.suite.ITestSuite.run(ITestSuite.java:592)
	at com.android.tradefed.invoker.InvocationExecution.runTests(InvocationExecution.java:480)
	at com.android.tradefed.invoker.TestInvocation.prepareAndRun(TestInvocation.java:380)
	at com.android.tradefed.invoker.TestInvocation.performInvocation(TestInvocation.java:230)
	at com.android.tradefed.invoker.TestInvocation.invoke(TestInvocation.java:754)
	at com.android.tradefed.command.CommandScheduler$InvocationThread.run(CommandScheduler.java:591)
</StackTrace>
        </Failure>
      </Test>
      <Test result="ASSUMPTION_FAILURE" name="testUninstalledPkgsNotInSettings">
        <Failure message="org.junit.AssumptionViolatedException: got: &amp;lt;false&amp;gt;, expected: is &amp;lt;true&amp;gt;">
          <StackTrace>org.junit.AssumptionViolatedException: got: &amp;lt;false&amp;gt;, expected: is &amp;lt;true&amp;gt;
	at org.junit.Assume.assumeThat(Assume.java:95)
	at org.junit.Assume.assumeTrue(Assume.java:41)
	at android.angle.cts.CtsAngleDeveloperOptionHostTest.testUninstalledPkgsNotInSettings(CtsAngleDeveloperOptionHostTest.java:345)
	at sun.reflect.NativeMethodAccessorImpl.invoke0(Native Method)
	at sun.reflect.NativeMethodAccessorImpl.invoke(NativeMethodAccessorImpl.java:62)
	at sun.reflect.DelegatingMethodAccessorImpl.invoke(DelegatingMethodAccessorImpl.java:43)
	at java.lang.reflect.Method.invoke(Method.java:498)
	at org.junit.runners.model.FrameworkMethod$1.runReflectiveCall(FrameworkMethod.java:50)
	at org.junit.internal.runners.model.ReflectiveCallable.run(ReflectiveCallable.java:12)
	at org.junit.runners.model.FrameworkMethod.invokeExplosively(FrameworkMethod.java:52)
	at org.junit.internal.runners.statements.InvokeMethod.evaluate(InvokeMethod.java:17)
	at org.junit.internal.runners.statements.RunBefores.evaluate(RunBefores.java:26)
	at org.junit.internal.runners.statements.RunAfters.evaluate(RunAfters.java:27)
	at org.junit.runners.ParentRunner.runLeaf(ParentRunner.java:325)
	at org.junit.runners.BlockJUnit4ClassRunner.runChild(BlockJUnit4ClassRunner.java:78)
	at com.android.tradefed.testtype.DeviceJUnit4ClassRunner.runChild(DeviceJUnit4ClassRunner.java:117)
	at com.android.tradefed.testtype.DeviceJUnit4ClassRunner.runChild(DeviceJUnit4ClassRunner.java:56)
	at org.junit.runners.ParentRunner$3.run(ParentRunner.java:290)
	at org.junit.runners.ParentRunner$1.schedule(ParentRunner.java:71)
	at org.junit.runners.ParentRunner.runChildren(ParentRunner.java:288)
	at org.junit.runners.ParentRunner.access$000(ParentRunner.java:58)
	at org.junit.runners.ParentRunner$2.evaluate(ParentRunner.java:268)
	at org.junit.runners.ParentRunner.run(ParentRunner.java:363)
	at com.android.tradefed.testtype.DeviceJUnit4ClassRunner.run(DeviceJUnit4ClassRunner.java:131)
	at org.junit.runner.JUnitCore.run(JUnitCore.java:137)
	at com.android.tradefed.testtype.HostTest.runJUnit4Tests(HostTest.java:657)
	at com.android.tradefed.testtype.HostTest.runTestClasses(HostTest.java:563)
	at com.android.tradefed.testtype.HostTest.run(HostTest.java:525)
	at com.android.compatibility.common.tradefed.testtype.JarHostTest.run(JarHostTest.java:53)
	at com.android.tradefed.testtype.suite.GranularRetriableTestWrapper.intraModuleRun(GranularRetriableTestWrapper.java:413)
	at com.android.tradefed.testtype.suite.GranularRetriableTestWrapper.run(GranularRetriableTestWrapper.java:229)
	at com.android.tradefed.testtype.suite.ModuleDefinition.run(ModuleDefinition.java:466)
	at com.android.tradefed.testtype.suite.ITestSuite.runSingleModule(ITestSuite.java:691)
	at com.android.tradefed.testtype.suite.ITestSuite.run(ITestSuite.java:592)
	at com.android.tradefed.invoker.InvocationExecution.runTests(InvocationExecution.java:480)
	at com.android.tradefed.invoker.TestInvocation.prepareAndRun(TestInvocation.java:380)
	at com.android.tradefed.invoker.TestInvocation.performInvocation(TestInvocation.java:230)
	at com.android.tradefed.invoker.TestInvocation.invoke(TestInvocation.java:754)
	at com.android.tradefed.command.CommandScheduler$InvocationThread.run(CommandScheduler.java:591)
</StackTrace>
        </Failure>
      </Test>
      <Test result="ASSUMPTION_FAILURE" name="testAngleInUseDialogBoxWithNative">
        <Failure message="org.junit.AssumptionViolatedException: got: &amp;lt;false&amp;gt;, expected: is &amp;lt;true&amp;gt;">
          <StackTrace>org.junit.AssumptionViolatedException: got: &amp;lt;false&amp;gt;, expected: is &amp;lt;true&amp;gt;
	at org.junit.Assume.assumeThat(Assume.java:95)
	at org.junit.Assume.assumeTrue(Assume.java:41)
	at android.angle.cts.CtsAngleDeveloperOptionHostTest.testAngleInUseDialogBoxWithNative(CtsAngleDeveloperOptionHostTest.java:456)
	at sun.reflect.NativeMethodAccessorImpl.invoke0(Native Method)
	at sun.reflect.NativeMethodAccessorImpl.invoke(NativeMethodAccessorImpl.java:62)
	at sun.reflect.DelegatingMethodAccessorImpl.invoke(DelegatingMethodAccessorImpl.java:43)
	at java.lang.reflect.Method.invoke(Method.java:498)
	at org.junit.runners.model.FrameworkMethod$1.runReflectiveCall(FrameworkMethod.java:50)
	at org.junit.internal.runners.model.ReflectiveCallable.run(ReflectiveCallable.java:12)
	at org.junit.runners.model.FrameworkMethod.invokeExplosively(FrameworkMethod.java:52)
	at org.junit.internal.runners.statements.InvokeMethod.evaluate(InvokeMethod.java:17)
	at org.junit.internal.runners.statements.RunBefores.evaluate(RunBefores.java:26)
	at org.junit.internal.runners.statements.RunAfters.evaluate(RunAfters.java:27)
	at org.junit.runners.ParentRunner.runLeaf(ParentRunner.java:325)
	at org.junit.runners.BlockJUnit4ClassRunner.runChild(BlockJUnit4ClassRunner.java:78)
	at com.android.tradefed.testtype.DeviceJUnit4ClassRunner.runChild(DeviceJUnit4ClassRunner.java:117)
	at com.android.tradefed.testtype.DeviceJUnit4ClassRunner.runChild(DeviceJUnit4ClassRunner.java:56)
	at org.junit.runners.ParentRunner$3.run(ParentRunner.java:290)
	at org.junit.runners.ParentRunner$1.schedule(ParentRunner.java:71)
	at org.junit.runners.ParentRunner.runChildren(ParentRunner.java:288)
	at org.junit.runners.ParentRunner.access$000(ParentRunner.java:58)
	at org.junit.runners.ParentRunner$2.evaluate(ParentRunner.java:268)
	at org.junit.runners.ParentRunner.run(ParentRunner.java:363)
	at com.android.tradefed.testtype.DeviceJUnit4ClassRunner.run(DeviceJUnit4ClassRunner.java:131)
	at org.junit.runner.JUnitCore.run(JUnitCore.java:137)
	at com.android.tradefed.testtype.HostTest.runJUnit4Tests(HostTest.java:657)
	at com.android.tradefed.testtype.HostTest.runTestClasses(HostTest.java:563)
	at com.android.tradefed.testtype.HostTest.run(HostTest.java:525)
	at com.android.compatibility.common.tradefed.testtype.JarHostTest.run(JarHostTest.java:53)
	at com.android.tradefed.testtype.suite.GranularRetriableTestWrapper.intraModuleRun(GranularRetriableTestWrapper.java:413)
	at com.android.tradefed.testtype.suite.GranularRetriableTestWrapper.run(GranularRetriableTestWrapper.java:229)
	at com.android.tradefed.testtype.suite.ModuleDefinition.run(ModuleDefinition.java:466)
	at com.android.tradefed.testtype.suite.ITestSuite.runSingleModule(ITestSuite.java:691)
	at com.android.tradefed.testtype.suite.ITestSuite.run(ITestSuite.java:592)
	at com.android.tradefed.invoker.InvocationExecution.runTests(InvocationExecution.java:480)
	at com.android.tradefed.invoker.TestInvocation.prepareAndRun(TestInvocation.java:380)
	at com.android.tradefed.invoker.TestInvocation.performInvocation(TestInvocation.java:230)
	at com.android.tradefed.invoker.TestInvocation.invoke(TestInvocation.java:754)
	at com.android.tradefed.command.CommandScheduler$InvocationThread.run(CommandScheduler.java:591)
</StackTrace>
        </Failure>
      </Test>
      <Test result="ASSUMPTION_FAILURE" name="testAngleInUseDialogBoxWithAngle">
        <Failure message="org.junit.AssumptionViolatedException: got: &amp;lt;false&amp;gt;, expected: is &amp;lt;true&amp;gt;">
          <StackTrace>org.junit.AssumptionViolatedException: got: &amp;lt;false&amp;gt;, expected: is &amp;lt;true&amp;gt;
	at org.junit.Assume.assumeThat(Assume.java:95)
	at org.junit.Assume.assumeTrue(Assume.java:41)
	at android.angle.cts.CtsAngleDeveloperOptionHostTest.testAngleInUseDialogBoxWithAngle(CtsAngleDeveloperOptionHostTest.java:441)
	at sun.reflect.NativeMethodAccessorImpl.invoke0(Native Method)
	at sun.reflect.NativeMethodAccessorImpl.invoke(NativeMethodAccessorImpl.java:62)
	at sun.reflect.DelegatingMethodAccessorImpl.invoke(DelegatingMethodAccessorImpl.java:43)
	at java.lang.reflect.Method.invoke(Method.java:498)
	at org.junit.runners.model.FrameworkMethod$1.runReflectiveCall(FrameworkMethod.java:50)
	at org.junit.internal.runners.model.ReflectiveCallable.run(ReflectiveCallable.java:12)
	at org.junit.runners.model.FrameworkMethod.invokeExplosively(FrameworkMethod.java:52)
	at org.junit.internal.runners.statements.InvokeMethod.evaluate(InvokeMethod.java:17)
	at org.junit.internal.runners.statements.RunBefores.evaluate(RunBefores.java:26)
	at org.junit.internal.runners.statements.RunAfters.evaluate(RunAfters.java:27)
	at org.junit.runners.ParentRunner.runLeaf(ParentRunner.java:325)
	at org.junit.runners.BlockJUnit4ClassRunner.runChild(BlockJUnit4ClassRunner.java:78)
	at com.android.tradefed.testtype.DeviceJUnit4ClassRunner.runChild(DeviceJUnit4ClassRunner.java:117)
	at com.android.tradefed.testtype.DeviceJUnit4ClassRunner.runChild(DeviceJUnit4ClassRunner.java:56)
	at org.junit.runners.ParentRunner$3.run(ParentRunner.java:290)
	at org.junit.runners.ParentRunner$1.schedule(ParentRunner.java:71)
	at org.junit.runners.ParentRunner.runChildren(ParentRunner.java:288)
	at org.junit.runners.ParentRunner.access$000(ParentRunner.java:58)
	at org.junit.runners.ParentRunner$2.evaluate(ParentRunner.java:268)
	at org.junit.runners.ParentRunner.run(ParentRunner.java:363)
	at com.android.tradefed.testtype.DeviceJUnit4ClassRunner.run(DeviceJUnit4ClassRunner.java:131)
	at org.junit.runner.JUnitCore.run(JUnitCore.java:137)
	at com.android.tradefed.testtype.HostTest.runJUnit4Tests(HostTest.java:657)
	at com.android.tradefed.testtype.HostTest.runTestClasses(HostTest.java:563)
	at com.android.tradefed.testtype.HostTest.run(HostTest.java:525)
	at com.android.compatibility.common.tradefed.testtype.JarHostTest.run(JarHostTest.java:53)
	at com.android.tradefed.testtype.suite.GranularRetriableTestWrapper.intraModuleRun(GranularRetriableTestWrapper.java:413)
	at com.android.tradefed.testtype.suite.GranularRetriableTestWrapper.run(GranularRetriableTestWrapper.java:229)
	at com.android.tradefed.testtype.suite.ModuleDefinition.run(ModuleDefinition.java:466)
	at com.android.tradefed.testtype.suite.ITestSuite.runSingleModule(ITestSuite.java:691)
	at com.android.tradefed.testtype.suite.ITestSuite.run(ITestSuite.java:592)
	at com.android.tradefed.invoker.InvocationExecution.runTests(InvocationExecution.java:480)
	at com.android.tradefed.invoker.TestInvocation.prepareAndRun(TestInvocation.java:380)
	at com.android.tradefed.invoker.TestInvocation.performInvocation(TestInvocation.java:230)
	at com.android.tradefed.invoker.TestInvocation.invoke(TestInvocation.java:754)
	at com.android.tradefed.command.CommandScheduler$InvocationThread.run(CommandScheduler.java:591)
</StackTrace>
        </Failure>
      </Test>
      <Test result="ASSUMPTION_FAILURE" name="testUpdateDriverValues">
        <Failure message="org.junit.AssumptionViolatedException: got: &amp;lt;false&amp;gt;, expected: is &amp;lt;true&amp;gt;">
          <StackTrace>org.junit.AssumptionViolatedException: got: &amp;lt;false&amp;gt;, expected: is &amp;lt;true&amp;gt;
	at org.junit.Assume.assumeThat(Assume.java:95)
	at org.junit.Assume.assumeTrue(Assume.java:41)
	at android.angle.cts.CtsAngleDeveloperOptionHostTest.testUpdateDriverValues(CtsAngleDeveloperOptionHostTest.java:208)
	at sun.reflect.NativeMethodAccessorImpl.invoke0(Native Method)
	at sun.reflect.NativeMethodAccessorImpl.invoke(NativeMethodAccessorImpl.java:62)
	at sun.reflect.DelegatingMethodAccessorImpl.invoke(DelegatingMethodAccessorImpl.java:43)
	at java.lang.reflect.Method.invoke(Method.java:498)
	at org.junit.runners.model.FrameworkMethod$1.runReflectiveCall(FrameworkMethod.java:50)
	at org.junit.internal.runners.model.ReflectiveCallable.run(ReflectiveCallable.java:12)
	at org.junit.runners.model.FrameworkMethod.invokeExplosively(FrameworkMethod.java:52)
	at org.junit.internal.runners.statements.InvokeMethod.evaluate(InvokeMethod.java:17)
	at org.junit.internal.runners.statements.RunBefores.evaluate(RunBefores.java:26)
	at org.junit.internal.runners.statements.RunAfters.evaluate(RunAfters.java:27)
	at org.junit.runners.ParentRunner.runLeaf(ParentRunner.java:325)
	at org.junit.runners.BlockJUnit4ClassRunner.runChild(BlockJUnit4ClassRunner.java:78)
	at com.android.tradefed.testtype.DeviceJUnit4ClassRunner.runChild(DeviceJUnit4ClassRunner.java:117)
	at com.android.tradefed.testtype.DeviceJUnit4ClassRunner.runChild(DeviceJUnit4ClassRunner.java:56)
	at org.junit.runners.ParentRunner$3.run(ParentRunner.java:290)
	at org.junit.runners.ParentRunner$1.schedule(ParentRunner.java:71)
	at org.junit.runners.ParentRunner.runChildren(ParentRunner.java:288)
	at org.junit.runners.ParentRunner.access$000(ParentRunner.java:58)
	at org.junit.runners.ParentRunner$2.evaluate(ParentRunner.java:268)
	at org.junit.runners.ParentRunner.run(ParentRunner.java:363)
	at com.android.tradefed.testtype.DeviceJUnit4ClassRunner.run(DeviceJUnit4ClassRunner.java:131)
	at org.junit.runner.JUnitCore.run(JUnitCore.java:137)
	at com.android.tradefed.testtype.HostTest.runJUnit4Tests(HostTest.java:657)
	at com.android.tradefed.testtype.HostTest.runTestClasses(HostTest.java:563)
	at com.android.tradefed.testtype.HostTest.run(HostTest.java:525)
	at com.android.compatibility.common.tradefed.testtype.JarHostTest.run(JarHostTest.java:53)
	at com.android.tradefed.testtype.suite.GranularRetriableTestWrapper.intraModuleRun(GranularRetriableTestWrapper.java:413)
	at com.android.tradefed.testtype.suite.GranularRetriableTestWrapper.run(GranularRetriableTestWrapper.java:229)
	at com.android.tradefed.testtype.suite.ModuleDefinition.run(ModuleDefinition.java:466)
	at com.android.tradefed.testtype.suite.ITestSuite.runSingleModule(ITestSuite.java:691)
	at com.android.tradefed.testtype.suite.ITestSuite.run(ITestSuite.java:592)
	at com.android.tradefed.invoker.InvocationExecution.runTests(InvocationExecution.java:480)
	at com.android.tradefed.invoker.TestInvocation.prepareAndRun(TestInvocation.java:380)
	at com.android.tradefed.invoker.TestInvocation.performInvocation(TestInvocation.java:230)
	at com.android.tradefed.invoker.TestInvocation.invoke(TestInvocation.java:754)
	at com.android.tradefed.command.CommandScheduler$InvocationThread.run(CommandScheduler.java:591)
</StackTrace>
        </Failure>
      </Test>
      <Test result="ASSUMPTION_FAILURE" name="testMultipleUpdateDriverValues">
        <Failure message="org.junit.AssumptionViolatedException: got: &amp;lt;false&amp;gt;, expected: is &amp;lt;true&amp;gt;">
          <StackTrace>org.junit.AssumptionViolatedException: got: &amp;lt;false&amp;gt;, expected: is &amp;lt;true&amp;gt;
	at org.junit.Assume.assumeThat(Assume.java:95)
	at org.junit.Assume.assumeTrue(Assume.java:41)
	at android.angle.cts.CtsAngleDeveloperOptionHostTest.testMultipleUpdateDriverValues(CtsAngleDeveloperOptionHostTest.java:254)
	at sun.reflect.NativeMethodAccessorImpl.invoke0(Native Method)
	at sun.reflect.NativeMethodAccessorImpl.invoke(NativeMethodAccessorImpl.java:62)
	at sun.reflect.DelegatingMethodAccessorImpl.invoke(DelegatingMethodAccessorImpl.java:43)
	at java.lang.reflect.Method.invoke(Method.java:498)
	at org.junit.runners.model.FrameworkMethod$1.runReflectiveCall(FrameworkMethod.java:50)
	at org.junit.internal.runners.model.ReflectiveCallable.run(ReflectiveCallable.java:12)
	at org.junit.runners.model.FrameworkMethod.invokeExplosively(FrameworkMethod.java:52)
	at org.junit.internal.runners.statements.InvokeMethod.evaluate(InvokeMethod.java:17)
	at org.junit.internal.runners.statements.RunBefores.evaluate(RunBefores.java:26)
	at org.junit.internal.runners.statements.RunAfters.evaluate(RunAfters.java:27)
	at org.junit.runners.ParentRunner.runLeaf(ParentRunner.java:325)
	at org.junit.runners.BlockJUnit4ClassRunner.runChild(BlockJUnit4ClassRunner.java:78)
	at com.android.tradefed.testtype.DeviceJUnit4ClassRunner.runChild(DeviceJUnit4ClassRunner.java:117)
	at com.android.tradefed.testtype.DeviceJUnit4ClassRunner.runChild(DeviceJUnit4ClassRunner.java:56)
	at org.junit.runners.ParentRunner$3.run(ParentRunner.java:290)
	at org.junit.runners.ParentRunner$1.schedule(ParentRunner.java:71)
	at org.junit.runners.ParentRunner.runChildren(ParentRunner.java:288)
	at org.junit.runners.ParentRunner.access$000(ParentRunner.java:58)
	at org.junit.runners.ParentRunner$2.evaluate(ParentRunner.java:268)
	at org.junit.runners.ParentRunner.run(ParentRunner.java:363)
	at com.android.tradefed.testtype.DeviceJUnit4ClassRunner.run(DeviceJUnit4ClassRunner.java:131)
	at org.junit.runner.JUnitCore.run(JUnitCore.java:137)
	at com.android.tradefed.testtype.HostTest.runJUnit4Tests(HostTest.java:657)
	at com.android.tradefed.testtype.HostTest.runTestClasses(HostTest.java:563)
	at com.android.tradefed.testtype.HostTest.run(HostTest.java:525)
	at com.android.compatibility.common.tradefed.testtype.JarHostTest.run(JarHostTest.java:53)
	at com.android.tradefed.testtype.suite.GranularRetriableTestWrapper.intraModuleRun(GranularRetriableTestWrapper.java:413)
	at com.android.tradefed.testtype.suite.GranularRetriableTestWrapper.run(GranularRetriableTestWrapper.java:229)
	at com.android.tradefed.testtype.suite.ModuleDefinition.run(ModuleDefinition.java:466)
	at com.android.tradefed.testtype.suite.ITestSuite.runSingleModule(ITestSuite.java:691)
	at com.android.tradefed.testtype.suite.ITestSuite.run(ITestSuite.java:592)
	at com.android.tradefed.invoker.InvocationExecution.runTests(InvocationExecution.java:480)
	at com.android.tradefed.invoker.TestInvocation.prepareAndRun(TestInvocation.java:380)
	at com.android.tradefed.invoker.TestInvocation.performInvocation(TestInvocation.java:230)
	at com.android.tradefed.invoker.TestInvocation.invoke(TestInvocation.java:754)
	at com.android.tradefed.command.CommandScheduler$InvocationThread.run(CommandScheduler.java:591)
</StackTrace>
        </Failure>
      </Test>
      <Test result="ASSUMPTION_FAILURE" name="testMultipleDevOptionsAngleNativeUninstall">
        <Failure message="org.junit.AssumptionViolatedException: got: &amp;lt;false&amp;gt;, expected: is &amp;lt;true&amp;gt;">
          <StackTrace>org.junit.AssumptionViolatedException: got: &amp;lt;false&amp;gt;, expected: is &amp;lt;true&amp;gt;
	at org.junit.Assume.assumeThat(Assume.java:95)
	at org.junit.Assume.assumeTrue(Assume.java:41)
	at android.angle.cts.CtsAngleDeveloperOptionHostTest.testMultipleDevOptionsAngleNativeUninstall(CtsAngleDeveloperOptionHostTest.java:409)
	at sun.reflect.NativeMethodAccessorImpl.invoke0(Native Method)
	at sun.reflect.NativeMethodAccessorImpl.invoke(NativeMethodAccessorImpl.java:62)
	at sun.reflect.DelegatingMethodAccessorImpl.invoke(DelegatingMethodAccessorImpl.java:43)
	at java.lang.reflect.Method.invoke(Method.java:498)
	at org.junit.runners.model.FrameworkMethod$1.runReflectiveCall(FrameworkMethod.java:50)
	at org.junit.internal.runners.model.ReflectiveCallable.run(ReflectiveCallable.java:12)
	at org.junit.runners.model.FrameworkMethod.invokeExplosively(FrameworkMethod.java:52)
	at org.junit.internal.runners.statements.InvokeMethod.evaluate(InvokeMethod.java:17)
	at org.junit.internal.runners.statements.RunBefores.evaluate(RunBefores.java:26)
	at org.junit.internal.runners.statements.RunAfters.evaluate(RunAfters.java:27)
	at org.junit.runners.ParentRunner.runLeaf(ParentRunner.java:325)
	at org.junit.runners.BlockJUnit4ClassRunner.runChild(BlockJUnit4ClassRunner.java:78)
	at com.android.tradefed.testtype.DeviceJUnit4ClassRunner.runChild(DeviceJUnit4ClassRunner.java:117)
	at com.android.tradefed.testtype.DeviceJUnit4ClassRunner.runChild(DeviceJUnit4ClassRunner.java:56)
	at org.junit.runners.ParentRunner$3.run(ParentRunner.java:290)
	at org.junit.runners.ParentRunner$1.schedule(ParentRunner.java:71)
	at org.junit.runners.ParentRunner.runChildren(ParentRunner.java:288)
	at org.junit.runners.ParentRunner.access$000(ParentRunner.java:58)
	at org.junit.runners.ParentRunner$2.evaluate(ParentRunner.java:268)
	at org.junit.runners.ParentRunner.run(ParentRunner.java:363)
	at com.android.tradefed.testtype.DeviceJUnit4ClassRunner.run(DeviceJUnit4ClassRunner.java:131)
	at org.junit.runner.JUnitCore.run(JUnitCore.java:137)
	at com.android.tradefed.testtype.HostTest.runJUnit4Tests(HostTest.java:657)
	at com.android.tradefed.testtype.HostTest.runTestClasses(HostTest.java:563)
	at com.android.tradefed.testtype.HostTest.run(HostTest.java:525)
	at com.android.compatibility.common.tradefed.testtype.JarHostTest.run(JarHostTest.java:53)
	at com.android.tradefed.testtype.suite.GranularRetriableTestWrapper.intraModuleRun(GranularRetriableTestWrapper.java:413)
	at com.android.tradefed.testtype.suite.GranularRetriableTestWrapper.run(GranularRetriableTestWrapper.java:229)
	at com.android.tradefed.testtype.suite.ModuleDefinition.run(ModuleDefinition.java:466)
	at com.android.tradefed.testtype.suite.ITestSuite.runSingleModule(ITestSuite.java:691)
	at com.android.tradefed.testtype.suite.ITestSuite.run(ITestSuite.java:592)
	at com.android.tradefed.invoker.InvocationExecution.runTests(InvocationExecution.java:480)
	at com.android.tradefed.invoker.TestInvocation.prepareAndRun(TestInvocation.java:380)
	at com.android.tradefed.invoker.TestInvocation.performInvocation(TestInvocation.java:230)
	at com.android.tradefed.invoker.TestInvocation.invoke(TestInvocation.java:754)
	at com.android.tradefed.command.CommandScheduler$InvocationThread.run(CommandScheduler.java:591)
</StackTrace>
        </Failure>
      </Test>
      <Test result="ASSUMPTION_FAILURE" name="testMultipleDevOptionsAngleDefault">
        <Failure message="org.junit.AssumptionViolatedException: got: &amp;lt;false&amp;gt;, expected: is &amp;lt;true&amp;gt;">
          <StackTrace>org.junit.AssumptionViolatedException: got: &amp;lt;false&amp;gt;, expected: is &amp;lt;true&amp;gt;
	at org.junit.Assume.assumeThat(Assume.java:95)
	at org.junit.Assume.assumeTrue(Assume.java:41)
	at android.angle.cts.CtsAngleDeveloperOptionHostTest.testMultipleDevOptionsAngleDefault(CtsAngleDeveloperOptionHostTest.java:377)
	at sun.reflect.NativeMethodAccessorImpl.invoke0(Native Method)
	at sun.reflect.NativeMethodAccessorImpl.invoke(NativeMethodAccessorImpl.java:62)
	at sun.reflect.DelegatingMethodAccessorImpl.invoke(DelegatingMethodAccessorImpl.java:43)
	at java.lang.reflect.Method.invoke(Method.java:498)
	at org.junit.runners.model.FrameworkMethod$1.runReflectiveCall(FrameworkMethod.java:50)
	at org.junit.internal.runners.model.ReflectiveCallable.run(ReflectiveCallable.java:12)
	at org.junit.runners.model.FrameworkMethod.invokeExplosively(FrameworkMethod.java:52)
	at org.junit.internal.runners.statements.InvokeMethod.evaluate(InvokeMethod.java:17)
	at org.junit.internal.runners.statements.RunBefores.evaluate(RunBefores.java:26)
	at org.junit.internal.runners.statements.RunAfters.evaluate(RunAfters.java:27)
	at org.junit.runners.ParentRunner.runLeaf(ParentRunner.java:325)
	at org.junit.runners.BlockJUnit4ClassRunner.runChild(BlockJUnit4ClassRunner.java:78)
	at com.android.tradefed.testtype.DeviceJUnit4ClassRunner.runChild(DeviceJUnit4ClassRunner.java:117)
	at com.android.tradefed.testtype.DeviceJUnit4ClassRunner.runChild(DeviceJUnit4ClassRunner.java:56)
	at org.junit.runners.ParentRunner$3.run(ParentRunner.java:290)
	at org.junit.runners.ParentRunner$1.schedule(ParentRunner.java:71)
	at org.junit.runners.ParentRunner.runChildren(ParentRunner.java:288)
	at org.junit.runners.ParentRunner.access$000(ParentRunner.java:58)
	at org.junit.runners.ParentRunner$2.evaluate(ParentRunner.java:268)
	at org.junit.runners.ParentRunner.run(ParentRunner.java:363)
	at com.android.tradefed.testtype.DeviceJUnit4ClassRunner.run(DeviceJUnit4ClassRunner.java:131)
	at org.junit.runner.JUnitCore.run(JUnitCore.java:137)
	at com.android.tradefed.testtype.HostTest.runJUnit4Tests(HostTest.java:657)
	at com.android.tradefed.testtype.HostTest.runTestClasses(HostTest.java:563)
	at com.android.tradefed.testtype.HostTest.run(HostTest.java:525)
	at com.android.compatibility.common.tradefed.testtype.JarHostTest.run(JarHostTest.java:53)
	at com.android.tradefed.testtype.suite.GranularRetriableTestWrapper.intraModuleRun(GranularRetriableTestWrapper.java:413)
	at com.android.tradefed.testtype.suite.GranularRetriableTestWrapper.run(GranularRetriableTestWrapper.java:229)
	at com.android.tradefed.testtype.suite.ModuleDefinition.run(ModuleDefinition.java:466)
	at com.android.tradefed.testtype.suite.ITestSuite.runSingleModule(ITestSuite.java:691)
	at com.android.tradefed.testtype.suite.ITestSuite.run(ITestSuite.java:592)
	at com.android.tradefed.invoker.InvocationExecution.runTests(InvocationExecution.java:480)
	at com.android.tradefed.invoker.TestInvocation.prepareAndRun(TestInvocation.java:380)
	at com.android.tradefed.invoker.TestInvocation.performInvocation(TestInvocation.java:230)
	at com.android.tradefed.invoker.TestInvocation.invoke(TestInvocation.java:754)
	at com.android.tradefed.command.CommandScheduler$InvocationThread.run(CommandScheduler.java:591)
</StackTrace>
        </Failure>
      </Test>
    </TestCase>
    <TestCase name="android.angle.cts.CtsAngleRulesFileTest">
      <Test result="ASSUMPTION_FAILURE" name="testEmptyRulesFile">
        <Failure message="org.junit.AssumptionViolatedException: got: &amp;lt;false&amp;gt;, expected: is &amp;lt;true&amp;gt;">
          <StackTrace>org.junit.AssumptionViolatedException: got: &amp;lt;false&amp;gt;, expected: is &amp;lt;true&amp;gt;
	at org.junit.Assume.assumeThat(Assume.java:95)
	at org.junit.Assume.assumeTrue(Assume.java:41)
	at android.angle.cts.CtsAngleRulesFileTest.testEmptyRulesFile(CtsAngleRulesFileTest.java:89)
	at sun.reflect.NativeMethodAccessorImpl.invoke0(Native Method)
	at sun.reflect.NativeMethodAccessorImpl.invoke(NativeMethodAccessorImpl.java:62)
	at sun.reflect.DelegatingMethodAccessorImpl.invoke(DelegatingMethodAccessorImpl.java:43)
	at java.lang.reflect.Method.invoke(Method.java:498)
	at org.junit.runners.model.FrameworkMethod$1.runReflectiveCall(FrameworkMethod.java:50)
	at org.junit.internal.runners.model.ReflectiveCallable.run(ReflectiveCallable.java:12)
	at org.junit.runners.model.FrameworkMethod.invokeExplosively(FrameworkMethod.java:52)
	at org.junit.internal.runners.statements.InvokeMethod.evaluate(InvokeMethod.java:17)
	at org.junit.internal.runners.statements.RunBefores.evaluate(RunBefores.java:26)
	at org.junit.internal.runners.statements.RunAfters.evaluate(RunAfters.java:27)
	at org.junit.runners.ParentRunner.runLeaf(ParentRunner.java:325)
	at org.junit.runners.BlockJUnit4ClassRunner.runChild(BlockJUnit4ClassRunner.java:78)
	at com.android.tradefed.testtype.DeviceJUnit4ClassRunner.runChild(DeviceJUnit4ClassRunner.java:117)
	at com.android.tradefed.testtype.DeviceJUnit4ClassRunner.runChild(DeviceJUnit4ClassRunner.java:56)
	at org.junit.runners.ParentRunner$3.run(ParentRunner.java:290)
	at org.junit.runners.ParentRunner$1.schedule(ParentRunner.java:71)
	at org.junit.runners.ParentRunner.runChildren(ParentRunner.java:288)
	at org.junit.runners.ParentRunner.access$000(ParentRunner.java:58)
	at org.junit.runners.ParentRunner$2.evaluate(ParentRunner.java:268)
	at org.junit.runners.ParentRunner.run(ParentRunner.java:363)
	at com.android.tradefed.testtype.DeviceJUnit4ClassRunner.run(DeviceJUnit4ClassRunner.java:131)
	at org.junit.runner.JUnitCore.run(JUnitCore.java:137)
	at com.android.tradefed.testtype.HostTest.runJUnit4Tests(HostTest.java:657)
	at com.android.tradefed.testtype.HostTest.runTestClasses(HostTest.java:563)
	at com.android.tradefed.testtype.HostTest.run(HostTest.java:525)
	at com.android.compatibility.common.tradefed.testtype.JarHostTest.run(JarHostTest.java:53)
	at com.android.tradefed.testtype.suite.GranularRetriableTestWrapper.intraModuleRun(GranularRetriableTestWrapper.java:413)
	at com.android.tradefed.testtype.suite.GranularRetriableTestWrapper.run(GranularRetriableTestWrapper.java:229)
	at com.android.tradefed.testtype.suite.ModuleDefinition.run(ModuleDefinition.java:466)
	at com.android.tradefed.testtype.suite.ITestSuite.runSingleModule(ITestSuite.java:691)
	at com.android.tradefed.testtype.suite.ITestSuite.run(ITestSuite.java:592)
	at com.android.tradefed.invoker.InvocationExecution.runTests(InvocationExecution.java:480)
	at com.android.tradefed.invoker.TestInvocation.prepareAndRun(TestInvocation.java:380)
	at com.android.tradefed.invoker.TestInvocation.performInvocation(TestInvocation.java:230)
	at com.android.tradefed.invoker.TestInvocation.invoke(TestInvocation.java:754)
	at com.android.tradefed.command.CommandScheduler$InvocationThread.run(CommandScheduler.java:591)
</StackTrace>
        </Failure>
      </Test>
      <Test result="ASSUMPTION_FAILURE" name="testEnableAngleRulesFile">
        <Failure message="org.junit.AssumptionViolatedException: got: &amp;lt;false&amp;gt;, expected: is &amp;lt;true&amp;gt;">
          <StackTrace>org.junit.AssumptionViolatedException: got: &amp;lt;false&amp;gt;, expected: is &amp;lt;true&amp;gt;
	at org.junit.Assume.assumeThat(Assume.java:95)
	at org.junit.Assume.assumeTrue(Assume.java:41)
	at android.angle.cts.CtsAngleRulesFileTest.testEnableAngleRulesFile(CtsAngleRulesFileTest.java:105)
	at sun.reflect.NativeMethodAccessorImpl.invoke0(Native Method)
	at sun.reflect.NativeMethodAccessorImpl.invoke(NativeMethodAccessorImpl.java:62)
	at sun.reflect.DelegatingMethodAccessorImpl.invoke(DelegatingMethodAccessorImpl.java:43)
	at java.lang.reflect.Method.invoke(Method.java:498)
	at org.junit.runners.model.FrameworkMethod$1.runReflectiveCall(FrameworkMethod.java:50)
	at org.junit.internal.runners.model.ReflectiveCallable.run(ReflectiveCallable.java:12)
	at org.junit.runners.model.FrameworkMethod.invokeExplosively(FrameworkMethod.java:52)
	at org.junit.internal.runners.statements.InvokeMethod.evaluate(InvokeMethod.java:17)
	at org.junit.internal.runners.statements.RunBefores.evaluate(RunBefores.java:26)
	at org.junit.internal.runners.statements.RunAfters.evaluate(RunAfters.java:27)
	at org.junit.runners.ParentRunner.runLeaf(ParentRunner.java:325)
	at org.junit.runners.BlockJUnit4ClassRunner.runChild(BlockJUnit4ClassRunner.java:78)
	at com.android.tradefed.testtype.DeviceJUnit4ClassRunner.runChild(DeviceJUnit4ClassRunner.java:117)
	at com.android.tradefed.testtype.DeviceJUnit4ClassRunner.runChild(DeviceJUnit4ClassRunner.java:56)
	at org.junit.runners.ParentRunner$3.run(ParentRunner.java:290)
	at org.junit.runners.ParentRunner$1.schedule(ParentRunner.java:71)
	at org.junit.runners.ParentRunner.runChildren(ParentRunner.java:288)
	at org.junit.runners.ParentRunner.access$000(ParentRunner.java:58)
	at org.junit.runners.ParentRunner$2.evaluate(ParentRunner.java:268)
	at org.junit.runners.ParentRunner.run(ParentRunner.java:363)
	at com.android.tradefed.testtype.DeviceJUnit4ClassRunner.run(DeviceJUnit4ClassRunner.java:131)
	at org.junit.runner.JUnitCore.run(JUnitCore.java:137)
	at com.android.tradefed.testtype.HostTest.runJUnit4Tests(HostTest.java:657)
	at com.android.tradefed.testtype.HostTest.runTestClasses(HostTest.java:563)
	at com.android.tradefed.testtype.HostTest.run(HostTest.java:525)
	at com.android.compatibility.common.tradefed.testtype.JarHostTest.run(JarHostTest.java:53)
	at com.android.tradefed.testtype.suite.GranularRetriableTestWrapper.intraModuleRun(GranularRetriableTestWrapper.java:413)
	at com.android.tradefed.testtype.suite.GranularRetriableTestWrapper.run(GranularRetriableTestWrapper.java:229)
	at com.android.tradefed.testtype.suite.ModuleDefinition.run(ModuleDefinition.java:466)
	at com.android.tradefed.testtype.suite.ITestSuite.runSingleModule(ITestSuite.java:691)
	at com.android.tradefed.testtype.suite.ITestSuite.run(ITestSuite.java:592)
	at com.android.tradefed.invoker.InvocationExecution.runTests(InvocationExecution.java:480)
	at com.android.tradefed.invoker.TestInvocation.prepareAndRun(TestInvocation.java:380)
	at com.android.tradefed.invoker.TestInvocation.performInvocation(TestInvocation.java:230)
	at com.android.tradefed.invoker.TestInvocation.invoke(TestInvocation.java:754)
	at com.android.tradefed.command.CommandScheduler$InvocationThread.run(CommandScheduler.java:591)
</StackTrace>
        </Failure>
      </Test>
    </TestCase>
  </Module>
  <Module name="CtsAnimationTestCases" abi="arm64-v8a" runtime="120713" done="true" pass="134" total_tests="145">
    <TestCase name="android.animation.cts.AnimatorListenerAdapterTest">
      <Test result="pass" name="testNullOk" />
    </TestCase>
    <TestCase name="android.animation.cts.AnimatorSetTest">
      <Test result="fail" name="testMultipleAnimatorsPlayTogether">
        <Failure message="java.lang.IllegalArgumentException: dexcache == null (and no default could be found; consider setting the 'dexmaker.dexcache' system property)&#13;">
          <StackTrace>java.lang.IllegalArgumentException: dexcache == null (and no default could be found; consider setting the 'dexmaker.dexcache' system property)
	at com.android.dx.DexMaker.generateAndLoad(DexMaker.java:508)
	at com.android.dx.stock.ProxyBuilder.buildProxyClass(ProxyBuilder.java:337)
	at com.android.dx.mockito.DexmakerMockMaker.createMock(DexmakerMockMaker.java:114)
	at org.mockito.internal.util.MockUtil.createMock(MockUtil.java:35)
	at org.mockito.internal.MockitoCore.mock(MockitoCore.java:69)
	at org.mockito.Mockito.mock(Mockito.java:1895)
	at org.mockito.Mockito.mock(Mockito.java:1804)
	at android.animation.cts.AnimatorSetTest.testMultipleAnimatorsPlayTogether(AnimatorSetTest.java:581)
	at java.lang.reflect.Method.invoke(Native Method)
	at org.junit.runners.model.FrameworkMethod$1.runReflectiveCall(FrameworkMethod.java:50)
	at org.junit.internal.runners.model.ReflectiveCallable.run(ReflectiveCallable.java:12)
	at org.junit.runners.model.FrameworkMethod.invokeExplosively(FrameworkMethod.java:52)
	at org.junit.internal.runners.statements.InvokeMethod.evaluate(InvokeMethod.java:17)
	at org.junit.internal.runners.statements.FailOnTimeout$CallableStatement.call(FailOnTimeout.java:148)
	at org.junit.internal.runners.statements.FailOnTimeout$CallableStatement.call(FailOnTimeout.java:142)
	at java.util.concurrent.FutureTask.run(FutureTask.java:266)
	at java.lang.Thread.run(Thread.java:923)
</StackTrace>
        </Failure>
      </Test>
      <Test result="pass" name="testPlayBeforeAfter" />
      <Test result="pass" name="testDuration" />
      <Test result="pass" name="testClone" />
      <Test result="fail" name="testReverseWithStartDelay">
        <Failure message="java.lang.IllegalArgumentException: dexcache == null (and no default could be found; consider setting the 'dexmaker.dexcache' system property)&#13;">
          <StackTrace>java.lang.IllegalArgumentException: dexcache == null (and no default could be found; consider setting the 'dexmaker.dexcache' system property)
	at com.android.dx.DexMaker.generateAndLoad(DexMaker.java:508)
	at com.android.dx.stock.ProxyBuilder.buildProxyClass(ProxyBuilder.java:337)
	at com.android.dx.mockito.DexmakerMockMaker.createMock(DexmakerMockMaker.java:114)
	at org.mockito.internal.util.MockUtil.createMock(MockUtil.java:35)
	at org.mockito.internal.MockitoCore.mock(MockitoCore.java:69)
	at org.mockito.Mockito.mock(Mockito.java:1895)
	at org.mockito.Mockito.mock(Mockito.java:1804)
	at android.animation.cts.AnimatorSetTest.testReverseWithStartDelay(AnimatorSetTest.java:435)
	at java.lang.reflect.Method.invoke(Native Method)
	at org.junit.runners.model.FrameworkMethod$1.runReflectiveCall(FrameworkMethod.java:50)
	at org.junit.internal.runners.model.ReflectiveCallable.run(ReflectiveCallable.java:12)
	at org.junit.runners.model.FrameworkMethod.invokeExplosively(FrameworkMethod.java:52)
	at org.junit.internal.runners.statements.InvokeMethod.evaluate(InvokeMethod.java:17)
	at org.junit.internal.runners.statements.FailOnTimeout$CallableStatement.call(FailOnTimeout.java:148)
	at org.junit.internal.runners.statements.FailOnTimeout$CallableStatement.call(FailOnTimeout.java:142)
	at java.util.concurrent.FutureTask.run(FutureTask.java:266)
	at java.lang.Thread.run(Thread.java:923)
</StackTrace>
        </Failure>
      </Test>
      <Test result="pass" name="testGetChildAnimations" />
      <Test result="pass" name="testPlayTogether" />
      <Test result="pass" name="testPlaySequentially" />
      <Test result="pass" name="testPauseBeforeStart" />
      <Test result="fail" name="testManipulateChildOutsideOfSet">
        <Failure message="java.lang.IllegalArgumentException: dexcache == null (and no default could be found; consider setting the 'dexmaker.dexcache' system property)&#13;">
          <StackTrace>java.lang.IllegalArgumentException: dexcache == null (and no default could be found; consider setting the 'dexmaker.dexcache' system property)
	at com.android.dx.DexMaker.generateAndLoad(DexMaker.java:508)
	at com.android.dx.stock.ProxyBuilder.buildProxyClass(ProxyBuilder.java:337)
	at com.android.dx.mockito.DexmakerMockMaker.createMock(DexmakerMockMaker.java:114)
	at org.mockito.internal.util.MockUtil.createMock(MockUtil.java:35)
	at org.mockito.internal.MockitoCore.mock(MockitoCore.java:69)
	at org.mockito.Mockito.mock(Mockito.java:1895)
	at org.mockito.Mockito.mock(Mockito.java:1804)
	at android.animation.cts.AnimatorSetTest.testManipulateChildOutsideOfSet(AnimatorSetTest.java:920)
	at java.lang.reflect.Method.invoke(Native Method)
	at org.junit.runners.model.FrameworkMethod$1.runReflectiveCall(FrameworkMethod.java:50)
	at org.junit.internal.runners.model.ReflectiveCallable.run(ReflectiveCallable.java:12)
	at org.junit.runners.model.FrameworkMethod.invokeExplosively(FrameworkMethod.java:52)
	at org.junit.internal.runners.statements.InvokeMethod.evaluate(InvokeMethod.java:17)
	at org.junit.internal.runners.statements.FailOnTimeout$CallableStatement.call(FailOnTimeout.java:148)
	at org.junit.internal.runners.statements.FailOnTimeout$CallableStatement.call(FailOnTimeout.java:142)
	at java.util.concurrent.FutureTask.run(FutureTask.java:266)
	at java.lang.Thread.run(Thread.java:923)
</StackTrace>
        </Failure>
      </Test>
      <Test result="pass" name="testSetInterpolator" />
      <Test result="fail" name="testZeroDurationScale">
        <Failure message="java.lang.IllegalArgumentException: dexcache == null (and no default could be found; consider setting the 'dexmaker.dexcache' system property)&#13;">
          <StackTrace>java.lang.IllegalArgumentException: dexcache == null (and no default could be found; consider setting the 'dexmaker.dexcache' system property)
	at com.android.dx.DexMaker.generateAndLoad(DexMaker.java:508)
	at com.android.dx.stock.ProxyBuilder.buildProxyClass(ProxyBuilder.java:337)
	at com.android.dx.mockito.DexmakerMockMaker.createMock(DexmakerMockMaker.java:114)
	at org.mockito.internal.util.MockUtil.createMock(MockUtil.java:35)
	at org.mockito.internal.MockitoCore.mock(MockitoCore.java:69)
	at org.mockito.Mockito.mock(Mockito.java:1895)
	at org.mockito.Mockito.mock(Mockito.java:1804)
	at android.animation.cts.AnimatorSetTest.testZeroDurationScale(AnimatorSetTest.java:486)
	at java.lang.reflect.Method.invoke(Native Method)
	at org.junit.runners.model.FrameworkMethod$1.runReflectiveCall(FrameworkMethod.java:50)
	at org.junit.internal.runners.model.ReflectiveCallable.run(ReflectiveCallable.java:12)
	at org.junit.runners.model.FrameworkMethod.invokeExplosively(FrameworkMethod.java:52)
	at org.junit.internal.runners.statements.InvokeMethod.evaluate(InvokeMethod.java:17)
	at org.junit.internal.runners.statements.FailOnTimeout$CallableStatement.call(FailOnTimeout.java:148)
	at org.junit.internal.runners.statements.FailOnTimeout$CallableStatement.call(FailOnTimeout.java:142)
	at java.util.concurrent.FutureTask.run(FutureTask.java:266)
	at java.lang.Thread.run(Thread.java:923)
</StackTrace>
        </Failure>
      </Test>
      <Test result="pass" name="testNotifiesAfterEnd" />
      <Test result="pass" name="testPauseAndResume" />
      <Test result="pass" name="testListenerCallbackOnEmptySet" />
      <Test result="pass" name="testSeekAfterPause" />
      <Test result="fail" name="testSeeking">
        <Failure message="java.lang.IllegalArgumentException: dexcache == null (and no default could be found; consider setting the 'dexmaker.dexcache' system property)&#13;">
          <StackTrace>java.lang.IllegalArgumentException: dexcache == null (and no default could be found; consider setting the 'dexmaker.dexcache' system property)
	at com.android.dx.DexMaker.generateAndLoad(DexMaker.java:508)
	at com.android.dx.stock.ProxyBuilder.buildProxyClass(ProxyBuilder.java:337)
	at com.android.dx.mockito.DexmakerMockMaker.createMock(DexmakerMockMaker.java:114)
	at org.mockito.internal.util.MockUtil.createMock(MockUtil.java:35)
	at org.mockito.internal.MockitoCore.mock(MockitoCore.java:69)
	at org.mockito.Mockito.mock(Mockito.java:1895)
	at org.mockito.Mockito.mock(Mockito.java:1804)
	at android.animation.cts.AnimatorSetTest.testSeeking(AnimatorSetTest.java:761)
	at java.lang.reflect.Method.invoke(Native Method)
	at org.junit.runners.model.FrameworkMethod$1.runReflectiveCall(FrameworkMethod.java:50)
	at org.junit.internal.runners.model.ReflectiveCallable.run(ReflectiveCallable.java:12)
	at org.junit.runners.model.FrameworkMethod.invokeExplosively(FrameworkMethod.java:52)
	at org.junit.internal.runners.statements.InvokeMethod.evaluate(InvokeMethod.java:17)
	at org.junit.internal.runners.statements.FailOnTimeout$CallableStatement.call(FailOnTimeout.java:148)
	at org.junit.internal.runners.statements.FailOnTimeout$CallableStatement.call(FailOnTimeout.java:142)
	at java.util.concurrent.FutureTask.run(FutureTask.java:266)
	at java.lang.Thread.run(Thread.java:923)
</StackTrace>
        </Failure>
      </Test>
      <Test result="pass" name="testInfiniteStartTime" />
      <Test result="pass" name="testChildAnimatorStartCalled" />
      <Test result="fail" name="testGetCurrentPlayTime">
        <Failure message="java.lang.IllegalArgumentException: dexcache == null (and no default could be found; consider setting the 'dexmaker.dexcache' system property)&#13;">
          <StackTrace>java.lang.IllegalArgumentException: dexcache == null (and no default could be found; consider setting the 'dexmaker.dexcache' system property)
	at com.android.dx.DexMaker.generateAndLoad(DexMaker.java:508)
	at com.android.dx.stock.ProxyBuilder.buildProxyClass(ProxyBuilder.java:337)
	at com.android.dx.mockito.DexmakerMockMaker.createMock(DexmakerMockMaker.java:114)
	at org.mockito.internal.util.MockUtil.createMock(MockUtil.java:35)
	at org.mockito.internal.MockitoCore.mock(MockitoCore.java:69)
	at org.mockito.Mockito.mock(Mockito.java:1895)
	at org.mockito.Mockito.mock(Mockito.java:1804)
	at android.animation.cts.AnimatorSetTest.testGetCurrentPlayTime(AnimatorSetTest.java:846)
	at java.lang.reflect.Method.invoke(Native Method)
	at org.junit.runners.model.FrameworkMethod$1.runReflectiveCall(FrameworkMethod.java:50)
	at org.junit.internal.runners.model.ReflectiveCallable.run(ReflectiveCallable.java:12)
	at org.junit.runners.model.FrameworkMethod.invokeExplosively(FrameworkMethod.java:52)
	at org.junit.internal.runners.statements.InvokeMethod.evaluate(InvokeMethod.java:17)
	at org.junit.internal.runners.statements.FailOnTimeout$CallableStatement.call(FailOnTimeout.java:148)
	at org.junit.internal.runners.statements.FailOnTimeout$CallableStatement.call(FailOnTimeout.java:142)
	at java.util.concurrent.FutureTask.run(FutureTask.java:266)
	at java.lang.Thread.run(Thread.java:923)
</StackTrace>
        </Failure>
      </Test>
      <Test result="pass" name="testStartDelay" />
      <Test result="fail" name="testDurationScale">
        <Failure message="java.lang.IllegalArgumentException: dexcache == null (and no default could be found; consider setting the 'dexmaker.dexcache' system property)&#13;">
          <StackTrace>java.lang.IllegalArgumentException: dexcache == null (and no default could be found; consider setting the 'dexmaker.dexcache' system property)
	at com.android.dx.DexMaker.generateAndLoad(DexMaker.java:508)
	at com.android.dx.stock.ProxyBuilder.buildProxyClass(ProxyBuilder.java:337)
	at com.android.dx.mockito.DexmakerMockMaker.createMock(DexmakerMockMaker.java:114)
	at org.mockito.internal.util.MockUtil.createMock(MockUtil.java:35)
	at org.mockito.internal.MockitoCore.mock(MockitoCore.java:69)
	at org.mockito.Mockito.mock(Mockito.java:1895)
	at org.mockito.Mockito.mock(Mockito.java:1804)
	at android.animation.cts.AnimatorSetTest.testDurationScale(AnimatorSetTest.java:522)
	at java.lang.reflect.Method.invoke(Native Method)
	at org.junit.runners.model.FrameworkMethod$1.runReflectiveCall(FrameworkMethod.java:50)
	at org.junit.internal.runners.model.ReflectiveCallable.run(ReflectiveCallable.java:12)
	at org.junit.runners.model.FrameworkMethod.invokeExplosively(FrameworkMethod.java:52)
	at org.junit.internal.runners.statements.InvokeMethod.evaluate(InvokeMethod.java:17)
	at org.junit.internal.runners.statements.FailOnTimeout$CallableStatement.call(FailOnTimeout.java:148)
	at org.junit.internal.runners.statements.FailOnTimeout$CallableStatement.call(FailOnTimeout.java:142)
	at java.util.concurrent.FutureTask.run(FutureTask.java:266)
	at java.lang.Thread.run(Thread.java:923)
</StackTrace>
        </Failure>
      </Test>
      <Test result="pass" name="testSeekingInfinite" />
    </TestCase>
    <TestCase name="android.animation.cts.AnimatorTest">
      <Test result="pass" name="testIsStarted" />
      <Test result="pass" name="testSetListener" />
      <Test result="pass" name="testRemoveListener" />
      <Test result="pass" name="testEnd" />
      <Test result="pass" name="testClone" />
      <Test result="pass" name="testStart" />
      <Test result="pass" name="testGetDuration" />
      <Test result="pass" name="testRemoveAllListenerers" />
      <Test result="pass" name="testSetInterpolator" />
      <Test result="pass" name="testCancel" />
      <Test result="pass" name="testIsRunning" />
      <Test result="pass" name="testNullObjectAnimator" />
      <Test result="pass" name="testStartDelay" />
      <Test result="pass" name="testConstructor" />
    </TestCase>
    <TestCase name="android.animation.cts.CreationTest">
      <Test result="pass" name="testValueAnimatorPvh1" />
      <Test result="pass" name="testValueAnimatorPvh2" />
      <Test result="pass" name="testValueAnimatorPvhKf1" />
      <Test result="pass" name="testValueAnimatorPvhKf2" />
      <Test result="pass" name="testValueAnimatorPvhKf3" />
      <Test result="pass" name="testValueAnimatorPvhKf4" />
      <Test result="pass" name="testValueAnimatorCreation" />
      <Test result="pass" name="testValueAnimatorResourceCreation" />
      <Test result="pass" name="testObjectAnimatorPvhKf1" />
      <Test result="pass" name="testObjectAnimatorPvh1" />
      <Test result="pass" name="testObjectAnimator" />
    </TestCase>
    <TestCase name="android.animation.cts.EvaluatorTest">
      <Test result="pass" name="testRectEvaluator" />
      <Test result="pass" name="testIntArrayEvaluator" />
      <Test result="pass" name="testIntEvaluator" />
      <Test result="pass" name="testFloatArrayEvaluator" />
      <Test result="pass" name="testPointFEvaluator" />
      <Test result="pass" name="testArgbEvaluator" />
      <Test result="pass" name="testFloatEvaluator" />
    </TestCase>
    <TestCase name="android.animation.cts.InterpolatorTest">
      <Test result="pass" name="testFastOutExtraSlowIn" />
    </TestCase>
    <TestCase name="android.animation.cts.KeyframeTest">
      <Test result="pass" name="testOfFloat" />
      <Test result="pass" name="testClone" />
      <Test result="pass" name="testOfObject" />
      <Test result="pass" name="testGetType" />
      <Test result="pass" name="testSetFraction" />
      <Test result="pass" name="testGetFraction" />
      <Test result="pass" name="testOfIntValue" />
      <Test result="pass" name="testOfObjectValue" />
      <Test result="pass" name="testSetInterpolator" />
      <Test result="pass" name="testOfFloatValue" />
      <Test result="pass" name="testSetValue" />
    </TestCase>
    <TestCase name="android.animation.cts.LayoutAnimationTest">
      <Test result="pass" name="testSetDuration" />
      <Test result="pass" name="testAnimationWithAnimator" />
      <Test result="pass" name="testAddTransitionListener" />
      <Test result="pass" name="testSetInterpolator" />
      <Test result="pass" name="testSetStagger" />
      <Test result="pass" name="testIsChangingLayout" />
      <Test result="pass" name="testSetAnimator" />
      <Test result="pass" name="testSetDurationForTransitionType" />
      <Test result="pass" name="testIsRunning" />
      <Test result="pass" name="testStartDelay" />
    </TestCase>
    <TestCase name="android.animation.cts.ObjectAnimatorTest">
      <Test result="pass" name="testOfFloat" />
      <Test result="pass" name="testCachedValues" />
      <Test result="pass" name="testIsStarted" />
      <Test result="pass" name="testOfMultiInt_Path" />
      <Test result="pass" name="testOfMultiFloat" />
      <Test result="pass" name="testDuration" />
      <Test result="pass" name="testOfFloatBase" />
      <Test result="pass" name="testClone" />
      <Test result="pass" name="testOfInt" />
      <Test result="pass" name="testSetFloatValues" />
      <Test result="pass" name="testOfObject" />
      <Test result="pass" name="testOfInt_Path" />
      <Test result="pass" name="testOfMultiFloat_Path" />
      <Test result="pass" name="testOfMultiInt" />
      <Test result="pass" name="testOfPropertyValuesHolder" />
      <Test result="pass" name="testOfObject_Converter" />
      <Test result="pass" name="testOfFloat_Path" />
      <Test result="pass" name="testGetPropertyName" />
      <Test result="pass" name="testNullObject" />
      <Test result="pass" name="testGetTarget" />
      <Test result="pass" name="testOfArgb" />
      <Test result="pass" name="testSetStartEndValues" />
    </TestCase>
    <TestCase name="android.animation.cts.PropertyValuesHolderTest">
      <Test result="pass" name="testSetConverter" />
      <Test result="pass" name="testOfFloat" />
      <Test result="pass" name="testOfMultiInt_Path" />
      <Test result="pass" name="testResetValues" />
      <Test result="pass" name="testClone" />
      <Test result="pass" name="testOfInt" />
      <Test result="pass" name="testOfMultiInt_Array" />
      <Test result="pass" name="testOfMultiFloat_Path" />
      <Test result="pass" name="testOfFloat_Property" />
      <Test result="pass" name="testSetProperty" />
      <Test result="pass" name="testOfObject_Converter" />
      <Test result="pass" name="testGetPropertyName" />
      <Test result="pass" name="testSetValues" />
      <Test result="pass" name="testOfInt_Property" />
      <Test result="pass" name="testSetPropertyName" />
      <Test result="pass" name="testOfMultiFloat_Array" />
    </TestCase>
    <TestCase name="android.animation.cts.ValueAnimatorTest">
      <Test result="pass" name="testOfFloat" />
      <Test result="pass" name="testIsStarted" />
      <Test result="pass" name="testSetCurrentPlayTime" />
      <Test result="pass" name="testEnd" />
      <Test result="pass" name="testDuration" />
      <Test result="pass" name="testOfInt" />
      <Test result="pass" name="testNoDelayOnSeekAnimation" />
      <Test result="pass" name="testGetAnimatedValue_PropertyName" />
      <Test result="pass" name="testGetAnimatedFraction" />
      <Test result="pass" name="testSetCurrentFraction" />
      <Test result="fail" name="testUpdateListeners">
        <Failure message="java.lang.IllegalArgumentException: dexcache == null (and no default could be found; consider setting the 'dexmaker.dexcache' system property)&#13;">
          <StackTrace>java.lang.IllegalArgumentException: dexcache == null (and no default could be found; consider setting the 'dexmaker.dexcache' system property)
	at com.android.dx.DexMaker.generateAndLoad(DexMaker.java:508)
	at com.android.dx.stock.ProxyBuilder.buildProxyClass(ProxyBuilder.java:337)
	at com.android.dx.mockito.DexmakerMockMaker.createMock(DexmakerMockMaker.java:114)
	at org.mockito.internal.util.MockUtil.createMock(MockUtil.java:35)
	at org.mockito.internal.MockitoCore.mock(MockitoCore.java:69)
	at org.mockito.Mockito.mock(Mockito.java:1895)
	at org.mockito.Mockito.mock(Mockito.java:1804)
	at android.animation.cts.ValueAnimatorTest.testUpdateListeners(ValueAnimatorTest.java:346)
	at java.lang.reflect.Method.invoke(Native Method)
	at org.junit.runners.model.FrameworkMethod$1.runReflectiveCall(FrameworkMethod.java:50)
	at org.junit.internal.runners.model.ReflectiveCallable.run(ReflectiveCallable.java:12)
	at org.junit.runners.model.FrameworkMethod.invokeExplosively(FrameworkMethod.java:52)
	at org.junit.internal.runners.statements.InvokeMethod.evaluate(InvokeMethod.java:17)
	at org.junit.internal.runners.statements.FailOnTimeout$CallableStatement.call(FailOnTimeout.java:148)
	at org.junit.internal.runners.statements.FailOnTimeout$CallableStatement.call(FailOnTimeout.java:142)
	at java.util.concurrent.FutureTask.run(FutureTask.java:266)
	at java.lang.Thread.run(Thread.java:923)
</StackTrace>
        </Failure>
      </Test>
      <Test result="fail" name="testListenerCallbackWithStartDelay">
        <Failure message="java.lang.IllegalArgumentException: dexcache == null (and no default could be found; consider setting the 'dexmaker.dexcache' system property)&#13;">
          <StackTrace>java.lang.IllegalArgumentException: dexcache == null (and no default could be found; consider setting the 'dexmaker.dexcache' system property)
	at com.android.dx.DexMaker.generateAndLoad(DexMaker.java:508)
	at com.android.dx.stock.ProxyBuilder.buildProxyClass(ProxyBuilder.java:337)
	at com.android.dx.mockito.DexmakerMockMaker.createMock(DexmakerMockMaker.java:114)
	at org.mockito.internal.util.MockUtil.createMock(MockUtil.java:35)
	at org.mockito.internal.MockitoCore.mock(MockitoCore.java:69)
	at org.mockito.Mockito.mock(Mockito.java:1895)
	at org.mockito.Mockito.mock(Mockito.java:1804)
	at android.animation.cts.ValueAnimatorTest.testListenerCallbackWithStartDelay(ValueAnimatorTest.java:151)
	at java.lang.reflect.Method.invoke(Native Method)
	at org.junit.runners.model.FrameworkMethod$1.runReflectiveCall(FrameworkMethod.java:50)
	at org.junit.internal.runners.model.ReflectiveCallable.run(ReflectiveCallable.java:12)
	at org.junit.runners.model.FrameworkMethod.invokeExplosively(FrameworkMethod.java:52)
	at org.junit.internal.runners.statements.InvokeMethod.evaluate(InvokeMethod.java:17)
	at org.junit.internal.runners.statements.FailOnTimeout$CallableStatement.call(FailOnTimeout.java:148)
	at org.junit.internal.runners.statements.FailOnTimeout$CallableStatement.call(FailOnTimeout.java:142)
	at java.util.concurrent.FutureTask.run(FutureTask.java:266)
	at java.lang.Thread.run(Thread.java:923)
</StackTrace>
        </Failure>
      </Test>
      <Test result="pass" name="testAnimatorsEnabled" />
      <Test result="pass" name="testSetInterpolator" />
      <Test result="pass" name="testGetAnimatedValue" />
      <Test result="pass" name="testSetCurrentPlayTimeAfterStart" />
      <Test result="pass" name="testRepeatMode" />
      <Test result="fail" name="testValuesSetterAndGetter">
        <Failure message="java.lang.IllegalArgumentException: dexcache == null (and no default could be found; consider setting the 'dexmaker.dexcache' system property)&#13;">
          <StackTrace>java.lang.IllegalArgumentException: dexcache == null (and no default could be found; consider setting the 'dexmaker.dexcache' system property)
	at com.android.dx.DexMaker.generateAndLoad(DexMaker.java:508)
	at com.android.dx.stock.ProxyBuilder.buildProxyClass(ProxyBuilder.java:337)
	at com.android.dx.mockito.DexmakerMockMaker.createMock(DexmakerMockMaker.java:114)
	at org.mockito.internal.util.MockUtil.createMock(MockUtil.java:35)
	at org.mockito.internal.MockitoCore.mock(MockitoCore.java:69)
	at org.mockito.Mockito.mock(Mockito.java:1895)
	at org.mockito.Mockito.mock(Mockito.java:1804)
	at android.animation.cts.ValueAnimatorTest.testValuesSetterAndGetter(ValueAnimatorTest.java:400)
	at java.lang.reflect.Method.invoke(Native Method)
	at org.junit.runners.model.FrameworkMethod$1.runReflectiveCall(FrameworkMethod.java:50)
	at org.junit.internal.runners.model.ReflectiveCallable.run(ReflectiveCallable.java:12)
	at org.junit.runners.model.FrameworkMethod.invokeExplosively(FrameworkMethod.java:52)
	at org.junit.internal.runners.statements.InvokeMethod.evaluate(InvokeMethod.java:17)
	at org.junit.internal.runners.statements.FailOnTimeout$CallableStatement.call(FailOnTimeout.java:148)
	at org.junit.internal.runners.statements.FailOnTimeout$CallableStatement.call(FailOnTimeout.java:142)
	at java.util.concurrent.FutureTask.run(FutureTask.java:266)
	at java.lang.Thread.run(Thread.java:923)
</StackTrace>
        </Failure>
      </Test>
      <Test result="pass" name="testNotifiesAfterEnd" />
      <Test result="pass" name="testRepeatCount" />
      <Test result="fail" name="testSetObjectValues">
        <Failure message="java.lang.IllegalArgumentException: dexcache == null (and no default could be found; consider setting the 'dexmaker.dexcache' system property)&#13;">
          <StackTrace>java.lang.IllegalArgumentException: dexcache == null (and no default could be found; consider setting the 'dexmaker.dexcache' system property)
	at com.android.dx.DexMaker.generateAndLoad(DexMaker.java:508)
	at com.android.dx.stock.ProxyBuilder.buildProxyClass(ProxyBuilder.java:337)
	at com.android.dx.mockito.DexmakerMockMaker.createMock(DexmakerMockMaker.java:114)
	at org.mockito.internal.util.MockUtil.createMock(MockUtil.java:35)
	at org.mockito.internal.MockitoCore.mock(MockitoCore.java:69)
	at org.mockito.Mockito.mock(Mockito.java:1895)
	at org.mockito.Mockito.mock(Mockito.java:1804)
	at android.animation.cts.ValueAnimatorTest.testSetObjectValues(ValueAnimatorTest.java:438)
	at java.lang.reflect.Method.invoke(Native Method)
	at org.junit.runners.model.FrameworkMethod$1.runReflectiveCall(FrameworkMethod.java:50)
	at org.junit.internal.runners.model.ReflectiveCallable.run(ReflectiveCallable.java:12)
	at org.junit.runners.model.FrameworkMethod.invokeExplosively(FrameworkMethod.java:52)
	at org.junit.internal.runners.statements.InvokeMethod.evaluate(InvokeMethod.java:17)
	at org.junit.internal.runners.statements.FailOnTimeout$CallableStatement.call(FailOnTimeout.java:148)
	at org.junit.internal.runners.statements.FailOnTimeout$CallableStatement.call(FailOnTimeout.java:142)
	at java.util.concurrent.FutureTask.run(FutureTask.java:266)
	at java.lang.Thread.run(Thread.java:923)
</StackTrace>
        </Failure>
      </Test>
      <Test result="pass" name="testCancel" />
      <Test result="pass" name="testGetFrameDelay" />
      <Test result="pass" name="testPauseListener" />
      <Test result="pass" name="testReverseRightAfterStart" />
      <Test result="pass" name="testOfArgb" />
      <Test result="pass" name="testIsRunning" />
      <Test result="pass" name="testGetCurrentPlayTime" />
      <Test result="pass" name="testStartDelay" />
    </TestCase>
  </Module>
  <Module name="CtsAnimationTestCases[instant]" abi="arm64-v8a" runtime="120017" done="true" pass="134" total_tests="145">
    <TestCase name="android.animation.cts.AnimatorListenerAdapterTest">
      <Test result="pass" name="testNullOk" />
    </TestCase>
    <TestCase name="android.animation.cts.AnimatorSetTest">
      <Test result="fail" name="testMultipleAnimatorsPlayTogether">
        <Failure message="java.lang.IllegalArgumentException: dexcache == null (and no default could be found; consider setting the 'dexmaker.dexcache' system property)&#13;">
          <StackTrace>java.lang.IllegalArgumentException: dexcache == null (and no default could be found; consider setting the 'dexmaker.dexcache' system property)
	at com.android.dx.DexMaker.generateAndLoad(DexMaker.java:508)
	at com.android.dx.stock.ProxyBuilder.buildProxyClass(ProxyBuilder.java:337)
	at com.android.dx.mockito.DexmakerMockMaker.createMock(DexmakerMockMaker.java:114)
	at org.mockito.internal.util.MockUtil.createMock(MockUtil.java:35)
	at org.mockito.internal.MockitoCore.mock(MockitoCore.java:69)
	at org.mockito.Mockito.mock(Mockito.java:1895)
	at org.mockito.Mockito.mock(Mockito.java:1804)
	at android.animation.cts.AnimatorSetTest.testMultipleAnimatorsPlayTogether(AnimatorSetTest.java:581)
	at java.lang.reflect.Method.invoke(Native Method)
	at org.junit.runners.model.FrameworkMethod$1.runReflectiveCall(FrameworkMethod.java:50)
	at org.junit.internal.runners.model.ReflectiveCallable.run(ReflectiveCallable.java:12)
	at org.junit.runners.model.FrameworkMethod.invokeExplosively(FrameworkMethod.java:52)
	at org.junit.internal.runners.statements.InvokeMethod.evaluate(InvokeMethod.java:17)
	at org.junit.internal.runners.statements.FailOnTimeout$CallableStatement.call(FailOnTimeout.java:148)
	at org.junit.internal.runners.statements.FailOnTimeout$CallableStatement.call(FailOnTimeout.java:142)
	at java.util.concurrent.FutureTask.run(FutureTask.java:266)
	at java.lang.Thread.run(Thread.java:923)
</StackTrace>
        </Failure>
      </Test>
      <Test result="pass" name="testPlayBeforeAfter" />
      <Test result="pass" name="testDuration" />
      <Test result="pass" name="testClone" />
      <Test result="fail" name="testReverseWithStartDelay">
        <Failure message="java.lang.IllegalArgumentException: dexcache == null (and no default could be found; consider setting the 'dexmaker.dexcache' system property)&#13;">
          <StackTrace>java.lang.IllegalArgumentException: dexcache == null (and no default could be found; consider setting the 'dexmaker.dexcache' system property)
	at com.android.dx.DexMaker.generateAndLoad(DexMaker.java:508)
	at com.android.dx.stock.ProxyBuilder.buildProxyClass(ProxyBuilder.java:337)
	at com.android.dx.mockito.DexmakerMockMaker.createMock(DexmakerMockMaker.java:114)
	at org.mockito.internal.util.MockUtil.createMock(MockUtil.java:35)
	at org.mockito.internal.MockitoCore.mock(MockitoCore.java:69)
	at org.mockito.Mockito.mock(Mockito.java:1895)
	at org.mockito.Mockito.mock(Mockito.java:1804)
	at android.animation.cts.AnimatorSetTest.testReverseWithStartDelay(AnimatorSetTest.java:435)
	at java.lang.reflect.Method.invoke(Native Method)
	at org.junit.runners.model.FrameworkMethod$1.runReflectiveCall(FrameworkMethod.java:50)
	at org.junit.internal.runners.model.ReflectiveCallable.run(ReflectiveCallable.java:12)
	at org.junit.runners.model.FrameworkMethod.invokeExplosively(FrameworkMethod.java:52)
	at org.junit.internal.runners.statements.InvokeMethod.evaluate(InvokeMethod.java:17)
	at org.junit.internal.runners.statements.FailOnTimeout$CallableStatement.call(FailOnTimeout.java:148)
	at org.junit.internal.runners.statements.FailOnTimeout$CallableStatement.call(FailOnTimeout.java:142)
	at java.util.concurrent.FutureTask.run(FutureTask.java:266)
	at java.lang.Thread.run(Thread.java:923)
</StackTrace>
        </Failure>
      </Test>
      <Test result="pass" name="testGetChildAnimations" />
      <Test result="pass" name="testPlayTogether" />
      <Test result="pass" name="testPlaySequentially" />
      <Test result="pass" name="testPauseBeforeStart" />
      <Test result="fail" name="testManipulateChildOutsideOfSet">
        <Failure message="java.lang.IllegalArgumentException: dexcache == null (and no default could be found; consider setting the 'dexmaker.dexcache' system property)&#13;">
          <StackTrace>java.lang.IllegalArgumentException: dexcache == null (and no default could be found; consider setting the 'dexmaker.dexcache' system property)
	at com.android.dx.DexMaker.generateAndLoad(DexMaker.java:508)
	at com.android.dx.stock.ProxyBuilder.buildProxyClass(ProxyBuilder.java:337)
	at com.android.dx.mockito.DexmakerMockMaker.createMock(DexmakerMockMaker.java:114)
	at org.mockito.internal.util.MockUtil.createMock(MockUtil.java:35)
	at org.mockito.internal.MockitoCore.mock(MockitoCore.java:69)
	at org.mockito.Mockito.mock(Mockito.java:1895)
	at org.mockito.Mockito.mock(Mockito.java:1804)
	at android.animation.cts.AnimatorSetTest.testManipulateChildOutsideOfSet(AnimatorSetTest.java:920)
	at java.lang.reflect.Method.invoke(Native Method)
	at org.junit.runners.model.FrameworkMethod$1.runReflectiveCall(FrameworkMethod.java:50)
	at org.junit.internal.runners.model.ReflectiveCallable.run(ReflectiveCallable.java:12)
	at org.junit.runners.model.FrameworkMethod.invokeExplosively(FrameworkMethod.java:52)
	at org.junit.internal.runners.statements.InvokeMethod.evaluate(InvokeMethod.java:17)
	at org.junit.internal.runners.statements.FailOnTimeout$CallableStatement.call(FailOnTimeout.java:148)
	at org.junit.internal.runners.statements.FailOnTimeout$CallableStatement.call(FailOnTimeout.java:142)
	at java.util.concurrent.FutureTask.run(FutureTask.java:266)
	at java.lang.Thread.run(Thread.java:923)
</StackTrace>
        </Failure>
      </Test>
      <Test result="pass" name="testSetInterpolator" />
      <Test result="fail" name="testZeroDurationScale">
        <Failure message="java.lang.IllegalArgumentException: dexcache == null (and no default could be found; consider setting the 'dexmaker.dexcache' system property)&#13;">
          <StackTrace>java.lang.IllegalArgumentException: dexcache == null (and no default could be found; consider setting the 'dexmaker.dexcache' system property)
	at com.android.dx.DexMaker.generateAndLoad(DexMaker.java:508)
	at com.android.dx.stock.ProxyBuilder.buildProxyClass(ProxyBuilder.java:337)
	at com.android.dx.mockito.DexmakerMockMaker.createMock(DexmakerMockMaker.java:114)
	at org.mockito.internal.util.MockUtil.createMock(MockUtil.java:35)
	at org.mockito.internal.MockitoCore.mock(MockitoCore.java:69)
	at org.mockito.Mockito.mock(Mockito.java:1895)
	at org.mockito.Mockito.mock(Mockito.java:1804)
	at android.animation.cts.AnimatorSetTest.testZeroDurationScale(AnimatorSetTest.java:486)
	at java.lang.reflect.Method.invoke(Native Method)
	at org.junit.runners.model.FrameworkMethod$1.runReflectiveCall(FrameworkMethod.java:50)
	at org.junit.internal.runners.model.ReflectiveCallable.run(ReflectiveCallable.java:12)
	at org.junit.runners.model.FrameworkMethod.invokeExplosively(FrameworkMethod.java:52)
	at org.junit.internal.runners.statements.InvokeMethod.evaluate(InvokeMethod.java:17)
	at org.junit.internal.runners.statements.FailOnTimeout$CallableStatement.call(FailOnTimeout.java:148)
	at org.junit.internal.runners.statements.FailOnTimeout$CallableStatement.call(FailOnTimeout.java:142)
	at java.util.concurrent.FutureTask.run(FutureTask.java:266)
	at java.lang.Thread.run(Thread.java:923)
</StackTrace>
        </Failure>
      </Test>
      <Test result="pass" name="testNotifiesAfterEnd" />
      <Test result="pass" name="testPauseAndResume" />
      <Test result="pass" name="testListenerCallbackOnEmptySet" />
      <Test result="pass" name="testSeekAfterPause" />
      <Test result="fail" name="testSeeking">
        <Failure message="java.lang.IllegalArgumentException: dexcache == null (and no default could be found; consider setting the 'dexmaker.dexcache' system property)&#13;">
          <StackTrace>java.lang.IllegalArgumentException: dexcache == null (and no default could be found; consider setting the 'dexmaker.dexcache' system property)
	at com.android.dx.DexMaker.generateAndLoad(DexMaker.java:508)
	at com.android.dx.stock.ProxyBuilder.buildProxyClass(ProxyBuilder.java:337)
	at com.android.dx.mockito.DexmakerMockMaker.createMock(DexmakerMockMaker.java:114)
	at org.mockito.internal.util.MockUtil.createMock(MockUtil.java:35)
	at org.mockito.internal.MockitoCore.mock(MockitoCore.java:69)
	at org.mockito.Mockito.mock(Mockito.java:1895)
	at org.mockito.Mockito.mock(Mockito.java:1804)
	at android.animation.cts.AnimatorSetTest.testSeeking(AnimatorSetTest.java:761)
	at java.lang.reflect.Method.invoke(Native Method)
	at org.junit.runners.model.FrameworkMethod$1.runReflectiveCall(FrameworkMethod.java:50)
	at org.junit.internal.runners.model.ReflectiveCallable.run(ReflectiveCallable.java:12)
	at org.junit.runners.model.FrameworkMethod.invokeExplosively(FrameworkMethod.java:52)
	at org.junit.internal.runners.statements.InvokeMethod.evaluate(InvokeMethod.java:17)
	at org.junit.internal.runners.statements.FailOnTimeout$CallableStatement.call(FailOnTimeout.java:148)
	at org.junit.internal.runners.statements.FailOnTimeout$CallableStatement.call(FailOnTimeout.java:142)
	at java.util.concurrent.FutureTask.run(FutureTask.java:266)
	at java.lang.Thread.run(Thread.java:923)
</StackTrace>
        </Failure>
      </Test>
      <Test result="pass" name="testInfiniteStartTime" />
      <Test result="pass" name="testChildAnimatorStartCalled" />
      <Test result="fail" name="testGetCurrentPlayTime">
        <Failure message="java.lang.IllegalArgumentException: dexcache == null (and no default could be found; consider setting the 'dexmaker.dexcache' system property)&#13;">
          <StackTrace>java.lang.IllegalArgumentException: dexcache == null (and no default could be found; consider setting the 'dexmaker.dexcache' system property)
	at com.android.dx.DexMaker.generateAndLoad(DexMaker.java:508)
	at com.android.dx.stock.ProxyBuilder.buildProxyClass(ProxyBuilder.java:337)
	at com.android.dx.mockito.DexmakerMockMaker.createMock(DexmakerMockMaker.java:114)
	at org.mockito.internal.util.MockUtil.createMock(MockUtil.java:35)
	at org.mockito.internal.MockitoCore.mock(MockitoCore.java:69)
	at org.mockito.Mockito.mock(Mockito.java:1895)
	at org.mockito.Mockito.mock(Mockito.java:1804)
	at android.animation.cts.AnimatorSetTest.testGetCurrentPlayTime(AnimatorSetTest.java:846)
	at java.lang.reflect.Method.invoke(Native Method)
	at org.junit.runners.model.FrameworkMethod$1.runReflectiveCall(FrameworkMethod.java:50)
	at org.junit.internal.runners.model.ReflectiveCallable.run(ReflectiveCallable.java:12)
	at org.junit.runners.model.FrameworkMethod.invokeExplosively(FrameworkMethod.java:52)
	at org.junit.internal.runners.statements.InvokeMethod.evaluate(InvokeMethod.java:17)
	at org.junit.internal.runners.statements.FailOnTimeout$CallableStatement.call(FailOnTimeout.java:148)
	at org.junit.internal.runners.statements.FailOnTimeout$CallableStatement.call(FailOnTimeout.java:142)
	at java.util.concurrent.FutureTask.run(FutureTask.java:266)
	at java.lang.Thread.run(Thread.java:923)
</StackTrace>
        </Failure>
      </Test>
      <Test result="pass" name="testStartDelay" />
      <Test result="fail" name="testDurationScale">
        <Failure message="java.lang.IllegalArgumentException: dexcache == null (and no default could be found; consider setting the 'dexmaker.dexcache' system property)&#13;">
          <StackTrace>java.lang.IllegalArgumentException: dexcache == null (and no default could be found; consider setting the 'dexmaker.dexcache' system property)
	at com.android.dx.DexMaker.generateAndLoad(DexMaker.java:508)
	at com.android.dx.stock.ProxyBuilder.buildProxyClass(ProxyBuilder.java:337)
	at com.android.dx.mockito.DexmakerMockMaker.createMock(DexmakerMockMaker.java:114)
	at org.mockito.internal.util.MockUtil.createMock(MockUtil.java:35)
	at org.mockito.internal.MockitoCore.mock(MockitoCore.java:69)
	at org.mockito.Mockito.mock(Mockito.java:1895)
	at org.mockito.Mockito.mock(Mockito.java:1804)
	at android.animation.cts.AnimatorSetTest.testDurationScale(AnimatorSetTest.java:522)
	at java.lang.reflect.Method.invoke(Native Method)
	at org.junit.runners.model.FrameworkMethod$1.runReflectiveCall(FrameworkMethod.java:50)
	at org.junit.internal.runners.model.ReflectiveCallable.run(ReflectiveCallable.java:12)
	at org.junit.runners.model.FrameworkMethod.invokeExplosively(FrameworkMethod.java:52)
	at org.junit.internal.runners.statements.InvokeMethod.evaluate(InvokeMethod.java:17)
	at org.junit.internal.runners.statements.FailOnTimeout$CallableStatement.call(FailOnTimeout.java:148)
	at org.junit.internal.runners.statements.FailOnTimeout$CallableStatement.call(FailOnTimeout.java:142)
	at java.util.concurrent.FutureTask.run(FutureTask.java:266)
	at java.lang.Thread.run(Thread.java:923)
</StackTrace>
        </Failure>
      </Test>
      <Test result="pass" name="testSeekingInfinite" />
    </TestCase>
    <TestCase name="android.animation.cts.AnimatorTest">
      <Test result="pass" name="testIsStarted" />
      <Test result="pass" name="testSetListener" />
      <Test result="pass" name="testRemoveListener" />
      <Test result="pass" name="testEnd" />
      <Test result="pass" name="testClone" />
      <Test result="pass" name="testStart" />
      <Test result="pass" name="testGetDuration" />
      <Test result="pass" name="testRemoveAllListenerers" />
      <Test result="pass" name="testSetInterpolator" />
      <Test result="pass" name="testCancel" />
      <Test result="pass" name="testIsRunning" />
      <Test result="pass" name="testNullObjectAnimator" />
      <Test result="pass" name="testStartDelay" />
      <Test result="pass" name="testConstructor" />
    </TestCase>
    <TestCase name="android.animation.cts.CreationTest">
      <Test result="pass" name="testValueAnimatorPvh1" />
      <Test result="pass" name="testValueAnimatorPvh2" />
      <Test result="pass" name="testValueAnimatorPvhKf1" />
      <Test result="pass" name="testValueAnimatorPvhKf2" />
      <Test result="pass" name="testValueAnimatorPvhKf3" />
      <Test result="pass" name="testValueAnimatorPvhKf4" />
      <Test result="pass" name="testValueAnimatorCreation" />
      <Test result="pass" name="testValueAnimatorResourceCreation" />
      <Test result="pass" name="testObjectAnimatorPvhKf1" />
      <Test result="pass" name="testObjectAnimatorPvh1" />
      <Test result="pass" name="testObjectAnimator" />
    </TestCase>
    <TestCase name="android.animation.cts.EvaluatorTest">
      <Test result="pass" name="testRectEvaluator" />
      <Test result="pass" name="testIntArrayEvaluator" />
      <Test result="pass" name="testIntEvaluator" />
      <Test result="pass" name="testFloatArrayEvaluator" />
      <Test result="pass" name="testPointFEvaluator" />
      <Test result="pass" name="testArgbEvaluator" />
      <Test result="pass" name="testFloatEvaluator" />
    </TestCase>
    <TestCase name="android.animation.cts.InterpolatorTest">
      <Test result="pass" name="testFastOutExtraSlowIn" />
    </TestCase>
    <TestCase name="android.animation.cts.KeyframeTest">
      <Test result="pass" name="testOfFloat" />
      <Test result="pass" name="testClone" />
      <Test result="pass" name="testOfObject" />
      <Test result="pass" name="testGetType" />
      <Test result="pass" name="testSetFraction" />
      <Test result="pass" name="testGetFraction" />
      <Test result="pass" name="testOfIntValue" />
      <Test result="pass" name="testOfObjectValue" />
      <Test result="pass" name="testSetInterpolator" />
      <Test result="pass" name="testOfFloatValue" />
      <Test result="pass" name="testSetValue" />
    </TestCase>
    <TestCase name="android.animation.cts.LayoutAnimationTest">
      <Test result="pass" name="testSetDuration" />
      <Test result="pass" name="testAnimationWithAnimator" />
      <Test result="pass" name="testAddTransitionListener" />
      <Test result="pass" name="testSetInterpolator" />
      <Test result="pass" name="testSetStagger" />
      <Test result="pass" name="testIsChangingLayout" />
      <Test result="pass" name="testSetAnimator" />
      <Test result="pass" name="testSetDurationForTransitionType" />
      <Test result="pass" name="testIsRunning" />
      <Test result="pass" name="testStartDelay" />
    </TestCase>
    <TestCase name="android.animation.cts.ObjectAnimatorTest">
      <Test result="pass" name="testOfFloat" />
      <Test result="pass" name="testCachedValues" />
      <Test result="pass" name="testIsStarted" />
      <Test result="pass" name="testOfMultiInt_Path" />
      <Test result="pass" name="testOfMultiFloat" />
      <Test result="pass" name="testDuration" />
      <Test result="pass" name="testOfFloatBase" />
      <Test result="pass" name="testClone" />
      <Test result="pass" name="testOfInt" />
      <Test result="pass" name="testSetFloatValues" />
      <Test result="pass" name="testOfObject" />
      <Test result="pass" name="testOfInt_Path" />
      <Test result="pass" name="testOfMultiFloat_Path" />
      <Test result="pass" name="testOfMultiInt" />
      <Test result="pass" name="testOfPropertyValuesHolder" />
      <Test result="pass" name="testOfObject_Converter" />
      <Test result="pass" name="testOfFloat_Path" />
      <Test result="pass" name="testGetPropertyName" />
      <Test result="pass" name="testNullObject" />
      <Test result="pass" name="testGetTarget" />
      <Test result="pass" name="testOfArgb" />
      <Test result="pass" name="testSetStartEndValues" />
    </TestCase>
    <TestCase name="android.animation.cts.PropertyValuesHolderTest">
      <Test result="pass" name="testSetConverter" />
      <Test result="pass" name="testOfFloat" />
      <Test result="pass" name="testOfMultiInt_Path" />
      <Test result="pass" name="testResetValues" />
      <Test result="pass" name="testClone" />
      <Test result="pass" name="testOfInt" />
      <Test result="pass" name="testOfMultiInt_Array" />
      <Test result="pass" name="testOfMultiFloat_Path" />
      <Test result="pass" name="testOfFloat_Property" />
      <Test result="pass" name="testSetProperty" />
      <Test result="pass" name="testOfObject_Converter" />
      <Test result="pass" name="testGetPropertyName" />
      <Test result="pass" name="testSetValues" />
      <Test result="pass" name="testOfInt_Property" />
      <Test result="pass" name="testSetPropertyName" />
      <Test result="pass" name="testOfMultiFloat_Array" />
    </TestCase>
    <TestCase name="android.animation.cts.ValueAnimatorTest">
      <Test result="pass" name="testOfFloat" />
      <Test result="pass" name="testIsStarted" />
      <Test result="pass" name="testSetCurrentPlayTime" />
      <Test result="pass" name="testEnd" />
      <Test result="pass" name="testDuration" />
      <Test result="pass" name="testOfInt" />
      <Test result="pass" name="testNoDelayOnSeekAnimation" />
      <Test result="pass" name="testGetAnimatedValue_PropertyName" />
      <Test result="pass" name="testGetAnimatedFraction" />
      <Test result="pass" name="testSetCurrentFraction" />
      <Test result="fail" name="testUpdateListeners">
        <Failure message="java.lang.IllegalArgumentException: dexcache == null (and no default could be found; consider setting the 'dexmaker.dexcache' system property)&#13;">
          <StackTrace>java.lang.IllegalArgumentException: dexcache == null (and no default could be found; consider setting the 'dexmaker.dexcache' system property)
	at com.android.dx.DexMaker.generateAndLoad(DexMaker.java:508)
	at com.android.dx.stock.ProxyBuilder.buildProxyClass(ProxyBuilder.java:337)
	at com.android.dx.mockito.DexmakerMockMaker.createMock(DexmakerMockMaker.java:114)
	at org.mockito.internal.util.MockUtil.createMock(MockUtil.java:35)
	at org.mockito.internal.MockitoCore.mock(MockitoCore.java:69)
	at org.mockito.Mockito.mock(Mockito.java:1895)
	at org.mockito.Mockito.mock(Mockito.java:1804)
	at android.animation.cts.ValueAnimatorTest.testUpdateListeners(ValueAnimatorTest.java:346)
	at java.lang.reflect.Method.invoke(Native Method)
	at org.junit.runners.model.FrameworkMethod$1.runReflectiveCall(FrameworkMethod.java:50)
	at org.junit.internal.runners.model.ReflectiveCallable.run(ReflectiveCallable.java:12)
	at org.junit.runners.model.FrameworkMethod.invokeExplosively(FrameworkMethod.java:52)
	at org.junit.internal.runners.statements.InvokeMethod.evaluate(InvokeMethod.java:17)
	at org.junit.internal.runners.statements.FailOnTimeout$CallableStatement.call(FailOnTimeout.java:148)
	at org.junit.internal.runners.statements.FailOnTimeout$CallableStatement.call(FailOnTimeout.java:142)
	at java.util.concurrent.FutureTask.run(FutureTask.java:266)
	at java.lang.Thread.run(Thread.java:923)
</StackTrace>
        </Failure>
      </Test>
      <Test result="fail" name="testListenerCallbackWithStartDelay">
        <Failure message="java.lang.IllegalArgumentException: dexcache == null (and no default could be found; consider setting the 'dexmaker.dexcache' system property)&#13;">
          <StackTrace>java.lang.IllegalArgumentException: dexcache == null (and no default could be found; consider setting the 'dexmaker.dexcache' system property)
	at com.android.dx.DexMaker.generateAndLoad(DexMaker.java:508)
	at com.android.dx.stock.ProxyBuilder.buildProxyClass(ProxyBuilder.java:337)
	at com.android.dx.mockito.DexmakerMockMaker.createMock(DexmakerMockMaker.java:114)
	at org.mockito.internal.util.MockUtil.createMock(MockUtil.java:35)
	at org.mockito.internal.MockitoCore.mock(MockitoCore.java:69)
	at org.mockito.Mockito.mock(Mockito.java:1895)
	at org.mockito.Mockito.mock(Mockito.java:1804)
	at android.animation.cts.ValueAnimatorTest.testListenerCallbackWithStartDelay(ValueAnimatorTest.java:151)
	at java.lang.reflect.Method.invoke(Native Method)
	at org.junit.runners.model.FrameworkMethod$1.runReflectiveCall(FrameworkMethod.java:50)
	at org.junit.internal.runners.model.ReflectiveCallable.run(ReflectiveCallable.java:12)
	at org.junit.runners.model.FrameworkMethod.invokeExplosively(FrameworkMethod.java:52)
	at org.junit.internal.runners.statements.InvokeMethod.evaluate(InvokeMethod.java:17)
	at org.junit.internal.runners.statements.FailOnTimeout$CallableStatement.call(FailOnTimeout.java:148)
	at org.junit.internal.runners.statements.FailOnTimeout$CallableStatement.call(FailOnTimeout.java:142)
	at java.util.concurrent.FutureTask.run(FutureTask.java:266)
	at java.lang.Thread.run(Thread.java:923)
</StackTrace>
        </Failure>
      </Test>
      <Test result="pass" name="testAnimatorsEnabled" />
      <Test result="pass" name="testSetInterpolator" />
      <Test result="pass" name="testGetAnimatedValue" />
      <Test result="pass" name="testSetCurrentPlayTimeAfterStart" />
      <Test result="pass" name="testRepeatMode" />
      <Test result="fail" name="testValuesSetterAndGetter">
        <Failure message="java.lang.IllegalArgumentException: dexcache == null (and no default could be found; consider setting the 'dexmaker.dexcache' system property)&#13;">
          <StackTrace>java.lang.IllegalArgumentException: dexcache == null (and no default could be found; consider setting the 'dexmaker.dexcache' system property)
	at com.android.dx.DexMaker.generateAndLoad(DexMaker.java:508)
	at com.android.dx.stock.ProxyBuilder.buildProxyClass(ProxyBuilder.java:337)
	at com.android.dx.mockito.DexmakerMockMaker.createMock(DexmakerMockMaker.java:114)
	at org.mockito.internal.util.MockUtil.createMock(MockUtil.java:35)
	at org.mockito.internal.MockitoCore.mock(MockitoCore.java:69)
	at org.mockito.Mockito.mock(Mockito.java:1895)
	at org.mockito.Mockito.mock(Mockito.java:1804)
	at android.animation.cts.ValueAnimatorTest.testValuesSetterAndGetter(ValueAnimatorTest.java:400)
	at java.lang.reflect.Method.invoke(Native Method)
	at org.junit.runners.model.FrameworkMethod$1.runReflectiveCall(FrameworkMethod.java:50)
	at org.junit.internal.runners.model.ReflectiveCallable.run(ReflectiveCallable.java:12)
	at org.junit.runners.model.FrameworkMethod.invokeExplosively(FrameworkMethod.java:52)
	at org.junit.internal.runners.statements.InvokeMethod.evaluate(InvokeMethod.java:17)
	at org.junit.internal.runners.statements.FailOnTimeout$CallableStatement.call(FailOnTimeout.java:148)
	at org.junit.internal.runners.statements.FailOnTimeout$CallableStatement.call(FailOnTimeout.java:142)
	at java.util.concurrent.FutureTask.run(FutureTask.java:266)
	at java.lang.Thread.run(Thread.java:923)
</StackTrace>
        </Failure>
      </Test>
      <Test result="pass" name="testNotifiesAfterEnd" />
      <Test result="pass" name="testRepeatCount" />
      <Test result="fail" name="testSetObjectValues">
        <Failure message="java.lang.IllegalArgumentException: dexcache == null (and no default could be found; consider setting the 'dexmaker.dexcache' system property)&#13;">
          <StackTrace>java.lang.IllegalArgumentException: dexcache == null (and no default could be found; consider setting the 'dexmaker.dexcache' system property)
	at com.android.dx.DexMaker.generateAndLoad(DexMaker.java:508)
	at com.android.dx.stock.ProxyBuilder.buildProxyClass(ProxyBuilder.java:337)
	at com.android.dx.mockito.DexmakerMockMaker.createMock(DexmakerMockMaker.java:114)
	at org.mockito.internal.util.MockUtil.createMock(MockUtil.java:35)
	at org.mockito.internal.MockitoCore.mock(MockitoCore.java:69)
	at org.mockito.Mockito.mock(Mockito.java:1895)
	at org.mockito.Mockito.mock(Mockito.java:1804)
	at android.animation.cts.ValueAnimatorTest.testSetObjectValues(ValueAnimatorTest.java:438)
	at java.lang.reflect.Method.invoke(Native Method)
	at org.junit.runners.model.FrameworkMethod$1.runReflectiveCall(FrameworkMethod.java:50)
	at org.junit.internal.runners.model.ReflectiveCallable.run(ReflectiveCallable.java:12)
	at org.junit.runners.model.FrameworkMethod.invokeExplosively(FrameworkMethod.java:52)
	at org.junit.internal.runners.statements.InvokeMethod.evaluate(InvokeMethod.java:17)
	at org.junit.internal.runners.statements.FailOnTimeout$CallableStatement.call(FailOnTimeout.java:148)
	at org.junit.internal.runners.statements.FailOnTimeout$CallableStatement.call(FailOnTimeout.java:142)
	at java.util.concurrent.FutureTask.run(FutureTask.java:266)
	at java.lang.Thread.run(Thread.java:923)
</StackTrace>
        </Failure>
      </Test>
      <Test result="pass" name="testCancel" />
      <Test result="pass" name="testGetFrameDelay" />
      <Test result="pass" name="testPauseListener" />
      <Test result="pass" name="testReverseRightAfterStart" />
      <Test result="pass" name="testOfArgb" />
      <Test result="pass" name="testIsRunning" />
      <Test result="pass" name="testGetCurrentPlayTime" />
      <Test result="pass" name="testStartDelay" />
    </TestCase>
  </Module>
  <Module name="CtsApacheHttpLegacy27ApiSignatureTestCases" abi="arm64-v8a" runtime="9663" done="true" pass="1" total_tests="1">
    <TestCase name="android.signature.cts.api.api27.http.SignatureTest">
      <Test result="pass" name="testSignature" />
    </TestCase>
  </Module>
  <Module name="CtsApacheHttpLegacyCurrentApiSignatureTestCases" abi="arm64-v8a" runtime="2786" done="true" pass="1" total_tests="1">
    <TestCase name="android.signature.cts.api.current.http.SignatureTest">
      <Test result="pass" name="testSignature" />
    </TestCase>
  </Module>
  <Module name="CtsApacheHttpLegacyUsesLibraryApiSignatureTestCases" abi="arm64-v8a" runtime="9758" done="true" pass="1" total_tests="1">
    <TestCase name="android.signature.cts.api.http_uses_library.SignatureTest">
      <Test result="pass" name="testSignature" />
    </TestCase>
  </Module>
  <Module name="CtsApexTestCases" abi="arm64-v8a" runtime="433" done="true" pass="2" total_tests="2">
    <TestCase name="android.apex.cts.ApexTest">
      <Test result="pass" name="testApexType" />
      <Test result="pass" name="testMountNamespaces" />
    </TestCase>
  </Module>
  <Module name="CtsAppBindingHostTestCases" abi="arm64-v8a" runtime="61977" done="true" pass="0" total_tests="14">
    <TestCase name="com.android.cts.appbinding.AppBindingHostTest">
      <Test result="fail" name="testSimpleBind1">
        <Failure message='junit.framework.AssertionFailedError: Output from "cmd phone sms set-default-app --user 0 com.android.cts.appbinding.app" didn&apos;t match "^SMS \s app \s set \s to \s \Qcom.android.cts.appbinding.app\E$"'>
          <StackTrace>junit.framework.AssertionFailedError: Output from "cmd phone sms set-default-app --user 0 com.android.cts.appbinding.app" didn't match "^SMS \s app \s set \s to \s \Qcom.android.cts.appbinding.app\E$"
	at junit.framework.Assert.fail(Assert.java:57)
	at junit.framework.TestCase.fail(TestCase.java:227)
	at com.android.cts.appbinding.AppBindingHostTest.runCommand(AppBindingHostTest.java:107)
	at com.android.cts.appbinding.AppBindingHostTest.runCommand(AppBindingHostTest.java:86)
	at com.android.cts.appbinding.AppBindingHostTest.setSmsApp(AppBindingHostTest.java:165)
	at com.android.cts.appbinding.AppBindingHostTest.installAndCheckBound(AppBindingHostTest.java:223)
	at com.android.cts.appbinding.AppBindingHostTest.testSimpleBind1(AppBindingHostTest.java:338)
	at sun.reflect.NativeMethodAccessorImpl.invoke0(Native Method)
	at sun.reflect.NativeMethodAccessorImpl.invoke(NativeMethodAccessorImpl.java:62)
	at sun.reflect.DelegatingMethodAccessorImpl.invoke(DelegatingMethodAccessorImpl.java:43)
	at java.lang.reflect.Method.invoke(Method.java:498)
	at junit.framework.TestCase.runTest(TestCase.java:176)
	at junit.framework.TestCase.runBare(TestCase.java:141)
	at com.android.tradefed.testtype.DeviceTestResult$1.protect(DeviceTestResult.java:90)
	at com.android.tradefed.testtype.DeviceTestResult.runProtected(DeviceTestResult.java:65)
	at com.android.tradefed.testtype.DeviceTestResult.run(DeviceTestResult.java:94)
	at junit.framework.TestCase.run(TestCase.java:129)
	at com.android.tradefed.testtype.DeviceTestCase.run(DeviceTestCase.java:181)
	at com.android.tradefed.testtype.JUnitRunUtil.runTest(JUnitRunUtil.java:53)
	at com.android.tradefed.testtype.JUnitRunUtil.runTest(JUnitRunUtil.java:37)
	at com.android.tradefed.testtype.DeviceTestCase.run(DeviceTestCase.java:146)
	at com.android.tradefed.testtype.HostTest.runRemoteTest(HostTest.java:608)
	at com.android.tradefed.testtype.HostTest.runTestClasses(HostTest.java:535)
	at com.android.tradefed.testtype.HostTest.run(HostTest.java:525)
	at com.android.compatibility.common.tradefed.testtype.JarHostTest.run(JarHostTest.java:53)
	at com.android.tradefed.testtype.suite.GranularRetriableTestWrapper.intraModuleRun(GranularRetriableTestWrapper.java:413)
	at com.android.tradefed.testtype.suite.GranularRetriableTestWrapper.run(GranularRetriableTestWrapper.java:229)
	at com.android.tradefed.testtype.suite.ModuleDefinition.run(ModuleDefinition.java:466)
	at com.android.tradefed.testtype.suite.ITestSuite.runSingleModule(ITestSuite.java:691)
	at com.android.tradefed.testtype.suite.ITestSuite.run(ITestSuite.java:592)
	at com.android.tradefed.invoker.InvocationExecution.runTests(InvocationExecution.java:480)
	at com.android.tradefed.invoker.TestInvocation.prepareAndRun(TestInvocation.java:380)
	at com.android.tradefed.invoker.TestInvocation.performInvocation(TestInvocation.java:230)
	at com.android.tradefed.invoker.TestInvocation.invoke(TestInvocation.java:754)
	at com.android.tradefed.command.CommandScheduler$InvocationThread.run(CommandScheduler.java:591)
</StackTrace>
        </Failure>
      </Test>
      <Test result="fail" name="testSimpleBind2">
        <Failure message='junit.framework.AssertionFailedError: Output from "cmd phone sms set-default-app --user 0 com.android.cts.appbinding.app" didn&apos;t match "^SMS \s app \s set \s to \s \Qcom.android.cts.appbinding.app\E$"'>
          <StackTrace>junit.framework.AssertionFailedError: Output from "cmd phone sms set-default-app --user 0 com.android.cts.appbinding.app" didn't match "^SMS \s app \s set \s to \s \Qcom.android.cts.appbinding.app\E$"
	at junit.framework.Assert.fail(Assert.java:57)
	at junit.framework.TestCase.fail(TestCase.java:227)
	at com.android.cts.appbinding.AppBindingHostTest.runCommand(AppBindingHostTest.java:107)
	at com.android.cts.appbinding.AppBindingHostTest.runCommand(AppBindingHostTest.java:86)
	at com.android.cts.appbinding.AppBindingHostTest.setSmsApp(AppBindingHostTest.java:165)
	at com.android.cts.appbinding.AppBindingHostTest.installAndCheckBound(AppBindingHostTest.java:223)
	at com.android.cts.appbinding.AppBindingHostTest.testSimpleBind2(AppBindingHostTest.java:350)
	at sun.reflect.NativeMethodAccessorImpl.invoke0(Native Method)
	at sun.reflect.NativeMethodAccessorImpl.invoke(NativeMethodAccessorImpl.java:62)
	at sun.reflect.DelegatingMethodAccessorImpl.invoke(DelegatingMethodAccessorImpl.java:43)
	at java.lang.reflect.Method.invoke(Method.java:498)
	at junit.framework.TestCase.runTest(TestCase.java:176)
	at junit.framework.TestCase.runBare(TestCase.java:141)
	at com.android.tradefed.testtype.DeviceTestResult$1.protect(DeviceTestResult.java:90)
	at com.android.tradefed.testtype.DeviceTestResult.runProtected(DeviceTestResult.java:65)
	at com.android.tradefed.testtype.DeviceTestResult.run(DeviceTestResult.java:94)
	at junit.framework.TestCase.run(TestCase.java:129)
	at com.android.tradefed.testtype.DeviceTestCase.run(DeviceTestCase.java:181)
	at com.android.tradefed.testtype.JUnitRunUtil.runTest(JUnitRunUtil.java:53)
	at com.android.tradefed.testtype.JUnitRunUtil.runTest(JUnitRunUtil.java:37)
	at com.android.tradefed.testtype.DeviceTestCase.run(DeviceTestCase.java:146)
	at com.android.tradefed.testtype.HostTest.runRemoteTest(HostTest.java:608)
	at com.android.tradefed.testtype.HostTest.runTestClasses(HostTest.java:535)
	at com.android.tradefed.testtype.HostTest.run(HostTest.java:525)
	at com.android.compatibility.common.tradefed.testtype.JarHostTest.run(JarHostTest.java:53)
	at com.android.tradefed.testtype.suite.GranularRetriableTestWrapper.intraModuleRun(GranularRetriableTestWrapper.java:413)
	at com.android.tradefed.testtype.suite.GranularRetriableTestWrapper.run(GranularRetriableTestWrapper.java:229)
	at com.android.tradefed.testtype.suite.ModuleDefinition.run(ModuleDefinition.java:466)
	at com.android.tradefed.testtype.suite.ITestSuite.runSingleModule(ITestSuite.java:691)
	at com.android.tradefed.testtype.suite.ITestSuite.run(ITestSuite.java:592)
	at com.android.tradefed.invoker.InvocationExecution.runTests(InvocationExecution.java:480)
	at com.android.tradefed.invoker.TestInvocation.prepareAndRun(TestInvocation.java:380)
	at com.android.tradefed.invoker.TestInvocation.performInvocation(TestInvocation.java:230)
	at com.android.tradefed.invoker.TestInvocation.invoke(TestInvocation.java:754)
	at com.android.tradefed.command.CommandScheduler$InvocationThread.run(CommandScheduler.java:591)
</StackTrace>
        </Failure>
      </Test>
      <Test result="fail" name="testSimpleBindB">
        <Failure message='junit.framework.AssertionFailedError: Output from "cmd phone sms set-default-app --user 0 com.android.cts.appbinding.app.b" didn&apos;t match "^SMS \s app \s set \s to \s \Qcom.android.cts.appbinding.app.b\E$"'>
          <StackTrace>junit.framework.AssertionFailedError: Output from "cmd phone sms set-default-app --user 0 com.android.cts.appbinding.app.b" didn't match "^SMS \s app \s set \s to \s \Qcom.android.cts.appbinding.app.b\E$"
	at junit.framework.Assert.fail(Assert.java:57)
	at junit.framework.TestCase.fail(TestCase.java:227)
	at com.android.cts.appbinding.AppBindingHostTest.runCommand(AppBindingHostTest.java:107)
	at com.android.cts.appbinding.AppBindingHostTest.runCommand(AppBindingHostTest.java:86)
	at com.android.cts.appbinding.AppBindingHostTest.setSmsApp(AppBindingHostTest.java:165)
	at com.android.cts.appbinding.AppBindingHostTest.installAndCheckBound(AppBindingHostTest.java:223)
	at com.android.cts.appbinding.AppBindingHostTest.testSimpleBindB(AppBindingHostTest.java:362)
	at sun.reflect.NativeMethodAccessorImpl.invoke0(Native Method)
	at sun.reflect.NativeMethodAccessorImpl.invoke(NativeMethodAccessorImpl.java:62)
	at sun.reflect.DelegatingMethodAccessorImpl.invoke(DelegatingMethodAccessorImpl.java:43)
	at java.lang.reflect.Method.invoke(Method.java:498)
	at junit.framework.TestCase.runTest(TestCase.java:176)
	at junit.framework.TestCase.runBare(TestCase.java:141)
	at com.android.tradefed.testtype.DeviceTestResult$1.protect(DeviceTestResult.java:90)
	at com.android.tradefed.testtype.DeviceTestResult.runProtected(DeviceTestResult.java:65)
	at com.android.tradefed.testtype.DeviceTestResult.run(DeviceTestResult.java:94)
	at junit.framework.TestCase.run(TestCase.java:129)
	at com.android.tradefed.testtype.DeviceTestCase.run(DeviceTestCase.java:181)
	at com.android.tradefed.testtype.JUnitRunUtil.runTest(JUnitRunUtil.java:53)
	at com.android.tradefed.testtype.JUnitRunUtil.runTest(JUnitRunUtil.java:37)
	at com.android.tradefed.testtype.DeviceTestCase.run(DeviceTestCase.java:146)
	at com.android.tradefed.testtype.HostTest.runRemoteTest(HostTest.java:608)
	at com.android.tradefed.testtype.HostTest.runTestClasses(HostTest.java:535)
	at com.android.tradefed.testtype.HostTest.run(HostTest.java:525)
	at com.android.compatibility.common.tradefed.testtype.JarHostTest.run(JarHostTest.java:53)
	at com.android.tradefed.testtype.suite.GranularRetriableTestWrapper.intraModuleRun(GranularRetriableTestWrapper.java:413)
	at com.android.tradefed.testtype.suite.GranularRetriableTestWrapper.run(GranularRetriableTestWrapper.java:229)
	at com.android.tradefed.testtype.suite.ModuleDefinition.run(ModuleDefinition.java:466)
	at com.android.tradefed.testtype.suite.ITestSuite.runSingleModule(ITestSuite.java:691)
	at com.android.tradefed.testtype.suite.ITestSuite.run(ITestSuite.java:592)
	at com.android.tradefed.invoker.InvocationExecution.runTests(InvocationExecution.java:480)
	at com.android.tradefed.invoker.TestInvocation.prepareAndRun(TestInvocation.java:380)
	at com.android.tradefed.invoker.TestInvocation.performInvocation(TestInvocation.java:230)
	at com.android.tradefed.invoker.TestInvocation.invoke(TestInvocation.java:754)
	at com.android.tradefed.command.CommandScheduler$InvocationThread.run(CommandScheduler.java:591)
</StackTrace>
        </Failure>
      </Test>
      <Test result="fail" name="testSimpleNotBound3">
        <Failure message='junit.framework.AssertionFailedError: Output from "cmd phone sms set-default-app --user 0 com.android.cts.appbinding.app" didn&apos;t match "^SMS \s app \s set \s to \s \Qcom.android.cts.appbinding.app\E$"'>
          <StackTrace>junit.framework.AssertionFailedError: Output from "cmd phone sms set-default-app --user 0 com.android.cts.appbinding.app" didn't match "^SMS \s app \s set \s to \s \Qcom.android.cts.appbinding.app\E$"
	at junit.framework.Assert.fail(Assert.java:57)
	at junit.framework.TestCase.fail(TestCase.java:227)
	at com.android.cts.appbinding.AppBindingHostTest.runCommand(AppBindingHostTest.java:107)
	at com.android.cts.appbinding.AppBindingHostTest.runCommand(AppBindingHostTest.java:86)
	at com.android.cts.appbinding.AppBindingHostTest.setSmsApp(AppBindingHostTest.java:165)
	at com.android.cts.appbinding.AppBindingHostTest.installAndCheckNotBound(AppBindingHostTest.java:253)
	at com.android.cts.appbinding.AppBindingHostTest.testSimpleNotBound3(AppBindingHostTest.java:374)
	at sun.reflect.NativeMethodAccessorImpl.invoke0(Native Method)
	at sun.reflect.NativeMethodAccessorImpl.invoke(NativeMethodAccessorImpl.java:62)
	at sun.reflect.DelegatingMethodAccessorImpl.invoke(DelegatingMethodAccessorImpl.java:43)
	at java.lang.reflect.Method.invoke(Method.java:498)
	at junit.framework.TestCase.runTest(TestCase.java:176)
	at junit.framework.TestCase.runBare(TestCase.java:141)
	at com.android.tradefed.testtype.DeviceTestResult$1.protect(DeviceTestResult.java:90)
	at com.android.tradefed.testtype.DeviceTestResult.runProtected(DeviceTestResult.java:65)
	at com.android.tradefed.testtype.DeviceTestResult.run(DeviceTestResult.java:94)
	at junit.framework.TestCase.run(TestCase.java:129)
	at com.android.tradefed.testtype.DeviceTestCase.run(DeviceTestCase.java:181)
	at com.android.tradefed.testtype.JUnitRunUtil.runTest(JUnitRunUtil.java:53)
	at com.android.tradefed.testtype.JUnitRunUtil.runTest(JUnitRunUtil.java:37)
	at com.android.tradefed.testtype.DeviceTestCase.run(DeviceTestCase.java:146)
	at com.android.tradefed.testtype.HostTest.runRemoteTest(HostTest.java:608)
	at com.android.tradefed.testtype.HostTest.runTestClasses(HostTest.java:535)
	at com.android.tradefed.testtype.HostTest.run(HostTest.java:525)
	at com.android.compatibility.common.tradefed.testtype.JarHostTest.run(JarHostTest.java:53)
	at com.android.tradefed.testtype.suite.GranularRetriableTestWrapper.intraModuleRun(GranularRetriableTestWrapper.java:413)
	at com.android.tradefed.testtype.suite.GranularRetriableTestWrapper.run(GranularRetriableTestWrapper.java:229)
	at com.android.tradefed.testtype.suite.ModuleDefinition.run(ModuleDefinition.java:466)
	at com.android.tradefed.testtype.suite.ITestSuite.runSingleModule(ITestSuite.java:691)
	at com.android.tradefed.testtype.suite.ITestSuite.run(ITestSuite.java:592)
	at com.android.tradefed.invoker.InvocationExecution.runTests(InvocationExecution.java:480)
	at com.android.tradefed.invoker.TestInvocation.prepareAndRun(TestInvocation.java:380)
	at com.android.tradefed.invoker.TestInvocation.performInvocation(TestInvocation.java:230)
	at com.android.tradefed.invoker.TestInvocation.invoke(TestInvocation.java:754)
	at com.android.tradefed.command.CommandScheduler$InvocationThread.run(CommandScheduler.java:591)
</StackTrace>
        </Failure>
      </Test>
      <Test result="fail" name="testSimpleNotBound4">
        <Failure message='junit.framework.AssertionFailedError: Output from "cmd phone sms set-default-app --user 0 com.android.cts.appbinding.app" didn&apos;t match "^SMS \s app \s set \s to \s \Qcom.android.cts.appbinding.app\E$"'>
          <StackTrace>junit.framework.AssertionFailedError: Output from "cmd phone sms set-default-app --user 0 com.android.cts.appbinding.app" didn't match "^SMS \s app \s set \s to \s \Qcom.android.cts.appbinding.app\E$"
	at junit.framework.Assert.fail(Assert.java:57)
	at junit.framework.TestCase.fail(TestCase.java:227)
	at com.android.cts.appbinding.AppBindingHostTest.runCommand(AppBindingHostTest.java:107)
	at com.android.cts.appbinding.AppBindingHostTest.runCommand(AppBindingHostTest.java:86)
	at com.android.cts.appbinding.AppBindingHostTest.setSmsApp(AppBindingHostTest.java:165)
	at com.android.cts.appbinding.AppBindingHostTest.installAndCheckNotBound(AppBindingHostTest.java:253)
	at com.android.cts.appbinding.AppBindingHostTest.testSimpleNotBound4(AppBindingHostTest.java:387)
	at sun.reflect.NativeMethodAccessorImpl.invoke0(Native Method)
	at sun.reflect.NativeMethodAccessorImpl.invoke(NativeMethodAccessorImpl.java:62)
	at sun.reflect.DelegatingMethodAccessorImpl.invoke(DelegatingMethodAccessorImpl.java:43)
	at java.lang.reflect.Method.invoke(Method.java:498)
	at junit.framework.TestCase.runTest(TestCase.java:176)
	at junit.framework.TestCase.runBare(TestCase.java:141)
	at com.android.tradefed.testtype.DeviceTestResult$1.protect(DeviceTestResult.java:90)
	at com.android.tradefed.testtype.DeviceTestResult.runProtected(DeviceTestResult.java:65)
	at com.android.tradefed.testtype.DeviceTestResult.run(DeviceTestResult.java:94)
	at junit.framework.TestCase.run(TestCase.java:129)
	at com.android.tradefed.testtype.DeviceTestCase.run(DeviceTestCase.java:181)
	at com.android.tradefed.testtype.JUnitRunUtil.runTest(JUnitRunUtil.java:53)
	at com.android.tradefed.testtype.JUnitRunUtil.runTest(JUnitRunUtil.java:37)
	at com.android.tradefed.testtype.DeviceTestCase.run(DeviceTestCase.java:146)
	at com.android.tradefed.testtype.HostTest.runRemoteTest(HostTest.java:608)
	at com.android.tradefed.testtype.HostTest.runTestClasses(HostTest.java:535)
	at com.android.tradefed.testtype.HostTest.run(HostTest.java:525)
	at com.android.compatibility.common.tradefed.testtype.JarHostTest.run(JarHostTest.java:53)
	at com.android.tradefed.testtype.suite.GranularRetriableTestWrapper.intraModuleRun(GranularRetriableTestWrapper.java:413)
	at com.android.tradefed.testtype.suite.GranularRetriableTestWrapper.run(GranularRetriableTestWrapper.java:229)
	at com.android.tradefed.testtype.suite.ModuleDefinition.run(ModuleDefinition.java:466)
	at com.android.tradefed.testtype.suite.ITestSuite.runSingleModule(ITestSuite.java:691)
	at com.android.tradefed.testtype.suite.ITestSuite.run(ITestSuite.java:592)
	at com.android.tradefed.invoker.InvocationExecution.runTests(InvocationExecution.java:480)
	at com.android.tradefed.invoker.TestInvocation.prepareAndRun(TestInvocation.java:380)
	at com.android.tradefed.invoker.TestInvocation.performInvocation(TestInvocation.java:230)
	at com.android.tradefed.invoker.TestInvocation.invoke(TestInvocation.java:754)
	at com.android.tradefed.command.CommandScheduler$InvocationThread.run(CommandScheduler.java:591)
</StackTrace>
        </Failure>
      </Test>
      <Test result="fail" name="testSimpleNotBound5">
        <Failure message='junit.framework.AssertionFailedError: Output from "cmd phone sms set-default-app --user 0 com.android.cts.appbinding.app" didn&apos;t match "^SMS \s app \s set \s to \s \Qcom.android.cts.appbinding.app\E$"'>
          <StackTrace>junit.framework.AssertionFailedError: Output from "cmd phone sms set-default-app --user 0 com.android.cts.appbinding.app" didn't match "^SMS \s app \s set \s to \s \Qcom.android.cts.appbinding.app\E$"
	at junit.framework.Assert.fail(Assert.java:57)
	at junit.framework.TestCase.fail(TestCase.java:227)
	at com.android.cts.appbinding.AppBindingHostTest.runCommand(AppBindingHostTest.java:107)
	at com.android.cts.appbinding.AppBindingHostTest.runCommand(AppBindingHostTest.java:86)
	at com.android.cts.appbinding.AppBindingHostTest.setSmsApp(AppBindingHostTest.java:165)
	at com.android.cts.appbinding.AppBindingHostTest.installAndCheckNotBound(AppBindingHostTest.java:253)
	at com.android.cts.appbinding.AppBindingHostTest.testSimpleNotBound5(AppBindingHostTest.java:399)
	at sun.reflect.NativeMethodAccessorImpl.invoke0(Native Method)
	at sun.reflect.NativeMethodAccessorImpl.invoke(NativeMethodAccessorImpl.java:62)
	at sun.reflect.DelegatingMethodAccessorImpl.invoke(DelegatingMethodAccessorImpl.java:43)
	at java.lang.reflect.Method.invoke(Method.java:498)
	at junit.framework.TestCase.runTest(TestCase.java:176)
	at junit.framework.TestCase.runBare(TestCase.java:141)
	at com.android.tradefed.testtype.DeviceTestResult$1.protect(DeviceTestResult.java:90)
	at com.android.tradefed.testtype.DeviceTestResult.runProtected(DeviceTestResult.java:65)
	at com.android.tradefed.testtype.DeviceTestResult.run(DeviceTestResult.java:94)
	at junit.framework.TestCase.run(TestCase.java:129)
	at com.android.tradefed.testtype.DeviceTestCase.run(DeviceTestCase.java:181)
	at com.android.tradefed.testtype.JUnitRunUtil.runTest(JUnitRunUtil.java:53)
	at com.android.tradefed.testtype.JUnitRunUtil.runTest(JUnitRunUtil.java:37)
	at com.android.tradefed.testtype.DeviceTestCase.run(DeviceTestCase.java:146)
	at com.android.tradefed.testtype.HostTest.runRemoteTest(HostTest.java:608)
	at com.android.tradefed.testtype.HostTest.runTestClasses(HostTest.java:535)
	at com.android.tradefed.testtype.HostTest.run(HostTest.java:525)
	at com.android.compatibility.common.tradefed.testtype.JarHostTest.run(JarHostTest.java:53)
	at com.android.tradefed.testtype.suite.GranularRetriableTestWrapper.intraModuleRun(GranularRetriableTestWrapper.java:413)
	at com.android.tradefed.testtype.suite.GranularRetriableTestWrapper.run(GranularRetriableTestWrapper.java:229)
	at com.android.tradefed.testtype.suite.ModuleDefinition.run(ModuleDefinition.java:466)
	at com.android.tradefed.testtype.suite.ITestSuite.runSingleModule(ITestSuite.java:691)
	at com.android.tradefed.testtype.suite.ITestSuite.run(ITestSuite.java:592)
	at com.android.tradefed.invoker.InvocationExecution.runTests(InvocationExecution.java:480)
	at com.android.tradefed.invoker.TestInvocation.prepareAndRun(TestInvocation.java:380)
	at com.android.tradefed.invoker.TestInvocation.performInvocation(TestInvocation.java:230)
	at com.android.tradefed.invoker.TestInvocation.invoke(TestInvocation.java:754)
	at com.android.tradefed.command.CommandScheduler$InvocationThread.run(CommandScheduler.java:591)
</StackTrace>
        </Failure>
      </Test>
      <Test result="fail" name="testSimpleNotBound6">
        <Failure message='junit.framework.AssertionFailedError: Output from "cmd phone sms set-default-app --user 0 com.android.cts.appbinding.app" didn&apos;t match "^SMS \s app \s set \s to \s \Qcom.android.cts.appbinding.app\E$"'>
          <StackTrace>junit.framework.AssertionFailedError: Output from "cmd phone sms set-default-app --user 0 com.android.cts.appbinding.app" didn't match "^SMS \s app \s set \s to \s \Qcom.android.cts.appbinding.app\E$"
	at junit.framework.Assert.fail(Assert.java:57)
	at junit.framework.TestCase.fail(TestCase.java:227)
	at com.android.cts.appbinding.AppBindingHostTest.runCommand(AppBindingHostTest.java:107)
	at com.android.cts.appbinding.AppBindingHostTest.runCommand(AppBindingHostTest.java:86)
	at com.android.cts.appbinding.AppBindingHostTest.setSmsApp(AppBindingHostTest.java:165)
	at com.android.cts.appbinding.AppBindingHostTest.installAndCheckNotBound(AppBindingHostTest.java:253)
	at com.android.cts.appbinding.AppBindingHostTest.testSimpleNotBound6(AppBindingHostTest.java:412)
	at sun.reflect.NativeMethodAccessorImpl.invoke0(Native Method)
	at sun.reflect.NativeMethodAccessorImpl.invoke(NativeMethodAccessorImpl.java:62)
	at sun.reflect.DelegatingMethodAccessorImpl.invoke(DelegatingMethodAccessorImpl.java:43)
	at java.lang.reflect.Method.invoke(Method.java:498)
	at junit.framework.TestCase.runTest(TestCase.java:176)
	at junit.framework.TestCase.runBare(TestCase.java:141)
	at com.android.tradefed.testtype.DeviceTestResult$1.protect(DeviceTestResult.java:90)
	at com.android.tradefed.testtype.DeviceTestResult.runProtected(DeviceTestResult.java:65)
	at com.android.tradefed.testtype.DeviceTestResult.run(DeviceTestResult.java:94)
	at junit.framework.TestCase.run(TestCase.java:129)
	at com.android.tradefed.testtype.DeviceTestCase.run(DeviceTestCase.java:181)
	at com.android.tradefed.testtype.JUnitRunUtil.runTest(JUnitRunUtil.java:53)
	at com.android.tradefed.testtype.JUnitRunUtil.runTest(JUnitRunUtil.java:37)
	at com.android.tradefed.testtype.DeviceTestCase.run(DeviceTestCase.java:146)
	at com.android.tradefed.testtype.HostTest.runRemoteTest(HostTest.java:608)
	at com.android.tradefed.testtype.HostTest.runTestClasses(HostTest.java:535)
	at com.android.tradefed.testtype.HostTest.run(HostTest.java:525)
	at com.android.compatibility.common.tradefed.testtype.JarHostTest.run(JarHostTest.java:53)
	at com.android.tradefed.testtype.suite.GranularRetriableTestWrapper.intraModuleRun(GranularRetriableTestWrapper.java:413)
	at com.android.tradefed.testtype.suite.GranularRetriableTestWrapper.run(GranularRetriableTestWrapper.java:229)
	at com.android.tradefed.testtype.suite.ModuleDefinition.run(ModuleDefinition.java:466)
	at com.android.tradefed.testtype.suite.ITestSuite.runSingleModule(ITestSuite.java:691)
	at com.android.tradefed.testtype.suite.ITestSuite.run(ITestSuite.java:592)
	at com.android.tradefed.invoker.InvocationExecution.runTests(InvocationExecution.java:480)
	at com.android.tradefed.invoker.TestInvocation.prepareAndRun(TestInvocation.java:380)
	at com.android.tradefed.invoker.TestInvocation.performInvocation(TestInvocation.java:230)
	at com.android.tradefed.invoker.TestInvocation.invoke(TestInvocation.java:754)
	at com.android.tradefed.command.CommandScheduler$InvocationThread.run(CommandScheduler.java:591)
</StackTrace>
        </Failure>
      </Test>
      <Test result="fail" name="testUpgrade">
        <Failure message='junit.framework.AssertionFailedError: Output from "cmd phone sms set-default-app --user 0 com.android.cts.appbinding.app" didn&apos;t match "^SMS \s app \s set \s to \s \Qcom.android.cts.appbinding.app\E$"'>
          <StackTrace>junit.framework.AssertionFailedError: Output from "cmd phone sms set-default-app --user 0 com.android.cts.appbinding.app" didn't match "^SMS \s app \s set \s to \s \Qcom.android.cts.appbinding.app\E$"
	at junit.framework.Assert.fail(Assert.java:57)
	at junit.framework.TestCase.fail(TestCase.java:227)
	at com.android.cts.appbinding.AppBindingHostTest.runCommand(AppBindingHostTest.java:107)
	at com.android.cts.appbinding.AppBindingHostTest.runCommand(AppBindingHostTest.java:86)
	at com.android.cts.appbinding.AppBindingHostTest.setSmsApp(AppBindingHostTest.java:165)
	at com.android.cts.appbinding.AppBindingHostTest.installAndCheckBound(AppBindingHostTest.java:223)
	at com.android.cts.appbinding.AppBindingHostTest.testUpgrade(AppBindingHostTest.java:426)
	at sun.reflect.NativeMethodAccessorImpl.invoke0(Native Method)
	at sun.reflect.NativeMethodAccessorImpl.invoke(NativeMethodAccessorImpl.java:62)
	at sun.reflect.DelegatingMethodAccessorImpl.invoke(DelegatingMethodAccessorImpl.java:43)
	at java.lang.reflect.Method.invoke(Method.java:498)
	at junit.framework.TestCase.runTest(TestCase.java:176)
	at junit.framework.TestCase.runBare(TestCase.java:141)
	at com.android.tradefed.testtype.DeviceTestResult$1.protect(DeviceTestResult.java:90)
	at com.android.tradefed.testtype.DeviceTestResult.runProtected(DeviceTestResult.java:65)
	at com.android.tradefed.testtype.DeviceTestResult.run(DeviceTestResult.java:94)
	at junit.framework.TestCase.run(TestCase.java:129)
	at com.android.tradefed.testtype.DeviceTestCase.run(DeviceTestCase.java:181)
	at com.android.tradefed.testtype.JUnitRunUtil.runTest(JUnitRunUtil.java:53)
	at com.android.tradefed.testtype.JUnitRunUtil.runTest(JUnitRunUtil.java:37)
	at com.android.tradefed.testtype.DeviceTestCase.run(DeviceTestCase.java:146)
	at com.android.tradefed.testtype.HostTest.runRemoteTest(HostTest.java:608)
	at com.android.tradefed.testtype.HostTest.runTestClasses(HostTest.java:535)
	at com.android.tradefed.testtype.HostTest.run(HostTest.java:525)
	at com.android.compatibility.common.tradefed.testtype.JarHostTest.run(JarHostTest.java:53)
	at com.android.tradefed.testtype.suite.GranularRetriableTestWrapper.intraModuleRun(GranularRetriableTestWrapper.java:413)
	at com.android.tradefed.testtype.suite.GranularRetriableTestWrapper.run(GranularRetriableTestWrapper.java:229)
	at com.android.tradefed.testtype.suite.ModuleDefinition.run(ModuleDefinition.java:466)
	at com.android.tradefed.testtype.suite.ITestSuite.runSingleModule(ITestSuite.java:691)
	at com.android.tradefed.testtype.suite.ITestSuite.run(ITestSuite.java:592)
	at com.android.tradefed.invoker.InvocationExecution.runTests(InvocationExecution.java:480)
	at com.android.tradefed.invoker.TestInvocation.prepareAndRun(TestInvocation.java:380)
	at com.android.tradefed.invoker.TestInvocation.performInvocation(TestInvocation.java:230)
	at com.android.tradefed.invoker.TestInvocation.invoke(TestInvocation.java:754)
	at com.android.tradefed.command.CommandScheduler$InvocationThread.run(CommandScheduler.java:591)
</StackTrace>
        </Failure>
      </Test>
      <Test result="fail" name="testUninstall">
        <Failure message='junit.framework.AssertionFailedError: Output from "cmd phone sms set-default-app --user 0 com.android.cts.appbinding.app" didn&apos;t match "^SMS \s app \s set \s to \s \Qcom.android.cts.appbinding.app\E$"'>
          <StackTrace>junit.framework.AssertionFailedError: Output from "cmd phone sms set-default-app --user 0 com.android.cts.appbinding.app" didn't match "^SMS \s app \s set \s to \s \Qcom.android.cts.appbinding.app\E$"
	at junit.framework.Assert.fail(Assert.java:57)
	at junit.framework.TestCase.fail(TestCase.java:227)
	at com.android.cts.appbinding.AppBindingHostTest.runCommand(AppBindingHostTest.java:107)
	at com.android.cts.appbinding.AppBindingHostTest.runCommand(AppBindingHostTest.java:86)
	at com.android.cts.appbinding.AppBindingHostTest.setSmsApp(AppBindingHostTest.java:165)
	at com.android.cts.appbinding.AppBindingHostTest.installAndCheckBound(AppBindingHostTest.java:223)
	at com.android.cts.appbinding.AppBindingHostTest.testUninstall(AppBindingHostTest.java:444)
	at sun.reflect.NativeMethodAccessorImpl.invoke0(Native Method)
	at sun.reflect.NativeMethodAccessorImpl.invoke(NativeMethodAccessorImpl.java:62)
	at sun.reflect.DelegatingMethodAccessorImpl.invoke(DelegatingMethodAccessorImpl.java:43)
	at java.lang.reflect.Method.invoke(Method.java:498)
	at junit.framework.TestCase.runTest(TestCase.java:176)
	at junit.framework.TestCase.runBare(TestCase.java:141)
	at com.android.tradefed.testtype.DeviceTestResult$1.protect(DeviceTestResult.java:90)
	at com.android.tradefed.testtype.DeviceTestResult.runProtected(DeviceTestResult.java:65)
	at com.android.tradefed.testtype.DeviceTestResult.run(DeviceTestResult.java:94)
	at junit.framework.TestCase.run(TestCase.java:129)
	at com.android.tradefed.testtype.DeviceTestCase.run(DeviceTestCase.java:181)
	at com.android.tradefed.testtype.JUnitRunUtil.runTest(JUnitRunUtil.java:53)
	at com.android.tradefed.testtype.JUnitRunUtil.runTest(JUnitRunUtil.java:37)
	at com.android.tradefed.testtype.DeviceTestCase.run(DeviceTestCase.java:146)
	at com.android.tradefed.testtype.HostTest.runRemoteTest(HostTest.java:608)
	at com.android.tradefed.testtype.HostTest.runTestClasses(HostTest.java:535)
	at com.android.tradefed.testtype.HostTest.run(HostTest.java:525)
	at com.android.compatibility.common.tradefed.testtype.JarHostTest.run(JarHostTest.java:53)
	at com.android.tradefed.testtype.suite.GranularRetriableTestWrapper.intraModuleRun(GranularRetriableTestWrapper.java:413)
	at com.android.tradefed.testtype.suite.GranularRetriableTestWrapper.run(GranularRetriableTestWrapper.java:229)
	at com.android.tradefed.testtype.suite.ModuleDefinition.run(ModuleDefinition.java:466)
	at com.android.tradefed.testtype.suite.ITestSuite.runSingleModule(ITestSuite.java:691)
	at com.android.tradefed.testtype.suite.ITestSuite.run(ITestSuite.java:592)
	at com.android.tradefed.invoker.InvocationExecution.runTests(InvocationExecution.java:480)
	at com.android.tradefed.invoker.TestInvocation.prepareAndRun(TestInvocation.java:380)
	at com.android.tradefed.invoker.TestInvocation.performInvocation(TestInvocation.java:230)
	at com.android.tradefed.invoker.TestInvocation.invoke(TestInvocation.java:754)
	at com.android.tradefed.command.CommandScheduler$InvocationThread.run(CommandScheduler.java:591)
</StackTrace>
        </Failure>
      </Test>
      <Test result="fail" name="testSwitchDefaultApp">
        <Failure message='junit.framework.AssertionFailedError: Output from "cmd phone sms set-default-app --user 0 com.android.cts.appbinding.app" didn&apos;t match "^SMS \s app \s set \s to \s \Qcom.android.cts.appbinding.app\E$"'>
          <StackTrace>junit.framework.AssertionFailedError: Output from "cmd phone sms set-default-app --user 0 com.android.cts.appbinding.app" didn't match "^SMS \s app \s set \s to \s \Qcom.android.cts.appbinding.app\E$"
	at junit.framework.Assert.fail(Assert.java:57)
	at junit.framework.TestCase.fail(TestCase.java:227)
	at com.android.cts.appbinding.AppBindingHostTest.runCommand(AppBindingHostTest.java:107)
	at com.android.cts.appbinding.AppBindingHostTest.runCommand(AppBindingHostTest.java:86)
	at com.android.cts.appbinding.AppBindingHostTest.setSmsApp(AppBindingHostTest.java:165)
	at com.android.cts.appbinding.AppBindingHostTest.installAndCheckBound(AppBindingHostTest.java:223)
	at com.android.cts.appbinding.AppBindingHostTest.testSwitchDefaultApp(AppBindingHostTest.java:467)
	at sun.reflect.NativeMethodAccessorImpl.invoke0(Native Method)
	at sun.reflect.NativeMethodAccessorImpl.invoke(NativeMethodAccessorImpl.java:62)
	at sun.reflect.DelegatingMethodAccessorImpl.invoke(DelegatingMethodAccessorImpl.java:43)
	at java.lang.reflect.Method.invoke(Method.java:498)
	at junit.framework.TestCase.runTest(TestCase.java:176)
	at junit.framework.TestCase.runBare(TestCase.java:141)
	at com.android.tradefed.testtype.DeviceTestResult$1.protect(DeviceTestResult.java:90)
	at com.android.tradefed.testtype.DeviceTestResult.runProtected(DeviceTestResult.java:65)
	at com.android.tradefed.testtype.DeviceTestResult.run(DeviceTestResult.java:94)
	at junit.framework.TestCase.run(TestCase.java:129)
	at com.android.tradefed.testtype.DeviceTestCase.run(DeviceTestCase.java:181)
	at com.android.tradefed.testtype.JUnitRunUtil.runTest(JUnitRunUtil.java:53)
	at com.android.tradefed.testtype.JUnitRunUtil.runTest(JUnitRunUtil.java:37)
	at com.android.tradefed.testtype.DeviceTestCase.run(DeviceTestCase.java:146)
	at com.android.tradefed.testtype.HostTest.runRemoteTest(HostTest.java:608)
	at com.android.tradefed.testtype.HostTest.runTestClasses(HostTest.java:535)
	at com.android.tradefed.testtype.HostTest.run(HostTest.java:525)
	at com.android.compatibility.common.tradefed.testtype.JarHostTest.run(JarHostTest.java:53)
	at com.android.tradefed.testtype.suite.GranularRetriableTestWrapper.intraModuleRun(GranularRetriableTestWrapper.java:413)
	at com.android.tradefed.testtype.suite.GranularRetriableTestWrapper.run(GranularRetriableTestWrapper.java:229)
	at com.android.tradefed.testtype.suite.ModuleDefinition.run(ModuleDefinition.java:466)
	at com.android.tradefed.testtype.suite.ITestSuite.runSingleModule(ITestSuite.java:691)
	at com.android.tradefed.testtype.suite.ITestSuite.run(ITestSuite.java:592)
	at com.android.tradefed.invoker.InvocationExecution.runTests(InvocationExecution.java:480)
	at com.android.tradefed.invoker.TestInvocation.prepareAndRun(TestInvocation.java:380)
	at com.android.tradefed.invoker.TestInvocation.performInvocation(TestInvocation.java:230)
	at com.android.tradefed.invoker.TestInvocation.invoke(TestInvocation.java:754)
	at com.android.tradefed.command.CommandScheduler$InvocationThread.run(CommandScheduler.java:591)
</StackTrace>
        </Failure>
      </Test>
      <Test result="fail" name="testSecondaryUser">
        <Failure message='junit.framework.AssertionFailedError: Output from "cmd phone sms set-default-app --user 0 com.android.cts.appbinding.app" didn&apos;t match "^SMS \s app \s set \s to \s \Qcom.android.cts.appbinding.app\E$"'>
          <StackTrace>junit.framework.AssertionFailedError: Output from "cmd phone sms set-default-app --user 0 com.android.cts.appbinding.app" didn't match "^SMS \s app \s set \s to \s \Qcom.android.cts.appbinding.app\E$"
	at junit.framework.Assert.fail(Assert.java:57)
	at junit.framework.TestCase.fail(TestCase.java:227)
	at com.android.cts.appbinding.AppBindingHostTest.runCommand(AppBindingHostTest.java:107)
	at com.android.cts.appbinding.AppBindingHostTest.runCommand(AppBindingHostTest.java:86)
	at com.android.cts.appbinding.AppBindingHostTest.setSmsApp(AppBindingHostTest.java:165)
	at com.android.cts.appbinding.AppBindingHostTest.installAndCheckBound(AppBindingHostTest.java:223)
	at com.android.cts.appbinding.AppBindingHostTest.testSecondaryUser(AppBindingHostTest.java:497)
	at sun.reflect.NativeMethodAccessorImpl.invoke0(Native Method)
	at sun.reflect.NativeMethodAccessorImpl.invoke(NativeMethodAccessorImpl.java:62)
	at sun.reflect.DelegatingMethodAccessorImpl.invoke(DelegatingMethodAccessorImpl.java:43)
	at java.lang.reflect.Method.invoke(Method.java:498)
	at junit.framework.TestCase.runTest(TestCase.java:176)
	at junit.framework.TestCase.runBare(TestCase.java:141)
	at com.android.tradefed.testtype.DeviceTestResult$1.protect(DeviceTestResult.java:90)
	at com.android.tradefed.testtype.DeviceTestResult.runProtected(DeviceTestResult.java:65)
	at com.android.tradefed.testtype.DeviceTestResult.run(DeviceTestResult.java:94)
	at junit.framework.TestCase.run(TestCase.java:129)
	at com.android.tradefed.testtype.DeviceTestCase.run(DeviceTestCase.java:181)
	at com.android.tradefed.testtype.JUnitRunUtil.runTest(JUnitRunUtil.java:53)
	at com.android.tradefed.testtype.JUnitRunUtil.runTest(JUnitRunUtil.java:37)
	at com.android.tradefed.testtype.DeviceTestCase.run(DeviceTestCase.java:146)
	at com.android.tradefed.testtype.HostTest.runRemoteTest(HostTest.java:608)
	at com.android.tradefed.testtype.HostTest.runTestClasses(HostTest.java:535)
	at com.android.tradefed.testtype.HostTest.run(HostTest.java:525)
	at com.android.compatibility.common.tradefed.testtype.JarHostTest.run(JarHostTest.java:53)
	at com.android.tradefed.testtype.suite.GranularRetriableTestWrapper.intraModuleRun(GranularRetriableTestWrapper.java:413)
	at com.android.tradefed.testtype.suite.GranularRetriableTestWrapper.run(GranularRetriableTestWrapper.java:229)
	at com.android.tradefed.testtype.suite.ModuleDefinition.run(ModuleDefinition.java:466)
	at com.android.tradefed.testtype.suite.ITestSuite.runSingleModule(ITestSuite.java:691)
	at com.android.tradefed.testtype.suite.ITestSuite.run(ITestSuite.java:592)
	at com.android.tradefed.invoker.InvocationExecution.runTests(InvocationExecution.java:480)
	at com.android.tradefed.invoker.TestInvocation.prepareAndRun(TestInvocation.java:380)
	at com.android.tradefed.invoker.TestInvocation.performInvocation(TestInvocation.java:230)
	at com.android.tradefed.invoker.TestInvocation.invoke(TestInvocation.java:754)
	at com.android.tradefed.command.CommandScheduler$InvocationThread.run(CommandScheduler.java:591)
</StackTrace>
        </Failure>
      </Test>
      <Test result="fail" name="testCrashAndAutoRebind">
        <Failure message='junit.framework.AssertionFailedError: Output from "cmd phone sms set-default-app --user 0 com.android.cts.appbinding.app" didn&apos;t match "^SMS \s app \s set \s to \s \Qcom.android.cts.appbinding.app\E$"'>
          <StackTrace>junit.framework.AssertionFailedError: Output from "cmd phone sms set-default-app --user 0 com.android.cts.appbinding.app" didn't match "^SMS \s app \s set \s to \s \Qcom.android.cts.appbinding.app\E$"
	at junit.framework.Assert.fail(Assert.java:57)
	at junit.framework.TestCase.fail(TestCase.java:227)
	at com.android.cts.appbinding.AppBindingHostTest.runCommand(AppBindingHostTest.java:107)
	at com.android.cts.appbinding.AppBindingHostTest.runCommand(AppBindingHostTest.java:86)
	at com.android.cts.appbinding.AppBindingHostTest.setSmsApp(AppBindingHostTest.java:165)
	at com.android.cts.appbinding.AppBindingHostTest.installAndCheckBound(AppBindingHostTest.java:223)
	at com.android.cts.appbinding.AppBindingHostTest.testCrashAndAutoRebind(AppBindingHostTest.java:553)
	at sun.reflect.NativeMethodAccessorImpl.invoke0(Native Method)
	at sun.reflect.NativeMethodAccessorImpl.invoke(NativeMethodAccessorImpl.java:62)
	at sun.reflect.DelegatingMethodAccessorImpl.invoke(DelegatingMethodAccessorImpl.java:43)
	at java.lang.reflect.Method.invoke(Method.java:498)
	at junit.framework.TestCase.runTest(TestCase.java:176)
	at junit.framework.TestCase.runBare(TestCase.java:141)
	at com.android.tradefed.testtype.DeviceTestResult$1.protect(DeviceTestResult.java:90)
	at com.android.tradefed.testtype.DeviceTestResult.runProtected(DeviceTestResult.java:65)
	at com.android.tradefed.testtype.DeviceTestResult.run(DeviceTestResult.java:94)
	at junit.framework.TestCase.run(TestCase.java:129)
	at com.android.tradefed.testtype.DeviceTestCase.run(DeviceTestCase.java:181)
	at com.android.tradefed.testtype.JUnitRunUtil.runTest(JUnitRunUtil.java:53)
	at com.android.tradefed.testtype.JUnitRunUtil.runTest(JUnitRunUtil.java:37)
	at com.android.tradefed.testtype.DeviceTestCase.run(DeviceTestCase.java:146)
	at com.android.tradefed.testtype.HostTest.runRemoteTest(HostTest.java:608)
	at com.android.tradefed.testtype.HostTest.runTestClasses(HostTest.java:535)
	at com.android.tradefed.testtype.HostTest.run(HostTest.java:525)
	at com.android.compatibility.common.tradefed.testtype.JarHostTest.run(JarHostTest.java:53)
	at com.android.tradefed.testtype.suite.GranularRetriableTestWrapper.intraModuleRun(GranularRetriableTestWrapper.java:413)
	at com.android.tradefed.testtype.suite.GranularRetriableTestWrapper.run(GranularRetriableTestWrapper.java:229)
	at com.android.tradefed.testtype.suite.ModuleDefinition.run(ModuleDefinition.java:466)
	at com.android.tradefed.testtype.suite.ITestSuite.runSingleModule(ITestSuite.java:691)
	at com.android.tradefed.testtype.suite.ITestSuite.run(ITestSuite.java:592)
	at com.android.tradefed.invoker.InvocationExecution.runTests(InvocationExecution.java:480)
	at com.android.tradefed.invoker.TestInvocation.prepareAndRun(TestInvocation.java:380)
	at com.android.tradefed.invoker.TestInvocation.performInvocation(TestInvocation.java:230)
	at com.android.tradefed.invoker.TestInvocation.invoke(TestInvocation.java:754)
	at com.android.tradefed.command.CommandScheduler$InvocationThread.run(CommandScheduler.java:591)
</StackTrace>
        </Failure>
      </Test>
      <Test result="fail" name="testFeatureDisabled">
        <Failure message='junit.framework.AssertionFailedError: Output from "cmd phone sms set-default-app --user 0 com.android.cts.appbinding.app" didn&apos;t match "^SMS \s app \s set \s to \s \Qcom.android.cts.appbinding.app\E$"'>
          <StackTrace>junit.framework.AssertionFailedError: Output from "cmd phone sms set-default-app --user 0 com.android.cts.appbinding.app" didn't match "^SMS \s app \s set \s to \s \Qcom.android.cts.appbinding.app\E$"
	at junit.framework.Assert.fail(Assert.java:57)
	at junit.framework.TestCase.fail(TestCase.java:227)
	at com.android.cts.appbinding.AppBindingHostTest.runCommand(AppBindingHostTest.java:107)
	at com.android.cts.appbinding.AppBindingHostTest.runCommand(AppBindingHostTest.java:86)
	at com.android.cts.appbinding.AppBindingHostTest.setSmsApp(AppBindingHostTest.java:165)
	at com.android.cts.appbinding.AppBindingHostTest.installAndCheckBound(AppBindingHostTest.java:223)
	at com.android.cts.appbinding.AppBindingHostTest.testFeatureDisabled(AppBindingHostTest.java:629)
	at sun.reflect.NativeMethodAccessorImpl.invoke0(Native Method)
	at sun.reflect.NativeMethodAccessorImpl.invoke(NativeMethodAccessorImpl.java:62)
	at sun.reflect.DelegatingMethodAccessorImpl.invoke(DelegatingMethodAccessorImpl.java:43)
	at java.lang.reflect.Method.invoke(Method.java:498)
	at junit.framework.TestCase.runTest(TestCase.java:176)
	at junit.framework.TestCase.runBare(TestCase.java:141)
	at com.android.tradefed.testtype.DeviceTestResult$1.protect(DeviceTestResult.java:90)
	at com.android.tradefed.testtype.DeviceTestResult.runProtected(DeviceTestResult.java:65)
	at com.android.tradefed.testtype.DeviceTestResult.run(DeviceTestResult.java:94)
	at junit.framework.TestCase.run(TestCase.java:129)
	at com.android.tradefed.testtype.DeviceTestCase.run(DeviceTestCase.java:181)
	at com.android.tradefed.testtype.JUnitRunUtil.runTest(JUnitRunUtil.java:53)
	at com.android.tradefed.testtype.JUnitRunUtil.runTest(JUnitRunUtil.java:37)
	at com.android.tradefed.testtype.DeviceTestCase.run(DeviceTestCase.java:146)
	at com.android.tradefed.testtype.HostTest.runRemoteTest(HostTest.java:608)
	at com.android.tradefed.testtype.HostTest.runTestClasses(HostTest.java:535)
	at com.android.tradefed.testtype.HostTest.run(HostTest.java:525)
	at com.android.compatibility.common.tradefed.testtype.JarHostTest.run(JarHostTest.java:53)
	at com.android.tradefed.testtype.suite.GranularRetriableTestWrapper.intraModuleRun(GranularRetriableTestWrapper.java:413)
	at com.android.tradefed.testtype.suite.GranularRetriableTestWrapper.run(GranularRetriableTestWrapper.java:229)
	at com.android.tradefed.testtype.suite.ModuleDefinition.run(ModuleDefinition.java:466)
	at com.android.tradefed.testtype.suite.ITestSuite.runSingleModule(ITestSuite.java:691)
	at com.android.tradefed.testtype.suite.ITestSuite.run(ITestSuite.java:592)
	at com.android.tradefed.invoker.InvocationExecution.runTests(InvocationExecution.java:480)
	at com.android.tradefed.invoker.TestInvocation.prepareAndRun(TestInvocation.java:380)
	at com.android.tradefed.invoker.TestInvocation.performInvocation(TestInvocation.java:230)
	at com.android.tradefed.invoker.TestInvocation.invoke(TestInvocation.java:754)
	at com.android.tradefed.command.CommandScheduler$InvocationThread.run(CommandScheduler.java:591)
</StackTrace>
        </Failure>
      </Test>
      <Test result="fail" name="testOomAdjustment">
        <Failure message='junit.framework.AssertionFailedError: Output from "cmd phone sms set-default-app --user 0 com.android.cts.appbinding.app" didn&apos;t match "^SMS \s app \s set \s to \s \Qcom.android.cts.appbinding.app\E$"'>
          <StackTrace>junit.framework.AssertionFailedError: Output from "cmd phone sms set-default-app --user 0 com.android.cts.appbinding.app" didn't match "^SMS \s app \s set \s to \s \Qcom.android.cts.appbinding.app\E$"
	at junit.framework.Assert.fail(Assert.java:57)
	at junit.framework.TestCase.fail(TestCase.java:227)
	at com.android.cts.appbinding.AppBindingHostTest.runCommand(AppBindingHostTest.java:107)
	at com.android.cts.appbinding.AppBindingHostTest.runCommand(AppBindingHostTest.java:86)
	at com.android.cts.appbinding.AppBindingHostTest.setSmsApp(AppBindingHostTest.java:165)
	at com.android.cts.appbinding.AppBindingHostTest.installAndCheckBound(AppBindingHostTest.java:223)
	at com.android.cts.appbinding.AppBindingHostTest.testOomAdjustment(AppBindingHostTest.java:650)
	at sun.reflect.NativeMethodAccessorImpl.invoke0(Native Method)
	at sun.reflect.NativeMethodAccessorImpl.invoke(NativeMethodAccessorImpl.java:62)
	at sun.reflect.DelegatingMethodAccessorImpl.invoke(DelegatingMethodAccessorImpl.java:43)
	at java.lang.reflect.Method.invoke(Method.java:498)
	at junit.framework.TestCase.runTest(TestCase.java:176)
	at junit.framework.TestCase.runBare(TestCase.java:141)
	at com.android.tradefed.testtype.DeviceTestResult$1.protect(DeviceTestResult.java:90)
	at com.android.tradefed.testtype.DeviceTestResult.runProtected(DeviceTestResult.java:65)
	at com.android.tradefed.testtype.DeviceTestResult.run(DeviceTestResult.java:94)
	at junit.framework.TestCase.run(TestCase.java:129)
	at com.android.tradefed.testtype.DeviceTestCase.run(DeviceTestCase.java:181)
	at com.android.tradefed.testtype.JUnitRunUtil.runTest(JUnitRunUtil.java:53)
	at com.android.tradefed.testtype.JUnitRunUtil.runTest(JUnitRunUtil.java:37)
	at com.android.tradefed.testtype.DeviceTestCase.run(DeviceTestCase.java:146)
	at com.android.tradefed.testtype.HostTest.runRemoteTest(HostTest.java:608)
	at com.android.tradefed.testtype.HostTest.runTestClasses(HostTest.java:535)
	at com.android.tradefed.testtype.HostTest.run(HostTest.java:525)
	at com.android.compatibility.common.tradefed.testtype.JarHostTest.run(JarHostTest.java:53)
	at com.android.tradefed.testtype.suite.GranularRetriableTestWrapper.intraModuleRun(GranularRetriableTestWrapper.java:413)
	at com.android.tradefed.testtype.suite.GranularRetriableTestWrapper.run(GranularRetriableTestWrapper.java:229)
	at com.android.tradefed.testtype.suite.ModuleDefinition.run(ModuleDefinition.java:466)
	at com.android.tradefed.testtype.suite.ITestSuite.runSingleModule(ITestSuite.java:691)
	at com.android.tradefed.testtype.suite.ITestSuite.run(ITestSuite.java:592)
	at com.android.tradefed.invoker.InvocationExecution.runTests(InvocationExecution.java:480)
	at com.android.tradefed.invoker.TestInvocation.prepareAndRun(TestInvocation.java:380)
	at com.android.tradefed.invoker.TestInvocation.performInvocation(TestInvocation.java:230)
	at com.android.tradefed.invoker.TestInvocation.invoke(TestInvocation.java:754)
	at com.android.tradefed.command.CommandScheduler$InvocationThread.run(CommandScheduler.java:591)
</StackTrace>
        </Failure>
      </Test>
    </TestCase>
  </Module>
  <Module name="CtsAppComponentFactoryTestCases" abi="arm64-v8a" runtime="2306" done="true" pass="4" total_tests="4">
    <TestCase name="android.app.componentfactory.cts.AppComponentFactoryTest">
      <Test result="pass" name="testActivity" />
      <Test result="pass" name="testReceiver" />
      <Test result="pass" name="testApplication" />
      <Test result="pass" name="testService" />
    </TestCase>
  </Module>
  <Module name="CtsAppComponentFactoryTestCases[instant]" abi="arm64-v8a" runtime="2501" done="true" pass="4" total_tests="4">
    <TestCase name="android.app.componentfactory.cts.AppComponentFactoryTest">
      <Test result="pass" name="testActivity" />
      <Test result="pass" name="testReceiver" />
      <Test result="pass" name="testApplication" />
      <Test result="pass" name="testService" />
    </TestCase>
  </Module>
  <Module name="CtsAppOpsTestCases" abi="arm64-v8a" runtime="8239" done="true" pass="6" total_tests="17">
    <TestCase name="android.app.appops.cts.AppOpsTest">
      <Test result="fail" name="testStartOpAndFinishOp">
        <Failure message="java.lang.AssertionError: expected:&amp;lt;1&amp;gt; but was:&amp;lt;0&amp;gt;&#13;">
          <StackTrace>java.lang.AssertionError: expected:&amp;lt;1&amp;gt; but was:&amp;lt;0&amp;gt;
	at org.junit.Assert.fail(Assert.java:88)
	at org.junit.Assert.failNotEquals(Assert.java:834)
	at org.junit.Assert.assertEquals(Assert.java:118)
	at org.junit.Assert.assertEquals(Assert.java:144)
	at android.app.appops.cts.AppOpsTest.testStartOpAndFinishOp(AppOpsTest.kt:204)
	at java.lang.reflect.Method.invoke(Native Method)
	at org.junit.runners.model.FrameworkMethod$1.runReflectiveCall(FrameworkMethod.java:50)
	at org.junit.internal.runners.model.ReflectiveCallable.run(ReflectiveCallable.java:12)
	at org.junit.runners.model.FrameworkMethod.invokeExplosively(FrameworkMethod.java:52)
	at org.junit.internal.runners.statements.InvokeMethod.evaluate(InvokeMethod.java:17)
	at org.junit.internal.runners.statements.FailOnTimeout$CallableStatement.call(FailOnTimeout.java:148)
	at org.junit.internal.runners.statements.FailOnTimeout$CallableStatement.call(FailOnTimeout.java:142)
	at java.util.concurrent.FutureTask.run(FutureTask.java:266)
	at java.lang.Thread.run(Thread.java:923)
</StackTrace>
        </Failure>
      </Test>
      <Test result="fail" name="testGetOpsForPackageOpsAreLogged">
        <Failure message="java.lang.AssertionError: Operation must be logged&#13;">
          <StackTrace>java.lang.AssertionError: Operation must be logged
	at org.junit.Assert.fail(Assert.java:88)
	at org.junit.Assert.assertTrue(Assert.java:41)
	at android.app.appops.cts.AppOpsTest.testGetOpsForPackageOpsAreLogged(AppOpsTest.kt:369)
	at java.lang.reflect.Method.invoke(Native Method)
	at org.junit.runners.model.FrameworkMethod$1.runReflectiveCall(FrameworkMethod.java:50)
	at org.junit.internal.runners.model.ReflectiveCallable.run(ReflectiveCallable.java:12)
	at org.junit.runners.model.FrameworkMethod.invokeExplosively(FrameworkMethod.java:52)
	at org.junit.internal.runners.statements.InvokeMethod.evaluate(InvokeMethod.java:17)
	at org.junit.internal.runners.statements.FailOnTimeout$CallableStatement.call(FailOnTimeout.java:148)
	at org.junit.internal.runners.statements.FailOnTimeout$CallableStatement.call(FailOnTimeout.java:142)
	at java.util.concurrent.FutureTask.run(FutureTask.java:266)
	at java.lang.Thread.run(Thread.java:923)
</StackTrace>
        </Failure>
      </Test>
      <Test result="pass" name="testPermissionMapping" />
      <Test result="fail" name="testWatchingMode">
        <Failure message="Wanted but not invoked:&#13;">
          <StackTrace>Wanted but not invoked:
onOpChangedListener.onOpChanged(
    "android:write_calendar",
    "android.app.appops.cts"
);
-&amp;gt; at android.app.appops.cts.AppOpsTest.testWatchingMode(AppOpsTest.kt:267)
Actually, there were zero interactions with this mock.

	at android.app.appops.cts.AppOpsTest.testWatchingMode(AppOpsTest.kt:267)
	at java.lang.reflect.Method.invoke(Native Method)
	at org.junit.runners.model.FrameworkMethod$1.runReflectiveCall(FrameworkMethod.java:50)
	at org.junit.internal.runners.model.ReflectiveCallable.run(ReflectiveCallable.java:12)
	at org.junit.runners.model.FrameworkMethod.invokeExplosively(FrameworkMethod.java:52)
	at org.junit.internal.runners.statements.InvokeMethod.evaluate(InvokeMethod.java:17)
	at org.junit.internal.runners.statements.FailOnTimeout$CallableStatement.call(FailOnTimeout.java:148)
	at org.junit.internal.runners.statements.FailOnTimeout$CallableStatement.call(FailOnTimeout.java:142)
	at java.util.concurrent.FutureTask.run(FutureTask.java:266)
	at java.lang.Thread.run(Thread.java:923)
</StackTrace>
        </Failure>
      </Test>
      <Test result="pass" name="testCheckPackagePassesCheck" />
      <Test result="fail" name="testNonHistoricalStatePersistence">
        <Failure message="java.lang.SecurityException: uid 10400 does not have android.permission.MANAGE_APP_OPS_MODES.&#13;">
          <StackTrace>java.lang.SecurityException: uid 10400 does not have android.permission.MANAGE_APP_OPS_MODES.
	at android.os.Parcel.createExceptionOrNull(Parcel.java:2389)
	at android.os.Parcel.createException(Parcel.java:2373)
	at android.os.Parcel.readException(Parcel.java:2356)
	at android.os.Parcel.readException(Parcel.java:2298)
	at com.android.internal.app.IAppOpsService$Stub$Proxy.setMode(IAppOpsService.java:1709)
	at android.app.AppOpsManager.setMode(AppOpsManager.java:6733)
	at android.app.appops.cts.AppOpsTest$testNonHistoricalStatePersistence$1.invoke(AppOpsTest.kt:376)
	at android.app.appops.cts.AppOpsTest$testNonHistoricalStatePersistence$1.invoke(AppOpsTest.kt:61)
	at android.app.appops.cts.AppOpsTest.runWithShellPermissionIdentity(AppOpsTest.kt:411)
	at android.app.appops.cts.AppOpsTest.testNonHistoricalStatePersistence(AppOpsTest.kt:375)
	at java.lang.reflect.Method.invoke(Native Method)
	at org.junit.runners.model.FrameworkMethod$1.runReflectiveCall(FrameworkMethod.java:50)
	at org.junit.internal.runners.model.ReflectiveCallable.run(ReflectiveCallable.java:12)
	at org.junit.runners.model.FrameworkMethod.invokeExplosively(FrameworkMethod.java:52)
	at org.junit.internal.runners.statements.InvokeMethod.evaluate(InvokeMethod.java:17)
	at org.junit.internal.runners.statements.FailOnTimeout$CallableStatement.call(FailOnTimeout.java:148)
	at org.junit.internal.runners.statements.FailOnTimeout$CallableStatement.call(FailOnTimeout.java:142)
	at java.util.concurrent.FutureTask.run(FutureTask.java:266)
	at java.lang.Thread.run(Thread.java:923)
Caused by: android.os.RemoteException: Remote stack trace:
	at android.app.ContextImpl.enforce(ContextImpl.java:2079)
	at android.app.ContextImpl.enforcePermission(ContextImpl.java:2088)
	at com.android.server.appop.AppOpsService.enforceManageAppOpsModes(AppOpsService.java:2217)
	at com.android.server.appop.AppOpsService.setMode(AppOpsService.java:2490)
	at com.android.server.appop.AppOpsService.setMode(AppOpsService.java:2485)

</StackTrace>
        </Failure>
      </Test>
      <Test result="pass" name="testCheckPackageDoesntPassCheck" />
      <Test result="pass" name="testOpCodesUnique" />
      <Test result="pass" name="testAllOpsHaveOpString" />
      <Test result="pass" name="testCantSetModeForSelf" />
      <Test result="fail" name="testNoteOpAndCheckOp">
        <Failure message="java.lang.AssertionError: expected:&amp;lt;1&amp;gt; but was:&amp;lt;0&amp;gt;&#13;">
          <StackTrace>java.lang.AssertionError: expected:&amp;lt;1&amp;gt; but was:&amp;lt;0&amp;gt;
	at org.junit.Assert.fail(Assert.java:88)
	at org.junit.Assert.failNotEquals(Assert.java:834)
	at org.junit.Assert.assertEquals(Assert.java:118)
	at org.junit.Assert.assertEquals(Assert.java:144)
	at android.app.appops.cts.AppOpsTest.testNoteOpAndCheckOp(AppOpsTest.kt:156)
	at java.lang.reflect.Method.invoke(Native Method)
	at org.junit.runners.model.FrameworkMethod$1.runReflectiveCall(FrameworkMethod.java:50)
	at org.junit.internal.runners.model.ReflectiveCallable.run(ReflectiveCallable.java:12)
	at org.junit.runners.model.FrameworkMethod.invokeExplosively(FrameworkMethod.java:52)
	at org.junit.internal.runners.statements.InvokeMethod.evaluate(InvokeMethod.java:17)
	at org.junit.internal.runners.statements.FailOnTimeout$CallableStatement.call(FailOnTimeout.java:148)
	at org.junit.internal.runners.statements.FailOnTimeout$CallableStatement.call(FailOnTimeout.java:142)
	at java.util.concurrent.FutureTask.run(FutureTask.java:266)
	at java.lang.Thread.run(Thread.java:923)
</StackTrace>
        </Failure>
      </Test>
    </TestCase>
    <TestCase name="android.app.appops.cts.HistoricalAppopsTest">
      <Test result="IGNORED" name="testGetHistoricalPackageOpsForegroundAccessInMemoryBucket" skipped="true" />
      <Test result="IGNORED" name="testHistoricalAggregationOneLevelsDeep" skipped="true" />
      <Test result="IGNORED" name="testHistoricalAggregationOverflow" skipped="true" />
      <Test result="IGNORED" name="testHistoryTimeTravel" skipped="true" />
      <Test result="IGNORED" name="testHistoricalAggregationTwoLevelsDeep" skipped="true" />
      <Test result="IGNORED" name="testGetHistoricalPackageOpsForegroundAccessFirstOnDiskBucket" skipped="true" />
    </TestCase>
  </Module>
  <Module name="CtsAppOpsTestCases[instant]" abi="arm64-v8a" runtime="8551" done="true" pass="6" total_tests="17">
    <TestCase name="android.app.appops.cts.AppOpsTest">
      <Test result="fail" name="testStartOpAndFinishOp">
        <Failure message="java.lang.AssertionError: expected:&amp;lt;1&amp;gt; but was:&amp;lt;0&amp;gt;&#13;">
          <StackTrace>java.lang.AssertionError: expected:&amp;lt;1&amp;gt; but was:&amp;lt;0&amp;gt;
	at org.junit.Assert.fail(Assert.java:88)
	at org.junit.Assert.failNotEquals(Assert.java:834)
	at org.junit.Assert.assertEquals(Assert.java:118)
	at org.junit.Assert.assertEquals(Assert.java:144)
	at android.app.appops.cts.AppOpsTest.testStartOpAndFinishOp(AppOpsTest.kt:204)
	at java.lang.reflect.Method.invoke(Native Method)
	at org.junit.runners.model.FrameworkMethod$1.runReflectiveCall(FrameworkMethod.java:50)
	at org.junit.internal.runners.model.ReflectiveCallable.run(ReflectiveCallable.java:12)
	at org.junit.runners.model.FrameworkMethod.invokeExplosively(FrameworkMethod.java:52)
	at org.junit.internal.runners.statements.InvokeMethod.evaluate(InvokeMethod.java:17)
	at org.junit.internal.runners.statements.FailOnTimeout$CallableStatement.call(FailOnTimeout.java:148)
	at org.junit.internal.runners.statements.FailOnTimeout$CallableStatement.call(FailOnTimeout.java:142)
	at java.util.concurrent.FutureTask.run(FutureTask.java:266)
	at java.lang.Thread.run(Thread.java:923)
</StackTrace>
        </Failure>
      </Test>
      <Test result="fail" name="testGetOpsForPackageOpsAreLogged">
        <Failure message="java.lang.AssertionError: Operation must be logged&#13;">
          <StackTrace>java.lang.AssertionError: Operation must be logged
	at org.junit.Assert.fail(Assert.java:88)
	at org.junit.Assert.assertTrue(Assert.java:41)
	at android.app.appops.cts.AppOpsTest.testGetOpsForPackageOpsAreLogged(AppOpsTest.kt:369)
	at java.lang.reflect.Method.invoke(Native Method)
	at org.junit.runners.model.FrameworkMethod$1.runReflectiveCall(FrameworkMethod.java:50)
	at org.junit.internal.runners.model.ReflectiveCallable.run(ReflectiveCallable.java:12)
	at org.junit.runners.model.FrameworkMethod.invokeExplosively(FrameworkMethod.java:52)
	at org.junit.internal.runners.statements.InvokeMethod.evaluate(InvokeMethod.java:17)
	at org.junit.internal.runners.statements.FailOnTimeout$CallableStatement.call(FailOnTimeout.java:148)
	at org.junit.internal.runners.statements.FailOnTimeout$CallableStatement.call(FailOnTimeout.java:142)
	at java.util.concurrent.FutureTask.run(FutureTask.java:266)
	at java.lang.Thread.run(Thread.java:923)
</StackTrace>
        </Failure>
      </Test>
      <Test result="pass" name="testPermissionMapping" />
      <Test result="fail" name="testWatchingMode">
        <Failure message="Wanted but not invoked:&#13;">
          <StackTrace>Wanted but not invoked:
onOpChangedListener.onOpChanged(
    "android:write_calendar",
    "android.app.appops.cts"
);
-&amp;gt; at android.app.appops.cts.AppOpsTest.testWatchingMode(AppOpsTest.kt:267)
Actually, there were zero interactions with this mock.

	at android.app.appops.cts.AppOpsTest.testWatchingMode(AppOpsTest.kt:267)
	at java.lang.reflect.Method.invoke(Native Method)
	at org.junit.runners.model.FrameworkMethod$1.runReflectiveCall(FrameworkMethod.java:50)
	at org.junit.internal.runners.model.ReflectiveCallable.run(ReflectiveCallable.java:12)
	at org.junit.runners.model.FrameworkMethod.invokeExplosively(FrameworkMethod.java:52)
	at org.junit.internal.runners.statements.InvokeMethod.evaluate(InvokeMethod.java:17)
	at org.junit.internal.runners.statements.FailOnTimeout$CallableStatement.call(FailOnTimeout.java:148)
	at org.junit.internal.runners.statements.FailOnTimeout$CallableStatement.call(FailOnTimeout.java:142)
	at java.util.concurrent.FutureTask.run(FutureTask.java:266)
	at java.lang.Thread.run(Thread.java:923)
</StackTrace>
        </Failure>
      </Test>
      <Test result="pass" name="testCheckPackagePassesCheck" />
      <Test result="fail" name="testNonHistoricalStatePersistence">
        <Failure message="java.lang.SecurityException: uid 10399 does not have android.permission.MANAGE_APP_OPS_MODES.&#13;">
          <StackTrace>java.lang.SecurityException: uid 10399 does not have android.permission.MANAGE_APP_OPS_MODES.
	at android.os.Parcel.createExceptionOrNull(Parcel.java:2389)
	at android.os.Parcel.createException(Parcel.java:2373)
	at android.os.Parcel.readException(Parcel.java:2356)
	at android.os.Parcel.readException(Parcel.java:2298)
	at com.android.internal.app.IAppOpsService$Stub$Proxy.setMode(IAppOpsService.java:1709)
	at android.app.AppOpsManager.setMode(AppOpsManager.java:6733)
	at android.app.appops.cts.AppOpsTest$testNonHistoricalStatePersistence$1.invoke(AppOpsTest.kt:376)
	at android.app.appops.cts.AppOpsTest$testNonHistoricalStatePersistence$1.invoke(AppOpsTest.kt:61)
	at android.app.appops.cts.AppOpsTest.runWithShellPermissionIdentity(AppOpsTest.kt:411)
	at android.app.appops.cts.AppOpsTest.testNonHistoricalStatePersistence(AppOpsTest.kt:375)
	at java.lang.reflect.Method.invoke(Native Method)
	at org.junit.runners.model.FrameworkMethod$1.runReflectiveCall(FrameworkMethod.java:50)
	at org.junit.internal.runners.model.ReflectiveCallable.run(ReflectiveCallable.java:12)
	at org.junit.runners.model.FrameworkMethod.invokeExplosively(FrameworkMethod.java:52)
	at org.junit.internal.runners.statements.InvokeMethod.evaluate(InvokeMethod.java:17)
	at org.junit.internal.runners.statements.FailOnTimeout$CallableStatement.call(FailOnTimeout.java:148)
	at org.junit.internal.runners.statements.FailOnTimeout$CallableStatement.call(FailOnTimeout.java:142)
	at java.util.concurrent.FutureTask.run(FutureTask.java:266)
	at java.lang.Thread.run(Thread.java:923)
Caused by: android.os.RemoteException: Remote stack trace:
	at android.app.ContextImpl.enforce(ContextImpl.java:2079)
	at android.app.ContextImpl.enforcePermission(ContextImpl.java:2088)
	at com.android.server.appop.AppOpsService.enforceManageAppOpsModes(AppOpsService.java:2217)
	at com.android.server.appop.AppOpsService.setMode(AppOpsService.java:2490)
	at com.android.server.appop.AppOpsService.setMode(AppOpsService.java:2485)

</StackTrace>
        </Failure>
      </Test>
      <Test result="pass" name="testCheckPackageDoesntPassCheck" />
      <Test result="pass" name="testOpCodesUnique" />
      <Test result="pass" name="testAllOpsHaveOpString" />
      <Test result="pass" name="testCantSetModeForSelf" />
      <Test result="fail" name="testNoteOpAndCheckOp">
        <Failure message="java.lang.AssertionError: expected:&amp;lt;1&amp;gt; but was:&amp;lt;0&amp;gt;&#13;">
          <StackTrace>java.lang.AssertionError: expected:&amp;lt;1&amp;gt; but was:&amp;lt;0&amp;gt;
	at org.junit.Assert.fail(Assert.java:88)
	at org.junit.Assert.failNotEquals(Assert.java:834)
	at org.junit.Assert.assertEquals(Assert.java:118)
	at org.junit.Assert.assertEquals(Assert.java:144)
	at android.app.appops.cts.AppOpsTest.testNoteOpAndCheckOp(AppOpsTest.kt:156)
	at java.lang.reflect.Method.invoke(Native Method)
	at org.junit.runners.model.FrameworkMethod$1.runReflectiveCall(FrameworkMethod.java:50)
	at org.junit.internal.runners.model.ReflectiveCallable.run(ReflectiveCallable.java:12)
	at org.junit.runners.model.FrameworkMethod.invokeExplosively(FrameworkMethod.java:52)
	at org.junit.internal.runners.statements.InvokeMethod.evaluate(InvokeMethod.java:17)
	at org.junit.internal.runners.statements.FailOnTimeout$CallableStatement.call(FailOnTimeout.java:148)
	at org.junit.internal.runners.statements.FailOnTimeout$CallableStatement.call(FailOnTimeout.java:142)
	at java.util.concurrent.FutureTask.run(FutureTask.java:266)
	at java.lang.Thread.run(Thread.java:923)
</StackTrace>
        </Failure>
      </Test>
    </TestCase>
    <TestCase name="android.app.appops.cts.HistoricalAppopsTest">
      <Test result="IGNORED" name="testGetHistoricalPackageOpsForegroundAccessInMemoryBucket" skipped="true" />
      <Test result="IGNORED" name="testHistoricalAggregationOneLevelsDeep" skipped="true" />
      <Test result="IGNORED" name="testHistoricalAggregationOverflow" skipped="true" />
      <Test result="IGNORED" name="testHistoryTimeTravel" skipped="true" />
      <Test result="IGNORED" name="testHistoricalAggregationTwoLevelsDeep" skipped="true" />
      <Test result="IGNORED" name="testGetHistoricalPackageOpsForegroundAccessFirstOnDiskBucket" skipped="true" />
    </TestCase>
  </Module>
  <Module name="CtsAppPredictionServiceTestCases" abi="arm64-v8a" runtime="3262" done="false" pass="0" total_tests="0" />
  <Module name="CtsAppSecurityHostTestCases" abi="arm64-v8a" runtime="222548" done="false" pass="5" total_tests="7">
    <TestCase name="android.appsecurity.cts.AccessSerialNumberTest">
      <Test result="fail" name="testSerialAccessPolicy">
        <Failure message="java.lang.AssertionError: on-device tests failed:">
          <StackTrace>java.lang.AssertionError: on-device tests failed:
android.os.cts.AccessSerialModernTest#testAccessSerialPermissionNeeded:
java.lang.SecurityException: Error granting runtime permission
at android.app.UiAutomation.grantRuntimePermissionAsUser(UiAutomation.java:1072)
at android.app.UiAutomation.grantRuntimePermission(UiAutomation.java:1037)
at android.os.cts.AccessSerialModernTest.grantReadPhoneStatePermission(AccessSerialModernTest.java:73)
at android.os.cts.AccessSerialModernTest.testAccessSerialPermissionNeeded(AccessSerialModernTest.java:51)
at java.lang.reflect.Method.invoke(Native Method)
at org.junit.runners.model.FrameworkMethod$1.runReflectiveCall(FrameworkMethod.java:50)
at org.junit.internal.runners.model.ReflectiveCallable.run(ReflectiveCallable.java:12)
at org.junit.runners.model.FrameworkMethod.invokeExplosively(FrameworkMethod.java:52)
at org.junit.internal.runners.statements.InvokeMethod.evaluate(InvokeMethod.java:17)
at org.junit.internal.runners.statements.FailOnTimeout$CallableStatement.call(FailOnTimeout.java:148)
at org.junit.internal.runners.statements.FailOnTimeout$CallableStatement.call(FailOnTimeout.java:142)
at java.util.concurrent.FutureTask.run(FutureTask.java:266)
at java.lang.Thread.run(Thread.java:923)
Caused by: java.lang.SecurityException: grantRuntimePermission: Neither user 2000 nor current process has android.permission.GRANT_RUNTIME_PERMISSIONS.
at android.os.Parcel.createExceptionOrNull(Parcel.java:2389)
at android.os.Parcel.createException(Parcel.java:2373)
at android.os.Parcel.readException(Parcel.java:2356)
at android.os.Parcel.readException(Parcel.java:2298)
at android.app.IUiAutomationConnection$Stub$Proxy.grantRuntimePermission(IUiAutomationConnection.java:689)
at android.app.UiAutomation.grantRuntimePermissionAsUser(UiAutomation.java:1069)
... 12 more

	at android.appsecurity.cts.Utils.runDeviceTests(Utils.java:122)
	at android.appsecurity.cts.Utils.runDeviceTests(Utils.java:73)
	at android.appsecurity.cts.Utils.runDeviceTests(Utils.java:55)
	at android.appsecurity.cts.AccessSerialNumberTest.runDeviceTests(AccessSerialNumberTest.java:39)
	at android.appsecurity.cts.AccessSerialNumberTest.testSerialAccessPolicy(AccessSerialNumberTest.java:70)
	at sun.reflect.NativeMethodAccessorImpl.invoke0(Native Method)
	at sun.reflect.NativeMethodAccessorImpl.invoke(NativeMethodAccessorImpl.java:62)
	at sun.reflect.DelegatingMethodAccessorImpl.invoke(DelegatingMethodAccessorImpl.java:43)
	at java.lang.reflect.Method.invoke(Method.java:498)
	at junit.framework.TestCase.runTest(TestCase.java:176)
	at junit.framework.TestCase.runBare(TestCase.java:141)
	at com.android.tradefed.testtype.DeviceTestResult$1.protect(DeviceTestResult.java:90)
	at com.android.tradefed.testtype.DeviceTestResult.runProtected(DeviceTestResult.java:65)
	at com.android.tradefed.testtype.DeviceTestResult.run(DeviceTestResult.java:94)
	at junit.framework.TestCase.run(TestCase.java:129)
	at com.android.tradefed.testtype.DeviceTestCase.run(DeviceTestCase.java:181)
	at com.android.tradefed.testtype.JUnitRunUtil.runTest(JUnitRunUtil.java:53)
	at com.android.tradefed.testtype.JUnitRunUtil.runTest(JUnitRunUtil.java:37)
	at com.android.tradefed.testtype.DeviceTestCase.run(DeviceTestCase.java:146)
	at com.android.tradefed.testtype.HostTest.runRemoteTest(HostTest.java:608)
	at com.android.tradefed.testtype.HostTest.runTestClasses(HostTest.java:535)
	at com.android.tradefed.testtype.HostTest.run(HostTest.java:525)
	at com.android.compatibility.common.tradefed.testtype.JarHostTest.run(JarHostTest.java:53)
	at com.android.tradefed.testtype.suite.GranularRetriableTestWrapper.intraModuleRun(GranularRetriableTestWrapper.java:413)
	at com.android.tradefed.testtype.suite.GranularRetriableTestWrapper.run(GranularRetriableTestWrapper.java:229)
	at com.android.tradefed.testtype.suite.ModuleDefinition.run(ModuleDefinition.java:466)
	at com.android.tradefed.testtype.suite.ITestSuite.runSingleModule(ITestSuite.java:691)
	at com.android.tradefed.testtype.suite.ITestSuite.run(ITestSuite.java:592)
	at com.android.tradefed.invoker.InvocationExecution.runTests(InvocationExecution.java:480)
	at com.android.tradefed.invoker.TestInvocation.prepareAndRun(TestInvocation.java:380)
	at com.android.tradefed.invoker.TestInvocation.performInvocation(TestInvocation.java:230)
	at com.android.tradefed.invoker.TestInvocation.invoke(TestInvocation.java:754)
	at com.android.tradefed.command.CommandScheduler$InvocationThread.run(CommandScheduler.java:591)
</StackTrace>
        </Failure>
      </Test>
    </TestCase>
    <TestCase name="android.appsecurity.cts.AdoptableHostTest">
      <Test result="pass" name="testEjected" />
      <Test result="pass" name="testFeatureConsistent" />
      <Test result="pass" name="testApps" />
      <Test result="pass" name="testPrimaryStorage" />
      <Test result="pass" name="testPackageInstaller" />
    </TestCase>
    <TestCase name="android.appsecurity.cts.AppOpsTest">
      <Test result="fail" name="testBadConfigCannotCauseBootLoopDisabled">
        <Failure message="com.android.tradefed.device.DeviceNotAvailableException: Could not find device 15c2470">
          <StackTrace>com.android.tradefed.device.DeviceNotAvailableException: Could not find device 15c2470
	at com.android.tradefed.device.WaitDeviceRecovery.handleDeviceNotAvailable(WaitDeviceRecovery.java:237)
	at com.android.tradefed.device.WaitDeviceRecovery.recoverDevice(WaitDeviceRecovery.java:135)
	at com.android.tradefed.device.NativeDevice.recoverDevice(NativeDevice.java:2065)
	at com.android.tradefed.device.NativeDevice.performDeviceAction(NativeDevice.java:2006)
	at com.android.tradefed.device.NativeDevice.executeShellCommand(NativeDevice.java:660)
	at com.android.tradefed.device.NativeDevice.executeShellCommand(NativeDevice.java:717)
	at android.appsecurity.cts.AppOpsTest.setAppOpHistoryParameters(AppOpsTest.java:59)
	at android.appsecurity.cts.AppOpsTest.testBadConfigCannotCauseBootLoopDisabled(AppOpsTest.java:53)
	at sun.reflect.NativeMethodAccessorImpl.invoke0(Native Method)
	at sun.reflect.NativeMethodAccessorImpl.invoke(NativeMethodAccessorImpl.java:62)
	at sun.reflect.DelegatingMethodAccessorImpl.invoke(DelegatingMethodAccessorImpl.java:43)
	at java.lang.reflect.Method.invoke(Method.java:498)
	at org.junit.runners.model.FrameworkMethod$1.runReflectiveCall(FrameworkMethod.java:50)
	at org.junit.internal.runners.model.ReflectiveCallable.run(ReflectiveCallable.java:12)
	at org.junit.runners.model.FrameworkMethod.invokeExplosively(FrameworkMethod.java:52)
	at org.junit.internal.runners.statements.InvokeMethod.evaluate(InvokeMethod.java:17)
	at org.junit.internal.runners.statements.RunAfters.evaluate(RunAfters.java:27)
	at org.junit.runners.ParentRunner.runLeaf(ParentRunner.java:325)
	at org.junit.runners.BlockJUnit4ClassRunner.runChild(BlockJUnit4ClassRunner.java:78)
	at com.android.tradefed.testtype.DeviceJUnit4ClassRunner.runChild(DeviceJUnit4ClassRunner.java:117)
	at com.android.tradefed.testtype.DeviceJUnit4ClassRunner.runChild(DeviceJUnit4ClassRunner.java:56)
	at org.junit.runners.ParentRunner$3.run(ParentRunner.java:290)
	at org.junit.runners.ParentRunner$1.schedule(ParentRunner.java:71)
	at org.junit.runners.ParentRunner.runChildren(ParentRunner.java:288)
	at org.junit.runners.ParentRunner.access$000(ParentRunner.java:58)
	at org.junit.runners.ParentRunner$2.evaluate(ParentRunner.java:268)
	at org.junit.runners.ParentRunner.run(ParentRunner.java:363)
	at com.android.tradefed.testtype.DeviceJUnit4ClassRunner.run(DeviceJUnit4ClassRunner.java:131)
	at org.junit.runner.JUnitCore.run(JUnitCore.java:137)
	at com.android.tradefed.testtype.HostTest.runJUnit4Tests(HostTest.java:657)
	at com.android.tradefed.testtype.HostTest.runTestClasses(HostTest.java:563)
	at com.android.tradefed.testtype.HostTest.run(HostTest.java:525)
	at com.android.compatibility.common.tradefed.testtype.JarHostTest.run(JarHostTest.java:53)
	at com.android.tradefed.testtype.suite.GranularRetriableTestWrapper.intraModuleRun(GranularRetriableTestWrapper.java:413)
	at com.android.tradefed.testtype.suite.GranularRetriableTestWrapper.run(GranularRetriableTestWrapper.java:229)
	at com.android.tradefed.testtype.suite.ModuleDefinition.run(ModuleDefinition.java:466)
	at com.android.tradefed.testtype.suite.ITestSuite.runSingleModule(ITestSuite.java:691)
	at com.android.tradefed.testtype.suite.ITestSuite.run(ITestSuite.java:592)
	at com.android.tradefed.invoker.InvocationExecution.runTests(InvocationExecution.java:480)
	at com.android.tradefed.invoker.TestInvocation.prepareAndRun(TestInvocation.java:380)
	at com.android.tradefed.invoker.TestInvocation.performInvocation(TestInvocation.java:230)
	at com.android.tradefed.invoker.TestInvocation.invoke(TestInvocation.java:754)
	at com.android.tradefed.command.CommandScheduler$InvocationThread.run(CommandScheduler.java:591)
</StackTrace>
        </Failure>
      </Test>
    </TestCase>
  </Module>
  <Module name="CtsAppSecurityHostTestCases" abi="armeabi-v7a" runtime="0" done="false" pass="0" total_tests="0" />
  <Module name="CtsAppTestCases" abi="arm64-v8a" runtime="0" done="false" pass="0" total_tests="0" />
  <Module name="CtsAppTestCases[instant]" abi="arm64-v8a" runtime="0" done="false" pass="0" total_tests="0" />
  <Module name="CtsAppUsageHostTestCases" abi="arm64-v8a" runtime="0" done="false" pass="0" total_tests="0" />
  <Module name="CtsAppUsageHostTestCases[instant]" abi="arm64-v8a" runtime="0" done="false" pass="0" total_tests="0" />
  <Module name="CtsAppWidgetTestCases" abi="arm64-v8a" runtime="0" done="false" pass="0" total_tests="0" />
  <Module name="CtsAppWidgetTestCases" abi="armeabi-v7a" runtime="0" done="false" pass="0" total_tests="0" />
  <Module name="CtsAppWidgetTestCases[instant]" abi="arm64-v8a" runtime="0" done="false" pass="0" total_tests="0" />
  <Module name="CtsAslrMallocTestCases" abi="arm64-v8a" runtime="0" done="false" pass="0" total_tests="0" />
  <Module name="CtsAslrMallocTestCases" abi="armeabi-v7a" runtime="0" done="false" pass="0" total_tests="0" />
  <Module name="CtsAssistTestCases" abi="arm64-v8a" runtime="0" done="false" pass="0" total_tests="0" />
  <Module name="CtsAssistTestCases[instant]" abi="arm64-v8a" runtime="0" done="false" pass="0" total_tests="0" />
  <Module name="CtsAtomicInstallTestCases" abi="arm64-v8a" runtime="0" done="false" pass="0" total_tests="0" />
  <Module name="CtsAtraceHostTestCases" abi="arm64-v8a" runtime="0" done="false" pass="0" total_tests="0" />
  <Module name="CtsAtraceHostTestCases" abi="armeabi-v7a" runtime="0" done="false" pass="0" total_tests="0" />
  <Module name="CtsAtraceHostTestCases[instant]" abi="arm64-v8a" runtime="0" done="false" pass="0" total_tests="0" />
  <Module name="CtsAttentionServiceDeviceTestCases" abi="arm64-v8a" runtime="0" done="false" pass="0" total_tests="0" />
  <Module name="CtsAutoFillServiceTestCases" abi="arm64-v8a" runtime="0" done="false" pass="0" total_tests="0" />
  <Module name="CtsAutoFillServiceTestCases[instant]" abi="arm64-v8a" runtime="0" done="false" pass="0" total_tests="0" />
  <Module name="CtsBackgroundRestrictionsTestCases" abi="arm64-v8a" runtime="0" done="false" pass="0" total_tests="0" />
  <Module name="CtsBackgroundRestrictionsTestCases[instant]" abi="arm64-v8a" runtime="0" done="false" pass="0" total_tests="0" />
  <Module name="CtsBackupHostTestCases" abi="arm64-v8a" runtime="0" done="false" pass="0" total_tests="0" />
  <Module name="CtsBackupTestCases" abi="arm64-v8a" runtime="0" done="false" pass="0" total_tests="0" />
  <Module name="CtsBatterySavingTestCases" abi="arm64-v8a" runtime="0" done="false" pass="0" total_tests="0" />
  <Module name="CtsBionicTestCases" abi="arm64-v8a" runtime="0" done="false" pass="0" total_tests="0" />
  <Module name="CtsBionicTestCases" abi="armeabi-v7a" runtime="0" done="false" pass="0" total_tests="0" />
  <Module name="CtsBluetoothTestCases" abi="arm64-v8a" runtime="0" done="false" pass="0" total_tests="0" />
  <Module name="CtsBluetoothTestCases" abi="armeabi-v7a" runtime="0" done="false" pass="0" total_tests="0" />
  <Module name="CtsBootStatsTestCases" abi="arm64-v8a" runtime="0" done="false" pass="0" total_tests="0" />
  <Module name="CtsBootStatsTestCases" abi="armeabi-v7a" runtime="0" done="false" pass="0" total_tests="0" />
  <Module name="CtsCalendarcommon2TestCases" abi="arm64-v8a" runtime="0" done="false" pass="0" total_tests="0" />
  <Module name="CtsCameraApi25TestCases" abi="arm64-v8a" runtime="0" done="false" pass="0" total_tests="0" />
  <Module name="CtsCameraApi25TestCases" abi="armeabi-v7a" runtime="0" done="false" pass="0" total_tests="0" />
  <Module name="CtsCameraTestCases" abi="arm64-v8a" runtime="0" done="false" pass="0" total_tests="0" />
  <Module name="CtsCameraTestCases" abi="armeabi-v7a" runtime="0" done="false" pass="0" total_tests="0" />
  <Module name="CtsCameraTestCases[instant]" abi="arm64-v8a" runtime="0" done="false" pass="0" total_tests="0" />
  <Module name="CtsCarTestCases" abi="arm64-v8a" runtime="0" done="false" pass="0" total_tests="0" />
  <Module name="CtsCarTestCases" abi="armeabi-v7a" runtime="0" done="false" pass="0" total_tests="0" />
  <Module name="CtsCarrierApiTestCases" abi="arm64-v8a" runtime="0" done="false" pass="0" total_tests="0" />
  <Module name="CtsClassLoaderFactoryInMemoryDexClassLoaderTestCases" abi="arm64-v8a" runtime="0" done="false" pass="0" total_tests="0" />
  <Module name="CtsClassLoaderFactoryInMemoryDexClassLoaderTestCases[instant]" abi="arm64-v8a" runtime="0" done="false" pass="0" total_tests="0" />
  <Module name="CtsClassLoaderFactoryPathClassLoaderTestCases" abi="arm64-v8a" runtime="0" done="false" pass="0" total_tests="0" />
  <Module name="CtsClassLoaderFactoryPathClassLoaderTestCases[instant]" abi="arm64-v8a" runtime="0" done="false" pass="0" total_tests="0" />
  <Module name="CtsClassloaderSplitsHostTestCases" abi="arm64-v8a" runtime="0" done="false" pass="0" total_tests="0" />
  <Module name="CtsClassloaderSplitsHostTestCases" abi="armeabi-v7a" runtime="0" done="false" pass="0" total_tests="0" />
  <Module name="CtsClassloaderSplitsHostTestCases[instant]" abi="arm64-v8a" runtime="0" done="false" pass="0" total_tests="0" />
  <Module name="CtsColorModeTestCases" abi="arm64-v8a" runtime="0" done="false" pass="0" total_tests="0" />
  <Module name="CtsColorModeTestCases" abi="armeabi-v7a" runtime="0" done="false" pass="0" total_tests="0" />
  <Module name="CtsColorModeTestCases[instant]" abi="arm64-v8a" runtime="0" done="false" pass="0" total_tests="0" />
  <Module name="CtsCompilationTestCases" abi="arm64-v8a" runtime="0" done="false" pass="0" total_tests="0" />
  <Module name="CtsCompilationTestCases" abi="armeabi-v7a" runtime="0" done="false" pass="0" total_tests="0" />
  <Module name="CtsContactsProviderWipe" abi="arm64-v8a" runtime="0" done="false" pass="0" total_tests="0" />
  <Module name="CtsContentCaptureServiceTestCases" abi="arm64-v8a" runtime="0" done="false" pass="0" total_tests="0" />
  <Module name="CtsContentCaptureServiceTestCases[instant]" abi="arm64-v8a" runtime="0" done="false" pass="0" total_tests="0" />
  <Module name="CtsContentSuggestionsTestCases" abi="arm64-v8a" runtime="0" done="false" pass="0" total_tests="0" />
  <Module name="CtsContentTestCases" abi="arm64-v8a" runtime="0" done="false" pass="0" total_tests="0" />
  <Module name="CtsContentTestCases" abi="armeabi-v7a" runtime="0" done="false" pass="0" total_tests="0" />
  <Module name="CtsContentTestCases[instant]" abi="arm64-v8a" runtime="0" done="false" pass="0" total_tests="0" />
  <Module name="CtsCppToolsTestCases" abi="arm64-v8a" runtime="0" done="false" pass="0" total_tests="0" />
  <Module name="CtsCppToolsTestCases" abi="armeabi-v7a" runtime="0" done="false" pass="0" total_tests="0" />
  <Module name="CtsCurrentApiSignatureTestCases" abi="arm64-v8a" runtime="0" done="false" pass="0" total_tests="0" />
  <Module name="CtsDatabaseTestCases" abi="arm64-v8a" runtime="0" done="false" pass="0" total_tests="0" />
  <Module name="CtsDatabaseTestCases[instant]" abi="arm64-v8a" runtime="0" done="false" pass="0" total_tests="0" />
  <Module name="CtsDeqpTestCases" abi="arm64-v8a" runtime="0" done="false" pass="0" total_tests="0" />
  <Module name="CtsDeqpTestCases" abi="armeabi-v7a" runtime="0" done="false" pass="0" total_tests="0" />
  <Module name="CtsDeviceConfigTestCases" abi="arm64-v8a" runtime="0" done="false" pass="0" total_tests="0" />
  <Module name="CtsDeviceConfigTestCases" abi="armeabi-v7a" runtime="0" done="false" pass="0" total_tests="0" />
  <Module name="CtsDeviceConfigTestCases[instant]" abi="arm64-v8a" runtime="0" done="false" pass="0" total_tests="0" />
  <Module name="CtsDeviceIdleHostTestCases" abi="arm64-v8a" runtime="0" done="false" pass="0" total_tests="0" />
  <Module name="CtsDevicePolicyManagerTestCases" abi="arm64-v8a" runtime="0" done="false" pass="0" total_tests="0" />
  <Module name="CtsDexMetadataHostTestCases" abi="arm64-v8a" runtime="0" done="false" pass="0" total_tests="0" />
  <Module name="CtsDisplayTestCases" abi="arm64-v8a" runtime="0" done="false" pass="0" total_tests="0" />
  <Module name="CtsDisplayTestCases" abi="armeabi-v7a" runtime="0" done="false" pass="0" total_tests="0" />
  <Module name="CtsDisplayTestCases[instant]" abi="arm64-v8a" runtime="0" done="false" pass="0" total_tests="0" />
  <Module name="CtsDownloadManagerApi28" abi="arm64-v8a" runtime="0" done="false" pass="0" total_tests="0" />
  <Module name="CtsDownloadManagerLegacy" abi="arm64-v8a" runtime="0" done="false" pass="0" total_tests="0" />
  <Module name="CtsDpiTestCases" abi="arm64-v8a" runtime="0" done="false" pass="0" total_tests="0" />
  <Module name="CtsDpiTestCases2" abi="arm64-v8a" runtime="0" done="false" pass="0" total_tests="0" />
  <Module name="CtsDpiTestCases[instant]" abi="arm64-v8a" runtime="0" done="false" pass="0" total_tests="0" />
  <Module name="CtsDreamsTestCases" abi="arm64-v8a" runtime="0" done="false" pass="0" total_tests="0" />
  <Module name="CtsDreamsTestCases[instant]" abi="arm64-v8a" runtime="0" done="false" pass="0" total_tests="0" />
  <Module name="CtsDrmTestCases" abi="arm64-v8a" runtime="0" done="false" pass="0" total_tests="0" />
  <Module name="CtsDrmTestCases" abi="armeabi-v7a" runtime="0" done="false" pass="0" total_tests="0" />
  <Module name="CtsDrmTestCases[instant]" abi="arm64-v8a" runtime="0" done="false" pass="0" total_tests="0" />
  <Module name="CtsDropBoxManagerTestCases" abi="arm64-v8a" runtime="0" done="false" pass="0" total_tests="0" />
  <Module name="CtsDumpsysHostTestCases" abi="arm64-v8a" runtime="0" done="false" pass="0" total_tests="0" />
  <Module name="CtsDynamicLinkerTestCases" abi="arm64-v8a" runtime="0" done="false" pass="0" total_tests="0" />
  <Module name="CtsDynamicLinkerTestCases" abi="armeabi-v7a" runtime="0" done="false" pass="0" total_tests="0" />
  <Module name="CtsDynamicLinkerTestCases[instant]" abi="arm64-v8a" runtime="0" done="false" pass="0" total_tests="0" />
  <Module name="CtsEdiHostTestCases" abi="arm64-v8a" runtime="0" done="false" pass="0" total_tests="0" />
  <Module name="CtsEffectTestCases" abi="arm64-v8a" runtime="0" done="false" pass="0" total_tests="0" />
  <Module name="CtsEffectTestCases" abi="armeabi-v7a" runtime="0" done="false" pass="0" total_tests="0" />
  <Module name="CtsEffectTestCases[instant]" abi="arm64-v8a" runtime="0" done="false" pass="0" total_tests="0" />
  <Module name="CtsExtendedMockingTestCases" abi="arm64-v8a" runtime="0" done="false" pass="0" total_tests="0" />
  <Module name="CtsExtendedMockingTestCases" abi="armeabi-v7a" runtime="0" done="false" pass="0" total_tests="0" />
  <Module name="CtsExtendedMockingTestCases[instant]" abi="arm64-v8a" runtime="0" done="false" pass="0" total_tests="0" />
  <Module name="CtsExternalServiceTestCases" abi="arm64-v8a" runtime="0" done="false" pass="0" total_tests="0" />
  <Module name="CtsFileSystemTestCases" abi="arm64-v8a" runtime="0" done="false" pass="0" total_tests="0" />
  <Module name="CtsFileSystemTestCases" abi="armeabi-v7a" runtime="0" done="false" pass="0" total_tests="0" />
  <Module name="CtsFileSystemTestCases[instant]" abi="arm64-v8a" runtime="0" done="false" pass="0" total_tests="0" />
  <Module name="CtsFragmentTestCases" abi="arm64-v8a" runtime="0" done="false" pass="0" total_tests="0" />
  <Module name="CtsFragmentTestCasesSdk26" abi="arm64-v8a" runtime="0" done="false" pass="0" total_tests="0" />
  <Module name="CtsFragmentTestCasesSdk26[instant]" abi="arm64-v8a" runtime="0" done="false" pass="0" total_tests="0" />
  <Module name="CtsFragmentTestCases[instant]" abi="arm64-v8a" runtime="0" done="false" pass="0" total_tests="0" />
  <Module name="CtsGestureTestCases" abi="arm64-v8a" runtime="0" done="false" pass="0" total_tests="0" />
  <Module name="CtsGestureTestCases" abi="armeabi-v7a" runtime="0" done="false" pass="0" total_tests="0" />
  <Module name="CtsGestureTestCases[instant]" abi="arm64-v8a" runtime="0" done="false" pass="0" total_tests="0" />
  <Module name="CtsGpuToolsHostTestCases" abi="arm64-v8a" runtime="0" done="false" pass="0" total_tests="0" />
  <Module name="CtsGpuToolsHostTestCases" abi="armeabi-v7a" runtime="0" done="false" pass="0" total_tests="0" />
  <Module name="CtsGraphicsTestCases" abi="arm64-v8a" runtime="0" done="false" pass="0" total_tests="0" />
  <Module name="CtsGraphicsTestCases" abi="armeabi-v7a" runtime="0" done="false" pass="0" total_tests="0" />
  <Module name="CtsGraphicsTestCases[instant]" abi="arm64-v8a" runtime="0" done="false" pass="0" total_tests="0" />
  <Module name="CtsHardwareTestCases" abi="arm64-v8a" runtime="0" done="false" pass="0" total_tests="0" />
  <Module name="CtsHardwareTestCases" abi="armeabi-v7a" runtime="0" done="false" pass="0" total_tests="0" />
  <Module name="CtsHarmfulAppWarningHostTestCases" abi="arm64-v8a" runtime="0" done="false" pass="0" total_tests="0" />
  <Module name="CtsHiddenApiBlacklistApi27TestCases" abi="arm64-v8a" runtime="0" done="false" pass="0" total_tests="0" />
  <Module name="CtsHiddenApiBlacklistApi28TestCases" abi="arm64-v8a" runtime="0" done="false" pass="0" total_tests="0" />
  <Module name="CtsHiddenApiBlacklistCurrentApiTestCases" abi="arm64-v8a" runtime="0" done="false" pass="0" total_tests="0" />
  <Module name="CtsHiddenApiBlacklistDebugClassTestCases" abi="arm64-v8a" runtime="0" done="false" pass="0" total_tests="0" />
  <Module name="CtsHiddenApiKillswitchDebugClassTestCases" abi="arm64-v8a" runtime="0" done="false" pass="0" total_tests="0" />
  <Module name="CtsHiddenApiKillswitchWhitelistTestCases" abi="arm64-v8a" runtime="0" done="false" pass="0" total_tests="0" />
  <Module name="CtsHiddenApiKillswitchWildcardTestCases" abi="arm64-v8a" runtime="0" done="false" pass="0" total_tests="0" />
  <Module name="CtsHostTzDataTests" abi="arm64-v8a" runtime="0" done="false" pass="0" total_tests="0" />
  <Module name="CtsHostsideNetworkTests" abi="arm64-v8a" runtime="0" done="false" pass="0" total_tests="0" />
  <Module name="CtsHostsideNetworkTests[instant]" abi="arm64-v8a" runtime="0" done="false" pass="0" total_tests="0" />
  <Module name="CtsHostsideNumberBlockingTestCases" abi="arm64-v8a" runtime="0" done="false" pass="0" total_tests="0" />
  <Module name="CtsHostsideTvTests" abi="arm64-v8a" runtime="0" done="false" pass="0" total_tests="0" />
  <Module name="CtsHostsideWebViewTests" abi="arm64-v8a" runtime="0" done="false" pass="0" total_tests="0" />
  <Module name="CtsHostsideWebViewTests" abi="armeabi-v7a" runtime="0" done="false" pass="0" total_tests="0" />
  <Module name="CtsHostsideWebViewTests[instant]" abi="arm64-v8a" runtime="0" done="false" pass="0" total_tests="0" />
  <Module name="CtsIcuTestCases" abi="arm64-v8a" runtime="0" done="false" pass="0" total_tests="0" />
  <Module name="CtsIcuTestCases" abi="armeabi-v7a" runtime="0" done="false" pass="0" total_tests="0" />
  <Module name="CtsIncidentHostTestCases" abi="arm64-v8a" runtime="0" done="false" pass="0" total_tests="0" />
  <Module name="CtsIncidentHostTestCases" abi="armeabi-v7a" runtime="0" done="false" pass="0" total_tests="0" />
  <Module name="CtsIncidentHostTestCases[instant]" abi="arm64-v8a" runtime="0" done="false" pass="0" total_tests="0" />
  <Module name="CtsInlineMockingTestCases" abi="arm64-v8a" runtime="0" done="false" pass="0" total_tests="0" />
  <Module name="CtsInlineMockingTestCases" abi="armeabi-v7a" runtime="0" done="false" pass="0" total_tests="0" />
  <Module name="CtsInlineMockingTestCases[instant]" abi="arm64-v8a" runtime="0" done="false" pass="0" total_tests="0" />
  <Module name="CtsInputMethodServiceHostTestCases" abi="arm64-v8a" runtime="0" done="false" pass="0" total_tests="0" />
  <Module name="CtsInputMethodServiceHostTestCases[instant]" abi="arm64-v8a" runtime="0" done="false" pass="0" total_tests="0" />
  <Module name="CtsInputMethodTestCases" abi="arm64-v8a" runtime="0" done="false" pass="0" total_tests="0" />
  <Module name="CtsInputMethodTestCases[instant]" abi="arm64-v8a" runtime="0" done="false" pass="0" total_tests="0" />
  <Module name="CtsIntentSignatureTestCases" abi="arm64-v8a" runtime="0" done="false" pass="0" total_tests="0" />
  <Module name="CtsJdwpSecurityHostTestCases" abi="arm64-v8a" runtime="0" done="false" pass="0" total_tests="0" />
  <Module name="CtsJdwpSecurityHostTestCases" abi="armeabi-v7a" runtime="0" done="false" pass="0" total_tests="0" />
  <Module name="CtsJdwpTestCases" abi="arm64-v8a" runtime="0" done="false" pass="0" total_tests="0" />
  <Module name="CtsJdwpTestCases" abi="armeabi-v7a" runtime="0" done="false" pass="0" total_tests="0" />
  <Module name="CtsJdwpTestCases[instant]" abi="arm64-v8a" runtime="0" done="false" pass="0" total_tests="0" />
  <Module name="CtsJdwpTunnelHostTestCases" abi="arm64-v8a" runtime="0" done="false" pass="0" total_tests="0" />
  <Module name="CtsJdwpTunnelHostTestCases" abi="armeabi-v7a" runtime="0" done="false" pass="0" total_tests="0" />
  <Module name="CtsJniTestCases" abi="arm64-v8a" runtime="0" done="false" pass="0" total_tests="0" />
  <Module name="CtsJniTestCases" abi="armeabi-v7a" runtime="0" done="false" pass="0" total_tests="0" />
  <Module name="CtsJniTestCases[instant]" abi="arm64-v8a" runtime="0" done="false" pass="0" total_tests="0" />
  <Module name="CtsJobSchedulerSharedUidTestCases" abi="arm64-v8a" runtime="0" done="false" pass="0" total_tests="0" />
  <Module name="CtsJobSchedulerTestCases" abi="arm64-v8a" runtime="0" done="false" pass="0" total_tests="0" />
  <Module name="CtsJvmtiAttachingHostTestCases" abi="arm64-v8a" runtime="0" done="false" pass="0" total_tests="0" />
  <Module name="CtsJvmtiAttachingHostTestCases" abi="armeabi-v7a" runtime="0" done="false" pass="0" total_tests="0" />
  <Module name="CtsJvmtiAttachingTestCases" abi="arm64-v8a" runtime="0" done="false" pass="0" total_tests="0" />
  <Module name="CtsJvmtiAttachingTestCases" abi="armeabi-v7a" runtime="0" done="false" pass="0" total_tests="0" />
  <Module name="CtsJvmtiRedefineClassesHostTestCases" abi="arm64-v8a" runtime="0" done="false" pass="0" total_tests="0" />
  <Module name="CtsJvmtiRedefineClassesHostTestCases" abi="armeabi-v7a" runtime="0" done="false" pass="0" total_tests="0" />
  <Module name="CtsJvmtiRunTest1900HostTestCases" abi="arm64-v8a" runtime="0" done="false" pass="0" total_tests="0" />
  <Module name="CtsJvmtiRunTest1900HostTestCases" abi="armeabi-v7a" runtime="0" done="false" pass="0" total_tests="0" />
  <Module name="CtsJvmtiRunTest1901HostTestCases" abi="arm64-v8a" runtime="0" done="false" pass="0" total_tests="0" />
  <Module name="CtsJvmtiRunTest1901HostTestCases" abi="armeabi-v7a" runtime="0" done="false" pass="0" total_tests="0" />
  <Module name="CtsJvmtiRunTest1902HostTestCases" abi="arm64-v8a" runtime="0" done="false" pass="0" total_tests="0" />
  <Module name="CtsJvmtiRunTest1902HostTestCases" abi="armeabi-v7a" runtime="0" done="false" pass="0" total_tests="0" />
  <Module name="CtsJvmtiRunTest1903HostTestCases" abi="arm64-v8a" runtime="0" done="false" pass="0" total_tests="0" />
  <Module name="CtsJvmtiRunTest1903HostTestCases" abi="armeabi-v7a" runtime="0" done="false" pass="0" total_tests="0" />
  <Module name="CtsJvmtiRunTest1904HostTestCases" abi="arm64-v8a" runtime="0" done="false" pass="0" total_tests="0" />
  <Module name="CtsJvmtiRunTest1904HostTestCases" abi="armeabi-v7a" runtime="0" done="false" pass="0" total_tests="0" />
  <Module name="CtsJvmtiRunTest1906HostTestCases" abi="arm64-v8a" runtime="0" done="false" pass="0" total_tests="0" />
  <Module name="CtsJvmtiRunTest1906HostTestCases" abi="armeabi-v7a" runtime="0" done="false" pass="0" total_tests="0" />
  <Module name="CtsJvmtiRunTest1907HostTestCases" abi="arm64-v8a" runtime="0" done="false" pass="0" total_tests="0" />
  <Module name="CtsJvmtiRunTest1907HostTestCases" abi="armeabi-v7a" runtime="0" done="false" pass="0" total_tests="0" />
  <Module name="CtsJvmtiRunTest1908HostTestCases" abi="arm64-v8a" runtime="0" done="false" pass="0" total_tests="0" />
  <Module name="CtsJvmtiRunTest1908HostTestCases" abi="armeabi-v7a" runtime="0" done="false" pass="0" total_tests="0" />
  <Module name="CtsJvmtiRunTest1909HostTestCases" abi="arm64-v8a" runtime="0" done="false" pass="0" total_tests="0" />
  <Module name="CtsJvmtiRunTest1909HostTestCases" abi="armeabi-v7a" runtime="0" done="false" pass="0" total_tests="0" />
  <Module name="CtsJvmtiRunTest1910HostTestCases" abi="arm64-v8a" runtime="0" done="false" pass="0" total_tests="0" />
  <Module name="CtsJvmtiRunTest1910HostTestCases" abi="armeabi-v7a" runtime="0" done="false" pass="0" total_tests="0" />
  <Module name="CtsJvmtiRunTest1911HostTestCases" abi="arm64-v8a" runtime="0" done="false" pass="0" total_tests="0" />
  <Module name="CtsJvmtiRunTest1911HostTestCases" abi="armeabi-v7a" runtime="0" done="false" pass="0" total_tests="0" />
  <Module name="CtsJvmtiRunTest1912HostTestCases" abi="arm64-v8a" runtime="0" done="false" pass="0" total_tests="0" />
  <Module name="CtsJvmtiRunTest1912HostTestCases" abi="armeabi-v7a" runtime="0" done="false" pass="0" total_tests="0" />
  <Module name="CtsJvmtiRunTest1913HostTestCases" abi="arm64-v8a" runtime="0" done="false" pass="0" total_tests="0" />
  <Module name="CtsJvmtiRunTest1913HostTestCases" abi="armeabi-v7a" runtime="0" done="false" pass="0" total_tests="0" />
  <Module name="CtsJvmtiRunTest1914HostTestCases" abi="arm64-v8a" runtime="0" done="false" pass="0" total_tests="0" />
  <Module name="CtsJvmtiRunTest1914HostTestCases" abi="armeabi-v7a" runtime="0" done="false" pass="0" total_tests="0" />
  <Module name="CtsJvmtiRunTest1915HostTestCases" abi="arm64-v8a" runtime="0" done="false" pass="0" total_tests="0" />
  <Module name="CtsJvmtiRunTest1915HostTestCases" abi="armeabi-v7a" runtime="0" done="false" pass="0" total_tests="0" />
  <Module name="CtsJvmtiRunTest1916HostTestCases" abi="arm64-v8a" runtime="0" done="false" pass="0" total_tests="0" />
  <Module name="CtsJvmtiRunTest1916HostTestCases" abi="armeabi-v7a" runtime="0" done="false" pass="0" total_tests="0" />
  <Module name="CtsJvmtiRunTest1917HostTestCases" abi="arm64-v8a" runtime="0" done="false" pass="0" total_tests="0" />
  <Module name="CtsJvmtiRunTest1917HostTestCases" abi="armeabi-v7a" runtime="0" done="false" pass="0" total_tests="0" />
  <Module name="CtsJvmtiRunTest1920HostTestCases" abi="arm64-v8a" runtime="0" done="false" pass="0" total_tests="0" />
  <Module name="CtsJvmtiRunTest1920HostTestCases" abi="armeabi-v7a" runtime="0" done="false" pass="0" total_tests="0" />
  <Module name="CtsJvmtiRunTest1921HostTestCases" abi="arm64-v8a" runtime="0" done="false" pass="0" total_tests="0" />
  <Module name="CtsJvmtiRunTest1921HostTestCases" abi="armeabi-v7a" runtime="0" done="false" pass="0" total_tests="0" />
  <Module name="CtsJvmtiRunTest1922HostTestCases" abi="arm64-v8a" runtime="0" done="false" pass="0" total_tests="0" />
  <Module name="CtsJvmtiRunTest1922HostTestCases" abi="armeabi-v7a" runtime="0" done="false" pass="0" total_tests="0" />
  <Module name="CtsJvmtiRunTest1923HostTestCases" abi="arm64-v8a" runtime="0" done="false" pass="0" total_tests="0" />
  <Module name="CtsJvmtiRunTest1923HostTestCases" abi="armeabi-v7a" runtime="0" done="false" pass="0" total_tests="0" />
  <Module name="CtsJvmtiRunTest1924HostTestCases" abi="arm64-v8a" runtime="0" done="false" pass="0" total_tests="0" />
  <Module name="CtsJvmtiRunTest1924HostTestCases" abi="armeabi-v7a" runtime="0" done="false" pass="0" total_tests="0" />
  <Module name="CtsJvmtiRunTest1925HostTestCases" abi="arm64-v8a" runtime="0" done="false" pass="0" total_tests="0" />
  <Module name="CtsJvmtiRunTest1925HostTestCases" abi="armeabi-v7a" runtime="0" done="false" pass="0" total_tests="0" />
  <Module name="CtsJvmtiRunTest1926HostTestCases" abi="arm64-v8a" runtime="0" done="false" pass="0" total_tests="0" />
  <Module name="CtsJvmtiRunTest1926HostTestCases" abi="armeabi-v7a" runtime="0" done="false" pass="0" total_tests="0" />
  <Module name="CtsJvmtiRunTest1927HostTestCases" abi="arm64-v8a" runtime="0" done="false" pass="0" total_tests="0" />
  <Module name="CtsJvmtiRunTest1927HostTestCases" abi="armeabi-v7a" runtime="0" done="false" pass="0" total_tests="0" />
  <Module name="CtsJvmtiRunTest1928HostTestCases" abi="arm64-v8a" runtime="0" done="false" pass="0" total_tests="0" />
  <Module name="CtsJvmtiRunTest1928HostTestCases" abi="armeabi-v7a" runtime="0" done="false" pass="0" total_tests="0" />
  <Module name="CtsJvmtiRunTest1930HostTestCases" abi="arm64-v8a" runtime="0" done="false" pass="0" total_tests="0" />
  <Module name="CtsJvmtiRunTest1930HostTestCases" abi="armeabi-v7a" runtime="0" done="false" pass="0" total_tests="0" />
  <Module name="CtsJvmtiRunTest1931HostTestCases" abi="arm64-v8a" runtime="0" done="false" pass="0" total_tests="0" />
  <Module name="CtsJvmtiRunTest1931HostTestCases" abi="armeabi-v7a" runtime="0" done="false" pass="0" total_tests="0" />
  <Module name="CtsJvmtiRunTest1932HostTestCases" abi="arm64-v8a" runtime="0" done="false" pass="0" total_tests="0" />
  <Module name="CtsJvmtiRunTest1932HostTestCases" abi="armeabi-v7a" runtime="0" done="false" pass="0" total_tests="0" />
  <Module name="CtsJvmtiRunTest1933HostTestCases" abi="arm64-v8a" runtime="0" done="false" pass="0" total_tests="0" />
  <Module name="CtsJvmtiRunTest1933HostTestCases" abi="armeabi-v7a" runtime="0" done="false" pass="0" total_tests="0" />
  <Module name="CtsJvmtiRunTest1934HostTestCases" abi="arm64-v8a" runtime="0" done="false" pass="0" total_tests="0" />
  <Module name="CtsJvmtiRunTest1934HostTestCases" abi="armeabi-v7a" runtime="0" done="false" pass="0" total_tests="0" />
  <Module name="CtsJvmtiRunTest1936HostTestCases" abi="arm64-v8a" runtime="0" done="false" pass="0" total_tests="0" />
  <Module name="CtsJvmtiRunTest1936HostTestCases" abi="armeabi-v7a" runtime="0" done="false" pass="0" total_tests="0" />
  <Module name="CtsJvmtiRunTest1937HostTestCases" abi="arm64-v8a" runtime="0" done="false" pass="0" total_tests="0" />
  <Module name="CtsJvmtiRunTest1937HostTestCases" abi="armeabi-v7a" runtime="0" done="false" pass="0" total_tests="0" />
  <Module name="CtsJvmtiRunTest1939HostTestCases" abi="arm64-v8a" runtime="0" done="false" pass="0" total_tests="0" />
  <Module name="CtsJvmtiRunTest1939HostTestCases" abi="armeabi-v7a" runtime="0" done="false" pass="0" total_tests="0" />
  <Module name="CtsJvmtiRunTest1941HostTestCases" abi="arm64-v8a" runtime="0" done="false" pass="0" total_tests="0" />
  <Module name="CtsJvmtiRunTest1941HostTestCases" abi="armeabi-v7a" runtime="0" done="false" pass="0" total_tests="0" />
  <Module name="CtsJvmtiRunTest1942HostTestCases" abi="arm64-v8a" runtime="0" done="false" pass="0" total_tests="0" />
  <Module name="CtsJvmtiRunTest1942HostTestCases" abi="armeabi-v7a" runtime="0" done="false" pass="0" total_tests="0" />
  <Module name="CtsJvmtiRunTest1943HostTestCases" abi="arm64-v8a" runtime="0" done="false" pass="0" total_tests="0" />
  <Module name="CtsJvmtiRunTest1943HostTestCases" abi="armeabi-v7a" runtime="0" done="false" pass="0" total_tests="0" />
  <Module name="CtsJvmtiRunTest1953HostTestCases" abi="arm64-v8a" runtime="0" done="false" pass="0" total_tests="0" />
  <Module name="CtsJvmtiRunTest1953HostTestCases" abi="armeabi-v7a" runtime="0" done="false" pass="0" total_tests="0" />
  <Module name="CtsJvmtiRunTest1958HostTestCases" abi="arm64-v8a" runtime="0" done="false" pass="0" total_tests="0" />
  <Module name="CtsJvmtiRunTest1958HostTestCases" abi="armeabi-v7a" runtime="0" done="false" pass="0" total_tests="0" />
  <Module name="CtsJvmtiRunTest902HostTestCases" abi="arm64-v8a" runtime="0" done="false" pass="0" total_tests="0" />
  <Module name="CtsJvmtiRunTest902HostTestCases" abi="armeabi-v7a" runtime="0" done="false" pass="0" total_tests="0" />
  <Module name="CtsJvmtiRunTest903HostTestCases" abi="arm64-v8a" runtime="0" done="false" pass="0" total_tests="0" />
  <Module name="CtsJvmtiRunTest903HostTestCases" abi="armeabi-v7a" runtime="0" done="false" pass="0" total_tests="0" />
  <Module name="CtsJvmtiRunTest904HostTestCases" abi="arm64-v8a" runtime="0" done="false" pass="0" total_tests="0" />
  <Module name="CtsJvmtiRunTest904HostTestCases" abi="armeabi-v7a" runtime="0" done="false" pass="0" total_tests="0" />
  <Module name="CtsJvmtiRunTest905HostTestCases" abi="arm64-v8a" runtime="0" done="false" pass="0" total_tests="0" />
  <Module name="CtsJvmtiRunTest905HostTestCases" abi="armeabi-v7a" runtime="0" done="false" pass="0" total_tests="0" />
  <Module name="CtsJvmtiRunTest906HostTestCases" abi="arm64-v8a" runtime="0" done="false" pass="0" total_tests="0" />
  <Module name="CtsJvmtiRunTest906HostTestCases" abi="armeabi-v7a" runtime="0" done="false" pass="0" total_tests="0" />
  <Module name="CtsJvmtiRunTest907HostTestCases" abi="arm64-v8a" runtime="0" done="false" pass="0" total_tests="0" />
  <Module name="CtsJvmtiRunTest907HostTestCases" abi="armeabi-v7a" runtime="0" done="false" pass="0" total_tests="0" />
  <Module name="CtsJvmtiRunTest908HostTestCases" abi="arm64-v8a" runtime="0" done="false" pass="0" total_tests="0" />
  <Module name="CtsJvmtiRunTest908HostTestCases" abi="armeabi-v7a" runtime="0" done="false" pass="0" total_tests="0" />
  <Module name="CtsJvmtiRunTest910HostTestCases" abi="arm64-v8a" runtime="0" done="false" pass="0" total_tests="0" />
  <Module name="CtsJvmtiRunTest910HostTestCases" abi="armeabi-v7a" runtime="0" done="false" pass="0" total_tests="0" />
  <Module name="CtsJvmtiRunTest911HostTestCases" abi="arm64-v8a" runtime="0" done="false" pass="0" total_tests="0" />
  <Module name="CtsJvmtiRunTest911HostTestCases" abi="armeabi-v7a" runtime="0" done="false" pass="0" total_tests="0" />
  <Module name="CtsJvmtiRunTest912HostTestCases" abi="arm64-v8a" runtime="0" done="false" pass="0" total_tests="0" />
  <Module name="CtsJvmtiRunTest912HostTestCases" abi="armeabi-v7a" runtime="0" done="false" pass="0" total_tests="0" />
  <Module name="CtsJvmtiRunTest913HostTestCases" abi="arm64-v8a" runtime="0" done="false" pass="0" total_tests="0" />
  <Module name="CtsJvmtiRunTest913HostTestCases" abi="armeabi-v7a" runtime="0" done="false" pass="0" total_tests="0" />
  <Module name="CtsJvmtiRunTest914HostTestCases" abi="arm64-v8a" runtime="0" done="false" pass="0" total_tests="0" />
  <Module name="CtsJvmtiRunTest914HostTestCases" abi="armeabi-v7a" runtime="0" done="false" pass="0" total_tests="0" />
  <Module name="CtsJvmtiRunTest915HostTestCases" abi="arm64-v8a" runtime="0" done="false" pass="0" total_tests="0" />
  <Module name="CtsJvmtiRunTest915HostTestCases" abi="armeabi-v7a" runtime="0" done="false" pass="0" total_tests="0" />
  <Module name="CtsJvmtiRunTest917HostTestCases" abi="arm64-v8a" runtime="0" done="false" pass="0" total_tests="0" />
  <Module name="CtsJvmtiRunTest917HostTestCases" abi="armeabi-v7a" runtime="0" done="false" pass="0" total_tests="0" />
  <Module name="CtsJvmtiRunTest918HostTestCases" abi="arm64-v8a" runtime="0" done="false" pass="0" total_tests="0" />
  <Module name="CtsJvmtiRunTest918HostTestCases" abi="armeabi-v7a" runtime="0" done="false" pass="0" total_tests="0" />
  <Module name="CtsJvmtiRunTest919HostTestCases" abi="arm64-v8a" runtime="0" done="false" pass="0" total_tests="0" />
  <Module name="CtsJvmtiRunTest919HostTestCases" abi="armeabi-v7a" runtime="0" done="false" pass="0" total_tests="0" />
  <Module name="CtsJvmtiRunTest920HostTestCases" abi="arm64-v8a" runtime="0" done="false" pass="0" total_tests="0" />
  <Module name="CtsJvmtiRunTest920HostTestCases" abi="armeabi-v7a" runtime="0" done="false" pass="0" total_tests="0" />
  <Module name="CtsJvmtiRunTest922HostTestCases" abi="arm64-v8a" runtime="0" done="false" pass="0" total_tests="0" />
  <Module name="CtsJvmtiRunTest922HostTestCases" abi="armeabi-v7a" runtime="0" done="false" pass="0" total_tests="0" />
  <Module name="CtsJvmtiRunTest923HostTestCases" abi="arm64-v8a" runtime="0" done="false" pass="0" total_tests="0" />
  <Module name="CtsJvmtiRunTest923HostTestCases" abi="armeabi-v7a" runtime="0" done="false" pass="0" total_tests="0" />
  <Module name="CtsJvmtiRunTest924HostTestCases" abi="arm64-v8a" runtime="0" done="false" pass="0" total_tests="0" />
  <Module name="CtsJvmtiRunTest924HostTestCases" abi="armeabi-v7a" runtime="0" done="false" pass="0" total_tests="0" />
  <Module name="CtsJvmtiRunTest926HostTestCases" abi="arm64-v8a" runtime="0" done="false" pass="0" total_tests="0" />
  <Module name="CtsJvmtiRunTest926HostTestCases" abi="armeabi-v7a" runtime="0" done="false" pass="0" total_tests="0" />
  <Module name="CtsJvmtiRunTest927HostTestCases" abi="arm64-v8a" runtime="0" done="false" pass="0" total_tests="0" />
  <Module name="CtsJvmtiRunTest927HostTestCases" abi="armeabi-v7a" runtime="0" done="false" pass="0" total_tests="0" />
  <Module name="CtsJvmtiRunTest928HostTestCases" abi="arm64-v8a" runtime="0" done="false" pass="0" total_tests="0" />
  <Module name="CtsJvmtiRunTest928HostTestCases" abi="armeabi-v7a" runtime="0" done="false" pass="0" total_tests="0" />
  <Module name="CtsJvmtiRunTest930HostTestCases" abi="arm64-v8a" runtime="0" done="false" pass="0" total_tests="0" />
  <Module name="CtsJvmtiRunTest930HostTestCases" abi="armeabi-v7a" runtime="0" done="false" pass="0" total_tests="0" />
  <Module name="CtsJvmtiRunTest931HostTestCases" abi="arm64-v8a" runtime="0" done="false" pass="0" total_tests="0" />
  <Module name="CtsJvmtiRunTest931HostTestCases" abi="armeabi-v7a" runtime="0" done="false" pass="0" total_tests="0" />
  <Module name="CtsJvmtiRunTest932HostTestCases" abi="arm64-v8a" runtime="0" done="false" pass="0" total_tests="0" />
  <Module name="CtsJvmtiRunTest932HostTestCases" abi="armeabi-v7a" runtime="0" done="false" pass="0" total_tests="0" />
  <Module name="CtsJvmtiRunTest940HostTestCases" abi="arm64-v8a" runtime="0" done="false" pass="0" total_tests="0" />
  <Module name="CtsJvmtiRunTest940HostTestCases" abi="armeabi-v7a" runtime="0" done="false" pass="0" total_tests="0" />
  <Module name="CtsJvmtiRunTest942HostTestCases" abi="arm64-v8a" runtime="0" done="false" pass="0" total_tests="0" />
  <Module name="CtsJvmtiRunTest942HostTestCases" abi="armeabi-v7a" runtime="0" done="false" pass="0" total_tests="0" />
  <Module name="CtsJvmtiRunTest944HostTestCases" abi="arm64-v8a" runtime="0" done="false" pass="0" total_tests="0" />
  <Module name="CtsJvmtiRunTest944HostTestCases" abi="armeabi-v7a" runtime="0" done="false" pass="0" total_tests="0" />
  <Module name="CtsJvmtiRunTest945HostTestCases" abi="arm64-v8a" runtime="0" done="false" pass="0" total_tests="0" />
  <Module name="CtsJvmtiRunTest945HostTestCases" abi="armeabi-v7a" runtime="0" done="false" pass="0" total_tests="0" />
  <Module name="CtsJvmtiRunTest947HostTestCases" abi="arm64-v8a" runtime="0" done="false" pass="0" total_tests="0" />
  <Module name="CtsJvmtiRunTest947HostTestCases" abi="armeabi-v7a" runtime="0" done="false" pass="0" total_tests="0" />
  <Module name="CtsJvmtiRunTest951HostTestCases" abi="arm64-v8a" runtime="0" done="false" pass="0" total_tests="0" />
  <Module name="CtsJvmtiRunTest951HostTestCases" abi="armeabi-v7a" runtime="0" done="false" pass="0" total_tests="0" />
  <Module name="CtsJvmtiRunTest982HostTestCases" abi="arm64-v8a" runtime="0" done="false" pass="0" total_tests="0" />
  <Module name="CtsJvmtiRunTest982HostTestCases" abi="armeabi-v7a" runtime="0" done="false" pass="0" total_tests="0" />
  <Module name="CtsJvmtiRunTest983HostTestCases" abi="arm64-v8a" runtime="0" done="false" pass="0" total_tests="0" />
  <Module name="CtsJvmtiRunTest983HostTestCases" abi="armeabi-v7a" runtime="0" done="false" pass="0" total_tests="0" />
  <Module name="CtsJvmtiRunTest984HostTestCases" abi="arm64-v8a" runtime="0" done="false" pass="0" total_tests="0" />
  <Module name="CtsJvmtiRunTest984HostTestCases" abi="armeabi-v7a" runtime="0" done="false" pass="0" total_tests="0" />
  <Module name="CtsJvmtiRunTest985HostTestCases" abi="arm64-v8a" runtime="0" done="false" pass="0" total_tests="0" />
  <Module name="CtsJvmtiRunTest985HostTestCases" abi="armeabi-v7a" runtime="0" done="false" pass="0" total_tests="0" />
  <Module name="CtsJvmtiRunTest986HostTestCases" abi="arm64-v8a" runtime="0" done="false" pass="0" total_tests="0" />
  <Module name="CtsJvmtiRunTest986HostTestCases" abi="armeabi-v7a" runtime="0" done="false" pass="0" total_tests="0" />
  <Module name="CtsJvmtiRunTest988HostTestCases" abi="arm64-v8a" runtime="0" done="false" pass="0" total_tests="0" />
  <Module name="CtsJvmtiRunTest988HostTestCases" abi="armeabi-v7a" runtime="0" done="false" pass="0" total_tests="0" />
  <Module name="CtsJvmtiRunTest989HostTestCases" abi="arm64-v8a" runtime="0" done="false" pass="0" total_tests="0" />
  <Module name="CtsJvmtiRunTest989HostTestCases" abi="armeabi-v7a" runtime="0" done="false" pass="0" total_tests="0" />
  <Module name="CtsJvmtiRunTest990HostTestCases" abi="arm64-v8a" runtime="0" done="false" pass="0" total_tests="0" />
  <Module name="CtsJvmtiRunTest990HostTestCases" abi="armeabi-v7a" runtime="0" done="false" pass="0" total_tests="0" />
  <Module name="CtsJvmtiRunTest991HostTestCases" abi="arm64-v8a" runtime="0" done="false" pass="0" total_tests="0" />
  <Module name="CtsJvmtiRunTest991HostTestCases" abi="armeabi-v7a" runtime="0" done="false" pass="0" total_tests="0" />
  <Module name="CtsJvmtiRunTest992HostTestCases" abi="arm64-v8a" runtime="0" done="false" pass="0" total_tests="0" />
  <Module name="CtsJvmtiRunTest992HostTestCases" abi="armeabi-v7a" runtime="0" done="false" pass="0" total_tests="0" />
  <Module name="CtsJvmtiRunTest993HostTestCases" abi="arm64-v8a" runtime="0" done="false" pass="0" total_tests="0" />
  <Module name="CtsJvmtiRunTest993HostTestCases" abi="armeabi-v7a" runtime="0" done="false" pass="0" total_tests="0" />
  <Module name="CtsJvmtiRunTest994HostTestCases" abi="arm64-v8a" runtime="0" done="false" pass="0" total_tests="0" />
  <Module name="CtsJvmtiRunTest994HostTestCases" abi="armeabi-v7a" runtime="0" done="false" pass="0" total_tests="0" />
  <Module name="CtsJvmtiRunTest995HostTestCases" abi="arm64-v8a" runtime="0" done="false" pass="0" total_tests="0" />
  <Module name="CtsJvmtiRunTest995HostTestCases" abi="armeabi-v7a" runtime="0" done="false" pass="0" total_tests="0" />
  <Module name="CtsJvmtiRunTest996HostTestCases" abi="arm64-v8a" runtime="0" done="false" pass="0" total_tests="0" />
  <Module name="CtsJvmtiRunTest996HostTestCases" abi="armeabi-v7a" runtime="0" done="false" pass="0" total_tests="0" />
  <Module name="CtsJvmtiRunTest997HostTestCases" abi="arm64-v8a" runtime="0" done="false" pass="0" total_tests="0" />
  <Module name="CtsJvmtiRunTest997HostTestCases" abi="armeabi-v7a" runtime="0" done="false" pass="0" total_tests="0" />
  <Module name="CtsJvmtiTaggingHostTestCases" abi="arm64-v8a" runtime="0" done="false" pass="0" total_tests="0" />
  <Module name="CtsJvmtiTaggingHostTestCases" abi="armeabi-v7a" runtime="0" done="false" pass="0" total_tests="0" />
  <Module name="CtsJvmtiTrackingHostTestCases" abi="arm64-v8a" runtime="0" done="false" pass="0" total_tests="0" />
  <Module name="CtsJvmtiTrackingHostTestCases" abi="armeabi-v7a" runtime="0" done="false" pass="0" total_tests="0" />
  <Module name="CtsKernelConfigTestCases" abi="arm64-v8a" runtime="0" done="false" pass="0" total_tests="0" />
  <Module name="CtsKernelConfigTestCases" abi="armeabi-v7a" runtime="0" done="false" pass="0" total_tests="0" />
  <Module name="CtsKeystoreTestCases" abi="arm64-v8a" runtime="0" done="false" pass="0" total_tests="0" />
  <Module name="CtsKeystoreTestCases" abi="armeabi-v7a" runtime="0" done="false" pass="0" total_tests="0" />
  <Module name="CtsLeanbackJankTestCases" abi="arm64-v8a" runtime="0" done="false" pass="0" total_tests="0" />
  <Module name="CtsLegacyNotification20TestCases" abi="arm64-v8a" runtime="0" done="false" pass="0" total_tests="0" />
  <Module name="CtsLegacyNotification27TestCases" abi="arm64-v8a" runtime="0" done="false" pass="0" total_tests="0" />
  <Module name="CtsLegacyNotification28TestCases" abi="arm64-v8a" runtime="0" done="false" pass="0" total_tests="0" />
  <Module name="CtsLegacyNotification29TestCases" abi="arm64-v8a" runtime="0" done="false" pass="0" total_tests="0" />
  <Module name="CtsLibcoreApiEvolutionTestCases" abi="arm64-v8a" runtime="0" done="false" pass="0" total_tests="0" />
  <Module name="CtsLibcoreApiEvolutionTestCases" abi="armeabi-v7a" runtime="0" done="false" pass="0" total_tests="0" />
  <Module name="CtsLibcoreFileIOTestCases" abi="arm64-v8a" runtime="0" done="false" pass="0" total_tests="0" />
  <Module name="CtsLibcoreFileIOTestCases" abi="armeabi-v7a" runtime="0" done="false" pass="0" total_tests="0" />
  <Module name="CtsLibcoreJsr166TestCases" abi="arm64-v8a" runtime="0" done="false" pass="0" total_tests="0" />
  <Module name="CtsLibcoreJsr166TestCases" abi="armeabi-v7a" runtime="0" done="false" pass="0" total_tests="0" />
  <Module name="CtsLibcoreLegacy22TestCases" abi="arm64-v8a" runtime="0" done="false" pass="0" total_tests="0" />
  <Module name="CtsLibcoreLegacy22TestCases" abi="armeabi-v7a" runtime="0" done="false" pass="0" total_tests="0" />
  <Module name="CtsLibcoreOjTestCases" abi="arm64-v8a" runtime="0" done="false" pass="0" total_tests="0" />
  <Module name="CtsLibcoreOjTestCases" abi="armeabi-v7a" runtime="0" done="false" pass="0" total_tests="0" />
  <Module name="CtsLibcoreOkHttpTestCases" abi="arm64-v8a" runtime="0" done="false" pass="0" total_tests="0" />
  <Module name="CtsLibcoreOkHttpTestCases" abi="armeabi-v7a" runtime="0" done="false" pass="0" total_tests="0" />
  <Module name="CtsLibcoreTestCases" abi="arm64-v8a" runtime="0" done="false" pass="0" total_tests="0" />
  <Module name="CtsLibcoreTestCases" abi="armeabi-v7a" runtime="0" done="false" pass="0" total_tests="0" />
  <Module name="CtsLibcoreWycheproofBCTestCases" abi="arm64-v8a" runtime="0" done="false" pass="0" total_tests="0" />
  <Module name="CtsLibcoreWycheproofBCTestCases" abi="armeabi-v7a" runtime="0" done="false" pass="0" total_tests="0" />
  <Module name="CtsLibcoreWycheproofConscryptTestCases" abi="arm64-v8a" runtime="0" done="false" pass="0" total_tests="0" />
  <Module name="CtsLibcoreWycheproofConscryptTestCases" abi="armeabi-v7a" runtime="0" done="false" pass="0" total_tests="0" />
  <Module name="CtsLiblogTestCases" abi="arm64-v8a" runtime="0" done="false" pass="0" total_tests="0" />
  <Module name="CtsLiblogTestCases" abi="armeabi-v7a" runtime="0" done="false" pass="0" total_tests="0" />
  <Module name="CtsLocation2TestCases" abi="arm64-v8a" runtime="0" done="false" pass="0" total_tests="0" />
  <Module name="CtsLocation2TestCases" abi="armeabi-v7a" runtime="0" done="false" pass="0" total_tests="0" />
  <Module name="CtsLocation2TestCases[instant]" abi="arm64-v8a" runtime="0" done="false" pass="0" total_tests="0" />
  <Module name="CtsLocationTestCases" abi="arm64-v8a" runtime="0" done="false" pass="0" total_tests="0" />
  <Module name="CtsLocationTestCases" abi="armeabi-v7a" runtime="0" done="false" pass="0" total_tests="0" />
  <Module name="CtsLocationTestCases[instant]" abi="arm64-v8a" runtime="0" done="false" pass="0" total_tests="0" />
  <Module name="CtsLogdTestCases" abi="arm64-v8a" runtime="0" done="false" pass="0" total_tests="0" />
  <Module name="CtsLogdTestCases" abi="armeabi-v7a" runtime="0" done="false" pass="0" total_tests="0" />
  <Module name="CtsMediaHostTestCases" abi="arm64-v8a" runtime="0" done="false" pass="0" total_tests="0" />
  <Module name="CtsMediaHostTestCases" abi="armeabi-v7a" runtime="0" done="false" pass="0" total_tests="0" />
  <Module name="CtsMediaHostTestCases[instant]" abi="arm64-v8a" runtime="0" done="false" pass="0" total_tests="0" />
  <Module name="CtsMediaStressTestCases" abi="arm64-v8a" runtime="0" done="false" pass="0" total_tests="0" />
  <Module name="CtsMediaStressTestCases" abi="armeabi-v7a" runtime="0" done="false" pass="0" total_tests="0" />
  <Module name="CtsMediaTestCases" abi="arm64-v8a" runtime="0" done="false" pass="0" total_tests="0" />
  <Module name="CtsMediaTestCases" abi="armeabi-v7a" runtime="0" done="false" pass="0" total_tests="0" />
  <Module name="CtsMediaTestCases[instant]" abi="arm64-v8a" runtime="0" done="false" pass="0" total_tests="0" />
  <Module name="CtsMidiTestCases" abi="arm64-v8a" runtime="0" done="false" pass="0" total_tests="0" />
  <Module name="CtsMidiTestCases" abi="armeabi-v7a" runtime="0" done="false" pass="0" total_tests="0" />
  <Module name="CtsMockingDebuggableTestCases" abi="arm64-v8a" runtime="0" done="false" pass="0" total_tests="0" />
  <Module name="CtsMockingDebuggableTestCases[instant]" abi="arm64-v8a" runtime="0" done="false" pass="0" total_tests="0" />
  <Module name="CtsMockingTestCases" abi="arm64-v8a" runtime="0" done="false" pass="0" total_tests="0" />
  <Module name="CtsMockingTestCases[instant]" abi="arm64-v8a" runtime="0" done="false" pass="0" total_tests="0" />
  <Module name="CtsMonkeyTestCases" abi="arm64-v8a" runtime="0" done="false" pass="0" total_tests="0" />
  <Module name="CtsMultiUserHostTestCases" abi="arm64-v8a" runtime="0" done="false" pass="0" total_tests="0" />
  <Module name="CtsMultiUserHostTestCases[instant]" abi="arm64-v8a" runtime="0" done="false" pass="0" total_tests="0" />
  <Module name="CtsMultiUserTestCases" abi="arm64-v8a" runtime="0" done="false" pass="0" total_tests="0" />
  <Module name="CtsMultiUserTestCases[instant]" abi="arm64-v8a" runtime="0" done="false" pass="0" total_tests="0" />
  <Module name="CtsNNAPIBenchmarkTestCases" abi="arm64-v8a" runtime="0" done="false" pass="0" total_tests="0" />
  <Module name="CtsNNAPIBenchmarkTestCases" abi="armeabi-v7a" runtime="0" done="false" pass="0" total_tests="0" />
  <Module name="CtsNNAPIBenchmarkTestCases[instant]" abi="arm64-v8a" runtime="0" done="false" pass="0" total_tests="0" />
  <Module name="CtsNNAPITestCases" abi="arm64-v8a" runtime="0" done="false" pass="0" total_tests="0" />
  <Module name="CtsNNAPITestCases" abi="armeabi-v7a" runtime="0" done="false" pass="0" total_tests="0" />
  <Module name="CtsNativeHardwareTestCases" abi="arm64-v8a" runtime="0" done="false" pass="0" total_tests="0" />
  <Module name="CtsNativeHardwareTestCases" abi="armeabi-v7a" runtime="0" done="false" pass="0" total_tests="0" />
  <Module name="CtsNativeMediaAAudioTestCases" abi="arm64-v8a" runtime="0" done="false" pass="0" total_tests="0" />
  <Module name="CtsNativeMediaAAudioTestCases" abi="armeabi-v7a" runtime="0" done="false" pass="0" total_tests="0" />
  <Module name="CtsNativeMediaAAudioTestCases[instant]" abi="arm64-v8a" runtime="0" done="false" pass="0" total_tests="0" />
  <Module name="CtsNativeMediaSlTestCases" abi="arm64-v8a" runtime="0" done="false" pass="0" total_tests="0" />
  <Module name="CtsNativeMediaSlTestCases" abi="armeabi-v7a" runtime="0" done="false" pass="0" total_tests="0" />
  <Module name="CtsNativeMediaSlTestCases[instant]" abi="arm64-v8a" runtime="0" done="false" pass="0" total_tests="0" />
  <Module name="CtsNativeMediaXaTestCases" abi="arm64-v8a" runtime="0" done="false" pass="0" total_tests="0" />
  <Module name="CtsNativeMediaXaTestCases" abi="armeabi-v7a" runtime="0" done="false" pass="0" total_tests="0" />
  <Module name="CtsNativeMediaXaTestCases[instant]" abi="arm64-v8a" runtime="0" done="false" pass="0" total_tests="0" />
  <Module name="CtsNativeMidiTestCases" abi="arm64-v8a" runtime="0" done="false" pass="0" total_tests="0" />
  <Module name="CtsNativeMidiTestCases" abi="armeabi-v7a" runtime="0" done="false" pass="0" total_tests="0" />
  <Module name="CtsNativeNetDnsTestCases" abi="arm64-v8a" runtime="0" done="false" pass="0" total_tests="0" />
  <Module name="CtsNativeNetDnsTestCases" abi="armeabi-v7a" runtime="0" done="false" pass="0" total_tests="0" />
  <Module name="CtsNativeNetDnsTestCases[instant]" abi="arm64-v8a" runtime="0" done="false" pass="0" total_tests="0" />
  <Module name="CtsNativeNetTestCases" abi="arm64-v8a" runtime="0" done="false" pass="0" total_tests="0" />
  <Module name="CtsNativeNetTestCases" abi="armeabi-v7a" runtime="0" done="false" pass="0" total_tests="0" />
  <Module name="CtsNativeNetTestCases[instant]" abi="arm64-v8a" runtime="0" done="false" pass="0" total_tests="0" />
  <Module name="CtsNdefTestCases" abi="arm64-v8a" runtime="0" done="false" pass="0" total_tests="0" />
  <Module name="CtsNdkBinderTestCases" abi="arm64-v8a" runtime="0" done="false" pass="0" total_tests="0" />
  <Module name="CtsNdkBinderTestCases" abi="armeabi-v7a" runtime="0" done="false" pass="0" total_tests="0" />
  <Module name="CtsNdkBinderTestCases[instant]" abi="arm64-v8a" runtime="0" done="false" pass="0" total_tests="0" />
  <Module name="CtsNetApi23TestCases" abi="arm64-v8a" runtime="0" done="false" pass="0" total_tests="0" />
  <Module name="CtsNetSecConfigAttributeTestCases" abi="arm64-v8a" runtime="0" done="false" pass="0" total_tests="0" />
  <Module name="CtsNetSecConfigAttributeTestCases[instant]" abi="arm64-v8a" runtime="0" done="false" pass="0" total_tests="0" />
  <Module name="CtsNetSecConfigBasicDebugDisabledTestCases" abi="arm64-v8a" runtime="0" done="false" pass="0" total_tests="0" />
  <Module name="CtsNetSecConfigBasicDebugDisabledTestCases[instant]" abi="arm64-v8a" runtime="0" done="false" pass="0" total_tests="0" />
  <Module name="CtsNetSecConfigBasicDebugEnabledTestCases" abi="arm64-v8a" runtime="0" done="false" pass="0" total_tests="0" />
  <Module name="CtsNetSecConfigBasicDebugEnabledTestCases[instant]" abi="arm64-v8a" runtime="0" done="false" pass="0" total_tests="0" />
  <Module name="CtsNetSecConfigBasicDomainConfigTestCases" abi="arm64-v8a" runtime="0" done="false" pass="0" total_tests="0" />
  <Module name="CtsNetSecConfigBasicDomainConfigTestCases[instant]" abi="arm64-v8a" runtime="0" done="false" pass="0" total_tests="0" />
  <Module name="CtsNetSecConfigCleartextTrafficTestCases" abi="arm64-v8a" runtime="0" done="false" pass="0" total_tests="0" />
  <Module name="CtsNetSecConfigCleartextTrafficTestCases[instant]" abi="arm64-v8a" runtime="0" done="false" pass="0" total_tests="0" />
  <Module name="CtsNetSecConfigDownloadManagerTestCases" abi="arm64-v8a" runtime="0" done="false" pass="0" total_tests="0" />
  <Module name="CtsNetSecConfigInvalidPinTestCases" abi="arm64-v8a" runtime="0" done="false" pass="0" total_tests="0" />
  <Module name="CtsNetSecConfigInvalidPinTestCases[instant]" abi="arm64-v8a" runtime="0" done="false" pass="0" total_tests="0" />
  <Module name="CtsNetSecConfigNestedDomainConfigTestCases" abi="arm64-v8a" runtime="0" done="false" pass="0" total_tests="0" />
  <Module name="CtsNetSecConfigNestedDomainConfigTestCases[instant]" abi="arm64-v8a" runtime="0" done="false" pass="0" total_tests="0" />
  <Module name="CtsNetSecConfigPrePCleartextTrafficTestCases" abi="arm64-v8a" runtime="0" done="false" pass="0" total_tests="0" />
  <Module name="CtsNetSecConfigResourcesSrcTestCases" abi="arm64-v8a" runtime="0" done="false" pass="0" total_tests="0" />
  <Module name="CtsNetSecConfigResourcesSrcTestCases[instant]" abi="arm64-v8a" runtime="0" done="false" pass="0" total_tests="0" />
  <Module name="CtsNetSecPolicyUsesCleartextTrafficFalseTestCases" abi="arm64-v8a" runtime="0" done="false" pass="0" total_tests="0" />
  <Module name="CtsNetSecPolicyUsesCleartextTrafficTrueTestCases" abi="arm64-v8a" runtime="0" done="false" pass="0" total_tests="0" />
  <Module name="CtsNetSecPolicyUsesCleartextTrafficUnspecifiedTestCases" abi="arm64-v8a" runtime="0" done="false" pass="0" total_tests="0" />
  <Module name="CtsNetTestCases" abi="arm64-v8a" runtime="0" done="false" pass="0" total_tests="0" />
  <Module name="CtsNetTestCasesInternetPermission" abi="arm64-v8a" runtime="0" done="false" pass="0" total_tests="0" />
  <Module name="CtsNetTestCasesInternetPermission[instant]" abi="arm64-v8a" runtime="0" done="false" pass="0" total_tests="0" />
  <Module name="CtsNetTestCasesLegacyApi22" abi="arm64-v8a" runtime="0" done="false" pass="0" total_tests="0" />
  <Module name="CtsNetTestCasesLegacyPermission22" abi="arm64-v8a" runtime="0" done="false" pass="0" total_tests="0" />
  <Module name="CtsNetTestCasesUpdateStatsPermission" abi="arm64-v8a" runtime="0" done="false" pass="0" total_tests="0" />
  <Module name="CtsNetTestCasesUpdateStatsPermission[instant]" abi="arm64-v8a" runtime="0" done="false" pass="0" total_tests="0" />
  <Module name="CtsNetTestCases[instant]" abi="arm64-v8a" runtime="0" done="false" pass="0" total_tests="0" />
  <Module name="CtsNoPermissionTestCases" abi="arm64-v8a" runtime="0" done="false" pass="0" total_tests="0" />
  <Module name="CtsNoPermissionTestCases25" abi="arm64-v8a" runtime="0" done="false" pass="0" total_tests="0" />
  <Module name="CtsOmapiTestCases" abi="arm64-v8a" runtime="0" done="false" pass="0" total_tests="0" />
  <Module name="CtsOmapiTestCases[instant]" abi="arm64-v8a" runtime="0" done="false" pass="0" total_tests="0" />
  <Module name="CtsOpenGLTestCases" abi="arm64-v8a" runtime="0" done="false" pass="0" total_tests="0" />
  <Module name="CtsOpenGLTestCases" abi="armeabi-v7a" runtime="0" done="false" pass="0" total_tests="0" />
  <Module name="CtsOpenGlPerf2TestCases" abi="arm64-v8a" runtime="0" done="false" pass="0" total_tests="0" />
  <Module name="CtsOpenGlPerf2TestCases" abi="armeabi-v7a" runtime="0" done="false" pass="0" total_tests="0" />
  <Module name="CtsOpenGlPerfTestCases" abi="arm64-v8a" runtime="0" done="false" pass="0" total_tests="0" />
  <Module name="CtsOpenGlPerfTestCases" abi="armeabi-v7a" runtime="0" done="false" pass="0" total_tests="0" />
  <Module name="CtsOsHostTestCases" abi="arm64-v8a" runtime="0" done="false" pass="0" total_tests="0" />
  <Module name="CtsOsHostTestCases" abi="armeabi-v7a" runtime="0" done="false" pass="0" total_tests="0" />
  <Module name="CtsOsHostTestCases[instant]" abi="arm64-v8a" runtime="0" done="false" pass="0" total_tests="0" />
  <Module name="CtsOsTestCases" abi="arm64-v8a" runtime="0" done="false" pass="0" total_tests="0" />
  <Module name="CtsOsTestCases" abi="armeabi-v7a" runtime="0" done="false" pass="0" total_tests="0" />
  <Module name="CtsOsTestCases[instant]" abi="arm64-v8a" runtime="0" done="false" pass="0" total_tests="0" />
  <Module name="CtsPackageInstallTestCases" abi="arm64-v8a" runtime="0" done="false" pass="0" total_tests="0" />
  <Module name="CtsPackageInstallTestCases[instant]" abi="arm64-v8a" runtime="0" done="false" pass="0" total_tests="0" />
  <Module name="CtsPackageInstallerTapjackingTestCases" abi="arm64-v8a" runtime="0" done="false" pass="0" total_tests="0" />
  <Module name="CtsPackageUninstallTestCases" abi="arm64-v8a" runtime="0" done="false" pass="0" total_tests="0" />
  <Module name="CtsPdfTestCases" abi="arm64-v8a" runtime="0" done="false" pass="0" total_tests="0" />
  <Module name="CtsPdfTestCases" abi="armeabi-v7a" runtime="0" done="false" pass="0" total_tests="0" />
  <Module name="CtsPdfTestCases[instant]" abi="arm64-v8a" runtime="0" done="false" pass="0" total_tests="0" />
  <Module name="CtsPerfettoTestCases" abi="arm64-v8a" runtime="0" done="false" pass="0" total_tests="0" />
  <Module name="CtsPerfettoTestCases" abi="armeabi-v7a" runtime="0" done="false" pass="0" total_tests="0" />
  <Module name="CtsPermission2TestCases" abi="arm64-v8a" runtime="0" done="false" pass="0" total_tests="0" />
  <Module name="CtsPermission2TestCases[instant]" abi="arm64-v8a" runtime="0" done="false" pass="0" total_tests="0" />
  <Module name="CtsPermissionTestCases" abi="arm64-v8a" runtime="0" done="false" pass="0" total_tests="0" />
  <Module name="CtsPermissionTestCasesSdk28" abi="arm64-v8a" runtime="0" done="false" pass="0" total_tests="0" />
  <Module name="CtsPermissionTestCasesSdk28[instant]" abi="arm64-v8a" runtime="0" done="false" pass="0" total_tests="0" />
  <Module name="CtsPermissionTestCasesTelephony" abi="arm64-v8a" runtime="0" done="false" pass="0" total_tests="0" />
  <Module name="CtsPermissionTestCasesTelephony[instant]" abi="arm64-v8a" runtime="0" done="false" pass="0" total_tests="0" />
  <Module name="CtsPermissionTestCases[instant]" abi="arm64-v8a" runtime="0" done="false" pass="0" total_tests="0" />
  <Module name="CtsPreferenceTestCases" abi="arm64-v8a" runtime="0" done="false" pass="0" total_tests="0" />
  <Module name="CtsPreferenceTestCases[instant]" abi="arm64-v8a" runtime="0" done="false" pass="0" total_tests="0" />
  <Module name="CtsPrintTestCases" abi="arm64-v8a" runtime="0" done="false" pass="0" total_tests="0" />
  <Module name="CtsPrintTestCases[instant]" abi="arm64-v8a" runtime="0" done="false" pass="0" total_tests="0" />
  <Module name="CtsProtoTestCases" abi="arm64-v8a" runtime="0" done="false" pass="0" total_tests="0" />
  <Module name="CtsProtoTestCases" abi="armeabi-v7a" runtime="0" done="false" pass="0" total_tests="0" />
  <Module name="CtsProtoTestCases[instant]" abi="arm64-v8a" runtime="0" done="false" pass="0" total_tests="0" />
  <Module name="CtsProviderTestCases" abi="arm64-v8a" runtime="0" done="false" pass="0" total_tests="0" />
  <Module name="CtsProviderUiTestCases" abi="arm64-v8a" runtime="0" done="false" pass="0" total_tests="0" />
  <Module name="CtsRenderscriptLegacyTestCases" abi="armeabi-v7a" runtime="0" done="false" pass="0" total_tests="0" />
  <Module name="CtsRenderscriptTestCases" abi="arm64-v8a" runtime="0" done="false" pass="0" total_tests="0" />
  <Module name="CtsRenderscriptTestCases" abi="armeabi-v7a" runtime="0" done="false" pass="0" total_tests="0" />
  <Module name="CtsRenderscriptTestCases[instant]" abi="arm64-v8a" runtime="0" done="false" pass="0" total_tests="0" />
  <Module name="CtsResolverServiceTestCases" abi="arm64-v8a" runtime="0" done="false" pass="0" total_tests="0" />
  <Module name="CtsRoleTestCases" abi="arm64-v8a" runtime="0" done="false" pass="0" total_tests="0" />
  <Module name="CtsRollbackManagerHostTestCases" abi="arm64-v8a" runtime="0" done="false" pass="0" total_tests="0" />
  <Module name="CtsRsBlasTestCases" abi="arm64-v8a" runtime="0" done="false" pass="0" total_tests="0" />
  <Module name="CtsRsBlasTestCases" abi="armeabi-v7a" runtime="0" done="false" pass="0" total_tests="0" />
  <Module name="CtsRsCppTestCases" abi="arm64-v8a" runtime="0" done="false" pass="0" total_tests="0" />
  <Module name="CtsRsCppTestCases" abi="armeabi-v7a" runtime="0" done="false" pass="0" total_tests="0" />
  <Module name="CtsSampleDeviceTestCases" abi="arm64-v8a" runtime="0" done="false" pass="0" total_tests="0" />
  <Module name="CtsSampleDeviceTestCases[instant]" abi="arm64-v8a" runtime="0" done="false" pass="0" total_tests="0" />
  <Module name="CtsSampleHostTestCases" abi="arm64-v8a" runtime="0" done="false" pass="0" total_tests="0" />
  <Module name="CtsSaxTestCases" abi="arm64-v8a" runtime="0" done="false" pass="0" total_tests="0" />
  <Module name="CtsSaxTestCases" abi="armeabi-v7a" runtime="0" done="false" pass="0" total_tests="0" />
  <Module name="CtsSeccompHostTestCases" abi="arm64-v8a" runtime="0" done="false" pass="0" total_tests="0" />
  <Module name="CtsSeccompHostTestCases" abi="armeabi-v7a" runtime="0" done="false" pass="0" total_tests="0" />
  <Module name="CtsSeccompHostTestCases[instant]" abi="arm64-v8a" runtime="0" done="false" pass="0" total_tests="0" />
  <Module name="CtsSecureElementAccessControlTestCases1" abi="arm64-v8a" runtime="0" done="false" pass="0" total_tests="0" />
  <Module name="CtsSecureElementAccessControlTestCases1[instant]" abi="arm64-v8a" runtime="0" done="false" pass="0" total_tests="0" />
  <Module name="CtsSecureElementAccessControlTestCases2" abi="arm64-v8a" runtime="0" done="false" pass="0" total_tests="0" />
  <Module name="CtsSecureElementAccessControlTestCases2[instant]" abi="arm64-v8a" runtime="0" done="false" pass="0" total_tests="0" />
  <Module name="CtsSecureElementAccessControlTestCases3" abi="arm64-v8a" runtime="0" done="false" pass="0" total_tests="0" />
  <Module name="CtsSecureElementAccessControlTestCases3[instant]" abi="arm64-v8a" runtime="0" done="false" pass="0" total_tests="0" />
  <Module name="CtsSecurityBulletinHostTestCases" abi="arm64-v8a" runtime="0" done="false" pass="0" total_tests="0" />
  <Module name="CtsSecurityBulletinHostTestCases" abi="armeabi-v7a" runtime="0" done="false" pass="0" total_tests="0" />
  <Module name="CtsSecurityHostTestCases" abi="arm64-v8a" runtime="0" done="false" pass="0" total_tests="0" />
  <Module name="CtsSecurityTestCases" abi="arm64-v8a" runtime="0" done="false" pass="0" total_tests="0" />
  <Module name="CtsSecurityTestCases[instant]" abi="arm64-v8a" runtime="0" done="false" pass="0" total_tests="0" />
  <Module name="CtsSelinuxEphemeralTestCases" abi="arm64-v8a" runtime="0" done="false" pass="0" total_tests="0" />
  <Module name="CtsSelinuxEphemeralTestCases" abi="armeabi-v7a" runtime="0" done="false" pass="0" total_tests="0" />
  <Module name="CtsSelinuxEphemeralTestCases[instant]" abi="arm64-v8a" runtime="0" done="false" pass="0" total_tests="0" />
  <Module name="CtsSelinuxTargetSdk25TestCases" abi="arm64-v8a" runtime="0" done="false" pass="0" total_tests="0" />
  <Module name="CtsSelinuxTargetSdk25TestCases" abi="armeabi-v7a" runtime="0" done="false" pass="0" total_tests="0" />
  <Module name="CtsSelinuxTargetSdk27TestCases" abi="arm64-v8a" runtime="0" done="false" pass="0" total_tests="0" />
  <Module name="CtsSelinuxTargetSdk27TestCases" abi="armeabi-v7a" runtime="0" done="false" pass="0" total_tests="0" />
  <Module name="CtsSelinuxTargetSdk28TestCases" abi="arm64-v8a" runtime="0" done="false" pass="0" total_tests="0" />
  <Module name="CtsSelinuxTargetSdk28TestCases" abi="armeabi-v7a" runtime="0" done="false" pass="0" total_tests="0" />
  <Module name="CtsSelinuxTargetSdkCurrentTestCases" abi="arm64-v8a" runtime="0" done="false" pass="0" total_tests="0" />
  <Module name="CtsSelinuxTargetSdkCurrentTestCases" abi="armeabi-v7a" runtime="0" done="false" pass="0" total_tests="0" />
  <Module name="CtsSensorTestCases" abi="arm64-v8a" runtime="0" done="false" pass="0" total_tests="0" />
  <Module name="CtsSensorTestCases" abi="armeabi-v7a" runtime="0" done="false" pass="0" total_tests="0" />
  <Module name="CtsSensorTestCases[instant]" abi="arm64-v8a" runtime="0" done="false" pass="0" total_tests="0" />
  <Module name="CtsSharedLibsApiSignatureTestCases" abi="arm64-v8a" runtime="0" done="false" pass="0" total_tests="0" />
  <Module name="CtsShortcutHostTestCases" abi="arm64-v8a" runtime="0" done="false" pass="0" total_tests="0" />
  <Module name="CtsShortcutManagerTestCases" abi="arm64-v8a" runtime="0" done="false" pass="0" total_tests="0" />
  <Module name="CtsSignedConfigHostTestCases" abi="arm64-v8a" runtime="0" done="false" pass="0" total_tests="0" />
  <Module name="CtsSimRestrictedApisTestCases" abi="arm64-v8a" runtime="0" done="false" pass="0" total_tests="0" />
  <Module name="CtsSimpleCpuTestCases" abi="arm64-v8a" runtime="0" done="false" pass="0" total_tests="0" />
  <Module name="CtsSimpleperfTestCases" abi="arm64-v8a" runtime="0" done="false" pass="0" total_tests="0" />
  <Module name="CtsSimpleperfTestCases" abi="armeabi-v7a" runtime="0" done="false" pass="0" total_tests="0" />
  <Module name="CtsSkQPTestCases" abi="arm64-v8a" runtime="0" done="false" pass="0" total_tests="0" />
  <Module name="CtsSkQPTestCases" abi="armeabi-v7a" runtime="0" done="false" pass="0" total_tests="0" />
  <Module name="CtsSliceTestCases" abi="arm64-v8a" runtime="0" done="false" pass="0" total_tests="0" />
  <Module name="CtsSpeechTestCases" abi="arm64-v8a" runtime="0" done="false" pass="0" total_tests="0" />
  <Module name="CtsSpeechTestCases" abi="armeabi-v7a" runtime="0" done="false" pass="0" total_tests="0" />
  <Module name="CtsStagedInstallHostTestCases" abi="arm64-v8a" runtime="0" done="false" pass="0" total_tests="0" />
  <Module name="CtsStatsdHostTestCases" abi="arm64-v8a" runtime="0" done="false" pass="0" total_tests="0" />
  <Module name="CtsStatsdHostTestCases" abi="armeabi-v7a" runtime="0" done="false" pass="0" total_tests="0" />
  <Module name="CtsStatsdHostTestCases[instant]" abi="arm64-v8a" runtime="0" done="false" pass="0" total_tests="0" />
  <Module name="CtsSustainedPerformanceHostTestCases" abi="arm64-v8a" runtime="0" done="false" pass="0" total_tests="0" />
  <Module name="CtsSustainedPerformanceHostTestCases" abi="armeabi-v7a" runtime="0" done="false" pass="0" total_tests="0" />
  <Module name="CtsSyncAccountAccessOtherCertTestCases" abi="arm64-v8a" runtime="0" done="false" pass="0" total_tests="0" />
  <Module name="CtsSyncContentHostTestCases" abi="arm64-v8a" runtime="0" done="false" pass="0" total_tests="0" />
  <Module name="CtsSyncManagerTestsCases" abi="arm64-v8a" runtime="0" done="false" pass="0" total_tests="0" />
  <Module name="CtsSystemApiAnnotationTestCases" abi="arm64-v8a" runtime="0" done="false" pass="0" total_tests="0" />
  <Module name="CtsSystemApiSignatureTestCases" abi="arm64-v8a" runtime="0" done="false" pass="0" total_tests="0" />
  <Module name="CtsSystemIntentTestCases" abi="arm64-v8a" runtime="0" done="false" pass="0" total_tests="0" />
  <Module name="CtsSystemUiHostTestCases" abi="arm64-v8a" runtime="0" done="false" pass="0" total_tests="0" />
  <Module name="CtsSystemUiHostTestCases[instant]" abi="arm64-v8a" runtime="0" done="false" pass="0" total_tests="0" />
  <Module name="CtsSystemUiTestCases" abi="arm64-v8a" runtime="0" done="false" pass="0" total_tests="0" />
  <Module name="CtsSystemUiTestCases[instant]" abi="arm64-v8a" runtime="0" done="false" pass="0" total_tests="0" />
  <Module name="CtsTelecomTestCases" abi="arm64-v8a" runtime="0" done="false" pass="0" total_tests="0" />
  <Module name="CtsTelecomTestCases2" abi="arm64-v8a" runtime="0" done="false" pass="0" total_tests="0" />
  <Module name="CtsTelecomTestCases3" abi="arm64-v8a" runtime="0" done="false" pass="0" total_tests="0" />
  <Module name="CtsTelephony2TestCases" abi="arm64-v8a" runtime="0" done="false" pass="0" total_tests="0" />
  <Module name="CtsTelephony2TestCases[instant]" abi="arm64-v8a" runtime="0" done="false" pass="0" total_tests="0" />
  <Module name="CtsTelephony3TestCases" abi="arm64-v8a" runtime="0" done="false" pass="0" total_tests="0" />
  <Module name="CtsTelephonyProviderTestCases" abi="arm64-v8a" runtime="0" done="false" pass="0" total_tests="0" />
  <Module name="CtsTelephonySdk28TestCases" abi="arm64-v8a" runtime="0" done="false" pass="0" total_tests="0" />
  <Module name="CtsTelephonyTestCases" abi="arm64-v8a" runtime="0" done="false" pass="0" total_tests="0" />
  <Module name="CtsTextTestCases" abi="arm64-v8a" runtime="0" done="false" pass="0" total_tests="0" />
  <Module name="CtsTextTestCases" abi="armeabi-v7a" runtime="0" done="false" pass="0" total_tests="0" />
  <Module name="CtsTextTestCases[instant]" abi="arm64-v8a" runtime="0" done="false" pass="0" total_tests="0" />
  <Module name="CtsTfliteNnapiDelegateTestCases" abi="arm64-v8a" runtime="0" done="false" pass="0" total_tests="0" />
  <Module name="CtsTfliteNnapiDelegateTestCases" abi="armeabi-v7a" runtime="0" done="false" pass="0" total_tests="0" />
  <Module name="CtsThemeDeviceTestCases" abi="arm64-v8a" runtime="0" done="false" pass="0" total_tests="0" />
  <Module name="CtsThemeHostTestCases" abi="arm64-v8a" runtime="0" done="false" pass="0" total_tests="0" />
  <Module name="CtsToastLegacyTestCases" abi="arm64-v8a" runtime="0" done="false" pass="0" total_tests="0" />
  <Module name="CtsToastTestCases" abi="arm64-v8a" runtime="0" done="false" pass="0" total_tests="0" />
  <Module name="CtsToastTestCases[instant]" abi="arm64-v8a" runtime="0" done="false" pass="0" total_tests="0" />
  <Module name="CtsTransitionTestCases" abi="arm64-v8a" runtime="0" done="false" pass="0" total_tests="0" />
  <Module name="CtsTrustedVoiceHostTestCases" abi="arm64-v8a" runtime="0" done="false" pass="0" total_tests="0" />
  <Module name="CtsTvProviderTestCases" abi="arm64-v8a" runtime="0" done="false" pass="0" total_tests="0" />
  <Module name="CtsTvTestCases" abi="arm64-v8a" runtime="0" done="false" pass="0" total_tests="0" />
  <Module name="CtsUiAutomationTestCases" abi="arm64-v8a" runtime="0" done="false" pass="0" total_tests="0" />
  <Module name="CtsUiAutomationTestCases[instant]" abi="arm64-v8a" runtime="0" done="false" pass="0" total_tests="0" />
  <Module name="CtsUiRenderingTestCases" abi="arm64-v8a" runtime="0" done="false" pass="0" total_tests="0" />
  <Module name="CtsUiRenderingTestCases" abi="armeabi-v7a" runtime="0" done="false" pass="0" total_tests="0" />
  <Module name="CtsUiRenderingTestCases27" abi="arm64-v8a" runtime="0" done="false" pass="0" total_tests="0" />
  <Module name="CtsUiRenderingTestCases27" abi="armeabi-v7a" runtime="0" done="false" pass="0" total_tests="0" />
  <Module name="CtsUiRenderingTestCases27[instant]" abi="arm64-v8a" runtime="0" done="false" pass="0" total_tests="0" />
  <Module name="CtsUiRenderingTestCases[instant]" abi="arm64-v8a" runtime="0" done="false" pass="0" total_tests="0" />
  <Module name="CtsUidIsolationTestCases" abi="arm64-v8a" runtime="0" done="false" pass="0" total_tests="0" />
  <Module name="CtsUidIsolationTestCases[instant]" abi="arm64-v8a" runtime="0" done="false" pass="0" total_tests="0" />
  <Module name="CtsUsageStatsTestCases" abi="arm64-v8a" runtime="0" done="false" pass="0" total_tests="0" />
  <Module name="CtsUsageStatsTestCases[instant]" abi="arm64-v8a" runtime="0" done="false" pass="0" total_tests="0" />
  <Module name="CtsUsbTests" abi="arm64-v8a" runtime="0" done="false" pass="0" total_tests="0" />
  <Module name="CtsUsbTests" abi="armeabi-v7a" runtime="0" done="false" pass="0" total_tests="0" />
  <Module name="CtsUsbTests[instant]" abi="arm64-v8a" runtime="0" done="false" pass="0" total_tests="0" />
  <Module name="CtsUsesLibraryHostTestCases" abi="arm64-v8a" runtime="0" done="false" pass="0" total_tests="0" />
  <Module name="CtsUsesLibraryHostTestCases" abi="armeabi-v7a" runtime="0" done="false" pass="0" total_tests="0" />
  <Module name="CtsUtilTestCases" abi="arm64-v8a" runtime="0" done="false" pass="0" total_tests="0" />
  <Module name="CtsUtilTestCases[instant]" abi="arm64-v8a" runtime="0" done="false" pass="0" total_tests="0" />
  <Module name="CtsVideoTestCases" abi="arm64-v8a" runtime="0" done="false" pass="0" total_tests="0" />
  <Module name="CtsVideoTestCases" abi="armeabi-v7a" runtime="0" done="false" pass="0" total_tests="0" />
  <Module name="CtsViewInspectorAnnotationProcessorTestCases" abi="arm64-v8a" runtime="0" done="false" pass="0" total_tests="0" />
  <Module name="CtsViewInspectorAnnotationProcessorTestCases[instant]" abi="arm64-v8a" runtime="0" done="false" pass="0" total_tests="0" />
  <Module name="CtsViewTestCases" abi="arm64-v8a" runtime="0" done="false" pass="0" total_tests="0" />
  <Module name="CtsViewTestCases" abi="armeabi-v7a" runtime="0" done="false" pass="0" total_tests="0" />
  <Module name="CtsViewTestCasesSdk28" abi="arm64-v8a" runtime="0" done="false" pass="0" total_tests="0" />
  <Module name="CtsViewTestCasesSdk28" abi="armeabi-v7a" runtime="0" done="false" pass="0" total_tests="0" />
  <Module name="CtsViewTestCasesSdk28[instant]" abi="arm64-v8a" runtime="0" done="false" pass="0" total_tests="0" />
  <Module name="CtsVoiceInteractionTestCases" abi="arm64-v8a" runtime="0" done="false" pass="0" total_tests="0" />
  <Module name="CtsVoiceInteractionTestCases[instant]" abi="arm64-v8a" runtime="0" done="false" pass="0" total_tests="0" />
  <Module name="CtsVoiceSettingsTestCases" abi="arm64-v8a" runtime="0" done="false" pass="0" total_tests="0" />
  <Module name="CtsVoiceSettingsTestCases[instant]" abi="arm64-v8a" runtime="0" done="false" pass="0" total_tests="0" />
  <Module name="CtsVrTestCases" abi="arm64-v8a" runtime="0" done="false" pass="0" total_tests="0" />
  <Module name="CtsVrTestCases" abi="armeabi-v7a" runtime="0" done="false" pass="0" total_tests="0" />
  <Module name="CtsWebkitTestCases" abi="arm64-v8a" runtime="0" done="false" pass="0" total_tests="0" />
  <Module name="CtsWebkitTestCases" abi="armeabi-v7a" runtime="0" done="false" pass="0" total_tests="0" />
  <Module name="CtsWebkitTestCases[instant]" abi="arm64-v8a" runtime="0" done="false" pass="0" total_tests="0" />
  <Module name="CtsWidgetTestCases" abi="arm64-v8a" runtime="0" done="false" pass="0" total_tests="0" />
  <Module name="CtsWidgetTestCases[instant]" abi="arm64-v8a" runtime="0" done="false" pass="0" total_tests="0" />
  <Module name="CtsWifiBroadcastsHostTestCases" abi="arm64-v8a" runtime="0" done="false" pass="0" total_tests="0" />
  <Module name="CtsWifiBroadcastsHostTestCases[instant]" abi="arm64-v8a" runtime="0" done="false" pass="0" total_tests="0" />
  <Module name="CtsWindowManagerDeviceTestCases" abi="arm64-v8a" runtime="0" done="false" pass="0" total_tests="0" />
  <Module name="CtsWindowManagerSdk25TestCases" abi="arm64-v8a" runtime="0" done="false" pass="0" total_tests="0" />
  <Module name="CtsWindowManagerSdk28TestCases" abi="arm64-v8a" runtime="0" done="false" pass="0" total_tests="0" />
  <Module name="CtsWrapNoWrapTestCases" abi="arm64-v8a" runtime="0" done="false" pass="0" total_tests="0" />
  <Module name="CtsWrapNoWrapTestCases" abi="armeabi-v7a" runtime="0" done="false" pass="0" total_tests="0" />
  <Module name="CtsWrapWrapDebugMallocDebugTestCases" abi="armeabi-v7a" runtime="0" done="false" pass="0" total_tests="0" />
  <Module name="CtsWrapWrapDebugTestCases" abi="arm64-v8a" runtime="0" done="false" pass="0" total_tests="0" />
  <Module name="CtsWrapWrapDebugTestCases" abi="armeabi-v7a" runtime="0" done="false" pass="0" total_tests="0" />
  <Module name="CtsWrapWrapNoDebugTestCases" abi="arm64-v8a" runtime="0" done="false" pass="0" total_tests="0" />
  <Module name="CtsWrapWrapNoDebugTestCases" abi="armeabi-v7a" runtime="0" done="false" pass="0" total_tests="0" />
  <Module name="cts-shared-libs-all.api" abi="arm64-v8a" runtime="0" done="false" pass="0" total_tests="0" />
  <Module name="cts-system-all.api" abi="arm64-v8a" runtime="0" done="false" pass="0" total_tests="0" />
  <Module name="signed-CtsSecureElementAccessControlTestCases1" abi="arm64-v8a" runtime="0" done="false" pass="0" total_tests="0" />
  <Module name="signed-CtsSecureElementAccessControlTestCases1[instant]" abi="arm64-v8a" runtime="0" done="false" pass="0" total_tests="0" />
  <Module name="signed-CtsSecureElementAccessControlTestCases2" abi="arm64-v8a" runtime="0" done="false" pass="0" total_tests="0" />
  <Module name="signed-CtsSecureElementAccessControlTestCases2[instant]" abi="arm64-v8a" runtime="0" done="false" pass="0" total_tests="0" />
  <Module name="signed-CtsSecureElementAccessControlTestCases3" abi="arm64-v8a" runtime="0" done="false" pass="0" total_tests="0" />
  <Module name="signed-CtsSecureElementAccessControlTestCases3[instant]" abi="arm64-v8a" runtime="0" done="false" pass="0" total_tests="0" />
  <Module name="vm-tests-tf" abi="arm64-v8a" runtime="0" done="false" pass="0" total_tests="0" />
  <Module name="vm-tests-tf" abi="armeabi-v7a" runtime="0" done="false" pass="0" total_tests="0" />
</Result>